INFO 14:28:46:347 ServerControl: open server socket on 2101 port.
INFO 14:28:46:354 ExecutorManager: initialized.
INFO 14:28:46:712 CleaningManager: delete 0 reuses from a character_skill_reuses.
INFO 14:28:46:712 CleaningManager: delete 0 spawns from a boss_spawn.
INFO 14:28:46:712 CleaningManager: delete 0 appearances from a character_appearances.
INFO 14:28:46:713 CleaningManager: delete 0 effects from a character_save_effects.
INFO 14:28:46:713 CleaningManager: delete 0 inventors from a character_inventors.
INFO 14:28:46:714 CleaningManager: delete 0 skills from a character_skills.
INFO 14:28:46:714 CleaningManager: delete 0 hotkeys from a character_hotkey.
INFO 14:28:46:714 CleaningManager: delete 0 chars from a character_friends.
INFO 14:28:46:715 CleaningManager: delete 0 friends from a character_friends.
INFO 14:28:46:715 CleaningManager: delete 0 settings from a character_settings.
INFO 14:28:46:716 CleaningManager: delete 0 empty items from a items.
INFO 14:28:46:716 CleaningManager: delete 0 no owner items from a items.
INFO 14:28:46:717 CleaningManager: delete 0 no owner guild items from a items.
INFO 14:28:46:728 CleaningManager: create buffer table items.
INFO 14:28:46:730 CleaningManager: copy 86 items to buffer_items.
INFO 14:28:46:731 CleaningManager: delete 0 no owner items from a buffer_items.
INFO 14:28:46:736 CleaningManager: drop buffer table items.
INFO 14:28:46:736 CleaningManager: delete 0 from a quests.
INFO 14:28:46:747 CleaningManager: delete 0 from a quest variables.
INFO 14:28:46:748 CleaningManager: delete 0 from a guild ranks.
INFO 14:28:46:831 ClientPacketType: client packets prepared.
INFO 14:28:46:880 EffectParser: initialized.
INFO 14:28:46:883 RandomManager: initialized.
INFO 14:28:46:883 IdFactory: prepare npc ids...
INFO 14:28:46:885 BitSetIdGenerator: 102912 id's available.
INFO 14:28:46:885 IdFactory: prepare objects ids...
INFO 14:28:46:885 BitSetIdGenerator: 102912 id's available.
INFO 14:28:46:886 IdFactory: prepare players ids...
INFO 14:28:46:888 BitSetIdGenerator: extracted 3 ids.
INFO 14:28:46:888 BitSetIdGenerator: 102912 id's available.
INFO 14:28:46:888 IdFactory: prepare guilds ids...
INFO 14:28:46:888 BitSetIdGenerator: extracted 1 ids.
INFO 14:28:46:888 BitSetIdGenerator: 102912 id's available.
INFO 14:28:46:888 IdFactory: prepare item ids...
INFO 14:28:46:889 BitSetIdGenerator: extracted 86 ids.
WARNING 14:28:46:890 BitSetIdGenerator: objectId 1 in DB is less than minimum ID of 268435456.
INFO 14:28:46:890 BitSetIdGenerator: 102912 id's available.
INFO 14:28:46:902 ServerVarManager: loaded 0 variables.
INFO 14:28:46:904 BossSpawnManager: loaded 0 boss spawns.
INFO 14:28:48:501 TerritoryTable: loaded 160 territories for 18803 regions.
INFO 14:28:50:571 WorldZoneTable: loaded 9 world zones for 31887 regions.
INFO 14:28:50:573 ConditionParser: initializable.
WARNING 14:28:51:118 SkillTable: detected once the file D:\Documents\Documents\Java\Tera Server\.\data\skills\summon_skills\deprecated.zip
INFO 14:28:51:131 SkillTable: loaded 4613 skills for 19 classes.
INFO 14:28:51:512 ItemTable: loaded 10137 items.
INFO 14:28:51:520 Race: race appearances initializable.
INFO 14:28:51:526 PlayerTable: loaded 104 player templates.
WARNING 14:28:51:701 DropTable: not found items [50048]
INFO 14:28:51:701 DropTable: load drop for 407 npcs and 126 for resourse.
INFO 14:28:51:705 TownTable: initialized.
WARNING 14:28:51:726 NpcDialogTable: detected once the file D:\Documents\Documents\Java\Tera Server\.\data\dialogs\dialogs.txt
INFO 14:28:51:747 NpcDialogTable: loaded 83 dialogs.
INFO 14:28:51:753 MessagePackageTable: loaded 34 message packages.
INFO 14:28:51:791 ConfigAITable: loaded 45 npc ai configs.
INFO 14:28:51:803 NpcAppearanceTable: initialized. Loaded 59 appearances.
WARNING 14:28:51:854 NpcTable: found duplicate npc template NpcTemplate npcId = 7011, exp = 1000000, attack = 400000, defense = 3500, owerAttack = 3000, owerDefense = 30000, level = 60, aggro = 120, factionRange = 0, name = Linyphi, title = , factionId = , type = 51, isRaid = false, canDrop = false, drop = null, minions = null, dialog = null, geomRadius = 90.0, geomHeight = 160.0, npcType = RAID_BOSS in file .\data\npcs\raid_boss.xml
WARNING 14:28:51:899 NpcTable: detected once the file D:\Documents\Documents\Java\Tera Server\.\data\npcs\summons\playable_summons.zip
INFO 14:28:51:906 NpcTable: loaded  815 npcs.
INFO 14:28:51:915 ResourseTable: loaded  253 resourses.
INFO 14:28:51:945 MinionTable: loaded 303 minions for 42 npcs.
INFO 14:28:51:946 RegenTaskManager: initializable.
INFO 14:28:51:951 Formulas: initialized.
INFO 14:28:51:952 EffectTaskManager: initialized.
INFO 14:28:52:214 ObjectEventManager: initialized.
INFO 14:28:52:215 MoveTaskManager: initialized.
INFO 14:28:52:743 SpawnTable: loaded 19474 spawns for 616 npcs and 2013 spawns for 60 resourses.
INFO 14:28:52:747 GeoMap3D: start fast import geodata_1.dat
INFO 14:28:53:455 GeoMap3D: import ended. load 1867238 quards.
INFO 14:28:53:455 GeoMap3D: start fast import geodata_2.dat
INFO 14:28:53:475 GeoMap3D: import ended. load 440227 quards.
INFO 14:28:53:476 GeoMap3D: start fast import geodata_3.dat
INFO 14:28:54:166 GeoMap3D: import ended. load 58040 quards.
INFO 14:28:54:166 GeoManager: initialized.
INFO 14:28:54:177 ItemExecutorManager: loaded 0 executor items.
INFO 14:28:54:191 CommandManager: loaded 93 commands.
INFO 14:28:54:199 SkillLearnManager: loaded 950 skill learn's for 8 clases.
INFO 14:28:54:204 AnnounceManager: loaded 0 start announces and 0 running announces.
INFO 14:28:54:208 AccountManager: initialized.
INFO 14:28:54:220 GuildManager: loaded 1 guilds.
INFO 14:28:54:464 QuestManager: loaded 455 quests.
INFO 14:28:54:465 OnlineManager: initialized.
INFO 14:28:54:467 GameLogManager: initialized.
INFO 14:28:54:539 Region: next battle "Veritas District" in 2016.06.12 16:00.
INFO 14:28:54:540 Region: next battle "Ostgarath" in 2016.06.12 16:00.
INFO 14:28:54:541 Region: next battle "Val Palrada" in 2016.06.11 20:00.
INFO 14:28:54:542 Region: next battle "Val Aureum" in 2016.06.11 20:00.
INFO 14:28:54:542 EventManager: loaded 5 events.
INFO 14:28:54:679 EventManager: the nearest event in 45 minutes.
INFO 14:28:54:684 PlayerManager: initialized.
INFO 14:28:54:694 Network: started.
INFO 14:28:54:694 GameServer: started.
INFO 14:28:57:438 AccountManager: authed darkza
INFO 14:29:45:921 AccountManager: close darkza
