INFO 13:14:18:750 ServerControl: open server socket on 2101 port.
INFO 13:14:18:761 ExecutorManager: initialized.
INFO 13:14:19:397 CleaningManager: delete 0 reuses from a character_skill_reuses.
INFO 13:14:19:397 CleaningManager: delete 0 spawns from a boss_spawn.
INFO 13:14:19:398 CleaningManager: delete 0 appearances from a character_appearances.
INFO 13:14:19:398 CleaningManager: delete 0 effects from a character_save_effects.
INFO 13:14:19:399 CleaningManager: delete 0 inventors from a character_inventors.
INFO 13:14:19:400 CleaningManager: delete 0 skills from a character_skills.
INFO 13:14:19:400 CleaningManager: delete 0 hotkeys from a character_hotkey.
INFO 13:14:19:401 CleaningManager: delete 0 chars from a character_friends.
INFO 13:14:19:402 CleaningManager: delete 0 friends from a character_friends.
INFO 13:14:19:402 CleaningManager: delete 0 settings from a character_settings.
INFO 13:14:19:403 CleaningManager: delete 0 empty items from a items.
INFO 13:14:19:403 CleaningManager: delete 0 no owner items from a items.
INFO 13:14:19:404 CleaningManager: delete 0 no owner guild items from a items.
INFO 13:14:19:424 CleaningManager: create buffer table items.
INFO 13:14:19:428 CleaningManager: copy 86 items to buffer_items.
INFO 13:14:19:430 CleaningManager: delete 0 no owner items from a buffer_items.
INFO 13:14:19:437 CleaningManager: drop buffer table items.
INFO 13:14:19:438 CleaningManager: delete 0 from a quests.
INFO 13:14:19:457 CleaningManager: delete 0 from a quest variables.
INFO 13:14:19:458 CleaningManager: delete 0 from a guild ranks.
INFO 13:14:19:593 ClientPacketType: client packets prepared.
INFO 13:14:19:677 EffectParser: initialized.
INFO 13:14:19:681 RandomManager: initialized.
INFO 13:14:19:683 IdFactory: prepare npc ids...
INFO 13:14:19:687 BitSetIdGenerator: 102912 id's available.
INFO 13:14:19:688 IdFactory: prepare objects ids...
INFO 13:14:19:688 BitSetIdGenerator: 102912 id's available.
INFO 13:14:19:688 IdFactory: prepare players ids...
INFO 13:14:19:694 BitSetIdGenerator: extracted 3 ids.
INFO 13:14:19:694 BitSetIdGenerator: 102912 id's available.
INFO 13:14:19:694 IdFactory: prepare guilds ids...
INFO 13:14:19:695 BitSetIdGenerator: extracted 1 ids.
INFO 13:14:19:695 BitSetIdGenerator: 102912 id's available.
INFO 13:14:19:695 IdFactory: prepare item ids...
INFO 13:14:19:697 BitSetIdGenerator: extracted 86 ids.
WARNING 13:14:19:697 BitSetIdGenerator: objectId 1 in DB is less than minimum ID of 268435456.
INFO 13:14:19:697 BitSetIdGenerator: 102912 id's available.
INFO 13:14:19:719 ServerVarManager: loaded 0 variables.
INFO 13:14:19:725 BossSpawnManager: loaded 0 boss spawns.
INFO 13:14:22:447 TerritoryTable: loaded 160 territories for 18803 regions.
INFO 13:14:26:743 WorldZoneTable: loaded 9 world zones for 31887 regions.
INFO 13:14:26:746 ConditionParser: initializable.
WARNING 13:14:27:889 SkillTable: detected once the file D:\Documents\Documents\Java\Tera Server\.\data\skills\summon_skills\deprecated.zip
INFO 13:14:27:918 SkillTable: loaded 4613 skills for 19 classes.
INFO 13:14:28:654 ItemTable: loaded 10137 items.
INFO 13:14:28:675 Race: race appearances initializable.
INFO 13:14:28:685 PlayerTable: loaded 104 player templates.
WARNING 13:14:29:062 DropTable: not found items [50048]
INFO 13:14:29:062 DropTable: load drop for 407 npcs and 126 for resourse.
INFO 13:14:29:068 TownTable: initialized.
WARNING 13:14:29:102 NpcDialogTable: detected once the file D:\Documents\Documents\Java\Tera Server\.\data\dialogs\dialogs.txt
INFO 13:14:29:148 NpcDialogTable: loaded 83 dialogs.
INFO 13:14:29:157 MessagePackageTable: loaded 34 message packages.
INFO 13:14:29:220 ConfigAITable: loaded 45 npc ai configs.
INFO 13:14:29:242 NpcAppearanceTable: initialized. Loaded 59 appearances.
WARNING 13:14:29:350 NpcTable: found duplicate npc template NpcTemplate npcId = 7011, exp = 1000000, attack = 400000, defense = 3500, owerAttack = 3000, owerDefense = 30000, level = 60, aggro = 120, factionRange = 0, name = Linyphi, title = , factionId = , type = 51, isRaid = false, canDrop = false, drop = null, minions = null, dialog = null, geomRadius = 90.0, geomHeight = 160.0, npcType = RAID_BOSS in file .\data\npcs\raid_boss.xml
WARNING 13:14:29:432 NpcTable: detected once the file D:\Documents\Documents\Java\Tera Server\.\data\npcs\summons\playable_summons.zip
INFO 13:14:29:447 NpcTable: loaded  815 npcs.
INFO 13:14:29:464 ResourseTable: loaded  253 resourses.
INFO 13:14:29:510 MinionTable: loaded 303 minions for 42 npcs.
INFO 13:14:29:513 RegenTaskManager: initializable.
INFO 13:14:29:522 Formulas: initialized.
INFO 13:14:29:523 EffectTaskManager: initialized.
INFO 13:14:30:005 ObjectEventManager: initialized.
INFO 13:14:30:006 MoveTaskManager: initialized.
INFO 13:14:31:027 SpawnTable: loaded 19474 spawns for 616 npcs and 2013 spawns for 60 resourses.
INFO 13:14:31:033 GeoMap3D: start fast import geodata_1.dat
INFO 13:14:32:279 GeoMap3D: import ended. load 1867238 quards.
INFO 13:14:32:279 GeoMap3D: start fast import geodata_2.dat
INFO 13:14:32:314 GeoMap3D: import ended. load 440227 quards.
INFO 13:14:32:315 GeoMap3D: start fast import geodata_3.dat
INFO 13:14:33:692 GeoMap3D: import ended. load 58040 quards.
INFO 13:14:33:692 GeoManager: initialized.
INFO 13:14:33:701 ItemExecutorManager: loaded 0 executor items.
INFO 13:14:33:724 CommandManager: loaded 93 commands.
INFO 13:14:33:735 SkillLearnManager: loaded 950 skill learn's for 8 clases.
INFO 13:14:33:740 AnnounceManager: loaded 0 start announces and 0 running announces.
INFO 13:14:33:743 AccountManager: initialized.
INFO 13:14:33:762 GuildManager: loaded 1 guilds.
INFO 13:14:34:201 QuestManager: loaded 455 quests.
INFO 13:14:34:202 OnlineManager: initialized.
INFO 13:14:34:207 GameLogManager: initialized.
INFO 13:14:34:331 Region: next battle "Veritas District" in 2016.06.12 16:00.
INFO 13:14:34:333 Region: next battle "Ostgarath" in 2016.06.12 16:00.
INFO 13:14:34:334 Region: next battle "Val Palrada" in 2016.06.11 20:00.
INFO 13:14:34:335 Region: next battle "Val Aureum" in 2016.06.11 20:00.
INFO 13:14:34:336 EventManager: loaded 5 events.
INFO 13:14:34:583 EventManager: the nearest event in 35 minutes.
INFO 13:14:34:594 PlayerManager: initialized.
INFO 13:14:34:613 Network: started.
INFO 13:14:34:613 GameServer: started.
INFO 13:14:36:043 AccountManager: authed darkza
INFO 13:15:08:977 AccountManager: close darkza
