INFO 17:15:49:262 ServerControl: open server socket on 2101 port.
INFO 17:15:49:269 ExecutorManager: initialized.
INFO 17:15:49:589 CleaningManager: delete 0 reuses from a character_skill_reuses.
INFO 17:15:49:590 CleaningManager: delete 0 spawns from a boss_spawn.
INFO 17:15:49:590 CleaningManager: delete 0 appearances from a character_appearances.
INFO 17:15:49:591 CleaningManager: delete 0 effects from a character_save_effects.
INFO 17:15:49:591 CleaningManager: delete 0 inventors from a character_inventors.
INFO 17:15:49:592 CleaningManager: delete 0 skills from a character_skills.
INFO 17:15:49:593 CleaningManager: delete 0 hotkeys from a character_hotkey.
INFO 17:15:49:593 CleaningManager: delete 0 chars from a character_friends.
INFO 17:15:49:594 CleaningManager: delete 0 friends from a character_friends.
INFO 17:15:49:594 CleaningManager: delete 0 settings from a character_settings.
INFO 17:15:49:595 CleaningManager: delete 0 empty items from a items.
INFO 17:15:49:595 CleaningManager: delete 0 no owner items from a items.
INFO 17:15:49:596 CleaningManager: delete 0 no owner guild items from a items.
INFO 17:15:49:607 CleaningManager: create buffer table items.
INFO 17:15:49:608 CleaningManager: copy 86 items to buffer_items.
INFO 17:15:49:609 CleaningManager: delete 0 no owner items from a buffer_items.
INFO 17:15:49:616 CleaningManager: drop buffer table items.
INFO 17:15:49:617 CleaningManager: delete 0 from a quests.
INFO 17:15:49:626 CleaningManager: delete 0 from a quest variables.
INFO 17:15:49:627 CleaningManager: delete 0 from a guild ranks.
INFO 17:15:49:708 ClientPacketType: client packets prepared.
INFO 17:15:49:757 EffectParser: initialized.
INFO 17:15:49:759 RandomManager: initialized.
INFO 17:15:49:760 IdFactory: prepare npc ids...
INFO 17:15:49:763 BitSetIdGenerator: 102912 id's available.
INFO 17:15:49:763 IdFactory: prepare objects ids...
INFO 17:15:49:763 BitSetIdGenerator: 102912 id's available.
INFO 17:15:49:763 IdFactory: prepare players ids...
INFO 17:15:49:766 BitSetIdGenerator: extracted 3 ids.
INFO 17:15:49:766 BitSetIdGenerator: 102912 id's available.
INFO 17:15:49:766 IdFactory: prepare guilds ids...
INFO 17:15:49:767 BitSetIdGenerator: extracted 1 ids.
INFO 17:15:49:767 BitSetIdGenerator: 102912 id's available.
INFO 17:15:49:767 IdFactory: prepare item ids...
INFO 17:15:49:768 BitSetIdGenerator: extracted 86 ids.
WARNING 17:15:49:768 BitSetIdGenerator: objectId 1 in DB is less than minimum ID of 268435456.
INFO 17:15:49:768 BitSetIdGenerator: 102912 id's available.
INFO 17:15:49:782 ServerVarManager: loaded 0 variables.
INFO 17:15:49:785 BossSpawnManager: loaded 0 boss spawns.
INFO 17:15:51:279 TerritoryTable: loaded 160 territories for 18803 regions.
INFO 17:15:53:287 WorldZoneTable: loaded 9 world zones for 31887 regions.
INFO 17:15:53:288 ConditionParser: initializable.
WARNING 17:15:53:818 SkillTable: detected once the file D:\Documents\Documents\Java\Tera Server\.\data\skills\summon_skills\deprecated.zip
INFO 17:15:53:832 SkillTable: loaded 4613 skills for 19 classes.
INFO 17:15:54:175 ItemTable: loaded 10137 items.
INFO 17:15:54:182 Race: race appearances initializable.
INFO 17:15:54:189 PlayerTable: loaded 104 player templates.
WARNING 17:15:54:358 DropTable: not found items [50048]
INFO 17:15:54:358 DropTable: load drop for 407 npcs and 126 for resourse.
INFO 17:15:54:361 TownTable: initialized.
WARNING 17:15:54:381 NpcDialogTable: detected once the file D:\Documents\Documents\Java\Tera Server\.\data\dialogs\dialogs.txt
INFO 17:15:54:412 NpcDialogTable: loaded 83 dialogs.
INFO 17:15:54:416 MessagePackageTable: loaded 34 message packages.
INFO 17:15:54:449 ConfigAITable: loaded 45 npc ai configs.
INFO 17:15:54:464 NpcAppearanceTable: initialized. Loaded 59 appearances.
WARNING 17:15:54:514 NpcTable: found duplicate npc template NpcTemplate npcId = 7011, exp = 1000000, attack = 400000, defense = 3500, owerAttack = 3000, owerDefense = 30000, level = 60, aggro = 120, factionRange = 0, name = Linyphi, title = , factionId = , type = 51, isRaid = false, canDrop = false, drop = null, minions = null, dialog = null, geomRadius = 90.0, geomHeight = 160.0, npcType = RAID_BOSS in file .\data\npcs\raid_boss.xml
WARNING 17:15:54:553 NpcTable: detected once the file D:\Documents\Documents\Java\Tera Server\.\data\npcs\summons\playable_summons.zip
INFO 17:15:54:559 NpcTable: loaded  815 npcs.
INFO 17:15:54:567 ResourseTable: loaded  253 resourses.
INFO 17:15:54:593 MinionTable: loaded 303 minions for 42 npcs.
INFO 17:15:54:595 RegenTaskManager: initializable.
INFO 17:15:54:601 Formulas: initialized.
INFO 17:15:54:602 EffectTaskManager: initialized.
INFO 17:15:54:852 ObjectEventManager: initialized.
INFO 17:15:54:852 MoveTaskManager: initialized.
INFO 17:15:55:365 SpawnTable: loaded 19474 spawns for 616 npcs and 2013 spawns for 60 resourses.
INFO 17:15:55:369 GeoMap3D: start fast import geodata_1.dat
INFO 17:15:56:060 GeoMap3D: import ended. load 1867238 quards.
INFO 17:15:56:060 GeoMap3D: start fast import geodata_2.dat
INFO 17:15:56:077 GeoMap3D: import ended. load 440227 quards.
INFO 17:15:56:077 GeoMap3D: start fast import geodata_3.dat
INFO 17:15:56:905 GeoMap3D: import ended. load 58041 quards.
INFO 17:15:56:905 GeoManager: initialized.
INFO 17:15:56:911 ItemExecutorManager: loaded 0 executor items.
INFO 17:15:56:921 CommandManager: loaded 93 commands.
INFO 17:15:56:927 SkillLearnManager: loaded 950 skill learn's for 8 clases.
INFO 17:15:56:929 AnnounceManager: loaded 0 start announces and 0 running announces.
INFO 17:15:56:930 AccountManager: initialized.
INFO 17:15:56:941 GuildManager: loaded 1 guilds.
INFO 17:15:57:174 QuestManager: loaded 455 quests.
INFO 17:15:57:176 OnlineManager: initialized.
INFO 17:15:57:178 GameLogManager: initialized.
INFO 17:15:57:248 Region: next battle "Veritas District" in 2016.06.12 16:00.
INFO 17:15:57:249 Region: next battle "Ostgarath" in 2016.06.12 16:00.
INFO 17:15:57:252 Region: next battle "Val Palrada" in 2016.06.11 20:00.
INFO 17:15:57:253 Region: next battle "Val Aureum" in 2016.06.11 20:00.
INFO 17:15:57:253 EventManager: loaded 5 events.
INFO 17:15:57:390 EventManager: the nearest event in 35 minutes.
INFO 17:15:57:395 PlayerManager: initialized.
INFO 17:15:57:404 Network: started.
INFO 17:15:57:404 GameServer: started.
INFO 17:16:00:022 AccountManager: authed darkza
INFO 17:20:29:058 AccountManager: close darkza
