INFO 17:45:09:752 ServerControl: open server socket on 2101 port.
INFO 17:45:09:760 ExecutorManager: initialized.
INFO 17:45:10:078 CleaningManager: delete 0 reuses from a character_skill_reuses.
INFO 17:45:10:079 CleaningManager: delete 0 spawns from a boss_spawn.
INFO 17:45:10:079 CleaningManager: delete 0 appearances from a character_appearances.
INFO 17:45:10:080 CleaningManager: delete 0 effects from a character_save_effects.
INFO 17:45:10:080 CleaningManager: delete 0 inventors from a character_inventors.
INFO 17:45:10:081 CleaningManager: delete 0 skills from a character_skills.
INFO 17:45:10:081 CleaningManager: delete 0 hotkeys from a character_hotkey.
INFO 17:45:10:082 CleaningManager: delete 0 chars from a character_friends.
INFO 17:45:10:083 CleaningManager: delete 0 friends from a character_friends.
INFO 17:45:10:083 CleaningManager: delete 0 settings from a character_settings.
INFO 17:45:10:083 CleaningManager: delete 0 empty items from a items.
INFO 17:45:10:084 CleaningManager: delete 0 no owner items from a items.
INFO 17:45:10:085 CleaningManager: delete 0 no owner guild items from a items.
INFO 17:45:10:096 CleaningManager: create buffer table items.
INFO 17:45:10:098 CleaningManager: copy 86 items to buffer_items.
INFO 17:45:10:099 CleaningManager: delete 0 no owner items from a buffer_items.
INFO 17:45:10:104 CleaningManager: drop buffer table items.
INFO 17:45:10:104 CleaningManager: delete 0 from a quests.
INFO 17:45:10:117 CleaningManager: delete 0 from a quest variables.
INFO 17:45:10:117 CleaningManager: delete 0 from a guild ranks.
INFO 17:45:10:198 ClientPacketType: client packets prepared.
INFO 17:45:10:248 EffectParser: initialized.
INFO 17:45:10:251 RandomManager: initialized.
INFO 17:45:10:252 IdFactory: prepare npc ids...
INFO 17:45:10:255 BitSetIdGenerator: 102912 id's available.
INFO 17:45:10:255 IdFactory: prepare objects ids...
INFO 17:45:10:255 BitSetIdGenerator: 102912 id's available.
INFO 17:45:10:255 IdFactory: prepare players ids...
INFO 17:45:10:258 BitSetIdGenerator: extracted 3 ids.
INFO 17:45:10:258 BitSetIdGenerator: 102912 id's available.
INFO 17:45:10:258 IdFactory: prepare guilds ids...
INFO 17:45:10:258 BitSetIdGenerator: extracted 1 ids.
INFO 17:45:10:258 BitSetIdGenerator: 102912 id's available.
INFO 17:45:10:258 IdFactory: prepare item ids...
INFO 17:45:10:259 BitSetIdGenerator: extracted 86 ids.
WARNING 17:45:10:259 BitSetIdGenerator: objectId 1 in DB is less than minimum ID of 268435456.
INFO 17:45:10:259 BitSetIdGenerator: 102912 id's available.
INFO 17:45:10:271 ServerVarManager: loaded 0 variables.
INFO 17:45:10:273 BossSpawnManager: loaded 0 boss spawns.
INFO 17:45:11:840 TerritoryTable: loaded 160 territories for 18803 regions.
INFO 17:45:14:003 WorldZoneTable: loaded 9 world zones for 31887 regions.
INFO 17:45:14:005 ConditionParser: initializable.
WARNING 17:45:14:556 SkillTable: detected once the file D:\Documents\Documents\Java\Tera Server\.\data\skills\summon_skills\deprecated.zip
INFO 17:45:14:570 SkillTable: loaded 4613 skills for 19 classes.
INFO 17:45:14:958 ItemTable: loaded 10137 items.
INFO 17:45:14:968 Race: race appearances initializable.
INFO 17:45:14:975 PlayerTable: loaded 104 player templates.
WARNING 17:45:15:153 DropTable: not found items [50048]
INFO 17:45:15:153 DropTable: load drop for 407 npcs and 126 for resourse.
INFO 17:45:15:157 TownTable: initialized.
WARNING 17:45:15:176 NpcDialogTable: detected once the file D:\Documents\Documents\Java\Tera Server\.\data\dialogs\dialogs.txt
INFO 17:45:15:197 NpcDialogTable: loaded 83 dialogs.
INFO 17:45:15:202 MessagePackageTable: loaded 34 message packages.
INFO 17:45:15:235 ConfigAITable: loaded 45 npc ai configs.
INFO 17:45:15:248 NpcAppearanceTable: initialized. Loaded 59 appearances.
WARNING 17:45:15:304 NpcTable: found duplicate npc template NpcTemplate npcId = 7011, exp = 1000000, attack = 400000, defense = 3500, owerAttack = 3000, owerDefense = 30000, level = 60, aggro = 120, factionRange = 0, name = Linyphi, title = , factionId = , type = 51, isRaid = false, canDrop = false, drop = null, minions = null, dialog = null, geomRadius = 90.0, geomHeight = 160.0, npcType = RAID_BOSS in file .\data\npcs\raid_boss.xml
WARNING 17:45:15:343 NpcTable: detected once the file D:\Documents\Documents\Java\Tera Server\.\data\npcs\summons\playable_summons.zip
INFO 17:45:15:350 NpcTable: loaded  815 npcs.
INFO 17:45:15:359 ResourseTable: loaded  253 resourses.
INFO 17:45:15:389 MinionTable: loaded 303 minions for 42 npcs.
INFO 17:45:15:390 RegenTaskManager: initializable.
INFO 17:45:15:395 Formulas: initialized.
INFO 17:45:15:396 EffectTaskManager: initialized.
INFO 17:45:15:657 ObjectEventManager: initialized.
INFO 17:45:15:658 MoveTaskManager: initialized.
INFO 17:45:16:226 SpawnTable: loaded 19474 spawns for 616 npcs and 2013 spawns for 60 resourses.
INFO 17:45:16:230 GeoMap3D: start fast import geodata_1.dat
INFO 17:45:16:905 GeoMap3D: import ended. load 1867238 quards.
INFO 17:45:16:906 GeoMap3D: start fast import geodata_2.dat
INFO 17:45:16:930 GeoMap3D: import ended. load 440227 quards.
INFO 17:45:16:930 GeoMap3D: start fast import geodata_3.dat
INFO 17:45:17:759 GeoMap3D: import ended. load 58041 quards.
INFO 17:45:17:760 GeoManager: initialized.
INFO 17:45:17:764 ItemExecutorManager: loaded 0 executor items.
INFO 17:45:17:777 CommandManager: loaded 93 commands.
INFO 17:45:17:784 SkillLearnManager: loaded 950 skill learn's for 8 clases.
INFO 17:45:17:786 AnnounceManager: loaded 0 start announces and 0 running announces.
INFO 17:45:17:788 AccountManager: initialized.
INFO 17:45:17:797 GuildManager: loaded 1 guilds.
INFO 17:45:18:041 QuestManager: loaded 455 quests.
INFO 17:45:18:042 OnlineManager: initialized.
INFO 17:45:18:044 GameLogManager: initialized.
INFO 17:45:18:122 Region: next battle "Veritas District" in 2016.06.12 16:00.
INFO 17:45:18:123 Region: next battle "Ostgarath" in 2016.06.12 16:00.
INFO 17:45:18:125 Region: next battle "Val Palrada" in 2016.06.11 20:00.
INFO 17:45:18:126 Region: next battle "Val Aureum" in 2016.06.11 20:00.
INFO 17:45:18:126 EventManager: loaded 5 events.
INFO 17:45:18:259 EventManager: the nearest event in 53 minutes.
INFO 17:45:18:264 PlayerManager: initialized.
INFO 17:45:18:273 Network: started.
INFO 17:45:18:274 GameServer: started.
INFO 17:45:19:968 AccountManager: authed darkza
INFO 17:46:30:842 AccountManager: close darkza
