INFO 12:53:11:471 ServerControl: open server socket on 2101 port.
INFO 12:53:11:480 ExecutorManager: initialized.
INFO 12:53:12:070 CleaningManager: delete 0 reuses from a character_skill_reuses.
INFO 12:53:12:071 CleaningManager: delete 0 spawns from a boss_spawn.
INFO 12:53:12:072 CleaningManager: delete 0 appearances from a character_appearances.
INFO 12:53:12:072 CleaningManager: delete 0 effects from a character_save_effects.
INFO 12:53:12:073 CleaningManager: delete 0 inventors from a character_inventors.
INFO 12:53:12:074 CleaningManager: delete 0 skills from a character_skills.
INFO 12:53:12:075 CleaningManager: delete 0 hotkeys from a character_hotkey.
INFO 12:53:12:075 CleaningManager: delete 0 chars from a character_friends.
INFO 12:53:12:076 CleaningManager: delete 0 friends from a character_friends.
INFO 12:53:12:077 CleaningManager: delete 0 settings from a character_settings.
INFO 12:53:12:077 CleaningManager: delete 0 empty items from a items.
INFO 12:53:12:078 CleaningManager: delete 0 no owner items from a items.
INFO 12:53:12:079 CleaningManager: delete 0 no owner guild items from a items.
INFO 12:53:12:095 CleaningManager: create buffer table items.
INFO 12:53:12:097 CleaningManager: copy 86 items to buffer_items.
INFO 12:53:12:098 CleaningManager: delete 0 no owner items from a buffer_items.
INFO 12:53:12:105 CleaningManager: drop buffer table items.
INFO 12:53:12:105 CleaningManager: delete 0 from a quests.
INFO 12:53:12:122 CleaningManager: delete 0 from a quest variables.
INFO 12:53:12:123 CleaningManager: delete 0 from a guild ranks.
INFO 12:53:12:246 ClientPacketType: client packets prepared.
INFO 12:53:12:333 EffectParser: initialized.
INFO 12:53:12:337 RandomManager: initialized.
INFO 12:53:12:340 IdFactory: prepare npc ids...
INFO 12:53:12:345 BitSetIdGenerator: 102912 id's available.
INFO 12:53:12:345 IdFactory: prepare objects ids...
INFO 12:53:12:345 BitSetIdGenerator: 102912 id's available.
INFO 12:53:12:346 IdFactory: prepare players ids...
INFO 12:53:12:349 BitSetIdGenerator: extracted 3 ids.
INFO 12:53:12:350 BitSetIdGenerator: 102912 id's available.
INFO 12:53:12:350 IdFactory: prepare guilds ids...
INFO 12:53:12:350 BitSetIdGenerator: extracted 1 ids.
INFO 12:53:12:351 BitSetIdGenerator: 102912 id's available.
INFO 12:53:12:351 IdFactory: prepare item ids...
INFO 12:53:12:352 BitSetIdGenerator: extracted 86 ids.
WARNING 12:53:12:352 BitSetIdGenerator: objectId 1 in DB is less than minimum ID of 268435456.
INFO 12:53:12:353 BitSetIdGenerator: 102912 id's available.
INFO 12:53:12:376 ServerVarManager: loaded 0 variables.
INFO 12:53:12:381 BossSpawnManager: loaded 0 boss spawns.
INFO 12:53:15:061 TerritoryTable: loaded 160 territories for 18803 regions.
INFO 12:53:19:366 WorldZoneTable: loaded 9 world zones for 31887 regions.
INFO 12:53:19:368 ConditionParser: initializable.
WARNING 12:53:20:417 SkillTable: detected once the file D:\Documents\Documents\Java\Tera Server\.\data\skills\summon_skills\deprecated.zip
INFO 12:53:20:449 SkillTable: loaded 4613 skills for 19 classes.
INFO 12:53:21:257 ItemTable: loaded 10137 items.
INFO 12:53:21:287 Race: race appearances initializable.
INFO 12:53:21:299 PlayerTable: loaded 104 player templates.
WARNING 12:53:21:598 DropTable: not found items [50048]
INFO 12:53:21:598 DropTable: load drop for 407 npcs and 126 for resourse.
INFO 12:53:21:602 TownTable: initialized.
WARNING 12:53:21:630 NpcDialogTable: detected once the file D:\Documents\Documents\Java\Tera Server\.\data\dialogs\dialogs.txt
INFO 12:53:21:671 NpcDialogTable: loaded 83 dialogs.
INFO 12:53:21:683 MessagePackageTable: loaded 34 message packages.
INFO 12:53:21:740 ConfigAITable: loaded 45 npc ai configs.
INFO 12:53:21:762 NpcAppearanceTable: initialized. Loaded 59 appearances.
WARNING 12:53:21:866 NpcTable: found duplicate npc template NpcTemplate npcId = 7011, exp = 1000000, attack = 400000, defense = 3500, owerAttack = 3000, owerDefense = 30000, level = 60, aggro = 120, factionRange = 0, name = Linyphi, title = , factionId = , type = 51, isRaid = false, canDrop = false, drop = null, minions = null, dialog = null, geomRadius = 90.0, geomHeight = 160.0, npcType = RAID_BOSS in file .\data\npcs\raid_boss.xml
WARNING 12:53:21:945 NpcTable: detected once the file D:\Documents\Documents\Java\Tera Server\.\data\npcs\summons\playable_summons.zip
INFO 12:53:21:960 NpcTable: loaded  815 npcs.
INFO 12:53:21:979 ResourseTable: loaded  253 resourses.
INFO 12:53:22:031 MinionTable: loaded 303 minions for 42 npcs.
INFO 12:53:22:032 RegenTaskManager: initializable.
INFO 12:53:22:048 Formulas: initialized.
INFO 12:53:22:049 EffectTaskManager: initialized.
INFO 12:53:22:562 ObjectEventManager: initialized.
INFO 12:53:22:563 MoveTaskManager: initialized.
INFO 12:53:23:543 SpawnTable: loaded 19474 spawns for 616 npcs and 2013 spawns for 60 resourses.
INFO 12:53:23:549 GeoMap3D: start fast import geodata_1.dat
INFO 12:53:24:886 GeoMap3D: import ended. load 1867238 quards.
INFO 12:53:24:887 GeoMap3D: start fast import geodata_2.dat
INFO 12:53:24:930 GeoMap3D: import ended. load 440227 quards.
INFO 12:53:24:930 GeoMap3D: start fast import geodata_3.dat
INFO 12:53:25:937 GeoMap3D: import ended. load 58040 quards.
INFO 12:53:25:937 GeoManager: initialized.
INFO 12:53:25:946 ItemExecutorManager: loaded 0 executor items.
INFO 12:53:25:965 CommandManager: loaded 93 commands.
INFO 12:53:25:976 SkillLearnManager: loaded 950 skill learn's for 8 clases.
INFO 12:53:25:980 AnnounceManager: loaded 0 start announces and 0 running announces.
INFO 12:53:25:983 AccountManager: initialized.
INFO 12:53:26:000 GuildManager: loaded 1 guilds.
INFO 12:53:26:416 QuestManager: loaded 455 quests.
INFO 12:53:26:417 OnlineManager: initialized.
INFO 12:53:26:423 GameLogManager: initialized.
INFO 12:53:26:531 Region: next battle "Veritas District" in 2016.06.12 16:00.
INFO 12:53:26:533 Region: next battle "Ostgarath" in 2016.06.12 16:00.
INFO 12:53:26:535 Region: next battle "Val Palrada" in 2016.06.11 20:00.
INFO 12:53:26:537 Region: next battle "Val Aureum" in 2016.06.11 20:00.
INFO 12:53:26:537 EventManager: loaded 5 events.
INFO 12:53:26:779 EventManager: the nearest event in 51 minutes.
INFO 12:53:26:790 PlayerManager: initialized.
INFO 12:53:26:808 Network: started.
INFO 12:53:26:808 GameServer: started.
INFO 12:53:28:509 AccountManager: authed darkza
INFO 12:54:23:069 AccountManager: close darkza
