INFO 14:51:19:994 ServerControl: open server socket on 2101 port.
INFO 14:51:20:002 ExecutorManager: initialized.
INFO 14:51:20:307 CleaningManager: delete 0 reuses from a character_skill_reuses.
INFO 14:51:20:308 CleaningManager: delete 0 spawns from a boss_spawn.
INFO 14:51:20:308 CleaningManager: delete 0 appearances from a character_appearances.
INFO 14:51:20:308 CleaningManager: delete 0 effects from a character_save_effects.
INFO 14:51:20:309 CleaningManager: delete 0 inventors from a character_inventors.
INFO 14:51:20:309 CleaningManager: delete 0 skills from a character_skills.
INFO 14:51:20:310 CleaningManager: delete 0 hotkeys from a character_hotkey.
INFO 14:51:20:310 CleaningManager: delete 0 chars from a character_friends.
INFO 14:51:20:311 CleaningManager: delete 0 friends from a character_friends.
INFO 14:51:20:311 CleaningManager: delete 0 settings from a character_settings.
INFO 14:51:20:312 CleaningManager: delete 0 empty items from a items.
INFO 14:51:20:312 CleaningManager: delete 0 no owner items from a items.
INFO 14:51:20:313 CleaningManager: delete 0 no owner guild items from a items.
INFO 14:51:20:323 CleaningManager: create buffer table items.
INFO 14:51:20:325 CleaningManager: copy 86 items to buffer_items.
INFO 14:51:20:326 CleaningManager: delete 0 no owner items from a buffer_items.
INFO 14:51:20:335 CleaningManager: drop buffer table items.
INFO 14:51:20:336 CleaningManager: delete 0 from a quests.
INFO 14:51:20:350 CleaningManager: delete 0 from a quest variables.
INFO 14:51:20:350 CleaningManager: delete 0 from a guild ranks.
INFO 14:51:20:428 ClientPacketType: client packets prepared.
INFO 14:51:20:474 EffectParser: initialized.
INFO 14:51:20:477 RandomManager: initialized.
INFO 14:51:20:478 IdFactory: prepare npc ids...
INFO 14:51:20:479 BitSetIdGenerator: 102912 id's available.
INFO 14:51:20:480 IdFactory: prepare objects ids...
INFO 14:51:20:480 BitSetIdGenerator: 102912 id's available.
INFO 14:51:20:480 IdFactory: prepare players ids...
INFO 14:51:20:482 BitSetIdGenerator: extracted 3 ids.
INFO 14:51:20:482 BitSetIdGenerator: 102912 id's available.
INFO 14:51:20:482 IdFactory: prepare guilds ids...
INFO 14:51:20:482 BitSetIdGenerator: extracted 1 ids.
INFO 14:51:20:482 BitSetIdGenerator: 102912 id's available.
INFO 14:51:20:482 IdFactory: prepare item ids...
INFO 14:51:20:483 BitSetIdGenerator: extracted 86 ids.
WARNING 14:51:20:483 BitSetIdGenerator: objectId 1 in DB is less than minimum ID of 268435456.
INFO 14:51:20:483 BitSetIdGenerator: 102912 id's available.
INFO 14:51:20:494 ServerVarManager: loaded 0 variables.
INFO 14:51:20:497 BossSpawnManager: loaded 0 boss spawns.
INFO 14:51:21:928 TerritoryTable: loaded 160 territories for 18803 regions.
INFO 14:51:23:920 WorldZoneTable: loaded 9 world zones for 31887 regions.
INFO 14:51:23:921 ConditionParser: initializable.
WARNING 14:51:24:409 SkillTable: detected once the file D:\Documents\Documents\Java\Tera Server\.\data\skills\summon_skills\deprecated.zip
INFO 14:51:24:423 SkillTable: loaded 4613 skills for 19 classes.
INFO 14:51:24:753 ItemTable: loaded 10137 items.
INFO 14:51:24:762 Race: race appearances initializable.
INFO 14:51:24:767 PlayerTable: loaded 104 player templates.
WARNING 14:51:24:930 DropTable: not found items [50048]
INFO 14:51:24:930 DropTable: load drop for 407 npcs and 126 for resourse.
INFO 14:51:24:933 TownTable: initialized.
WARNING 14:51:24:948 NpcDialogTable: detected once the file D:\Documents\Documents\Java\Tera Server\.\data\dialogs\dialogs.txt
INFO 14:51:24:971 NpcDialogTable: loaded 83 dialogs.
INFO 14:51:24:976 MessagePackageTable: loaded 34 message packages.
INFO 14:51:25:010 ConfigAITable: loaded 45 npc ai configs.
INFO 14:51:25:022 NpcAppearanceTable: initialized. Loaded 59 appearances.
WARNING 14:51:25:073 NpcTable: found duplicate npc template NpcTemplate npcId = 7011, exp = 1000000, attack = 400000, defense = 3500, owerAttack = 3000, owerDefense = 30000, level = 60, aggro = 120, factionRange = 0, name = Linyphi, title = , factionId = , type = 51, isRaid = false, canDrop = false, drop = null, minions = null, dialog = null, geomRadius = 90.0, geomHeight = 160.0, npcType = RAID_BOSS in file .\data\npcs\raid_boss.xml
WARNING 14:51:25:110 NpcTable: detected once the file D:\Documents\Documents\Java\Tera Server\.\data\npcs\summons\playable_summons.zip
INFO 14:51:25:116 NpcTable: loaded  815 npcs.
INFO 14:51:25:125 ResourseTable: loaded  253 resourses.
INFO 14:51:25:151 MinionTable: loaded 303 minions for 42 npcs.
INFO 14:51:25:152 RegenTaskManager: initializable.
INFO 14:51:25:157 Formulas: initialized.
INFO 14:51:25:158 EffectTaskManager: initialized.
INFO 14:51:25:400 ObjectEventManager: initialized.
INFO 14:51:25:401 MoveTaskManager: initialized.
INFO 14:51:25:905 SpawnTable: loaded 19474 spawns for 616 npcs and 2013 spawns for 60 resourses.
INFO 14:51:25:910 GeoMap3D: start fast import geodata_1.dat
INFO 14:51:26:562 GeoMap3D: import ended. load 1867238 quards.
INFO 14:51:26:562 GeoMap3D: start fast import geodata_2.dat
INFO 14:51:26:580 GeoMap3D: import ended. load 440227 quards.
INFO 14:51:26:580 GeoMap3D: start fast import geodata_3.dat
INFO 14:51:27:168 GeoMap3D: import ended. load 58040 quards.
INFO 14:51:27:168 GeoManager: initialized.
INFO 14:51:27:172 ItemExecutorManager: loaded 0 executor items.
INFO 14:51:27:183 CommandManager: loaded 93 commands.
INFO 14:51:27:189 SkillLearnManager: loaded 950 skill learn's for 8 clases.
INFO 14:51:27:192 AnnounceManager: loaded 0 start announces and 0 running announces.
INFO 14:51:27:194 AccountManager: initialized.
INFO 14:51:27:205 GuildManager: loaded 1 guilds.
INFO 14:51:27:410 QuestManager: loaded 455 quests.
INFO 14:51:27:411 OnlineManager: initialized.
INFO 14:51:27:413 GameLogManager: initialized.
INFO 14:51:27:473 Region: next battle "Veritas District" in 2016.06.12 16:00.
INFO 14:51:27:474 Region: next battle "Ostgarath" in 2016.06.12 16:00.
INFO 14:51:27:475 Region: next battle "Val Palrada" in 2016.06.11 20:00.
INFO 14:51:27:476 Region: next battle "Val Aureum" in 2016.06.11 20:00.
INFO 14:51:27:476 EventManager: loaded 5 events.
INFO 14:51:27:602 EventManager: the nearest event in 45 minutes.
INFO 14:51:27:607 PlayerManager: initialized.
INFO 14:51:27:615 Network: started.
INFO 14:51:27:615 GameServer: started.
