INFO 17:22:34:357 ServerControl: open server socket on 2101 port.
INFO 17:22:34:363 ExecutorManager: initialized.
INFO 17:22:34:722 CleaningManager: delete 0 reuses from a character_skill_reuses.
INFO 17:22:34:722 CleaningManager: delete 0 spawns from a boss_spawn.
INFO 17:22:34:723 CleaningManager: delete 0 appearances from a character_appearances.
INFO 17:22:34:723 CleaningManager: delete 0 effects from a character_save_effects.
INFO 17:22:34:724 CleaningManager: delete 0 inventors from a character_inventors.
INFO 17:22:34:724 CleaningManager: delete 0 skills from a character_skills.
INFO 17:22:34:725 CleaningManager: delete 0 hotkeys from a character_hotkey.
INFO 17:22:34:725 CleaningManager: delete 0 chars from a character_friends.
INFO 17:22:34:725 CleaningManager: delete 0 friends from a character_friends.
INFO 17:22:34:726 CleaningManager: delete 0 settings from a character_settings.
INFO 17:22:34:726 CleaningManager: delete 0 empty items from a items.
INFO 17:22:34:726 CleaningManager: delete 0 no owner items from a items.
INFO 17:22:34:727 CleaningManager: delete 0 no owner guild items from a items.
INFO 17:22:34:742 CleaningManager: create buffer table items.
INFO 17:22:34:744 CleaningManager: copy 86 items to buffer_items.
INFO 17:22:34:745 CleaningManager: delete 0 no owner items from a buffer_items.
INFO 17:22:34:754 CleaningManager: drop buffer table items.
INFO 17:22:34:755 CleaningManager: delete 0 from a quests.
INFO 17:22:34:765 CleaningManager: delete 0 from a quest variables.
INFO 17:22:34:766 CleaningManager: delete 0 from a guild ranks.
INFO 17:22:34:849 ClientPacketType: client packets prepared.
INFO 17:22:34:899 EffectParser: initialized.
INFO 17:22:34:902 RandomManager: initialized.
INFO 17:22:34:903 IdFactory: prepare npc ids...
INFO 17:22:34:905 BitSetIdGenerator: 102912 id's available.
INFO 17:22:34:906 IdFactory: prepare objects ids...
INFO 17:22:34:906 BitSetIdGenerator: 102912 id's available.
INFO 17:22:34:906 IdFactory: prepare players ids...
INFO 17:22:34:908 BitSetIdGenerator: extracted 3 ids.
INFO 17:22:34:908 BitSetIdGenerator: 102912 id's available.
INFO 17:22:34:908 IdFactory: prepare guilds ids...
INFO 17:22:34:908 BitSetIdGenerator: extracted 1 ids.
INFO 17:22:34:909 BitSetIdGenerator: 102912 id's available.
INFO 17:22:34:909 IdFactory: prepare item ids...
INFO 17:22:34:909 BitSetIdGenerator: extracted 86 ids.
WARNING 17:22:34:909 BitSetIdGenerator: objectId 1 in DB is less than minimum ID of 268435456.
INFO 17:22:34:909 BitSetIdGenerator: 102912 id's available.
INFO 17:22:34:921 ServerVarManager: loaded 0 variables.
INFO 17:22:34:923 BossSpawnManager: loaded 0 boss spawns.
INFO 17:22:36:498 TerritoryTable: loaded 160 territories for 18803 regions.
INFO 17:22:38:536 WorldZoneTable: loaded 9 world zones for 31887 regions.
INFO 17:22:38:538 ConditionParser: initializable.
WARNING 17:22:39:080 SkillTable: detected once the file D:\Documents\Documents\Java\Tera Server\.\data\skills\summon_skills\deprecated.zip
INFO 17:22:39:093 SkillTable: loaded 4613 skills for 19 classes.
INFO 17:22:39:456 ItemTable: loaded 10137 items.
INFO 17:22:39:465 Race: race appearances initializable.
INFO 17:22:39:470 PlayerTable: loaded 104 player templates.
WARNING 17:22:39:640 DropTable: not found items [50048]
INFO 17:22:39:640 DropTable: load drop for 407 npcs and 126 for resourse.
INFO 17:22:39:643 TownTable: initialized.
WARNING 17:22:39:660 NpcDialogTable: detected once the file D:\Documents\Documents\Java\Tera Server\.\data\dialogs\dialogs.txt
INFO 17:22:39:687 NpcDialogTable: loaded 83 dialogs.
INFO 17:22:39:691 MessagePackageTable: loaded 34 message packages.
INFO 17:22:39:727 ConfigAITable: loaded 45 npc ai configs.
INFO 17:22:39:743 NpcAppearanceTable: initialized. Loaded 59 appearances.
WARNING 17:22:39:792 NpcTable: found duplicate npc template NpcTemplate npcId = 7011, exp = 1000000, attack = 400000, defense = 3500, owerAttack = 3000, owerDefense = 30000, level = 60, aggro = 120, factionRange = 0, name = Linyphi, title = , factionId = , type = 51, isRaid = false, canDrop = false, drop = null, minions = null, dialog = null, geomRadius = 90.0, geomHeight = 160.0, npcType = RAID_BOSS in file .\data\npcs\raid_boss.xml
WARNING 17:22:39:830 NpcTable: detected once the file D:\Documents\Documents\Java\Tera Server\.\data\npcs\summons\playable_summons.zip
INFO 17:22:39:837 NpcTable: loaded  815 npcs.
INFO 17:22:39:844 ResourseTable: loaded  253 resourses.
INFO 17:22:39:874 MinionTable: loaded 303 minions for 42 npcs.
INFO 17:22:39:875 RegenTaskManager: initializable.
INFO 17:22:39:880 Formulas: initialized.
INFO 17:22:39:881 EffectTaskManager: initialized.
INFO 17:22:40:140 ObjectEventManager: initialized.
INFO 17:22:40:141 MoveTaskManager: initialized.
INFO 17:22:40:685 SpawnTable: loaded 19474 spawns for 616 npcs and 2013 spawns for 60 resourses.
INFO 17:22:40:689 GeoMap3D: start fast import geodata_1.dat
INFO 17:22:41:389 GeoMap3D: import ended. load 1867238 quards.
INFO 17:22:41:389 GeoMap3D: start fast import geodata_2.dat
INFO 17:22:41:407 GeoMap3D: import ended. load 440227 quards.
INFO 17:22:41:408 GeoMap3D: start fast import geodata_3.dat
INFO 17:22:42:251 GeoMap3D: import ended. load 58041 quards.
INFO 17:22:42:251 GeoManager: initialized.
INFO 17:22:42:255 ItemExecutorManager: loaded 0 executor items.
INFO 17:22:42:267 CommandManager: loaded 93 commands.
INFO 17:22:42:273 SkillLearnManager: loaded 950 skill learn's for 8 clases.
INFO 17:22:42:275 AnnounceManager: loaded 0 start announces and 0 running announces.
INFO 17:22:42:277 AccountManager: initialized.
INFO 17:22:42:287 GuildManager: loaded 1 guilds.
INFO 17:22:42:504 QuestManager: loaded 455 quests.
INFO 17:22:42:505 OnlineManager: initialized.
INFO 17:22:42:506 GameLogManager: initialized.
INFO 17:22:42:582 Region: next battle "Veritas District" in 2016.06.12 16:00.
INFO 17:22:42:583 Region: next battle "Ostgarath" in 2016.06.12 16:00.
INFO 17:22:42:584 Region: next battle "Val Palrada" in 2016.06.11 20:00.
INFO 17:22:42:585 Region: next battle "Val Aureum" in 2016.06.11 20:00.
INFO 17:22:42:585 EventManager: loaded 5 events.
INFO 17:22:42:725 EventManager: the nearest event in 55 minutes.
INFO 17:22:42:732 PlayerManager: initialized.
INFO 17:22:42:741 Network: started.
INFO 17:22:42:741 GameServer: started.
INFO 17:22:44:115 AccountManager: authed darkza
INFO 17:23:33:579 AccountManager: close darkza
