INFO 16:30:04:778 ServerControl: open server socket on 2101 port.
INFO 16:30:04:782 ExecutorManager: initialized.
INFO 16:30:05:098 CleaningManager: delete 0 reuses from a character_skill_reuses.
INFO 16:30:05:099 CleaningManager: delete 0 spawns from a boss_spawn.
INFO 16:30:05:099 CleaningManager: delete 0 appearances from a character_appearances.
INFO 16:30:05:100 CleaningManager: delete 0 effects from a character_save_effects.
INFO 16:30:05:100 CleaningManager: delete 0 inventors from a character_inventors.
INFO 16:30:05:100 CleaningManager: delete 0 skills from a character_skills.
INFO 16:30:05:101 CleaningManager: delete 0 hotkeys from a character_hotkey.
INFO 16:30:05:101 CleaningManager: delete 0 chars from a character_friends.
INFO 16:30:05:102 CleaningManager: delete 0 friends from a character_friends.
INFO 16:30:05:102 CleaningManager: delete 0 settings from a character_settings.
INFO 16:30:05:102 CleaningManager: delete 0 empty items from a items.
INFO 16:30:05:103 CleaningManager: delete 0 no owner items from a items.
INFO 16:30:05:103 CleaningManager: delete 0 no owner guild items from a items.
INFO 16:30:05:114 CleaningManager: create buffer table items.
INFO 16:30:05:115 CleaningManager: copy 86 items to buffer_items.
INFO 16:30:05:116 CleaningManager: delete 0 no owner items from a buffer_items.
INFO 16:30:05:121 CleaningManager: drop buffer table items.
INFO 16:30:05:121 CleaningManager: delete 0 from a quests.
INFO 16:30:05:133 CleaningManager: delete 0 from a quest variables.
INFO 16:30:05:134 CleaningManager: delete 0 from a guild ranks.
INFO 16:30:05:222 ClientPacketType: client packets prepared.
INFO 16:30:05:267 EffectParser: initialized.
INFO 16:30:05:269 RandomManager: initialized.
INFO 16:30:05:270 IdFactory: prepare npc ids...
INFO 16:30:05:272 BitSetIdGenerator: 102912 id's available.
INFO 16:30:05:272 IdFactory: prepare objects ids...
INFO 16:30:05:272 BitSetIdGenerator: 102912 id's available.
INFO 16:30:05:272 IdFactory: prepare players ids...
INFO 16:30:05:275 BitSetIdGenerator: extracted 3 ids.
INFO 16:30:05:275 BitSetIdGenerator: 102912 id's available.
INFO 16:30:05:275 IdFactory: prepare guilds ids...
INFO 16:30:05:275 BitSetIdGenerator: extracted 1 ids.
INFO 16:30:05:275 BitSetIdGenerator: 102912 id's available.
INFO 16:30:05:275 IdFactory: prepare item ids...
INFO 16:30:05:276 BitSetIdGenerator: extracted 86 ids.
WARNING 16:30:05:276 BitSetIdGenerator: objectId 1 in DB is less than minimum ID of 268435456.
INFO 16:30:05:276 BitSetIdGenerator: 102912 id's available.
INFO 16:30:05:288 ServerVarManager: loaded 0 variables.
INFO 16:30:05:291 BossSpawnManager: loaded 0 boss spawns.
INFO 16:30:06:765 TerritoryTable: loaded 160 territories for 18803 regions.
INFO 16:30:08:804 WorldZoneTable: loaded 9 world zones for 31887 regions.
INFO 16:30:08:806 ConditionParser: initializable.
WARNING 16:30:09:347 SkillTable: detected once the file D:\Documents\Documents\Java\Tera Server\.\data\skills\summon_skills\deprecated.zip
INFO 16:30:09:360 SkillTable: loaded 4613 skills for 19 classes.
INFO 16:30:09:717 ItemTable: loaded 10137 items.
INFO 16:30:09:726 Race: race appearances initializable.
INFO 16:30:09:731 PlayerTable: loaded 104 player templates.
WARNING 16:30:09:898 DropTable: not found items [50048]
INFO 16:30:09:898 DropTable: load drop for 407 npcs and 126 for resourse.
INFO 16:30:09:902 TownTable: initialized.
WARNING 16:30:09:917 NpcDialogTable: detected once the file D:\Documents\Documents\Java\Tera Server\.\data\dialogs\dialogs.txt
INFO 16:30:09:940 NpcDialogTable: loaded 83 dialogs.
INFO 16:30:09:944 MessagePackageTable: loaded 34 message packages.
INFO 16:30:09:979 ConfigAITable: loaded 45 npc ai configs.
INFO 16:30:09:991 NpcAppearanceTable: initialized. Loaded 59 appearances.
WARNING 16:30:10:039 NpcTable: found duplicate npc template NpcTemplate npcId = 7011, exp = 1000000, attack = 400000, defense = 3500, owerAttack = 3000, owerDefense = 30000, level = 60, aggro = 120, factionRange = 0, name = Linyphi, title = , factionId = , type = 51, isRaid = false, canDrop = false, drop = null, minions = null, dialog = null, geomRadius = 90.0, geomHeight = 160.0, npcType = RAID_BOSS in file .\data\npcs\raid_boss.xml
WARNING 16:30:10:083 NpcTable: detected once the file D:\Documents\Documents\Java\Tera Server\.\data\npcs\summons\playable_summons.zip
INFO 16:30:10:089 NpcTable: loaded  815 npcs.
INFO 16:30:10:098 ResourseTable: loaded  253 resourses.
INFO 16:30:10:128 MinionTable: loaded 303 minions for 42 npcs.
INFO 16:30:10:129 RegenTaskManager: initializable.
INFO 16:30:10:134 Formulas: initialized.
INFO 16:30:10:134 EffectTaskManager: initialized.
INFO 16:30:10:386 ObjectEventManager: initialized.
INFO 16:30:10:387 MoveTaskManager: initialized.
INFO 16:30:10:933 SpawnTable: loaded 19474 spawns for 616 npcs and 2013 spawns for 60 resourses.
INFO 16:30:10:938 GeoMap3D: start fast import geodata_1.dat
INFO 16:30:11:624 GeoMap3D: import ended. load 1867238 quards.
INFO 16:30:11:625 GeoMap3D: start fast import geodata_2.dat
INFO 16:30:11:643 GeoMap3D: import ended. load 440227 quards.
INFO 16:30:11:643 GeoMap3D: start fast import geodata_3.dat
INFO 16:30:12:256 GeoMap3D: import ended. load 58040 quards.
INFO 16:30:12:256 GeoManager: initialized.
INFO 16:30:12:262 ItemExecutorManager: loaded 0 executor items.
INFO 16:30:12:276 CommandManager: loaded 95 commands.
INFO 16:30:12:282 SkillLearnManager: loaded 950 skill learn's for 8 clases.
INFO 16:30:12:285 AnnounceManager: loaded 0 start announces and 0 running announces.
INFO 16:30:12:288 AccountManager: initialized.
INFO 16:30:12:303 GuildManager: loaded 1 guilds.
INFO 16:30:12:528 QuestManager: loaded 455 quests.
INFO 16:30:12:529 OnlineManager: initialized.
INFO 16:30:12:532 GameLogManager: initialized.
INFO 16:30:12:602 Region: next battle "Veritas District" in 2016.06.12 16:00.
INFO 16:30:12:603 Region: next battle "Ostgarath" in 2016.06.12 16:00.
INFO 16:30:12:604 Region: next battle "Val Palrada" in 2016.06.11 20:00.
INFO 16:30:12:605 Region: next battle "Val Aureum" in 2016.06.11 20:00.
INFO 16:30:12:606 EventManager: loaded 5 events.
INFO 16:30:12:738 EventManager: the nearest event in 50 minutes.
INFO 16:30:12:744 PlayerManager: initialized.
INFO 16:30:12:754 Network: started.
INFO 16:30:12:754 GameServer: started.
INFO 16:31:21:882 AccountManager: authed darkza
INFO 16:33:22:989 AccountManager: close darkza
