INFO 17:26:56:248 ServerControl: open server socket on 2101 port.
INFO 17:26:56:254 ExecutorManager: initialized.
INFO 17:26:56:567 CleaningManager: delete 0 reuses from a character_skill_reuses.
INFO 17:26:56:568 CleaningManager: delete 0 spawns from a boss_spawn.
INFO 17:26:56:568 CleaningManager: delete 0 appearances from a character_appearances.
INFO 17:26:56:569 CleaningManager: delete 0 effects from a character_save_effects.
INFO 17:26:56:569 CleaningManager: delete 0 inventors from a character_inventors.
INFO 17:26:56:569 CleaningManager: delete 0 skills from a character_skills.
INFO 17:26:56:570 CleaningManager: delete 0 hotkeys from a character_hotkey.
INFO 17:26:56:570 CleaningManager: delete 0 chars from a character_friends.
INFO 17:26:56:571 CleaningManager: delete 0 friends from a character_friends.
INFO 17:26:56:571 CleaningManager: delete 0 settings from a character_settings.
INFO 17:26:56:572 CleaningManager: delete 0 empty items from a items.
INFO 17:26:56:572 CleaningManager: delete 0 no owner items from a items.
INFO 17:26:56:573 CleaningManager: delete 0 no owner guild items from a items.
INFO 17:26:56:584 CleaningManager: create buffer table items.
INFO 17:26:56:585 CleaningManager: copy 86 items to buffer_items.
INFO 17:26:56:586 CleaningManager: delete 0 no owner items from a buffer_items.
INFO 17:26:56:590 CleaningManager: drop buffer table items.
INFO 17:26:56:591 CleaningManager: delete 0 from a quests.
INFO 17:26:56:601 CleaningManager: delete 0 from a quest variables.
INFO 17:26:56:602 CleaningManager: delete 0 from a guild ranks.
INFO 17:26:56:678 ClientPacketType: client packets prepared.
INFO 17:26:56:726 EffectParser: initialized.
INFO 17:26:56:729 RandomManager: initialized.
INFO 17:26:56:730 IdFactory: prepare npc ids...
INFO 17:26:56:731 BitSetIdGenerator: 102912 id's available.
INFO 17:26:56:732 IdFactory: prepare objects ids...
INFO 17:26:56:732 BitSetIdGenerator: 102912 id's available.
INFO 17:26:56:732 IdFactory: prepare players ids...
INFO 17:26:56:734 BitSetIdGenerator: extracted 3 ids.
INFO 17:26:56:734 BitSetIdGenerator: 102912 id's available.
INFO 17:26:56:735 IdFactory: prepare guilds ids...
INFO 17:26:56:735 BitSetIdGenerator: extracted 1 ids.
INFO 17:26:56:735 BitSetIdGenerator: 102912 id's available.
INFO 17:26:56:735 IdFactory: prepare item ids...
INFO 17:26:56:736 BitSetIdGenerator: extracted 86 ids.
WARNING 17:26:56:736 BitSetIdGenerator: objectId 1 in DB is less than minimum ID of 268435456.
INFO 17:26:56:736 BitSetIdGenerator: 102912 id's available.
INFO 17:26:56:747 ServerVarManager: loaded 0 variables.
INFO 17:26:56:750 BossSpawnManager: loaded 0 boss spawns.
INFO 17:26:58:297 TerritoryTable: loaded 160 territories for 18803 regions.
INFO 17:27:00:404 WorldZoneTable: loaded 9 world zones for 31887 regions.
INFO 17:27:00:406 ConditionParser: initializable.
WARNING 17:27:00:964 SkillTable: detected once the file D:\Documents\Documents\Java\Tera Server\.\data\skills\summon_skills\deprecated.zip
INFO 17:27:00:979 SkillTable: loaded 4613 skills for 19 classes.
INFO 17:27:01:344 ItemTable: loaded 10137 items.
INFO 17:27:01:354 Race: race appearances initializable.
INFO 17:27:01:360 PlayerTable: loaded 104 player templates.
WARNING 17:27:01:546 DropTable: not found items [50048]
INFO 17:27:01:546 DropTable: load drop for 407 npcs and 126 for resourse.
INFO 17:27:01:549 TownTable: initialized.
WARNING 17:27:01:567 NpcDialogTable: detected once the file D:\Documents\Documents\Java\Tera Server\.\data\dialogs\dialogs.txt
INFO 17:27:01:589 NpcDialogTable: loaded 83 dialogs.
INFO 17:27:01:595 MessagePackageTable: loaded 34 message packages.
INFO 17:27:01:627 ConfigAITable: loaded 45 npc ai configs.
INFO 17:27:01:638 NpcAppearanceTable: initialized. Loaded 59 appearances.
WARNING 17:27:01:687 NpcTable: found duplicate npc template NpcTemplate npcId = 7011, exp = 1000000, attack = 400000, defense = 3500, owerAttack = 3000, owerDefense = 30000, level = 60, aggro = 120, factionRange = 0, name = Linyphi, title = , factionId = , type = 51, isRaid = false, canDrop = false, drop = null, minions = null, dialog = null, geomRadius = 90.0, geomHeight = 160.0, npcType = RAID_BOSS in file .\data\npcs\raid_boss.xml
WARNING 17:27:01:724 NpcTable: detected once the file D:\Documents\Documents\Java\Tera Server\.\data\npcs\summons\playable_summons.zip
INFO 17:27:01:731 NpcTable: loaded  815 npcs.
INFO 17:27:01:739 ResourseTable: loaded  253 resourses.
INFO 17:27:01:770 MinionTable: loaded 303 minions for 42 npcs.
INFO 17:27:01:771 RegenTaskManager: initializable.
INFO 17:27:01:777 Formulas: initialized.
INFO 17:27:01:778 EffectTaskManager: initialized.
INFO 17:27:02:035 ObjectEventManager: initialized.
INFO 17:27:02:036 MoveTaskManager: initialized.
INFO 17:27:02:564 SpawnTable: loaded 19474 spawns for 616 npcs and 2013 spawns for 60 resourses.
INFO 17:27:02:568 GeoMap3D: start fast import geodata_1.dat
INFO 17:27:03:244 GeoMap3D: import ended. load 1867238 quards.
INFO 17:27:03:244 GeoMap3D: start fast import geodata_2.dat
INFO 17:27:03:262 GeoMap3D: import ended. load 440227 quards.
INFO 17:27:03:263 GeoMap3D: start fast import geodata_3.dat
INFO 17:27:04:122 GeoMap3D: import ended. load 58041 quards.
INFO 17:27:04:122 GeoManager: initialized.
INFO 17:27:04:127 ItemExecutorManager: loaded 0 executor items.
INFO 17:27:04:137 CommandManager: loaded 93 commands.
INFO 17:27:04:143 SkillLearnManager: loaded 950 skill learn's for 8 clases.
INFO 17:27:04:145 AnnounceManager: loaded 0 start announces and 0 running announces.
INFO 17:27:04:147 AccountManager: initialized.
INFO 17:27:04:157 GuildManager: loaded 1 guilds.
INFO 17:27:04:373 QuestManager: loaded 455 quests.
INFO 17:27:04:374 OnlineManager: initialized.
INFO 17:27:04:378 GameLogManager: initialized.
INFO 17:27:04:446 Region: next battle "Veritas District" in 2016.06.12 16:00.
INFO 17:27:04:447 Region: next battle "Ostgarath" in 2016.06.12 16:00.
INFO 17:27:04:449 Region: next battle "Val Palrada" in 2016.06.11 20:00.
INFO 17:27:04:449 Region: next battle "Val Aureum" in 2016.06.11 20:00.
INFO 17:27:04:450 EventManager: loaded 5 events.
INFO 17:27:04:593 EventManager: the nearest event in 51 minutes.
INFO 17:27:04:600 PlayerManager: initialized.
INFO 17:27:04:615 Network: started.
INFO 17:27:04:616 GameServer: started.
INFO 17:27:10:940 AccountManager: authed darkza
INFO 17:28:33:912 AccountManager: close darkza
