INFO 14:32:21:343 ServerControl: open server socket on 2101 port.
INFO 14:32:21:348 ExecutorManager: initialized.
INFO 14:32:21:667 CleaningManager: delete 0 reuses from a character_skill_reuses.
INFO 14:32:21:667 CleaningManager: delete 0 spawns from a boss_spawn.
INFO 14:32:21:668 CleaningManager: delete 0 appearances from a character_appearances.
INFO 14:32:21:668 CleaningManager: delete 0 effects from a character_save_effects.
INFO 14:32:21:668 CleaningManager: delete 0 inventors from a character_inventors.
INFO 14:32:21:669 CleaningManager: delete 0 skills from a character_skills.
INFO 14:32:21:669 CleaningManager: delete 0 hotkeys from a character_hotkey.
INFO 14:32:21:670 CleaningManager: delete 0 chars from a character_friends.
INFO 14:32:21:670 CleaningManager: delete 0 friends from a character_friends.
INFO 14:32:21:671 CleaningManager: delete 0 settings from a character_settings.
INFO 14:32:21:671 CleaningManager: delete 0 empty items from a items.
INFO 14:32:21:671 CleaningManager: delete 0 no owner items from a items.
INFO 14:32:21:672 CleaningManager: delete 0 no owner guild items from a items.
INFO 14:32:21:683 CleaningManager: create buffer table items.
INFO 14:32:21:686 CleaningManager: copy 86 items to buffer_items.
INFO 14:32:21:686 CleaningManager: delete 0 no owner items from a buffer_items.
INFO 14:32:21:691 CleaningManager: drop buffer table items.
INFO 14:32:21:692 CleaningManager: delete 0 from a quests.
INFO 14:32:21:703 CleaningManager: delete 0 from a quest variables.
INFO 14:32:21:703 CleaningManager: delete 0 from a guild ranks.
INFO 14:32:21:791 ClientPacketType: client packets prepared.
INFO 14:32:21:842 EffectParser: initialized.
INFO 14:32:21:844 RandomManager: initialized.
INFO 14:32:21:845 IdFactory: prepare npc ids...
INFO 14:32:21:847 BitSetIdGenerator: 102912 id's available.
INFO 14:32:21:847 IdFactory: prepare objects ids...
INFO 14:32:21:847 BitSetIdGenerator: 102912 id's available.
INFO 14:32:21:847 IdFactory: prepare players ids...
INFO 14:32:21:850 BitSetIdGenerator: extracted 3 ids.
INFO 14:32:21:850 BitSetIdGenerator: 102912 id's available.
INFO 14:32:21:850 IdFactory: prepare guilds ids...
INFO 14:32:21:851 BitSetIdGenerator: extracted 1 ids.
INFO 14:32:21:851 BitSetIdGenerator: 102912 id's available.
INFO 14:32:21:851 IdFactory: prepare item ids...
INFO 14:32:21:852 BitSetIdGenerator: extracted 86 ids.
WARNING 14:32:21:852 BitSetIdGenerator: objectId 1 in DB is less than minimum ID of 268435456.
INFO 14:32:21:852 BitSetIdGenerator: 102912 id's available.
INFO 14:32:21:863 ServerVarManager: loaded 0 variables.
INFO 14:32:21:866 BossSpawnManager: loaded 0 boss spawns.
INFO 14:32:23:506 TerritoryTable: loaded 160 territories for 18803 regions.
INFO 14:32:25:550 WorldZoneTable: loaded 9 world zones for 31887 regions.
INFO 14:32:25:552 ConditionParser: initializable.
WARNING 14:32:26:082 SkillTable: detected once the file D:\Documents\Documents\Java\Tera Server\.\data\skills\summon_skills\deprecated.zip
INFO 14:32:26:095 SkillTable: loaded 4613 skills for 19 classes.
INFO 14:32:26:471 ItemTable: loaded 10137 items.
INFO 14:32:26:479 Race: race appearances initializable.
INFO 14:32:26:485 PlayerTable: loaded 104 player templates.
WARNING 14:32:26:664 DropTable: not found items [50048]
INFO 14:32:26:664 DropTable: load drop for 407 npcs and 126 for resourse.
INFO 14:32:26:668 TownTable: initialized.
WARNING 14:32:26:687 NpcDialogTable: detected once the file D:\Documents\Documents\Java\Tera Server\.\data\dialogs\dialogs.txt
INFO 14:32:26:709 NpcDialogTable: loaded 83 dialogs.
INFO 14:32:26:712 MessagePackageTable: loaded 34 message packages.
INFO 14:32:26:745 ConfigAITable: loaded 45 npc ai configs.
INFO 14:32:26:760 NpcAppearanceTable: initialized. Loaded 59 appearances.
WARNING 14:32:26:810 NpcTable: found duplicate npc template NpcTemplate npcId = 7011, exp = 1000000, attack = 400000, defense = 3500, owerAttack = 3000, owerDefense = 30000, level = 60, aggro = 120, factionRange = 0, name = Linyphi, title = , factionId = , type = 51, isRaid = false, canDrop = false, drop = null, minions = null, dialog = null, geomRadius = 90.0, geomHeight = 160.0, npcType = RAID_BOSS in file .\data\npcs\raid_boss.xml
WARNING 14:32:26:848 NpcTable: detected once the file D:\Documents\Documents\Java\Tera Server\.\data\npcs\summons\playable_summons.zip
INFO 14:32:26:854 NpcTable: loaded  815 npcs.
INFO 14:32:26:863 ResourseTable: loaded  253 resourses.
INFO 14:32:26:893 MinionTable: loaded 303 minions for 42 npcs.
INFO 14:32:26:893 RegenTaskManager: initializable.
INFO 14:32:26:903 Formulas: initialized.
INFO 14:32:26:903 EffectTaskManager: initialized.
INFO 14:32:27:159 ObjectEventManager: initialized.
INFO 14:32:27:160 MoveTaskManager: initialized.
INFO 14:32:27:692 SpawnTable: loaded 19474 spawns for 616 npcs and 2013 spawns for 60 resourses.
INFO 14:32:27:695 GeoMap3D: start fast import geodata_1.dat
INFO 14:32:28:405 GeoMap3D: import ended. load 1867238 quards.
INFO 14:32:28:406 GeoMap3D: start fast import geodata_2.dat
INFO 14:32:28:425 GeoMap3D: import ended. load 440227 quards.
INFO 14:32:28:426 GeoMap3D: start fast import geodata_3.dat
INFO 14:32:29:059 GeoMap3D: import ended. load 58040 quards.
INFO 14:32:29:059 GeoManager: initialized.
INFO 14:32:29:066 ItemExecutorManager: loaded 0 executor items.
INFO 14:32:29:078 CommandManager: loaded 93 commands.
INFO 14:32:29:086 SkillLearnManager: loaded 950 skill learn's for 8 clases.
INFO 14:32:29:089 AnnounceManager: loaded 0 start announces and 0 running announces.
INFO 14:32:29:090 AccountManager: initialized.
INFO 14:32:29:105 GuildManager: loaded 1 guilds.
INFO 14:32:29:342 QuestManager: loaded 455 quests.
INFO 14:32:29:343 OnlineManager: initialized.
INFO 14:32:29:346 GameLogManager: initialized.
INFO 14:32:29:437 Region: next battle "Veritas District" in 2016.06.12 16:00.
INFO 14:32:29:438 Region: next battle "Ostgarath" in 2016.06.12 16:00.
INFO 14:32:29:439 Region: next battle "Val Palrada" in 2016.06.11 20:00.
INFO 14:32:29:440 Region: next battle "Val Aureum" in 2016.06.11 20:00.
INFO 14:32:29:440 EventManager: loaded 5 events.
INFO 14:32:29:572 EventManager: the nearest event in 44 minutes.
INFO 14:32:29:577 PlayerManager: initialized.
INFO 14:32:29:587 Network: started.
INFO 14:32:29:587 GameServer: started.
INFO 14:32:31:033 AccountManager: authed darkza
INFO 14:33:25:678 AccountManager: close darkza
