INFO 17:29:03:160 ServerControl: open server socket on 2101 port.
INFO 17:29:03:164 ExecutorManager: initialized.
INFO 17:29:03:496 CleaningManager: delete 0 reuses from a character_skill_reuses.
INFO 17:29:03:497 CleaningManager: delete 0 spawns from a boss_spawn.
INFO 17:29:03:498 CleaningManager: delete 0 appearances from a character_appearances.
INFO 17:29:03:498 CleaningManager: delete 0 effects from a character_save_effects.
INFO 17:29:03:499 CleaningManager: delete 0 inventors from a character_inventors.
INFO 17:29:03:499 CleaningManager: delete 0 skills from a character_skills.
INFO 17:29:03:500 CleaningManager: delete 0 hotkeys from a character_hotkey.
INFO 17:29:03:501 CleaningManager: delete 0 chars from a character_friends.
INFO 17:29:03:501 CleaningManager: delete 0 friends from a character_friends.
INFO 17:29:03:502 CleaningManager: delete 0 settings from a character_settings.
INFO 17:29:03:502 CleaningManager: delete 0 empty items from a items.
INFO 17:29:03:503 CleaningManager: delete 0 no owner items from a items.
INFO 17:29:03:504 CleaningManager: delete 0 no owner guild items from a items.
INFO 17:29:03:517 CleaningManager: create buffer table items.
INFO 17:29:03:519 CleaningManager: copy 86 items to buffer_items.
INFO 17:29:03:520 CleaningManager: delete 0 no owner items from a buffer_items.
INFO 17:29:03:525 CleaningManager: drop buffer table items.
INFO 17:29:03:526 CleaningManager: delete 0 from a quests.
INFO 17:29:03:539 CleaningManager: delete 0 from a quest variables.
INFO 17:29:03:540 CleaningManager: delete 0 from a guild ranks.
INFO 17:29:03:623 ClientPacketType: client packets prepared.
INFO 17:29:03:669 EffectParser: initialized.
INFO 17:29:03:672 RandomManager: initialized.
INFO 17:29:03:672 IdFactory: prepare npc ids...
INFO 17:29:03:674 BitSetIdGenerator: 102912 id's available.
INFO 17:29:03:675 IdFactory: prepare objects ids...
INFO 17:29:03:675 BitSetIdGenerator: 102912 id's available.
INFO 17:29:03:675 IdFactory: prepare players ids...
INFO 17:29:03:677 BitSetIdGenerator: extracted 3 ids.
INFO 17:29:03:677 BitSetIdGenerator: 102912 id's available.
INFO 17:29:03:677 IdFactory: prepare guilds ids...
INFO 17:29:03:678 BitSetIdGenerator: extracted 1 ids.
INFO 17:29:03:678 BitSetIdGenerator: 102912 id's available.
INFO 17:29:03:678 IdFactory: prepare item ids...
INFO 17:29:03:679 BitSetIdGenerator: extracted 86 ids.
WARNING 17:29:03:679 BitSetIdGenerator: objectId 1 in DB is less than minimum ID of 268435456.
INFO 17:29:03:679 BitSetIdGenerator: 102912 id's available.
INFO 17:29:03:690 ServerVarManager: loaded 0 variables.
INFO 17:29:03:693 BossSpawnManager: loaded 0 boss spawns.
INFO 17:29:05:263 TerritoryTable: loaded 160 territories for 18803 regions.
INFO 17:29:07:297 WorldZoneTable: loaded 9 world zones for 31887 regions.
INFO 17:29:07:298 ConditionParser: initializable.
WARNING 17:29:07:861 SkillTable: detected once the file D:\Documents\Documents\Java\Tera Server\.\data\skills\summon_skills\deprecated.zip
INFO 17:29:07:876 SkillTable: loaded 4613 skills for 19 classes.
INFO 17:29:08:247 ItemTable: loaded 10137 items.
INFO 17:29:08:257 Race: race appearances initializable.
INFO 17:29:08:264 PlayerTable: loaded 104 player templates.
WARNING 17:29:08:445 DropTable: not found items [50048]
INFO 17:29:08:445 DropTable: load drop for 407 npcs and 126 for resourse.
INFO 17:29:08:449 TownTable: initialized.
WARNING 17:29:08:466 NpcDialogTable: detected once the file D:\Documents\Documents\Java\Tera Server\.\data\dialogs\dialogs.txt
INFO 17:29:08:488 NpcDialogTable: loaded 83 dialogs.
INFO 17:29:08:492 MessagePackageTable: loaded 34 message packages.
INFO 17:29:08:525 ConfigAITable: loaded 45 npc ai configs.
INFO 17:29:08:539 NpcAppearanceTable: initialized. Loaded 59 appearances.
WARNING 17:29:08:591 NpcTable: found duplicate npc template NpcTemplate npcId = 7011, exp = 1000000, attack = 400000, defense = 3500, owerAttack = 3000, owerDefense = 30000, level = 60, aggro = 120, factionRange = 0, name = Linyphi, title = , factionId = , type = 51, isRaid = false, canDrop = false, drop = null, minions = null, dialog = null, geomRadius = 90.0, geomHeight = 160.0, npcType = RAID_BOSS in file .\data\npcs\raid_boss.xml
WARNING 17:29:08:630 NpcTable: detected once the file D:\Documents\Documents\Java\Tera Server\.\data\npcs\summons\playable_summons.zip
INFO 17:29:08:639 NpcTable: loaded  815 npcs.
INFO 17:29:08:648 ResourseTable: loaded  253 resourses.
INFO 17:29:08:676 MinionTable: loaded 303 minions for 42 npcs.
INFO 17:29:08:677 RegenTaskManager: initializable.
INFO 17:29:08:683 Formulas: initialized.
INFO 17:29:08:683 EffectTaskManager: initialized.
INFO 17:29:08:937 ObjectEventManager: initialized.
INFO 17:29:08:938 MoveTaskManager: initialized.
INFO 17:29:09:486 SpawnTable: loaded 19474 spawns for 616 npcs and 2013 spawns for 60 resourses.
INFO 17:29:09:489 GeoMap3D: start fast import geodata_1.dat
INFO 17:29:10:195 GeoMap3D: import ended. load 1867238 quards.
INFO 17:29:10:195 GeoMap3D: start fast import geodata_2.dat
INFO 17:29:10:213 GeoMap3D: import ended. load 440227 quards.
INFO 17:29:10:214 GeoMap3D: start fast import geodata_3.dat
INFO 17:29:11:027 GeoMap3D: import ended. load 58041 quards.
INFO 17:29:11:027 GeoManager: initialized.
INFO 17:29:11:031 ItemExecutorManager: loaded 0 executor items.
INFO 17:29:11:041 CommandManager: loaded 93 commands.
INFO 17:29:11:047 SkillLearnManager: loaded 950 skill learn's for 8 clases.
INFO 17:29:11:050 AnnounceManager: loaded 0 start announces and 0 running announces.
INFO 17:29:11:051 AccountManager: initialized.
INFO 17:29:11:060 GuildManager: loaded 1 guilds.
INFO 17:29:11:287 QuestManager: loaded 455 quests.
INFO 17:29:11:288 OnlineManager: initialized.
INFO 17:29:11:290 GameLogManager: initialized.
INFO 17:29:11:361 Region: next battle "Veritas District" in 2016.06.12 16:00.
INFO 17:29:11:363 Region: next battle "Ostgarath" in 2016.06.12 16:00.
INFO 17:29:11:365 Region: next battle "Val Palrada" in 2016.06.11 20:00.
INFO 17:29:11:365 Region: next battle "Val Aureum" in 2016.06.11 20:00.
INFO 17:29:11:366 EventManager: loaded 5 events.
INFO 17:29:11:497 EventManager: the nearest event in 58 minutes.
INFO 17:29:11:503 PlayerManager: initialized.
INFO 17:29:11:512 Network: started.
INFO 17:29:11:512 GameServer: started.
INFO 17:29:14:564 AccountManager: authed darkza
INFO 17:34:39:268 AccountManager: close darkza
