INFO 12:40:43:259 ServerControl: open server socket on 2101 port.
INFO 12:40:43:267 ExecutorManager: initialized.
INFO 12:40:43:638 CleaningManager: delete 0 reuses from a character_skill_reuses.
INFO 12:40:43:639 CleaningManager: delete 0 spawns from a boss_spawn.
INFO 12:40:43:639 CleaningManager: delete 0 appearances from a character_appearances.
INFO 12:40:43:639 CleaningManager: delete 0 effects from a character_save_effects.
INFO 12:40:43:640 CleaningManager: delete 0 inventors from a character_inventors.
INFO 12:40:43:640 CleaningManager: delete 0 skills from a character_skills.
INFO 12:40:43:641 CleaningManager: delete 0 hotkeys from a character_hotkey.
INFO 12:40:43:641 CleaningManager: delete 0 chars from a character_friends.
INFO 12:40:43:642 CleaningManager: delete 0 friends from a character_friends.
INFO 12:40:43:642 CleaningManager: delete 0 settings from a character_settings.
INFO 12:40:43:643 CleaningManager: delete 0 empty items from a items.
INFO 12:40:43:643 CleaningManager: delete 0 no owner items from a items.
INFO 12:40:43:643 CleaningManager: delete 0 no owner guild items from a items.
INFO 12:40:43:654 CleaningManager: create buffer table items.
INFO 12:40:43:655 CleaningManager: copy 86 items to buffer_items.
INFO 12:40:43:656 CleaningManager: delete 0 no owner items from a buffer_items.
INFO 12:40:43:661 CleaningManager: drop buffer table items.
INFO 12:40:43:662 CleaningManager: delete 0 from a quests.
INFO 12:40:43:678 CleaningManager: delete 0 from a quest variables.
INFO 12:40:43:679 CleaningManager: delete 0 from a guild ranks.
INFO 12:40:43:766 ClientPacketType: client packets prepared.
INFO 12:40:43:816 EffectParser: initialized.
INFO 12:40:43:818 RandomManager: initialized.
INFO 12:40:43:819 IdFactory: prepare npc ids...
INFO 12:40:43:820 BitSetIdGenerator: 102912 id's available.
INFO 12:40:43:820 IdFactory: prepare objects ids...
INFO 12:40:43:821 BitSetIdGenerator: 102912 id's available.
INFO 12:40:43:821 IdFactory: prepare players ids...
INFO 12:40:43:823 BitSetIdGenerator: extracted 3 ids.
INFO 12:40:43:823 BitSetIdGenerator: 102912 id's available.
INFO 12:40:43:823 IdFactory: prepare guilds ids...
INFO 12:40:43:823 BitSetIdGenerator: extracted 1 ids.
INFO 12:40:43:823 BitSetIdGenerator: 102912 id's available.
INFO 12:40:43:823 IdFactory: prepare item ids...
INFO 12:40:43:824 BitSetIdGenerator: extracted 86 ids.
WARNING 12:40:43:824 BitSetIdGenerator: objectId 1 in DB is less than minimum ID of 268435456.
INFO 12:40:43:824 BitSetIdGenerator: 102912 id's available.
INFO 12:40:43:837 ServerVarManager: loaded 0 variables.
INFO 12:40:43:839 BossSpawnManager: loaded 0 boss spawns.
INFO 12:40:45:348 TerritoryTable: loaded 160 territories for 18803 regions.
INFO 12:40:47:285 WorldZoneTable: loaded 9 world zones for 31887 regions.
INFO 12:40:47:286 ConditionParser: initializable.
WARNING 12:40:47:819 SkillTable: detected once the file D:\Documents\Documents\Java\Tera Server\.\data\skills\summon_skills\deprecated.zip
INFO 12:40:47:832 SkillTable: loaded 4613 skills for 19 classes.
INFO 12:40:48:196 ItemTable: loaded 10137 items.
INFO 12:40:48:206 Race: race appearances initializable.
INFO 12:40:48:211 PlayerTable: loaded 104 player templates.
WARNING 12:40:48:383 DropTable: not found items [50048]
INFO 12:40:48:383 DropTable: load drop for 407 npcs and 126 for resourse.
INFO 12:40:48:386 TownTable: initialized.
WARNING 12:40:48:404 NpcDialogTable: detected once the file D:\Documents\Documents\Java\Tera Server\.\data\dialogs\dialogs.txt
INFO 12:40:48:427 NpcDialogTable: loaded 83 dialogs.
INFO 12:40:48:432 MessagePackageTable: loaded 34 message packages.
INFO 12:40:48:463 ConfigAITable: loaded 45 npc ai configs.
INFO 12:40:48:474 NpcAppearanceTable: initialized. Loaded 59 appearances.
WARNING 12:40:48:522 NpcTable: found duplicate npc template NpcTemplate npcId = 7011, exp = 1000000, attack = 400000, defense = 3500, owerAttack = 3000, owerDefense = 30000, level = 60, aggro = 120, factionRange = 0, name = Linyphi, title = , factionId = , type = 51, isRaid = false, canDrop = false, drop = null, minions = null, dialog = null, geomRadius = 90.0, geomHeight = 160.0, npcType = RAID_BOSS in file .\data\npcs\raid_boss.xml
WARNING 12:40:48:558 NpcTable: detected once the file D:\Documents\Documents\Java\Tera Server\.\data\npcs\summons\playable_summons.zip
INFO 12:40:48:565 NpcTable: loaded  815 npcs.
INFO 12:40:48:573 ResourseTable: loaded  253 resourses.
INFO 12:40:48:600 MinionTable: loaded 303 minions for 42 npcs.
INFO 12:40:48:602 RegenTaskManager: initializable.
INFO 12:40:48:607 Formulas: initialized.
INFO 12:40:48:608 EffectTaskManager: initialized.
INFO 12:40:48:849 ObjectEventManager: initialized.
INFO 12:40:48:849 MoveTaskManager: initialized.
INFO 12:40:49:362 SpawnTable: loaded 19474 spawns for 616 npcs and 2013 spawns for 60 resourses.
INFO 12:40:49:366 GeoMap3D: start fast import geodata_1.dat
INFO 12:40:50:046 GeoMap3D: import ended. load 1867238 quards.
INFO 12:40:50:047 GeoMap3D: start fast import geodata_2.dat
INFO 12:40:50:067 GeoMap3D: import ended. load 440227 quards.
INFO 12:40:50:067 GeoMap3D: start fast import geodata_3.dat
INFO 12:40:50:706 GeoMap3D: import ended. load 58040 quards.
INFO 12:40:50:706 GeoManager: initialized.
INFO 12:40:50:712 ItemExecutorManager: loaded 0 executor items.
INFO 12:40:50:723 CommandManager: loaded 93 commands.
INFO 12:40:50:731 SkillLearnManager: loaded 950 skill learn's for 8 clases.
INFO 12:40:50:735 AnnounceManager: loaded 0 start announces and 0 running announces.
INFO 12:40:50:737 AccountManager: initialized.
INFO 12:40:50:753 GuildManager: loaded 1 guilds.
INFO 12:40:50:971 QuestManager: loaded 455 quests.
INFO 12:40:50:972 OnlineManager: initialized.
INFO 12:40:50:973 GameLogManager: initialized.
INFO 12:40:51:058 Region: next battle "Veritas District" in 2016.06.12 16:00.
INFO 12:40:51:060 Region: next battle "Ostgarath" in 2016.06.12 16:00.
INFO 12:40:51:062 Region: next battle "Val Palrada" in 2016.06.11 20:00.
INFO 12:40:51:063 Region: next battle "Val Aureum" in 2016.06.11 20:00.
INFO 12:40:51:063 EventManager: loaded 5 events.
INFO 12:40:51:198 EventManager: the nearest event in 37 minutes.
INFO 12:40:51:204 PlayerManager: initialized.
INFO 12:40:51:213 Network: started.
INFO 12:40:51:213 GameServer: started.
INFO 12:40:53:929 AccountManager: authed darkza
INFO 12:41:30:880 AccountManager: close darkza
