INFO 16:08:58:300 ServerControl: open server socket on 2101 port.
INFO 16:08:58:305 ExecutorManager: initialized.
INFO 16:08:58:641 CleaningManager: delete 0 reuses from a character_skill_reuses.
INFO 16:08:58:641 CleaningManager: delete 0 spawns from a boss_spawn.
INFO 16:08:58:642 CleaningManager: delete 0 appearances from a character_appearances.
INFO 16:08:58:642 CleaningManager: delete 0 effects from a character_save_effects.
INFO 16:08:58:643 CleaningManager: delete 0 inventors from a character_inventors.
INFO 16:08:58:644 CleaningManager: delete 0 skills from a character_skills.
INFO 16:08:58:644 CleaningManager: delete 0 hotkeys from a character_hotkey.
INFO 16:08:58:645 CleaningManager: delete 0 chars from a character_friends.
INFO 16:08:58:645 CleaningManager: delete 0 friends from a character_friends.
INFO 16:08:58:646 CleaningManager: delete 0 settings from a character_settings.
INFO 16:08:58:646 CleaningManager: delete 0 empty items from a items.
INFO 16:08:58:647 CleaningManager: delete 0 no owner items from a items.
INFO 16:08:58:647 CleaningManager: delete 0 no owner guild items from a items.
INFO 16:08:58:659 CleaningManager: create buffer table items.
INFO 16:08:58:661 CleaningManager: copy 86 items to buffer_items.
INFO 16:08:58:662 CleaningManager: delete 0 no owner items from a buffer_items.
INFO 16:08:58:670 CleaningManager: drop buffer table items.
INFO 16:08:58:671 CleaningManager: delete 0 from a quests.
INFO 16:08:58:684 CleaningManager: delete 0 from a quest variables.
INFO 16:08:58:684 CleaningManager: delete 0 from a guild ranks.
INFO 16:08:58:770 ClientPacketType: client packets prepared.
INFO 16:08:58:816 EffectParser: initialized.
INFO 16:08:58:818 RandomManager: initialized.
INFO 16:08:58:819 IdFactory: prepare npc ids...
INFO 16:08:58:820 BitSetIdGenerator: 102912 id's available.
INFO 16:08:58:821 IdFactory: prepare objects ids...
INFO 16:08:58:821 BitSetIdGenerator: 102912 id's available.
INFO 16:08:58:821 IdFactory: prepare players ids...
INFO 16:08:58:824 BitSetIdGenerator: extracted 3 ids.
INFO 16:08:58:824 BitSetIdGenerator: 102912 id's available.
INFO 16:08:58:824 IdFactory: prepare guilds ids...
INFO 16:08:58:825 BitSetIdGenerator: extracted 1 ids.
INFO 16:08:58:825 BitSetIdGenerator: 102912 id's available.
INFO 16:08:58:825 IdFactory: prepare item ids...
INFO 16:08:58:825 BitSetIdGenerator: extracted 86 ids.
WARNING 16:08:58:826 BitSetIdGenerator: objectId 1 in DB is less than minimum ID of 268435456.
INFO 16:08:58:826 BitSetIdGenerator: 102912 id's available.
INFO 16:08:58:838 ServerVarManager: loaded 0 variables.
INFO 16:08:58:841 BossSpawnManager: loaded 0 boss spawns.
INFO 16:09:00:480 TerritoryTable: loaded 160 territories for 18803 regions.
INFO 16:09:02:579 WorldZoneTable: loaded 9 world zones for 31887 regions.
INFO 16:09:02:581 ConditionParser: initializable.
WARNING 16:09:03:137 SkillTable: detected once the file D:\Documents\Documents\Java\Tera Server\.\data\skills\summon_skills\deprecated.zip
INFO 16:09:03:151 SkillTable: loaded 4613 skills for 19 classes.
INFO 16:09:03:537 ItemTable: loaded 10137 items.
INFO 16:09:03:548 Race: race appearances initializable.
INFO 16:09:03:554 PlayerTable: loaded 104 player templates.
WARNING 16:09:03:722 DropTable: not found items [50048]
INFO 16:09:03:722 DropTable: load drop for 407 npcs and 126 for resourse.
INFO 16:09:03:726 TownTable: initialized.
WARNING 16:09:03:744 NpcDialogTable: detected once the file D:\Documents\Documents\Java\Tera Server\.\data\dialogs\dialogs.txt
INFO 16:09:03:766 NpcDialogTable: loaded 83 dialogs.
INFO 16:09:03:772 MessagePackageTable: loaded 34 message packages.
INFO 16:09:03:807 ConfigAITable: loaded 45 npc ai configs.
INFO 16:09:03:821 NpcAppearanceTable: initialized. Loaded 59 appearances.
WARNING 16:09:03:869 NpcTable: found duplicate npc template NpcTemplate npcId = 7011, exp = 1000000, attack = 400000, defense = 3500, owerAttack = 3000, owerDefense = 30000, level = 60, aggro = 120, factionRange = 0, name = Linyphi, title = , factionId = , type = 51, isRaid = false, canDrop = false, drop = null, minions = null, dialog = null, geomRadius = 90.0, geomHeight = 160.0, npcType = RAID_BOSS in file .\data\npcs\raid_boss.xml
WARNING 16:09:03:906 NpcTable: detected once the file D:\Documents\Documents\Java\Tera Server\.\data\npcs\summons\playable_summons.zip
INFO 16:09:03:912 NpcTable: loaded  815 npcs.
INFO 16:09:03:922 ResourseTable: loaded  253 resourses.
INFO 16:09:03:947 MinionTable: loaded 303 minions for 42 npcs.
INFO 16:09:03:949 RegenTaskManager: initializable.
INFO 16:09:03:958 Formulas: initialized.
INFO 16:09:03:959 EffectTaskManager: initialized.
INFO 16:09:04:217 ObjectEventManager: initialized.
INFO 16:09:04:217 MoveTaskManager: initialized.
INFO 16:09:04:776 SpawnTable: loaded 19474 spawns for 616 npcs and 2013 spawns for 60 resourses.
INFO 16:09:04:780 GeoMap3D: start fast import geodata_1.dat
INFO 16:09:05:526 GeoMap3D: import ended. load 1867238 quards.
INFO 16:09:05:526 GeoMap3D: start fast import geodata_2.dat
INFO 16:09:05:544 GeoMap3D: import ended. load 440227 quards.
INFO 16:09:05:545 GeoMap3D: start fast import geodata_3.dat
INFO 16:09:06:291 GeoMap3D: import ended. load 58040 quards.
INFO 16:09:06:291 GeoManager: initialized.
INFO 16:09:06:296 ItemExecutorManager: loaded 0 executor items.
INFO 16:09:06:311 CommandManager: loaded 93 commands.
INFO 16:09:06:320 SkillLearnManager: loaded 950 skill learn's for 8 clases.
INFO 16:09:06:324 AnnounceManager: loaded 0 start announces and 0 running announces.
INFO 16:09:06:326 AccountManager: initialized.
INFO 16:09:06:339 GuildManager: loaded 1 guilds.
INFO 16:09:06:642 QuestManager: loaded 455 quests.
INFO 16:09:06:644 OnlineManager: initialized.
INFO 16:09:06:647 GameLogManager: initialized.
INFO 16:09:06:757 Region: next battle "Veritas District" in 2016.06.12 16:00.
INFO 16:09:06:758 Region: next battle "Ostgarath" in 2016.06.12 16:00.
INFO 16:09:06:760 Region: next battle "Val Palrada" in 2016.06.11 20:00.
INFO 16:09:06:761 Region: next battle "Val Aureum" in 2016.06.11 20:00.
INFO 16:09:06:761 EventManager: loaded 5 events.
INFO 16:09:06:942 EventManager: the nearest event in 36 minutes.
INFO 16:09:06:949 PlayerManager: initialized.
INFO 16:09:06:961 Network: started.
INFO 16:09:06:961 GameServer: started.
INFO 16:09:49:344 AccountManager: authed darkza
WARNING 16:09:50:884 DataBaseManager: not found appearance for 268435460
WARNING 16:12:58:369 DataBaseManager: not found appearance for 268435460
INFO 16:13:04:705 AccountManager: close darkza
