INFO 12:38:42:247 ServerControl: open server socket on 2101 port.
INFO 12:38:42:254 ExecutorManager: initialized.
INFO 12:38:42:588 CleaningManager: delete 0 reuses from a character_skill_reuses.
INFO 12:38:42:589 CleaningManager: delete 0 spawns from a boss_spawn.
INFO 12:38:42:589 CleaningManager: delete 0 appearances from a character_appearances.
INFO 12:38:42:589 CleaningManager: delete 0 effects from a character_save_effects.
INFO 12:38:42:590 CleaningManager: delete 0 inventors from a character_inventors.
INFO 12:38:42:590 CleaningManager: delete 0 skills from a character_skills.
INFO 12:38:42:590 CleaningManager: delete 0 hotkeys from a character_hotkey.
INFO 12:38:42:591 CleaningManager: delete 0 chars from a character_friends.
INFO 12:38:42:591 CleaningManager: delete 0 friends from a character_friends.
INFO 12:38:42:592 CleaningManager: delete 0 settings from a character_settings.
INFO 12:38:42:593 CleaningManager: delete 0 empty items from a items.
INFO 12:38:42:593 CleaningManager: delete 0 no owner items from a items.
INFO 12:38:42:594 CleaningManager: delete 0 no owner guild items from a items.
INFO 12:38:42:605 CleaningManager: create buffer table items.
INFO 12:38:42:607 CleaningManager: copy 86 items to buffer_items.
INFO 12:38:42:608 CleaningManager: delete 0 no owner items from a buffer_items.
INFO 12:38:42:614 CleaningManager: drop buffer table items.
INFO 12:38:42:615 CleaningManager: delete 0 from a quests.
INFO 12:38:42:627 CleaningManager: delete 0 from a quest variables.
INFO 12:38:42:627 CleaningManager: delete 0 from a guild ranks.
INFO 12:38:42:710 ClientPacketType: client packets prepared.
INFO 12:38:42:764 EffectParser: initialized.
INFO 12:38:42:766 RandomManager: initialized.
INFO 12:38:42:767 IdFactory: prepare npc ids...
INFO 12:38:42:770 BitSetIdGenerator: 102912 id's available.
INFO 12:38:42:770 IdFactory: prepare objects ids...
INFO 12:38:42:770 BitSetIdGenerator: 102912 id's available.
INFO 12:38:42:770 IdFactory: prepare players ids...
INFO 12:38:42:773 BitSetIdGenerator: extracted 3 ids.
INFO 12:38:42:773 BitSetIdGenerator: 102912 id's available.
INFO 12:38:42:773 IdFactory: prepare guilds ids...
INFO 12:38:42:773 BitSetIdGenerator: extracted 1 ids.
INFO 12:38:42:773 BitSetIdGenerator: 102912 id's available.
INFO 12:38:42:773 IdFactory: prepare item ids...
INFO 12:38:42:774 BitSetIdGenerator: extracted 86 ids.
WARNING 12:38:42:774 BitSetIdGenerator: objectId 1 in DB is less than minimum ID of 268435456.
INFO 12:38:42:774 BitSetIdGenerator: 102912 id's available.
INFO 12:38:42:785 ServerVarManager: loaded 0 variables.
INFO 12:38:42:789 BossSpawnManager: loaded 0 boss spawns.
INFO 12:38:44:430 TerritoryTable: loaded 160 territories for 18803 regions.
INFO 12:38:46:353 WorldZoneTable: loaded 9 world zones for 31887 regions.
INFO 12:38:46:355 ConditionParser: initializable.
WARNING 12:38:46:943 SkillTable: detected once the file D:\Documents\Documents\Java\Tera Server\.\data\skills\summon_skills\deprecated.zip
INFO 12:38:46:957 SkillTable: loaded 4613 skills for 19 classes.
INFO 12:38:47:330 ItemTable: loaded 10137 items.
INFO 12:38:47:339 Race: race appearances initializable.
INFO 12:38:47:344 PlayerTable: loaded 104 player templates.
WARNING 12:38:47:512 DropTable: not found items [50048]
INFO 12:38:47:512 DropTable: load drop for 407 npcs and 126 for resourse.
INFO 12:38:47:515 TownTable: initialized.
WARNING 12:38:47:531 NpcDialogTable: detected once the file D:\Documents\Documents\Java\Tera Server\.\data\dialogs\dialogs.txt
INFO 12:38:47:554 NpcDialogTable: loaded 83 dialogs.
INFO 12:38:47:559 MessagePackageTable: loaded 34 message packages.
INFO 12:38:47:596 ConfigAITable: loaded 45 npc ai configs.
INFO 12:38:47:607 NpcAppearanceTable: initialized. Loaded 59 appearances.
WARNING 12:38:47:658 NpcTable: found duplicate npc template NpcTemplate npcId = 7011, exp = 1000000, attack = 400000, defense = 3500, owerAttack = 3000, owerDefense = 30000, level = 60, aggro = 120, factionRange = 0, name = Linyphi, title = , factionId = , type = 51, isRaid = false, canDrop = false, drop = null, minions = null, dialog = null, geomRadius = 90.0, geomHeight = 160.0, npcType = RAID_BOSS in file .\data\npcs\raid_boss.xml
WARNING 12:38:47:695 NpcTable: detected once the file D:\Documents\Documents\Java\Tera Server\.\data\npcs\summons\playable_summons.zip
INFO 12:38:47:700 NpcTable: loaded  815 npcs.
INFO 12:38:47:725 ResourseTable: loaded  253 resourses.
INFO 12:38:47:738 MinionTable: loaded 303 minions for 42 npcs.
INFO 12:38:47:739 RegenTaskManager: initializable.
INFO 12:38:47:745 Formulas: initialized.
INFO 12:38:47:746 EffectTaskManager: initialized.
INFO 12:38:48:010 ObjectEventManager: initialized.
INFO 12:38:48:010 MoveTaskManager: initialized.
INFO 12:38:48:522 SpawnTable: loaded 19474 spawns for 616 npcs and 2013 spawns for 60 resourses.
INFO 12:38:48:526 GeoMap3D: start fast import geodata_1.dat
INFO 12:38:49:241 GeoMap3D: import ended. load 1867238 quards.
INFO 12:38:49:241 GeoMap3D: start fast import geodata_2.dat
INFO 12:38:49:259 GeoMap3D: import ended. load 440227 quards.
INFO 12:38:49:259 GeoMap3D: start fast import geodata_3.dat
INFO 12:38:49:956 GeoMap3D: import ended. load 58040 quards.
INFO 12:38:49:956 GeoManager: initialized.
INFO 12:38:49:962 ItemExecutorManager: loaded 0 executor items.
INFO 12:38:49:977 CommandManager: loaded 93 commands.
INFO 12:38:49:985 SkillLearnManager: loaded 950 skill learn's for 8 clases.
INFO 12:38:49:989 AnnounceManager: loaded 0 start announces and 0 running announces.
INFO 12:38:49:991 AccountManager: initialized.
INFO 12:38:50:007 GuildManager: loaded 1 guilds.
INFO 12:38:50:230 QuestManager: loaded 455 quests.
INFO 12:38:50:231 OnlineManager: initialized.
INFO 12:38:50:233 GameLogManager: initialized.
INFO 12:38:50:309 Region: next battle "Veritas District" in 2016.06.12 16:00.
INFO 12:38:50:310 Region: next battle "Ostgarath" in 2016.06.12 16:00.
INFO 12:38:50:311 Region: next battle "Val Palrada" in 2016.06.11 20:00.
INFO 12:38:50:312 Region: next battle "Val Aureum" in 2016.06.11 20:00.
INFO 12:38:50:312 EventManager: loaded 5 events.
INFO 12:38:50:443 EventManager: the nearest event in 55 minutes.
INFO 12:38:50:447 PlayerManager: initialized.
INFO 12:38:50:457 Network: started.
INFO 12:38:50:457 GameServer: started.
INFO 12:38:51:772 AccountManager: authed darkza
INFO 12:40:22:387 AccountManager: close darkza
