INFO 13:04:01:492 ServerControl: open server socket on 2101 port.
INFO 13:04:01:500 ExecutorManager: initialized.
INFO 13:04:02:116 CleaningManager: delete 0 reuses from a character_skill_reuses.
INFO 13:04:02:117 CleaningManager: delete 0 spawns from a boss_spawn.
INFO 13:04:02:118 CleaningManager: delete 0 appearances from a character_appearances.
INFO 13:04:02:118 CleaningManager: delete 0 effects from a character_save_effects.
INFO 13:04:02:119 CleaningManager: delete 0 inventors from a character_inventors.
INFO 13:04:02:119 CleaningManager: delete 0 skills from a character_skills.
INFO 13:04:02:120 CleaningManager: delete 0 hotkeys from a character_hotkey.
INFO 13:04:02:121 CleaningManager: delete 0 chars from a character_friends.
INFO 13:04:02:122 CleaningManager: delete 0 friends from a character_friends.
INFO 13:04:02:123 CleaningManager: delete 0 settings from a character_settings.
INFO 13:04:02:124 CleaningManager: delete 0 empty items from a items.
INFO 13:04:02:125 CleaningManager: delete 0 no owner items from a items.
INFO 13:04:02:126 CleaningManager: delete 0 no owner guild items from a items.
INFO 13:04:02:147 CleaningManager: create buffer table items.
INFO 13:04:02:150 CleaningManager: copy 86 items to buffer_items.
INFO 13:04:02:151 CleaningManager: delete 0 no owner items from a buffer_items.
INFO 13:04:02:164 CleaningManager: drop buffer table items.
INFO 13:04:02:165 CleaningManager: delete 0 from a quests.
INFO 13:04:02:184 CleaningManager: delete 0 from a quest variables.
INFO 13:04:02:185 CleaningManager: delete 0 from a guild ranks.
INFO 13:04:02:365 ClientPacketType: client packets prepared.
INFO 13:04:02:443 EffectParser: initialized.
INFO 13:04:02:447 RandomManager: initialized.
INFO 13:04:02:448 IdFactory: prepare npc ids...
INFO 13:04:02:452 BitSetIdGenerator: 102912 id's available.
INFO 13:04:02:452 IdFactory: prepare objects ids...
INFO 13:04:02:452 BitSetIdGenerator: 102912 id's available.
INFO 13:04:02:453 IdFactory: prepare players ids...
INFO 13:04:02:459 BitSetIdGenerator: extracted 3 ids.
INFO 13:04:02:459 BitSetIdGenerator: 102912 id's available.
INFO 13:04:02:459 IdFactory: prepare guilds ids...
INFO 13:04:02:460 BitSetIdGenerator: extracted 1 ids.
INFO 13:04:02:460 BitSetIdGenerator: 102912 id's available.
INFO 13:04:02:460 IdFactory: prepare item ids...
INFO 13:04:02:462 BitSetIdGenerator: extracted 86 ids.
WARNING 13:04:02:462 BitSetIdGenerator: objectId 1 in DB is less than minimum ID of 268435456.
INFO 13:04:02:462 BitSetIdGenerator: 102912 id's available.
INFO 13:04:02:485 ServerVarManager: loaded 0 variables.
INFO 13:04:02:492 BossSpawnManager: loaded 0 boss spawns.
INFO 13:04:05:853 TerritoryTable: loaded 160 territories for 18803 regions.
INFO 13:04:10:366 WorldZoneTable: loaded 9 world zones for 31887 regions.
INFO 13:04:10:370 ConditionParser: initializable.
WARNING 13:04:11:402 SkillTable: detected once the file D:\Documents\Documents\Java\Tera Server\.\data\skills\summon_skills\deprecated.zip
INFO 13:04:11:428 SkillTable: loaded 4613 skills for 19 classes.
INFO 13:04:12:150 ItemTable: loaded 10137 items.
INFO 13:04:12:172 Race: race appearances initializable.
INFO 13:04:12:184 PlayerTable: loaded 104 player templates.
WARNING 13:04:12:546 DropTable: not found items [50048]
INFO 13:04:12:546 DropTable: load drop for 407 npcs and 126 for resourse.
INFO 13:04:12:553 TownTable: initialized.
WARNING 13:04:12:587 NpcDialogTable: detected once the file D:\Documents\Documents\Java\Tera Server\.\data\dialogs\dialogs.txt
INFO 13:04:12:630 NpcDialogTable: loaded 83 dialogs.
INFO 13:04:12:642 MessagePackageTable: loaded 34 message packages.
INFO 13:04:12:707 ConfigAITable: loaded 45 npc ai configs.
INFO 13:04:12:730 NpcAppearanceTable: initialized. Loaded 59 appearances.
WARNING 13:04:12:839 NpcTable: found duplicate npc template NpcTemplate npcId = 7011, exp = 1000000, attack = 400000, defense = 3500, owerAttack = 3000, owerDefense = 30000, level = 60, aggro = 120, factionRange = 0, name = Linyphi, title = , factionId = , type = 51, isRaid = false, canDrop = false, drop = null, minions = null, dialog = null, geomRadius = 90.0, geomHeight = 160.0, npcType = RAID_BOSS in file .\data\npcs\raid_boss.xml
WARNING 13:04:12:916 NpcTable: detected once the file D:\Documents\Documents\Java\Tera Server\.\data\npcs\summons\playable_summons.zip
INFO 13:04:12:931 NpcTable: loaded  815 npcs.
INFO 13:04:12:947 ResourseTable: loaded  253 resourses.
INFO 13:04:13:006 MinionTable: loaded 303 minions for 42 npcs.
INFO 13:04:13:007 RegenTaskManager: initializable.
INFO 13:04:13:022 Formulas: initialized.
INFO 13:04:13:023 EffectTaskManager: initialized.
INFO 13:04:13:560 ObjectEventManager: initialized.
INFO 13:04:13:561 MoveTaskManager: initialized.
INFO 13:04:14:580 SpawnTable: loaded 19474 spawns for 616 npcs and 2013 spawns for 60 resourses.
INFO 13:04:14:588 GeoMap3D: start fast import geodata_1.dat
INFO 13:04:15:632 GeoMap3D: import ended. load 1867238 quards.
INFO 13:04:15:633 GeoMap3D: start fast import geodata_2.dat
INFO 13:04:16:794 GeoMap3D: import ended. load 440227 quards.
INFO 13:04:16:794 GeoMap3D: start fast import geodata_3.dat
INFO 13:04:16:803 GeoMap3D: import ended. load 58040 quards.
INFO 13:04:16:803 GeoManager: initialized.
INFO 13:04:16:809 ItemExecutorManager: loaded 0 executor items.
INFO 13:04:16:827 CommandManager: loaded 93 commands.
INFO 13:04:16:840 SkillLearnManager: loaded 950 skill learn's for 8 clases.
INFO 13:04:16:843 AnnounceManager: loaded 0 start announces and 0 running announces.
INFO 13:04:16:845 AccountManager: initialized.
INFO 13:04:16:863 GuildManager: loaded 1 guilds.
INFO 13:04:17:306 QuestManager: loaded 455 quests.
INFO 13:04:17:307 OnlineManager: initialized.
INFO 13:04:17:310 GameLogManager: initialized.
INFO 13:04:17:544 Region: next battle "Veritas District" in 2016.06.12 16:00.
INFO 13:04:17:546 Region: next battle "Ostgarath" in 2016.06.12 16:00.
INFO 13:04:17:549 Region: next battle "Val Palrada" in 2016.06.11 20:00.
INFO 13:04:17:550 Region: next battle "Val Aureum" in 2016.06.11 20:00.
INFO 13:04:17:551 EventManager: loaded 5 events.
INFO 13:04:17:786 EventManager: the nearest event in 54 minutes.
INFO 13:04:17:794 PlayerManager: initialized.
INFO 13:04:17:810 Network: started.
INFO 13:04:17:810 GameServer: started.
INFO 13:04:23:402 AccountManager: authed darkza
INFO 13:05:08:382 AccountManager: close darkza
