INFO 16:42:30:470 ServerControl: open server socket on 2101 port.
INFO 16:42:30:477 ExecutorManager: initialized.
INFO 16:42:30:797 CleaningManager: delete 0 reuses from a character_skill_reuses.
INFO 16:42:30:798 CleaningManager: delete 0 spawns from a boss_spawn.
INFO 16:42:30:798 CleaningManager: delete 0 appearances from a character_appearances.
INFO 16:42:30:799 CleaningManager: delete 0 effects from a character_save_effects.
INFO 16:42:30:799 CleaningManager: delete 0 inventors from a character_inventors.
INFO 16:42:30:800 CleaningManager: delete 0 skills from a character_skills.
INFO 16:42:30:801 CleaningManager: delete 0 hotkeys from a character_hotkey.
INFO 16:42:30:802 CleaningManager: delete 0 chars from a character_friends.
INFO 16:42:30:803 CleaningManager: delete 0 friends from a character_friends.
INFO 16:42:30:803 CleaningManager: delete 0 settings from a character_settings.
INFO 16:42:30:804 CleaningManager: delete 0 empty items from a items.
INFO 16:42:30:804 CleaningManager: delete 0 no owner items from a items.
INFO 16:42:30:804 CleaningManager: delete 0 no owner guild items from a items.
INFO 16:42:30:815 CleaningManager: create buffer table items.
INFO 16:42:30:817 CleaningManager: copy 86 items to buffer_items.
INFO 16:42:30:817 CleaningManager: delete 0 no owner items from a buffer_items.
INFO 16:42:30:823 CleaningManager: drop buffer table items.
INFO 16:42:30:823 CleaningManager: delete 0 from a quests.
INFO 16:42:30:835 CleaningManager: delete 0 from a quest variables.
INFO 16:42:30:835 CleaningManager: delete 0 from a guild ranks.
INFO 16:42:30:923 ClientPacketType: client packets prepared.
INFO 16:42:30:969 EffectParser: initialized.
INFO 16:42:30:972 RandomManager: initialized.
INFO 16:42:30:972 IdFactory: prepare npc ids...
INFO 16:42:30:975 BitSetIdGenerator: 102912 id's available.
INFO 16:42:30:975 IdFactory: prepare objects ids...
INFO 16:42:30:975 BitSetIdGenerator: 102912 id's available.
INFO 16:42:30:975 IdFactory: prepare players ids...
INFO 16:42:30:978 BitSetIdGenerator: extracted 3 ids.
INFO 16:42:30:978 BitSetIdGenerator: 102912 id's available.
INFO 16:42:30:978 IdFactory: prepare guilds ids...
INFO 16:42:30:979 BitSetIdGenerator: extracted 1 ids.
INFO 16:42:30:979 BitSetIdGenerator: 102912 id's available.
INFO 16:42:30:979 IdFactory: prepare item ids...
INFO 16:42:30:979 BitSetIdGenerator: extracted 86 ids.
WARNING 16:42:30:979 BitSetIdGenerator: objectId 1 in DB is less than minimum ID of 268435456.
INFO 16:42:30:980 BitSetIdGenerator: 102912 id's available.
INFO 16:42:30:995 ServerVarManager: loaded 0 variables.
INFO 16:42:30:998 BossSpawnManager: loaded 0 boss spawns.
INFO 16:42:32:518 TerritoryTable: loaded 160 territories for 18803 regions.
INFO 16:42:34:578 WorldZoneTable: loaded 9 world zones for 31887 regions.
INFO 16:42:34:580 ConditionParser: initializable.
WARNING 16:42:35:169 SkillTable: detected once the file D:\Documents\Documents\Java\Tera Server\.\data\skills\summon_skills\deprecated.zip
INFO 16:42:35:187 SkillTable: loaded 4613 skills for 19 classes.
INFO 16:42:35:572 ItemTable: loaded 10137 items.
INFO 16:42:35:582 Race: race appearances initializable.
INFO 16:42:35:589 PlayerTable: loaded 104 player templates.
WARNING 16:42:35:781 DropTable: not found items [50048]
INFO 16:42:35:781 DropTable: load drop for 407 npcs and 126 for resourse.
INFO 16:42:35:785 TownTable: initialized.
WARNING 16:42:35:802 NpcDialogTable: detected once the file D:\Documents\Documents\Java\Tera Server\.\data\dialogs\dialogs.txt
INFO 16:42:35:825 NpcDialogTable: loaded 83 dialogs.
INFO 16:42:35:829 MessagePackageTable: loaded 34 message packages.
INFO 16:42:35:860 ConfigAITable: loaded 45 npc ai configs.
INFO 16:42:35:872 NpcAppearanceTable: initialized. Loaded 59 appearances.
WARNING 16:42:35:924 NpcTable: found duplicate npc template NpcTemplate npcId = 7011, exp = 1000000, attack = 400000, defense = 3500, owerAttack = 3000, owerDefense = 30000, level = 60, aggro = 120, factionRange = 0, name = Linyphi, title = , factionId = , type = 51, isRaid = false, canDrop = false, drop = null, minions = null, dialog = null, geomRadius = 90.0, geomHeight = 160.0, npcType = RAID_BOSS in file .\data\npcs\raid_boss.xml
WARNING 16:42:35:961 NpcTable: detected once the file D:\Documents\Documents\Java\Tera Server\.\data\npcs\summons\playable_summons.zip
INFO 16:42:35:966 NpcTable: loaded  815 npcs.
INFO 16:42:35:978 ResourseTable: loaded  253 resourses.
INFO 16:42:36:007 MinionTable: loaded 303 minions for 42 npcs.
INFO 16:42:36:009 RegenTaskManager: initializable.
INFO 16:42:36:015 Formulas: initialized.
INFO 16:42:36:016 EffectTaskManager: initialized.
INFO 16:42:36:280 ObjectEventManager: initialized.
INFO 16:42:36:280 MoveTaskManager: initialized.
INFO 16:42:36:814 SpawnTable: loaded 19474 spawns for 616 npcs and 2013 spawns for 60 resourses.
INFO 16:42:36:819 GeoMap3D: start fast import geodata_1.dat
INFO 16:42:37:504 GeoMap3D: import ended. load 1867238 quards.
INFO 16:42:37:504 GeoMap3D: start fast import geodata_2.dat
INFO 16:42:37:524 GeoMap3D: import ended. load 440227 quards.
INFO 16:42:37:524 GeoMap3D: start fast import geodata_3.dat
INFO 16:42:38:351 GeoMap3D: import ended. load 58041 quards.
INFO 16:42:38:351 GeoManager: initialized.
INFO 16:42:38:357 ItemExecutorManager: loaded 0 executor items.
INFO 16:42:38:366 CommandManager: loaded 95 commands.
INFO 16:42:38:373 SkillLearnManager: loaded 950 skill learn's for 8 clases.
INFO 16:42:38:375 AnnounceManager: loaded 0 start announces and 0 running announces.
INFO 16:42:38:376 AccountManager: initialized.
INFO 16:42:38:387 GuildManager: loaded 1 guilds.
INFO 16:42:38:607 QuestManager: loaded 455 quests.
INFO 16:42:38:609 OnlineManager: initialized.
INFO 16:42:38:611 GameLogManager: initialized.
INFO 16:42:38:681 Region: next battle "Veritas District" in 2016.06.12 16:00.
INFO 16:42:38:682 Region: next battle "Ostgarath" in 2016.06.12 16:00.
INFO 16:42:38:684 Region: next battle "Val Palrada" in 2016.06.11 20:00.
INFO 16:42:38:685 Region: next battle "Val Aureum" in 2016.06.11 20:00.
INFO 16:42:38:685 EventManager: loaded 5 events.
INFO 16:42:38:822 EventManager: the nearest event in 56 minutes.
INFO 16:42:38:828 PlayerManager: initialized.
INFO 16:42:38:839 Network: started.
INFO 16:42:38:839 GameServer: started.
INFO 16:42:44:421 AccountManager: authed darkza
INFO 16:43:33:448 AccountManager: close darkza
INFO 16:48:29:953 AccountManager: authed darkza
INFO 16:52:56:350 AccountManager: close darkza
