INFO 16:53:26:129 ServerControl: open server socket on 2101 port.
INFO 16:53:26:134 ExecutorManager: initialized.
INFO 16:53:26:472 CleaningManager: delete 0 reuses from a character_skill_reuses.
INFO 16:53:26:473 CleaningManager: delete 0 spawns from a boss_spawn.
INFO 16:53:26:473 CleaningManager: delete 0 appearances from a character_appearances.
INFO 16:53:26:473 CleaningManager: delete 0 effects from a character_save_effects.
INFO 16:53:26:474 CleaningManager: delete 0 inventors from a character_inventors.
INFO 16:53:26:474 CleaningManager: delete 0 skills from a character_skills.
INFO 16:53:26:475 CleaningManager: delete 0 hotkeys from a character_hotkey.
INFO 16:53:26:476 CleaningManager: delete 0 chars from a character_friends.
INFO 16:53:26:477 CleaningManager: delete 0 friends from a character_friends.
INFO 16:53:26:477 CleaningManager: delete 0 settings from a character_settings.
INFO 16:53:26:478 CleaningManager: delete 0 empty items from a items.
INFO 16:53:26:479 CleaningManager: delete 0 no owner items from a items.
INFO 16:53:26:479 CleaningManager: delete 0 no owner guild items from a items.
INFO 16:53:26:490 CleaningManager: create buffer table items.
INFO 16:53:26:492 CleaningManager: copy 86 items to buffer_items.
INFO 16:53:26:492 CleaningManager: delete 0 no owner items from a buffer_items.
INFO 16:53:26:500 CleaningManager: drop buffer table items.
INFO 16:53:26:501 CleaningManager: delete 0 from a quests.
INFO 16:53:26:511 CleaningManager: delete 0 from a quest variables.
INFO 16:53:26:511 CleaningManager: delete 0 from a guild ranks.
INFO 16:53:26:593 ClientPacketType: client packets prepared.
INFO 16:53:26:641 EffectParser: initialized.
INFO 16:53:26:643 RandomManager: initialized.
INFO 16:53:26:644 IdFactory: prepare npc ids...
INFO 16:53:26:647 BitSetIdGenerator: 102912 id's available.
INFO 16:53:26:647 IdFactory: prepare objects ids...
INFO 16:53:26:647 BitSetIdGenerator: 102912 id's available.
INFO 16:53:26:647 IdFactory: prepare players ids...
INFO 16:53:26:651 BitSetIdGenerator: extracted 3 ids.
INFO 16:53:26:651 BitSetIdGenerator: 102912 id's available.
INFO 16:53:26:651 IdFactory: prepare guilds ids...
INFO 16:53:26:652 BitSetIdGenerator: extracted 1 ids.
INFO 16:53:26:652 BitSetIdGenerator: 102912 id's available.
INFO 16:53:26:652 IdFactory: prepare item ids...
INFO 16:53:26:652 BitSetIdGenerator: extracted 86 ids.
WARNING 16:53:26:652 BitSetIdGenerator: objectId 1 in DB is less than minimum ID of 268435456.
INFO 16:53:26:653 BitSetIdGenerator: 102912 id's available.
INFO 16:53:26:667 ServerVarManager: loaded 0 variables.
INFO 16:53:26:669 BossSpawnManager: loaded 0 boss spawns.
INFO 16:53:28:329 TerritoryTable: loaded 160 territories for 18803 regions.
INFO 16:53:30:529 WorldZoneTable: loaded 9 world zones for 31887 regions.
INFO 16:53:30:530 ConditionParser: initializable.
WARNING 16:53:31:095 SkillTable: detected once the file D:\Documents\Documents\Java\Tera Server\.\data\skills\summon_skills\deprecated.zip
INFO 16:53:31:112 SkillTable: loaded 4613 skills for 19 classes.
INFO 16:53:31:482 ItemTable: loaded 10137 items.
INFO 16:53:31:491 Race: race appearances initializable.
INFO 16:53:31:497 PlayerTable: loaded 104 player templates.
WARNING 16:53:31:675 DropTable: not found items [50048]
INFO 16:53:31:675 DropTable: load drop for 407 npcs and 126 for resourse.
INFO 16:53:31:679 TownTable: initialized.
WARNING 16:53:31:699 NpcDialogTable: detected once the file D:\Documents\Documents\Java\Tera Server\.\data\dialogs\dialogs.txt
INFO 16:53:31:721 NpcDialogTable: loaded 83 dialogs.
INFO 16:53:31:726 MessagePackageTable: loaded 34 message packages.
INFO 16:53:31:761 ConfigAITable: loaded 45 npc ai configs.
INFO 16:53:31:774 NpcAppearanceTable: initialized. Loaded 59 appearances.
WARNING 16:53:31:831 NpcTable: found duplicate npc template NpcTemplate npcId = 7011, exp = 1000000, attack = 400000, defense = 3500, owerAttack = 3000, owerDefense = 30000, level = 60, aggro = 120, factionRange = 0, name = Linyphi, title = , factionId = , type = 51, isRaid = false, canDrop = false, drop = null, minions = null, dialog = null, geomRadius = 90.0, geomHeight = 160.0, npcType = RAID_BOSS in file .\data\npcs\raid_boss.xml
WARNING 16:53:31:871 NpcTable: detected once the file D:\Documents\Documents\Java\Tera Server\.\data\npcs\summons\playable_summons.zip
INFO 16:53:31:880 NpcTable: loaded  815 npcs.
INFO 16:53:31:888 ResourseTable: loaded  253 resourses.
INFO 16:53:31:921 MinionTable: loaded 303 minions for 42 npcs.
INFO 16:53:31:922 RegenTaskManager: initializable.
INFO 16:53:31:929 Formulas: initialized.
INFO 16:53:31:930 EffectTaskManager: initialized.
INFO 16:53:32:211 ObjectEventManager: initialized.
INFO 16:53:32:212 MoveTaskManager: initialized.
INFO 16:53:32:791 SpawnTable: loaded 19474 spawns for 616 npcs and 2013 spawns for 60 resourses.
INFO 16:53:32:797 GeoMap3D: start fast import geodata_1.dat
INFO 16:53:33:529 GeoMap3D: import ended. load 1867238 quards.
INFO 16:53:33:529 GeoMap3D: start fast import geodata_2.dat
INFO 16:53:33:546 GeoMap3D: import ended. load 440227 quards.
INFO 16:53:33:547 GeoMap3D: start fast import geodata_3.dat
INFO 16:53:34:411 GeoMap3D: import ended. load 58041 quards.
INFO 16:53:34:411 GeoManager: initialized.
INFO 16:53:34:415 ItemExecutorManager: loaded 0 executor items.
INFO 16:53:34:426 CommandManager: loaded 93 commands.
INFO 16:53:34:432 SkillLearnManager: loaded 950 skill learn's for 8 clases.
INFO 16:53:34:434 AnnounceManager: loaded 0 start announces and 0 running announces.
INFO 16:53:34:435 AccountManager: initialized.
INFO 16:53:34:445 GuildManager: loaded 1 guilds.
INFO 16:53:34:677 QuestManager: loaded 455 quests.
INFO 16:53:34:678 OnlineManager: initialized.
INFO 16:53:34:681 GameLogManager: initialized.
INFO 16:53:34:760 Region: next battle "Veritas District" in 2016.06.12 16:00.
INFO 16:53:34:761 Region: next battle "Ostgarath" in 2016.06.12 16:00.
INFO 16:53:34:763 Region: next battle "Val Palrada" in 2016.06.11 20:00.
INFO 16:53:34:763 Region: next battle "Val Aureum" in 2016.06.11 20:00.
INFO 16:53:34:763 EventManager: loaded 5 events.
INFO 16:53:34:899 EventManager: the nearest event in 57 minutes.
INFO 16:53:34:904 PlayerManager: initialized.
INFO 16:53:34:914 Network: started.
INFO 16:53:34:914 GameServer: started.
INFO 16:53:36:796 AccountManager: authed darkza
INFO 17:15:40:990 AccountManager: close darkza
