INFO 16:33:50:536 ServerControl: open server socket on 2101 port.
INFO 16:33:50:540 ExecutorManager: initialized.
INFO 16:33:50:862 CleaningManager: delete 0 reuses from a character_skill_reuses.
INFO 16:33:50:863 CleaningManager: delete 0 spawns from a boss_spawn.
INFO 16:33:50:863 CleaningManager: delete 0 appearances from a character_appearances.
INFO 16:33:50:864 CleaningManager: delete 0 effects from a character_save_effects.
INFO 16:33:50:864 CleaningManager: delete 0 inventors from a character_inventors.
INFO 16:33:50:865 CleaningManager: delete 0 skills from a character_skills.
INFO 16:33:50:865 CleaningManager: delete 0 hotkeys from a character_hotkey.
INFO 16:33:50:866 CleaningManager: delete 0 chars from a character_friends.
INFO 16:33:50:867 CleaningManager: delete 0 friends from a character_friends.
INFO 16:33:50:867 CleaningManager: delete 0 settings from a character_settings.
INFO 16:33:50:867 CleaningManager: delete 0 empty items from a items.
INFO 16:33:50:868 CleaningManager: delete 0 no owner items from a items.
INFO 16:33:50:868 CleaningManager: delete 0 no owner guild items from a items.
INFO 16:33:50:880 CleaningManager: create buffer table items.
INFO 16:33:50:882 CleaningManager: copy 86 items to buffer_items.
INFO 16:33:50:883 CleaningManager: delete 0 no owner items from a buffer_items.
INFO 16:33:50:888 CleaningManager: drop buffer table items.
INFO 16:33:50:888 CleaningManager: delete 0 from a quests.
INFO 16:33:50:902 CleaningManager: delete 0 from a quest variables.
INFO 16:33:50:902 CleaningManager: delete 0 from a guild ranks.
INFO 16:33:50:980 ClientPacketType: client packets prepared.
INFO 16:33:51:027 EffectParser: initialized.
INFO 16:33:51:030 RandomManager: initialized.
INFO 16:33:51:031 IdFactory: prepare npc ids...
INFO 16:33:51:033 BitSetIdGenerator: 102912 id's available.
INFO 16:33:51:033 IdFactory: prepare objects ids...
INFO 16:33:51:033 BitSetIdGenerator: 102912 id's available.
INFO 16:33:51:033 IdFactory: prepare players ids...
INFO 16:33:51:036 BitSetIdGenerator: extracted 3 ids.
INFO 16:33:51:036 BitSetIdGenerator: 102912 id's available.
INFO 16:33:51:036 IdFactory: prepare guilds ids...
INFO 16:33:51:036 BitSetIdGenerator: extracted 1 ids.
INFO 16:33:51:036 BitSetIdGenerator: 102912 id's available.
INFO 16:33:51:036 IdFactory: prepare item ids...
INFO 16:33:51:037 BitSetIdGenerator: extracted 86 ids.
WARNING 16:33:51:037 BitSetIdGenerator: objectId 1 in DB is less than minimum ID of 268435456.
INFO 16:33:51:037 BitSetIdGenerator: 102912 id's available.
INFO 16:33:51:051 ServerVarManager: loaded 0 variables.
INFO 16:33:51:054 BossSpawnManager: loaded 0 boss spawns.
INFO 16:33:52:570 TerritoryTable: loaded 160 territories for 18803 regions.
INFO 16:33:54:553 WorldZoneTable: loaded 9 world zones for 31887 regions.
INFO 16:33:54:554 ConditionParser: initializable.
WARNING 16:33:55:103 SkillTable: detected once the file D:\Documents\Documents\Java\Tera Server\.\data\skills\summon_skills\deprecated.zip
INFO 16:33:55:120 SkillTable: loaded 4613 skills for 19 classes.
INFO 16:33:55:485 ItemTable: loaded 10137 items.
INFO 16:33:55:493 Race: race appearances initializable.
INFO 16:33:55:500 PlayerTable: loaded 104 player templates.
WARNING 16:33:55:679 DropTable: not found items [50048]
INFO 16:33:55:679 DropTable: load drop for 407 npcs and 126 for resourse.
INFO 16:33:55:683 TownTable: initialized.
WARNING 16:33:55:705 NpcDialogTable: detected once the file D:\Documents\Documents\Java\Tera Server\.\data\dialogs\dialogs.txt
INFO 16:33:55:727 NpcDialogTable: loaded 83 dialogs.
INFO 16:33:55:733 MessagePackageTable: loaded 34 message packages.
INFO 16:33:55:768 ConfigAITable: loaded 45 npc ai configs.
INFO 16:33:55:781 NpcAppearanceTable: initialized. Loaded 59 appearances.
WARNING 16:33:55:830 NpcTable: found duplicate npc template NpcTemplate npcId = 7011, exp = 1000000, attack = 400000, defense = 3500, owerAttack = 3000, owerDefense = 30000, level = 60, aggro = 120, factionRange = 0, name = Linyphi, title = , factionId = , type = 51, isRaid = false, canDrop = false, drop = null, minions = null, dialog = null, geomRadius = 90.0, geomHeight = 160.0, npcType = RAID_BOSS in file .\data\npcs\raid_boss.xml
WARNING 16:33:55:869 NpcTable: detected once the file D:\Documents\Documents\Java\Tera Server\.\data\npcs\summons\playable_summons.zip
INFO 16:33:55:874 NpcTable: loaded  815 npcs.
INFO 16:33:55:884 ResourseTable: loaded  253 resourses.
INFO 16:33:55:917 MinionTable: loaded 303 minions for 42 npcs.
INFO 16:33:55:918 RegenTaskManager: initializable.
INFO 16:33:55:926 Formulas: initialized.
INFO 16:33:55:927 EffectTaskManager: initialized.
INFO 16:33:56:194 ObjectEventManager: initialized.
INFO 16:33:56:195 MoveTaskManager: initialized.
INFO 16:33:56:734 SpawnTable: loaded 19474 spawns for 616 npcs and 2013 spawns for 60 resourses.
INFO 16:33:56:738 GeoMap3D: start fast import geodata_1.dat
INFO 16:33:57:462 GeoMap3D: import ended. load 1867238 quards.
INFO 16:33:57:462 GeoMap3D: start fast import geodata_2.dat
INFO 16:33:57:481 GeoMap3D: import ended. load 440227 quards.
INFO 16:33:57:481 GeoMap3D: start fast import geodata_3.dat
INFO 16:33:58:358 GeoMap3D: import ended. load 58049 quards.
INFO 16:33:58:358 GeoManager: initialized.
INFO 16:33:58:364 ItemExecutorManager: loaded 0 executor items.
INFO 16:33:58:376 CommandManager: loaded 95 commands.
INFO 16:33:58:384 SkillLearnManager: loaded 950 skill learn's for 8 clases.
INFO 16:33:58:387 AnnounceManager: loaded 0 start announces and 0 running announces.
INFO 16:33:58:388 AccountManager: initialized.
INFO 16:33:58:398 GuildManager: loaded 1 guilds.
INFO 16:33:58:624 QuestManager: loaded 455 quests.
INFO 16:33:58:626 OnlineManager: initialized.
INFO 16:33:58:629 GameLogManager: initialized.
INFO 16:33:58:694 Region: next battle "Veritas District" in 2016.06.12 16:00.
INFO 16:33:58:695 Region: next battle "Ostgarath" in 2016.06.12 16:00.
INFO 16:33:58:696 Region: next battle "Val Palrada" in 2016.06.11 20:00.
INFO 16:33:58:697 Region: next battle "Val Aureum" in 2016.06.11 20:00.
INFO 16:33:58:697 EventManager: loaded 5 events.
INFO 16:33:58:828 EventManager: the nearest event in 40 minutes.
INFO 16:33:58:835 PlayerManager: initialized.
INFO 16:33:58:845 Network: started.
INFO 16:33:58:846 GameServer: started.
