INFO 12:41:57:587 ServerControl: open server socket on 2101 port.
INFO 12:41:57:594 ExecutorManager: initialized.
INFO 12:41:57:907 CleaningManager: delete 0 reuses from a character_skill_reuses.
INFO 12:41:57:907 CleaningManager: delete 0 spawns from a boss_spawn.
INFO 12:41:57:908 CleaningManager: delete 0 appearances from a character_appearances.
INFO 12:41:57:908 CleaningManager: delete 0 effects from a character_save_effects.
INFO 12:41:57:909 CleaningManager: delete 0 inventors from a character_inventors.
INFO 12:41:57:909 CleaningManager: delete 0 skills from a character_skills.
INFO 12:41:57:909 CleaningManager: delete 0 hotkeys from a character_hotkey.
INFO 12:41:57:910 CleaningManager: delete 0 chars from a character_friends.
INFO 12:41:57:911 CleaningManager: delete 0 friends from a character_friends.
INFO 12:41:57:912 CleaningManager: delete 0 settings from a character_settings.
INFO 12:41:57:912 CleaningManager: delete 0 empty items from a items.
INFO 12:41:57:913 CleaningManager: delete 0 no owner items from a items.
INFO 12:41:57:913 CleaningManager: delete 0 no owner guild items from a items.
INFO 12:41:57:925 CleaningManager: create buffer table items.
INFO 12:41:57:927 CleaningManager: copy 86 items to buffer_items.
INFO 12:41:57:928 CleaningManager: delete 0 no owner items from a buffer_items.
INFO 12:41:57:932 CleaningManager: drop buffer table items.
INFO 12:41:57:933 CleaningManager: delete 0 from a quests.
INFO 12:41:57:945 CleaningManager: delete 0 from a quest variables.
INFO 12:41:57:945 CleaningManager: delete 0 from a guild ranks.
INFO 12:41:58:041 ClientPacketType: client packets prepared.
INFO 12:41:58:093 EffectParser: initialized.
INFO 12:41:58:096 RandomManager: initialized.
INFO 12:41:58:096 IdFactory: prepare npc ids...
INFO 12:41:58:098 BitSetIdGenerator: 102912 id's available.
INFO 12:41:58:098 IdFactory: prepare objects ids...
INFO 12:41:58:098 BitSetIdGenerator: 102912 id's available.
INFO 12:41:58:098 IdFactory: prepare players ids...
INFO 12:41:58:100 BitSetIdGenerator: extracted 3 ids.
INFO 12:41:58:101 BitSetIdGenerator: 102912 id's available.
INFO 12:41:58:101 IdFactory: prepare guilds ids...
INFO 12:41:58:101 BitSetIdGenerator: extracted 1 ids.
INFO 12:41:58:101 BitSetIdGenerator: 102912 id's available.
INFO 12:41:58:101 IdFactory: prepare item ids...
INFO 12:41:58:102 BitSetIdGenerator: extracted 86 ids.
WARNING 12:41:58:102 BitSetIdGenerator: objectId 1 in DB is less than minimum ID of 268435456.
INFO 12:41:58:102 BitSetIdGenerator: 102912 id's available.
INFO 12:41:58:118 ServerVarManager: loaded 0 variables.
INFO 12:41:58:129 BossSpawnManager: loaded 0 boss spawns.
INFO 12:41:59:643 TerritoryTable: loaded 160 territories for 18803 regions.
INFO 12:42:01:597 WorldZoneTable: loaded 9 world zones for 31887 regions.
INFO 12:42:01:598 ConditionParser: initializable.
WARNING 12:42:02:110 SkillTable: detected once the file D:\Documents\Documents\Java\Tera Server\.\data\skills\summon_skills\deprecated.zip
INFO 12:42:02:125 SkillTable: loaded 4613 skills for 19 classes.
INFO 12:42:02:482 ItemTable: loaded 10137 items.
INFO 12:42:02:492 Race: race appearances initializable.
INFO 12:42:02:497 PlayerTable: loaded 104 player templates.
WARNING 12:42:02:674 DropTable: not found items [50048]
INFO 12:42:02:674 DropTable: load drop for 407 npcs and 126 for resourse.
INFO 12:42:02:678 TownTable: initialized.
WARNING 12:42:02:694 NpcDialogTable: detected once the file D:\Documents\Documents\Java\Tera Server\.\data\dialogs\dialogs.txt
INFO 12:42:02:715 NpcDialogTable: loaded 83 dialogs.
INFO 12:42:02:719 MessagePackageTable: loaded 34 message packages.
INFO 12:42:02:750 ConfigAITable: loaded 45 npc ai configs.
INFO 12:42:02:764 NpcAppearanceTable: initialized. Loaded 59 appearances.
WARNING 12:42:02:820 NpcTable: found duplicate npc template NpcTemplate npcId = 7011, exp = 1000000, attack = 400000, defense = 3500, owerAttack = 3000, owerDefense = 30000, level = 60, aggro = 120, factionRange = 0, name = Linyphi, title = , factionId = , type = 51, isRaid = false, canDrop = false, drop = null, minions = null, dialog = null, geomRadius = 90.0, geomHeight = 160.0, npcType = RAID_BOSS in file .\data\npcs\raid_boss.xml
WARNING 12:42:02:859 NpcTable: detected once the file D:\Documents\Documents\Java\Tera Server\.\data\npcs\summons\playable_summons.zip
INFO 12:42:02:865 NpcTable: loaded  815 npcs.
INFO 12:42:02:873 ResourseTable: loaded  253 resourses.
INFO 12:42:02:903 MinionTable: loaded 303 minions for 42 npcs.
INFO 12:42:02:904 RegenTaskManager: initializable.
INFO 12:42:02:910 Formulas: initialized.
INFO 12:42:02:910 EffectTaskManager: initialized.
INFO 12:42:03:171 ObjectEventManager: initialized.
INFO 12:42:03:171 MoveTaskManager: initialized.
INFO 12:42:03:693 SpawnTable: loaded 19474 spawns for 616 npcs and 2013 spawns for 60 resourses.
INFO 12:42:03:697 GeoMap3D: start fast import geodata_1.dat
INFO 12:42:04:399 GeoMap3D: import ended. load 1867238 quards.
INFO 12:42:04:399 GeoMap3D: start fast import geodata_2.dat
INFO 12:42:04:416 GeoMap3D: import ended. load 440227 quards.
INFO 12:42:04:417 GeoMap3D: start fast import geodata_3.dat
INFO 12:42:05:072 GeoMap3D: import ended. load 58040 quards.
INFO 12:42:05:072 GeoManager: initialized.
INFO 12:42:05:078 ItemExecutorManager: loaded 0 executor items.
INFO 12:42:05:093 CommandManager: loaded 93 commands.
INFO 12:42:05:100 SkillLearnManager: loaded 950 skill learn's for 8 clases.
INFO 12:42:05:105 AnnounceManager: loaded 0 start announces and 0 running announces.
INFO 12:42:05:107 AccountManager: initialized.
INFO 12:42:05:121 GuildManager: loaded 1 guilds.
INFO 12:42:05:356 QuestManager: loaded 455 quests.
INFO 12:42:05:357 OnlineManager: initialized.
INFO 12:42:05:360 GameLogManager: initialized.
INFO 12:42:05:430 Region: next battle "Veritas District" in 2016.06.12 16:00.
INFO 12:42:05:431 Region: next battle "Ostgarath" in 2016.06.12 16:00.
INFO 12:42:05:432 Region: next battle "Val Palrada" in 2016.06.11 20:00.
INFO 12:42:05:433 Region: next battle "Val Aureum" in 2016.06.11 20:00.
INFO 12:42:05:433 EventManager: loaded 5 events.
INFO 12:42:05:562 EventManager: the nearest event in 37 minutes.
INFO 12:42:05:569 PlayerManager: initialized.
INFO 12:42:05:579 Network: started.
INFO 12:42:05:579 GameServer: started.
INFO 12:42:06:588 AccountManager: authed darkza
INFO 12:45:32:283 AccountManager: close darkza
