INFO 16:35:02:148 ServerControl: open server socket on 2101 port.
INFO 16:35:02:154 ExecutorManager: initialized.
INFO 16:35:02:477 CleaningManager: delete 0 reuses from a character_skill_reuses.
INFO 16:35:02:478 CleaningManager: delete 0 spawns from a boss_spawn.
INFO 16:35:02:478 CleaningManager: delete 0 appearances from a character_appearances.
INFO 16:35:02:479 CleaningManager: delete 0 effects from a character_save_effects.
INFO 16:35:02:479 CleaningManager: delete 0 inventors from a character_inventors.
INFO 16:35:02:480 CleaningManager: delete 0 skills from a character_skills.
INFO 16:35:02:480 CleaningManager: delete 0 hotkeys from a character_hotkey.
INFO 16:35:02:481 CleaningManager: delete 0 chars from a character_friends.
INFO 16:35:02:482 CleaningManager: delete 0 friends from a character_friends.
INFO 16:35:02:482 CleaningManager: delete 0 settings from a character_settings.
INFO 16:35:02:483 CleaningManager: delete 0 empty items from a items.
INFO 16:35:02:483 CleaningManager: delete 0 no owner items from a items.
INFO 16:35:02:483 CleaningManager: delete 0 no owner guild items from a items.
INFO 16:35:02:495 CleaningManager: create buffer table items.
INFO 16:35:02:497 CleaningManager: copy 86 items to buffer_items.
INFO 16:35:02:497 CleaningManager: delete 0 no owner items from a buffer_items.
INFO 16:35:02:502 CleaningManager: drop buffer table items.
INFO 16:35:02:503 CleaningManager: delete 0 from a quests.
INFO 16:35:02:516 CleaningManager: delete 0 from a quest variables.
INFO 16:35:02:516 CleaningManager: delete 0 from a guild ranks.
INFO 16:35:02:603 ClientPacketType: client packets prepared.
INFO 16:35:02:652 EffectParser: initialized.
INFO 16:35:02:655 RandomManager: initialized.
INFO 16:35:02:656 IdFactory: prepare npc ids...
INFO 16:35:02:658 BitSetIdGenerator: 102912 id's available.
INFO 16:35:02:659 IdFactory: prepare objects ids...
INFO 16:35:02:659 BitSetIdGenerator: 102912 id's available.
INFO 16:35:02:659 IdFactory: prepare players ids...
INFO 16:35:02:662 BitSetIdGenerator: extracted 3 ids.
INFO 16:35:02:662 BitSetIdGenerator: 102912 id's available.
INFO 16:35:02:662 IdFactory: prepare guilds ids...
INFO 16:35:02:662 BitSetIdGenerator: extracted 1 ids.
INFO 16:35:02:663 BitSetIdGenerator: 102912 id's available.
INFO 16:35:02:663 IdFactory: prepare item ids...
INFO 16:35:02:664 BitSetIdGenerator: extracted 86 ids.
WARNING 16:35:02:664 BitSetIdGenerator: objectId 1 in DB is less than minimum ID of 268435456.
INFO 16:35:02:664 BitSetIdGenerator: 102912 id's available.
INFO 16:35:02:680 ServerVarManager: loaded 0 variables.
INFO 16:35:02:683 BossSpawnManager: loaded 0 boss spawns.
INFO 16:35:04:229 TerritoryTable: loaded 160 territories for 18803 regions.
INFO 16:35:06:279 WorldZoneTable: loaded 9 world zones for 31887 regions.
INFO 16:35:06:280 ConditionParser: initializable.
WARNING 16:35:06:815 SkillTable: detected once the file D:\Documents\Documents\Java\Tera Server\.\data\skills\summon_skills\deprecated.zip
INFO 16:35:06:829 SkillTable: loaded 4613 skills for 19 classes.
INFO 16:35:07:190 ItemTable: loaded 10137 items.
INFO 16:35:07:198 Race: race appearances initializable.
INFO 16:35:07:204 PlayerTable: loaded 104 player templates.
WARNING 16:35:07:394 DropTable: not found items [50048]
INFO 16:35:07:394 DropTable: load drop for 407 npcs and 126 for resourse.
INFO 16:35:07:399 TownTable: initialized.
WARNING 16:35:07:419 NpcDialogTable: detected once the file D:\Documents\Documents\Java\Tera Server\.\data\dialogs\dialogs.txt
INFO 16:35:07:442 NpcDialogTable: loaded 83 dialogs.
INFO 16:35:07:446 MessagePackageTable: loaded 34 message packages.
INFO 16:35:07:480 ConfigAITable: loaded 45 npc ai configs.
INFO 16:35:07:492 NpcAppearanceTable: initialized. Loaded 59 appearances.
WARNING 16:35:07:547 NpcTable: found duplicate npc template NpcTemplate npcId = 7011, exp = 1000000, attack = 400000, defense = 3500, owerAttack = 3000, owerDefense = 30000, level = 60, aggro = 120, factionRange = 0, name = Linyphi, title = , factionId = , type = 51, isRaid = false, canDrop = false, drop = null, minions = null, dialog = null, geomRadius = 90.0, geomHeight = 160.0, npcType = RAID_BOSS in file .\data\npcs\raid_boss.xml
WARNING 16:35:07:586 NpcTable: detected once the file D:\Documents\Documents\Java\Tera Server\.\data\npcs\summons\playable_summons.zip
INFO 16:35:07:592 NpcTable: loaded  815 npcs.
INFO 16:35:07:603 ResourseTable: loaded  253 resourses.
INFO 16:35:07:637 MinionTable: loaded 303 minions for 42 npcs.
INFO 16:35:07:638 RegenTaskManager: initializable.
INFO 16:35:07:644 Formulas: initialized.
INFO 16:35:07:645 EffectTaskManager: initialized.
INFO 16:35:07:907 ObjectEventManager: initialized.
INFO 16:35:07:907 MoveTaskManager: initialized.
INFO 16:35:08:426 SpawnTable: loaded 19474 spawns for 616 npcs and 2013 spawns for 60 resourses.
INFO 16:35:08:430 GeoMap3D: start fast import geodata_1.dat
INFO 16:35:09:106 GeoMap3D: import ended. load 1867238 quards.
INFO 16:35:09:106 GeoMap3D: start fast import geodata_2.dat
INFO 16:35:09:124 GeoMap3D: import ended. load 440227 quards.
INFO 16:35:09:124 GeoMap3D: start fast import geodata_3.dat
INFO 16:35:09:987 GeoMap3D: import ended. load 58049 quards.
INFO 16:35:09:987 GeoManager: initialized.
INFO 16:35:09:993 ItemExecutorManager: loaded 0 executor items.
INFO 16:35:10:004 CommandManager: loaded 95 commands.
INFO 16:35:10:010 SkillLearnManager: loaded 950 skill learn's for 8 clases.
INFO 16:35:10:013 AnnounceManager: loaded 0 start announces and 0 running announces.
INFO 16:35:10:014 AccountManager: initialized.
INFO 16:35:10:025 GuildManager: loaded 1 guilds.
INFO 16:35:10:253 QuestManager: loaded 455 quests.
INFO 16:35:10:255 OnlineManager: initialized.
INFO 16:35:10:257 GameLogManager: initialized.
INFO 16:35:10:326 Region: next battle "Veritas District" in 2016.06.12 16:00.
INFO 16:35:10:327 Region: next battle "Ostgarath" in 2016.06.12 16:00.
INFO 16:35:10:329 Region: next battle "Val Palrada" in 2016.06.11 20:00.
INFO 16:35:10:330 Region: next battle "Val Aureum" in 2016.06.11 20:00.
INFO 16:35:10:330 EventManager: loaded 5 events.
INFO 16:35:10:459 EventManager: the nearest event in 42 minutes.
INFO 16:35:10:465 PlayerManager: initialized.
INFO 16:35:10:476 Network: started.
INFO 16:35:10:476 GameServer: started.
INFO 16:35:22:734 AccountManager: authed darkza
INFO 16:36:52:135 AccountManager: close darkza
