INFO 17:44:59:499 ServerControl: open server socket on 2101 port.
INFO 17:44:59:504 ExecutorManager: initialized.
INFO 17:44:59:820 CleaningManager: delete 0 reuses from a character_skill_reuses.
INFO 17:44:59:821 CleaningManager: delete 0 spawns from a boss_spawn.
INFO 17:44:59:822 CleaningManager: delete 0 appearances from a character_appearances.
INFO 17:44:59:822 CleaningManager: delete 0 effects from a character_save_effects.
INFO 17:44:59:823 CleaningManager: delete 0 inventors from a character_inventors.
INFO 17:44:59:824 CleaningManager: delete 0 skills from a character_skills.
INFO 17:44:59:824 CleaningManager: delete 0 hotkeys from a character_hotkey.
INFO 17:44:59:825 CleaningManager: delete 0 chars from a character_friends.
INFO 17:44:59:826 CleaningManager: delete 0 friends from a character_friends.
INFO 17:44:59:827 CleaningManager: delete 0 settings from a character_settings.
INFO 17:44:59:827 CleaningManager: delete 0 empty items from a items.
INFO 17:44:59:828 CleaningManager: delete 0 no owner items from a items.
INFO 17:44:59:828 CleaningManager: delete 0 no owner guild items from a items.
INFO 17:44:59:840 CleaningManager: create buffer table items.
INFO 17:44:59:842 CleaningManager: copy 86 items to buffer_items.
INFO 17:44:59:843 CleaningManager: delete 0 no owner items from a buffer_items.
INFO 17:44:59:849 CleaningManager: drop buffer table items.
INFO 17:44:59:850 CleaningManager: delete 0 from a quests.
INFO 17:44:59:862 CleaningManager: delete 0 from a quest variables.
INFO 17:44:59:862 CleaningManager: delete 0 from a guild ranks.
INFO 17:44:59:953 ClientPacketType: client packets prepared.
INFO 17:45:00:003 EffectParser: initialized.
INFO 17:45:00:006 RandomManager: initialized.
INFO 17:45:00:007 IdFactory: prepare npc ids...
INFO 17:45:00:008 BitSetIdGenerator: 102912 id's available.
INFO 17:45:00:009 IdFactory: prepare objects ids...
INFO 17:45:00:009 BitSetIdGenerator: 102912 id's available.
INFO 17:45:00:009 IdFactory: prepare players ids...
INFO 17:45:00:011 BitSetIdGenerator: extracted 3 ids.
INFO 17:45:00:011 BitSetIdGenerator: 102912 id's available.
INFO 17:45:00:011 IdFactory: prepare guilds ids...
INFO 17:45:00:011 BitSetIdGenerator: extracted 1 ids.
INFO 17:45:00:011 BitSetIdGenerator: 102912 id's available.
INFO 17:45:00:012 IdFactory: prepare item ids...
INFO 17:45:00:012 BitSetIdGenerator: extracted 86 ids.
WARNING 17:45:00:012 BitSetIdGenerator: objectId 1 in DB is less than minimum ID of 268435456.
INFO 17:45:00:012 BitSetIdGenerator: 102912 id's available.
INFO 17:45:00:023 ServerVarManager: loaded 0 variables.
INFO 17:45:00:026 BossSpawnManager: loaded 0 boss spawns.
INFO 17:45:01:590 TerritoryTable: loaded 160 territories for 18803 regions.
INFO 17:45:03:807 WorldZoneTable: loaded 9 world zones for 31887 regions.
INFO 17:45:03:809 ConditionParser: initializable.
