INFO 17:42:45:837 ServerControl: open server socket on 2101 port.
INFO 17:42:45:843 ExecutorManager: initialized.
INFO 17:42:46:177 CleaningManager: delete 0 reuses from a character_skill_reuses.
INFO 17:42:46:178 CleaningManager: delete 0 spawns from a boss_spawn.
INFO 17:42:46:178 CleaningManager: delete 0 appearances from a character_appearances.
INFO 17:42:46:179 CleaningManager: delete 0 effects from a character_save_effects.
INFO 17:42:46:179 CleaningManager: delete 0 inventors from a character_inventors.
INFO 17:42:46:179 CleaningManager: delete 0 skills from a character_skills.
INFO 17:42:46:180 CleaningManager: delete 0 hotkeys from a character_hotkey.
INFO 17:42:46:180 CleaningManager: delete 0 chars from a character_friends.
INFO 17:42:46:180 CleaningManager: delete 0 friends from a character_friends.
INFO 17:42:46:181 CleaningManager: delete 0 settings from a character_settings.
INFO 17:42:46:181 CleaningManager: delete 0 empty items from a items.
INFO 17:42:46:181 CleaningManager: delete 0 no owner items from a items.
INFO 17:42:46:182 CleaningManager: delete 0 no owner guild items from a items.
INFO 17:42:46:196 CleaningManager: create buffer table items.
INFO 17:42:46:198 CleaningManager: copy 86 items to buffer_items.
INFO 17:42:46:199 CleaningManager: delete 0 no owner items from a buffer_items.
INFO 17:42:46:205 CleaningManager: drop buffer table items.
INFO 17:42:46:205 CleaningManager: delete 0 from a quests.
INFO 17:42:46:215 CleaningManager: delete 0 from a quest variables.
INFO 17:42:46:216 CleaningManager: delete 0 from a guild ranks.
INFO 17:42:46:302 ClientPacketType: client packets prepared.
INFO 17:42:46:350 EffectParser: initialized.
INFO 17:42:46:354 RandomManager: initialized.
INFO 17:42:46:354 IdFactory: prepare npc ids...
INFO 17:42:46:357 BitSetIdGenerator: 102912 id's available.
INFO 17:42:46:357 IdFactory: prepare objects ids...
INFO 17:42:46:357 BitSetIdGenerator: 102912 id's available.
INFO 17:42:46:358 IdFactory: prepare players ids...
INFO 17:42:46:360 BitSetIdGenerator: extracted 3 ids.
INFO 17:42:46:361 BitSetIdGenerator: 102912 id's available.
INFO 17:42:46:361 IdFactory: prepare guilds ids...
INFO 17:42:46:361 BitSetIdGenerator: extracted 1 ids.
INFO 17:42:46:361 BitSetIdGenerator: 102912 id's available.
INFO 17:42:46:361 IdFactory: prepare item ids...
INFO 17:42:46:362 BitSetIdGenerator: extracted 86 ids.
WARNING 17:42:46:362 BitSetIdGenerator: objectId 1 in DB is less than minimum ID of 268435456.
INFO 17:42:46:362 BitSetIdGenerator: 102912 id's available.
INFO 17:42:46:377 ServerVarManager: loaded 0 variables.
INFO 17:42:46:380 BossSpawnManager: loaded 0 boss spawns.
INFO 17:42:47:974 TerritoryTable: loaded 160 territories for 18803 regions.
INFO 17:42:50:129 WorldZoneTable: loaded 9 world zones for 31887 regions.
INFO 17:42:50:130 ConditionParser: initializable.
WARNING 17:42:50:668 SkillTable: detected once the file D:\Documents\Documents\Java\Tera Server\.\data\skills\summon_skills\deprecated.zip
INFO 17:42:50:686 SkillTable: loaded 4613 skills for 19 classes.
INFO 17:42:51:060 ItemTable: loaded 10137 items.
INFO 17:42:51:071 Race: race appearances initializable.
INFO 17:42:51:075 PlayerTable: loaded 104 player templates.
WARNING 17:42:51:244 DropTable: not found items [50048]
INFO 17:42:51:244 DropTable: load drop for 407 npcs and 126 for resourse.
INFO 17:42:51:247 TownTable: initialized.
WARNING 17:42:51:262 NpcDialogTable: detected once the file D:\Documents\Documents\Java\Tera Server\.\data\dialogs\dialogs.txt
INFO 17:42:51:288 NpcDialogTable: loaded 83 dialogs.
INFO 17:42:51:293 MessagePackageTable: loaded 34 message packages.
INFO 17:42:51:326 ConfigAITable: loaded 45 npc ai configs.
INFO 17:42:51:341 NpcAppearanceTable: initialized. Loaded 59 appearances.
WARNING 17:42:51:395 NpcTable: found duplicate npc template NpcTemplate npcId = 7011, exp = 1000000, attack = 400000, defense = 3500, owerAttack = 3000, owerDefense = 30000, level = 60, aggro = 120, factionRange = 0, name = Linyphi, title = , factionId = , type = 51, isRaid = false, canDrop = false, drop = null, minions = null, dialog = null, geomRadius = 90.0, geomHeight = 160.0, npcType = RAID_BOSS in file .\data\npcs\raid_boss.xml
WARNING 17:42:51:435 NpcTable: detected once the file D:\Documents\Documents\Java\Tera Server\.\data\npcs\summons\playable_summons.zip
INFO 17:42:51:441 NpcTable: loaded  815 npcs.
INFO 17:42:51:450 ResourseTable: loaded  253 resourses.
INFO 17:42:51:458 MinionTable: loaded 303 minions for 42 npcs.
INFO 17:42:51:458 RegenTaskManager: initializable.
INFO 17:42:51:464 Formulas: initialized.
INFO 17:42:51:481 EffectTaskManager: initialized.
INFO 17:42:51:738 ObjectEventManager: initialized.
INFO 17:42:51:738 MoveTaskManager: initialized.
INFO 17:42:52:267 SpawnTable: loaded 19474 spawns for 616 npcs and 2013 spawns for 60 resourses.
INFO 17:42:52:271 GeoMap3D: start fast import geodata_1.dat
INFO 17:42:53:010 GeoMap3D: import ended. load 1867238 quards.
INFO 17:42:53:010 GeoMap3D: start fast import geodata_2.dat
INFO 17:42:53:030 GeoMap3D: import ended. load 440227 quards.
INFO 17:42:53:030 GeoMap3D: start fast import geodata_3.dat
INFO 17:42:53:875 GeoMap3D: import ended. load 58041 quards.
INFO 17:42:53:876 GeoManager: initialized.
INFO 17:42:53:880 ItemExecutorManager: loaded 0 executor items.
INFO 17:42:53:891 CommandManager: loaded 93 commands.
INFO 17:42:53:897 SkillLearnManager: loaded 950 skill learn's for 8 clases.
INFO 17:42:53:900 AnnounceManager: loaded 0 start announces and 0 running announces.
INFO 17:42:53:901 AccountManager: initialized.
INFO 17:42:53:911 GuildManager: loaded 1 guilds.
INFO 17:42:54:124 QuestManager: loaded 455 quests.
INFO 17:42:54:125 OnlineManager: initialized.
INFO 17:42:54:127 GameLogManager: initialized.
INFO 17:42:54:200 Region: next battle "Veritas District" in 2016.06.12 16:00.
INFO 17:42:54:202 Region: next battle "Ostgarath" in 2016.06.12 16:00.
INFO 17:42:54:203 Region: next battle "Val Palrada" in 2016.06.11 20:00.
INFO 17:42:54:204 Region: next battle "Val Aureum" in 2016.06.11 20:00.
INFO 17:42:54:204 EventManager: loaded 5 events.
INFO 17:42:54:338 EventManager: the nearest event in 31 minutes.
INFO 17:42:54:343 PlayerManager: initialized.
INFO 17:42:54:354 Network: started.
INFO 17:42:54:354 GameServer: started.
INFO 17:42:56:384 AccountManager: authed darkza
INFO 17:44:41:289 AccountManager: close darkza
