INFO 16:34:20:730 ServerControl: open server socket on 2101 port.
INFO 16:34:20:737 ExecutorManager: initialized.
INFO 16:34:21:069 CleaningManager: delete 0 reuses from a character_skill_reuses.
INFO 16:34:21:069 CleaningManager: delete 0 spawns from a boss_spawn.
INFO 16:34:21:070 CleaningManager: delete 0 appearances from a character_appearances.
INFO 16:34:21:070 CleaningManager: delete 0 effects from a character_save_effects.
INFO 16:34:21:071 CleaningManager: delete 0 inventors from a character_inventors.
INFO 16:34:21:072 CleaningManager: delete 0 skills from a character_skills.
INFO 16:34:21:072 CleaningManager: delete 0 hotkeys from a character_hotkey.
INFO 16:34:21:072 CleaningManager: delete 0 chars from a character_friends.
INFO 16:34:21:073 CleaningManager: delete 0 friends from a character_friends.
INFO 16:34:21:074 CleaningManager: delete 0 settings from a character_settings.
INFO 16:34:21:074 CleaningManager: delete 0 empty items from a items.
INFO 16:34:21:075 CleaningManager: delete 0 no owner items from a items.
INFO 16:34:21:075 CleaningManager: delete 0 no owner guild items from a items.
INFO 16:34:21:087 CleaningManager: create buffer table items.
INFO 16:34:21:090 CleaningManager: copy 86 items to buffer_items.
INFO 16:34:21:090 CleaningManager: delete 0 no owner items from a buffer_items.
INFO 16:34:21:096 CleaningManager: drop buffer table items.
INFO 16:34:21:097 CleaningManager: delete 0 from a quests.
INFO 16:34:21:109 CleaningManager: delete 0 from a quest variables.
INFO 16:34:21:110 CleaningManager: delete 0 from a guild ranks.
INFO 16:34:21:199 ClientPacketType: client packets prepared.
INFO 16:34:21:254 EffectParser: initialized.
INFO 16:34:21:257 RandomManager: initialized.
INFO 16:34:21:258 IdFactory: prepare npc ids...
INFO 16:34:21:261 BitSetIdGenerator: 102912 id's available.
INFO 16:34:21:261 IdFactory: prepare objects ids...
INFO 16:34:21:261 BitSetIdGenerator: 102912 id's available.
INFO 16:34:21:261 IdFactory: prepare players ids...
INFO 16:34:21:265 BitSetIdGenerator: extracted 3 ids.
INFO 16:34:21:265 BitSetIdGenerator: 102912 id's available.
INFO 16:34:21:265 IdFactory: prepare guilds ids...
INFO 16:34:21:265 BitSetIdGenerator: extracted 1 ids.
INFO 16:34:21:265 BitSetIdGenerator: 102912 id's available.
INFO 16:34:21:265 IdFactory: prepare item ids...
INFO 16:34:21:266 BitSetIdGenerator: extracted 86 ids.
WARNING 16:34:21:266 BitSetIdGenerator: objectId 1 in DB is less than minimum ID of 268435456.
INFO 16:34:21:266 BitSetIdGenerator: 102912 id's available.
INFO 16:34:21:283 ServerVarManager: loaded 0 variables.
INFO 16:34:21:288 BossSpawnManager: loaded 0 boss spawns.
INFO 16:34:22:813 TerritoryTable: loaded 160 territories for 18803 regions.
INFO 16:34:24:843 WorldZoneTable: loaded 9 world zones for 31887 regions.
INFO 16:34:24:844 ConditionParser: initializable.
WARNING 16:34:25:372 SkillTable: detected once the file D:\Documents\Documents\Java\Tera Server\.\data\skills\summon_skills\deprecated.zip
INFO 16:34:25:387 SkillTable: loaded 4613 skills for 19 classes.
INFO 16:34:25:745 ItemTable: loaded 10137 items.
INFO 16:34:25:755 Race: race appearances initializable.
INFO 16:34:25:760 PlayerTable: loaded 104 player templates.
WARNING 16:34:25:930 DropTable: not found items [50048]
INFO 16:34:25:930 DropTable: load drop for 407 npcs and 126 for resourse.
INFO 16:34:25:934 TownTable: initialized.
WARNING 16:34:25:954 NpcDialogTable: detected once the file D:\Documents\Documents\Java\Tera Server\.\data\dialogs\dialogs.txt
INFO 16:34:25:974 NpcDialogTable: loaded 83 dialogs.
INFO 16:34:25:979 MessagePackageTable: loaded 34 message packages.
INFO 16:34:26:024 ConfigAITable: loaded 45 npc ai configs.
INFO 16:34:26:041 NpcAppearanceTable: initialized. Loaded 59 appearances.
WARNING 16:34:26:093 NpcTable: found duplicate npc template NpcTemplate npcId = 7011, exp = 1000000, attack = 400000, defense = 3500, owerAttack = 3000, owerDefense = 30000, level = 60, aggro = 120, factionRange = 0, name = Linyphi, title = , factionId = , type = 51, isRaid = false, canDrop = false, drop = null, minions = null, dialog = null, geomRadius = 90.0, geomHeight = 160.0, npcType = RAID_BOSS in file .\data\npcs\raid_boss.xml
WARNING 16:34:26:130 NpcTable: detected once the file D:\Documents\Documents\Java\Tera Server\.\data\npcs\summons\playable_summons.zip
INFO 16:34:26:137 NpcTable: loaded  815 npcs.
INFO 16:34:26:145 ResourseTable: loaded  253 resourses.
INFO 16:34:26:176 MinionTable: loaded 303 minions for 42 npcs.
INFO 16:34:26:178 RegenTaskManager: initializable.
INFO 16:34:26:182 Formulas: initialized.
INFO 16:34:26:183 EffectTaskManager: initialized.
INFO 16:34:26:436 ObjectEventManager: initialized.
INFO 16:34:26:437 MoveTaskManager: initialized.
INFO 16:34:26:967 SpawnTable: loaded 19474 spawns for 616 npcs and 2013 spawns for 60 resourses.
INFO 16:34:26:971 GeoMap3D: start fast import geodata_1.dat
INFO 16:34:27:705 GeoMap3D: import ended. load 1867238 quards.
INFO 16:34:27:706 GeoMap3D: start fast import geodata_2.dat
INFO 16:34:27:725 GeoMap3D: import ended. load 440227 quards.
INFO 16:34:27:726 GeoMap3D: start fast import geodata_3.dat
INFO 16:34:28:386 GeoMap3D: import ended. load 58040 quards.
INFO 16:34:28:386 GeoManager: initialized.
INFO 16:34:28:391 ItemExecutorManager: loaded 0 executor items.
INFO 16:34:28:408 CommandManager: loaded 95 commands.
INFO 16:34:28:416 SkillLearnManager: loaded 950 skill learn's for 8 clases.
INFO 16:34:28:419 AnnounceManager: loaded 0 start announces and 0 running announces.
INFO 16:34:28:421 AccountManager: initialized.
INFO 16:34:28:436 GuildManager: loaded 1 guilds.
INFO 16:34:28:664 QuestManager: loaded 455 quests.
INFO 16:34:28:665 OnlineManager: initialized.
INFO 16:34:28:668 GameLogManager: initialized.
INFO 16:34:28:735 Region: next battle "Veritas District" in 2016.06.12 16:00.
INFO 16:34:28:736 Region: next battle "Ostgarath" in 2016.06.12 16:00.
INFO 16:34:28:737 Region: next battle "Val Palrada" in 2016.06.11 20:00.
INFO 16:34:28:738 Region: next battle "Val Aureum" in 2016.06.11 20:00.
INFO 16:34:28:738 EventManager: loaded 5 events.
INFO 16:34:28:869 EventManager: the nearest event in 60 minutes.
INFO 16:34:28:875 PlayerManager: initialized.
INFO 16:34:28:885 Network: started.
INFO 16:34:28:886 GameServer: started.
