INFO 12:58:02:215 ServerControl: open server socket on 2101 port.
INFO 12:58:02:232 ExecutorManager: initialized.
INFO 12:58:02:856 CleaningManager: delete 0 reuses from a character_skill_reuses.
INFO 12:58:02:857 CleaningManager: delete 0 spawns from a boss_spawn.
INFO 12:58:02:858 CleaningManager: delete 0 appearances from a character_appearances.
INFO 12:58:02:859 CleaningManager: delete 0 effects from a character_save_effects.
INFO 12:58:02:860 CleaningManager: delete 0 inventors from a character_inventors.
INFO 12:58:02:861 CleaningManager: delete 0 skills from a character_skills.
INFO 12:58:02:862 CleaningManager: delete 0 hotkeys from a character_hotkey.
INFO 12:58:02:863 CleaningManager: delete 0 chars from a character_friends.
INFO 12:58:02:864 CleaningManager: delete 0 friends from a character_friends.
INFO 12:58:02:865 CleaningManager: delete 0 settings from a character_settings.
INFO 12:58:02:865 CleaningManager: delete 0 empty items from a items.
INFO 12:58:02:866 CleaningManager: delete 0 no owner items from a items.
INFO 12:58:02:867 CleaningManager: delete 0 no owner guild items from a items.
INFO 12:58:02:883 CleaningManager: create buffer table items.
INFO 12:58:02:886 CleaningManager: copy 86 items to buffer_items.
INFO 12:58:02:886 CleaningManager: delete 0 no owner items from a buffer_items.
INFO 12:58:02:893 CleaningManager: drop buffer table items.
INFO 12:58:02:894 CleaningManager: delete 0 from a quests.
INFO 12:58:02:913 CleaningManager: delete 0 from a quest variables.
INFO 12:58:02:913 CleaningManager: delete 0 from a guild ranks.
INFO 12:58:03:051 ClientPacketType: client packets prepared.
INFO 12:58:03:152 EffectParser: initialized.
INFO 12:58:03:157 RandomManager: initialized.
INFO 12:58:03:159 IdFactory: prepare npc ids...
INFO 12:58:03:164 BitSetIdGenerator: 102912 id's available.
INFO 12:58:03:165 IdFactory: prepare objects ids...
INFO 12:58:03:165 BitSetIdGenerator: 102912 id's available.
INFO 12:58:03:165 IdFactory: prepare players ids...
INFO 12:58:03:170 BitSetIdGenerator: extracted 3 ids.
INFO 12:58:03:170 BitSetIdGenerator: 102912 id's available.
INFO 12:58:03:170 IdFactory: prepare guilds ids...
INFO 12:58:03:171 BitSetIdGenerator: extracted 1 ids.
INFO 12:58:03:171 BitSetIdGenerator: 102912 id's available.
INFO 12:58:03:172 IdFactory: prepare item ids...
INFO 12:58:03:173 BitSetIdGenerator: extracted 86 ids.
WARNING 12:58:03:174 BitSetIdGenerator: objectId 1 in DB is less than minimum ID of 268435456.
INFO 12:58:03:174 BitSetIdGenerator: 102912 id's available.
INFO 12:58:03:198 ServerVarManager: loaded 0 variables.
INFO 12:58:03:202 BossSpawnManager: loaded 0 boss spawns.
INFO 12:58:06:244 TerritoryTable: loaded 160 territories for 18803 regions.
INFO 12:58:10:232 WorldZoneTable: loaded 9 world zones for 31887 regions.
INFO 12:58:10:234 ConditionParser: initializable.
WARNING 12:58:11:233 SkillTable: detected once the file D:\Documents\Documents\Java\Tera Server\.\data\skills\summon_skills\deprecated.zip
INFO 12:58:11:264 SkillTable: loaded 4613 skills for 19 classes.
INFO 12:58:11:942 ItemTable: loaded 10137 items.
INFO 12:58:11:961 Race: race appearances initializable.
INFO 12:58:11:971 PlayerTable: loaded 104 player templates.
WARNING 12:58:12:320 DropTable: not found items [50048]
INFO 12:58:12:320 DropTable: load drop for 407 npcs and 126 for resourse.
INFO 12:58:12:327 TownTable: initialized.
WARNING 12:58:12:361 NpcDialogTable: detected once the file D:\Documents\Documents\Java\Tera Server\.\data\dialogs\dialogs.txt
INFO 12:58:12:398 NpcDialogTable: loaded 83 dialogs.
INFO 12:58:12:405 MessagePackageTable: loaded 34 message packages.
INFO 12:58:12:466 ConfigAITable: loaded 45 npc ai configs.
INFO 12:58:12:488 NpcAppearanceTable: initialized. Loaded 59 appearances.
WARNING 12:58:12:595 NpcTable: found duplicate npc template NpcTemplate npcId = 7011, exp = 1000000, attack = 400000, defense = 3500, owerAttack = 3000, owerDefense = 30000, level = 60, aggro = 120, factionRange = 0, name = Linyphi, title = , factionId = , type = 51, isRaid = false, canDrop = false, drop = null, minions = null, dialog = null, geomRadius = 90.0, geomHeight = 160.0, npcType = RAID_BOSS in file .\data\npcs\raid_boss.xml
WARNING 12:58:12:672 NpcTable: detected once the file D:\Documents\Documents\Java\Tera Server\.\data\npcs\summons\playable_summons.zip
INFO 12:58:12:683 NpcTable: loaded  815 npcs.
INFO 12:58:12:724 ResourseTable: loaded  253 resourses.
INFO 12:58:12:744 MinionTable: loaded 303 minions for 42 npcs.
INFO 12:58:12:744 RegenTaskManager: initializable.
INFO 12:58:12:753 Formulas: initialized.
INFO 12:58:12:756 EffectTaskManager: initialized.
INFO 12:58:13:243 ObjectEventManager: initialized.
INFO 12:58:13:244 MoveTaskManager: initialized.
INFO 12:58:14:256 SpawnTable: loaded 19474 spawns for 616 npcs and 2013 spawns for 60 resourses.
INFO 12:58:14:263 GeoMap3D: start fast import geodata_1.dat
INFO 12:58:17:672 GeoMap3D: import ended. load 1867238 quards.
INFO 12:58:17:673 GeoMap3D: start fast import geodata_2.dat
INFO 12:58:17:710 GeoMap3D: import ended. load 440227 quards.
INFO 12:58:17:711 GeoMap3D: start fast import geodata_3.dat
INFO 12:58:17:719 GeoMap3D: import ended. load 58040 quards.
INFO 12:58:17:719 GeoManager: initialized.
INFO 12:58:17:727 ItemExecutorManager: loaded 0 executor items.
INFO 12:58:17:745 CommandManager: loaded 93 commands.
INFO 12:58:17:754 SkillLearnManager: loaded 950 skill learn's for 8 clases.
INFO 12:58:17:758 AnnounceManager: loaded 0 start announces and 0 running announces.
INFO 12:58:17:760 AccountManager: initialized.
INFO 12:58:17:777 GuildManager: loaded 1 guilds.
INFO 12:58:18:177 QuestManager: loaded 455 quests.
INFO 12:58:18:178 OnlineManager: initialized.
INFO 12:58:18:181 GameLogManager: initialized.
INFO 12:58:18:425 Region: next battle "Veritas District" in 2016.06.12 16:00.
INFO 12:58:18:427 Region: next battle "Ostgarath" in 2016.06.12 16:00.
INFO 12:58:18:428 Region: next battle "Val Palrada" in 2016.06.11 20:00.
INFO 12:58:18:430 Region: next battle "Val Aureum" in 2016.06.11 20:00.
INFO 12:58:18:430 EventManager: loaded 5 events.
INFO 12:58:18:650 EventManager: the nearest event in 49 minutes.
INFO 12:58:18:661 PlayerManager: initialized.
INFO 12:58:18:678 Network: started.
INFO 12:58:18:678 GameServer: started.
INFO 12:58:19:624 AccountManager: authed darkza
INFO 12:58:49:660 AccountManager: close darkza
