INFO 00:00:53:023 ServerControl: open server socket on 2101 port.
INFO 00:00:53:119 ExecutorManager: initialized.
INFO 00:00:53:778 CleaningManager: delete 0 reuses from a character_skill_reuses.
INFO 00:00:53:779 CleaningManager: delete 0 spawns from a boss_spawn.
INFO 00:00:53:780 CleaningManager: delete 0 appearances from a character_appearances.
INFO 00:00:53:781 CleaningManager: delete 0 effects from a character_save_effects.
INFO 00:00:53:781 CleaningManager: delete 0 inventors from a character_inventors.
INFO 00:00:53:782 CleaningManager: delete 0 skills from a character_skills.
INFO 00:00:53:782 CleaningManager: delete 0 hotkeys from a character_hotkey.
INFO 00:00:53:783 CleaningManager: delete 0 chars from a character_friends.
INFO 00:00:53:784 CleaningManager: delete 0 friends from a character_friends.
INFO 00:00:53:784 CleaningManager: delete 0 settings from a character_settings.
INFO 00:00:53:785 CleaningManager: delete 0 empty items from a items.
INFO 00:00:53:785 CleaningManager: delete 0 no owner items from a items.
INFO 00:00:53:786 CleaningManager: delete 0 no owner guild items from a items.
INFO 00:00:53:808 CleaningManager: create buffer table items.
INFO 00:00:53:811 CleaningManager: copy 118 items to buffer_items.
INFO 00:00:53:812 CleaningManager: delete 0 no owner items from a buffer_items.
INFO 00:00:53:830 CleaningManager: drop buffer table items.
INFO 00:00:53:831 CleaningManager: delete 0 from a quests.
INFO 00:00:53:832 CleaningManager: delete 0 from a quest variables.
INFO 00:00:53:833 CleaningManager: delete 0 from a guild ranks.
INFO 00:00:53:981 ClientPacketType: client packets prepared.
INFO 00:00:54:019 EffectParser: initialized.
INFO 00:00:54:023 RandomManager: initialized.
INFO 00:00:54:024 IdFactory: prepare npc ids...
INFO 00:00:54:028 BitSetIdGenerator: 102912 id's available.
INFO 00:00:54:029 IdFactory: prepare objects ids...
INFO 00:00:54:029 BitSetIdGenerator: 102912 id's available.
INFO 00:00:54:029 IdFactory: prepare players ids...
INFO 00:00:54:033 BitSetIdGenerator: extracted 5 ids.
INFO 00:00:54:033 BitSetIdGenerator: 102912 id's available.
INFO 00:00:54:033 IdFactory: prepare guilds ids...
INFO 00:00:54:034 BitSetIdGenerator: extracted 1 ids.
INFO 00:00:54:034 BitSetIdGenerator: 102912 id's available.
INFO 00:00:54:034 IdFactory: prepare item ids...
INFO 00:00:54:035 BitSetIdGenerator: extracted 118 ids.
WARNING 00:00:54:035 BitSetIdGenerator: objectId 1 in DB is less than minimum ID of 268435456.
INFO 00:00:54:036 BitSetIdGenerator: 102912 id's available.
INFO 00:00:54:055 ServerVarManager: loaded 0 variables.
INFO 00:00:54:060 BossSpawnManager: loaded 0 boss spawns.
INFO 00:00:56:003 TerritoryTable: loaded 160 territories for 18803 regions.
WARNING 00:00:56:023 DocumentWorldZone: incorrect file .\data\zones.xml
WARNING 00:00:56:023 DocumentWorldZone: NumberFormatException : For input string: "8468.0605" : stack trace:
java.lang.NumberFormatException.forInputString(NumberFormatException.java:65)
java.lang.Integer.parseInt(Integer.java:580)
java.lang.Integer.parseInt(Integer.java:615)
rlib.util.VarTable.getInteger(VarTable.java:729)
tera.gameserver.document.DocumentWorldZone.parsePoints(DocumentWorldZone.java:79)
tera.gameserver.document.DocumentWorldZone.parseZone(DocumentWorldZone.java:125)
tera.gameserver.document.DocumentWorldZone.parse(DocumentWorldZone.java:46)
rlib.data.AbstractDocument.parse(AbstractDocument.java:67)
tera.gameserver.tables.WorldZoneTable.<init>(WorldZoneTable.java:49)
tera.gameserver.tables.WorldZoneTable.getInstance(WorldZoneTable.java:37)
tera.gameserver.GameServer.run(GameServer.java:210)

INFO 00:00:59:177 WorldZoneTable: loaded 10 world zones for 31975 regions.
INFO 00:00:59:180 ConditionParser: initializable.
WARNING 00:00:59:858 SkillTable: detected once the file D:\Documents\Documents\Java\Tera Server\.\data\skills\summon_skills\deprecated.zip
INFO 00:00:59:876 SkillTable: loaded 4613 skills for 19 classes.
INFO 00:01:00:380 ItemTable: loaded 10138 items.
INFO 00:01:00:397 Race: race appearances initializable.
INFO 00:01:00:405 PlayerTable: loaded 104 player templates.
WARNING 00:01:00:651 DropTable: not found items [50048]
INFO 00:01:00:651 DropTable: load drop for 407 npcs and 126 for resourse.
INFO 00:01:00:659 TownTable: initialized.
WARNING 00:01:00:689 NpcDialogTable: detected once the file D:\Documents\Documents\Java\Tera Server\.\data\dialogs\dialogs.txt
INFO 00:01:00:727 NpcDialogTable: loaded 86 dialogs.
INFO 00:01:00:735 MessagePackageTable: loaded 34 message packages.
INFO 00:01:00:792 ConfigAITable: loaded 45 npc ai configs.
INFO 00:01:00:808 NpcAppearanceTable: initialized. Loaded 59 appearances.
WARNING 00:01:00:939 NpcTable: detected once the file D:\Documents\Documents\Java\Tera Server\.\data\npcs\summons\playable_summons.zip
INFO 00:01:00:947 NpcTable: loaded  816 npcs.
INFO 00:01:00:960 ResourseTable: loaded  253 resourses.
INFO 00:01:00:974 MinionTable: loaded 303 minions for 42 npcs.
INFO 00:01:00:975 RegenTaskManager: initializable.
INFO 00:01:00:983 Formulas: initialized.
INFO 00:01:00:984 EffectTaskManager: initialized.
INFO 00:01:01:387 ObjectEventManager: initialized.
INFO 00:01:01:388 MoveTaskManager: initialized.
INFO 00:01:01:867 SpawnTable: loaded 19507 spawns for 617 npcs and 2013 spawns for 60 resourses.
INFO 00:01:01:881 GeoMap3D: start fast import geodata_1.dat
INFO 00:01:02:891 GeoMap3D: import ended. load 1867238 quards.
INFO 00:01:02:892 GeoMap3D: start fast import geodata_2.dat
INFO 00:01:02:980 GeoMap3D: import ended. load 440227 quards.
INFO 00:01:02:981 GeoMap3D: start fast import geodata_3.dat
INFO 00:01:03:971 GeoMap3D: import ended. load 58040 quards.
INFO 00:01:03:972 GeoManager: initialized.
INFO 00:01:03:980 ItemExecutorManager: loaded 0 executor items.
INFO 00:01:04:002 CommandManager: loaded 94 commands.
INFO 00:01:04:016 SkillLearnManager: loaded 950 skill learn's for 8 clases.
INFO 00:01:04:020 AnnounceManager: loaded 0 start announces and 0 running announces.
INFO 00:01:04:023 AccountManager: initialized.
INFO 00:01:04:051 GuildManager: loaded 1 guilds.
INFO 00:01:04:344 QuestManager: loaded 455 quests.
INFO 00:01:04:346 OnlineManager: initialized.
INFO 00:01:04:369 GameLogManager: initialized.
INFO 00:01:04:463 Region: next battle "Veritas District" in 2018.04.22 16:00.
INFO 00:01:04:465 Region: next battle "Ostgarath" in 2018.04.22 16:00.
INFO 00:01:04:468 Region: next battle "Val Palrada" in 2018.04.21 20:00.
INFO 00:01:04:470 Region: next battle "Val Aureum" in 2018.04.21 20:00.
INFO 00:01:04:470 EventManager: loaded 5 events.
INFO 00:01:05:104 EventManager: the nearest event in 47 minutes.
INFO 00:01:05:113 PlayerManager: initialized.
INFO 00:01:05:191 Network: started.
INFO 00:01:05:191 GameServer: started.
