INFO 19:21:14:082 ServerControl: open server socket on 2101 port.
INFO 19:21:14:107 ExecutorManager: initialized.
INFO 19:21:17:202 CleaningManager: delete 0 reuses from a character_skill_reuses.
INFO 19:21:17:204 CleaningManager: delete 0 spawns from a boss_spawn.
INFO 19:21:17:205 CleaningManager: delete 0 appearances from a character_appearances.
INFO 19:21:17:207 CleaningManager: delete 0 effects from a character_save_effects.
INFO 19:21:17:208 CleaningManager: delete 0 inventors from a character_inventors.
INFO 19:21:17:209 CleaningManager: delete 0 skills from a character_skills.
INFO 19:21:17:210 CleaningManager: delete 0 hotkeys from a character_hotkey.
INFO 19:21:17:211 CleaningManager: delete 0 chars from a character_friends.
INFO 19:21:17:213 CleaningManager: delete 0 friends from a character_friends.
INFO 19:21:17:213 CleaningManager: delete 0 settings from a character_settings.
INFO 19:21:17:214 CleaningManager: delete 0 empty items from a items.
INFO 19:21:17:215 CleaningManager: delete 0 no owner items from a items.
INFO 19:21:17:217 CleaningManager: delete 0 no owner guild items from a items.
INFO 19:21:17:326 CleaningManager: create buffer table items.
INFO 19:21:17:333 CleaningManager: copy 0 items to buffer_items.
INFO 19:21:17:336 CleaningManager: delete 0 no owner items from a buffer_items.
INFO 19:21:17:372 CleaningManager: drop buffer table items.
INFO 19:21:17:373 CleaningManager: delete 0 from a quests.
INFO 19:21:17:375 CleaningManager: delete 0 from a quest variables.
INFO 19:21:17:376 CleaningManager: delete 0 from a guild ranks.
INFO 19:21:17:935 ClientPacketType: client packets prepared.
INFO 19:21:18:139 EffectParser: initialized.
INFO 19:21:18:157 RandomManager: initialized.
INFO 19:21:18:161 IdFactory: prepare npc ids...
INFO 19:21:18:180 BitSetIdGenerator: 102912 id's available.
INFO 19:21:18:181 IdFactory: prepare objects ids...
INFO 19:21:18:182 BitSetIdGenerator: 102912 id's available.
INFO 19:21:18:182 IdFactory: prepare players ids...
INFO 19:21:18:195 BitSetIdGenerator: extracted 0 ids.
INFO 19:21:18:195 BitSetIdGenerator: 102912 id's available.
INFO 19:21:18:196 IdFactory: prepare guilds ids...
INFO 19:21:18:197 BitSetIdGenerator: extracted 0 ids.
INFO 19:21:18:198 BitSetIdGenerator: 102912 id's available.
INFO 19:21:18:198 IdFactory: prepare item ids...
INFO 19:21:18:199 BitSetIdGenerator: extracted 0 ids.
INFO 19:21:18:200 BitSetIdGenerator: 102912 id's available.
INFO 19:21:18:318 ServerVarManager: loaded 0 variables.
INFO 19:21:18:357 BossSpawnManager: loaded 0 boss spawns.
INFO 19:21:23:327 TerritoryTable: loaded 160 territories for 18803 regions.
INFO 19:21:30:520 WorldZoneTable: loaded 12 world zones for 31986 regions.
INFO 19:21:30:536 ConditionParser: initializable.
WARNING 19:21:36:122 SkillTable: detected once the file D:\Documents\Documents\Java\Tera Server\.\data\skills\summon_skills\deprecated.zip
INFO 19:21:36:246 SkillTable: loaded 4613 skills for 19 classes.
INFO 19:21:39:293 ItemTable: loaded 10138 items.
INFO 19:21:39:329 Race: race appearances initializable.
INFO 19:21:39:351 PlayerTable: loaded 104 player templates.
WARNING 19:21:40:620 DropTable: not found items [50048]
INFO 19:21:40:620 DropTable: load drop for 407 npcs and 126 for resourse.
INFO 19:21:40:654 TownTable: initialized.
WARNING 19:21:40:764 NpcDialogTable: detected once the file D:\Documents\Documents\Java\Tera Server\.\data\dialogs\dialogs.txt
INFO 19:21:40:926 NpcDialogTable: loaded 88 dialogs.
INFO 19:21:40:938 MessagePackageTable: loaded 34 message packages.
INFO 19:21:41:010 ConfigAITable: loaded 45 npc ai configs.
INFO 19:21:41:031 NpcAppearanceTable: initialized. Loaded 59 appearances.
WARNING 19:21:41:543 NpcTable: detected once the file D:\Documents\Documents\Java\Tera Server\.\data\npcs\summons\playable_summons.zip
INFO 19:21:41:582 NpcTable: loaded  816 npcs.
INFO 19:21:41:676 ResourseTable: loaded  253 resourses.
INFO 19:21:41:729 MinionTable: loaded 303 minions for 42 npcs.
INFO 19:21:41:732 RegenTaskManager: initializable.
INFO 19:21:41:772 Formulas: initialized.
INFO 19:21:41:787 EffectTaskManager: initialized.
INFO 19:21:44:025 ObjectEventManager: initialized.
INFO 19:21:44:027 MoveTaskManager: initialized.
INFO 19:21:49:077 SpawnTable: loaded 19515 spawns for 617 npcs and 2013 spawns for 60 resourses.
INFO 19:21:49:130 GeoMap3D: start fast import geodata_1.dat
INFO 19:21:50:335 GeoMap3D: import ended. load 1867238 quards.
INFO 19:21:50:336 GeoMap3D: start fast import geodata_2.dat
INFO 19:21:50:757 GeoMap3D: import ended. load 440227 quards.
INFO 19:21:50:760 GeoMap3D: start fast import geodata_3.dat
INFO 19:21:50:934 GeoMap3D: import ended. load 58040 quards.
INFO 19:21:50:935 GeoManager: initialized.
INFO 19:21:51:046 ItemExecutorManager: loaded 0 executor items.
INFO 19:21:51:195 CommandManager: loaded 94 commands.
INFO 19:21:51:327 SkillLearnManager: loaded 950 skill learn's for 8 clases.
INFO 19:21:51:342 AnnounceManager: loaded 0 start announces and 0 running announces.
INFO 19:21:51:351 AccountManager: initialized.
INFO 19:21:51:389 GuildManager: loaded 0 guilds.
INFO 19:21:54:358 QuestManager: loaded 455 quests.
INFO 19:21:54:389 OnlineManager: initialized.
INFO 19:21:54:409 GameLogManager: initialized.
INFO 19:21:55:207 Region: next battle "Veritas District" in 2018.12.16 15:00.
INFO 19:21:55:298 Region: next battle "Ostgarath" in 2018.12.16 15:00.
INFO 19:21:55:314 Region: next battle "Val Palrada" in 2018.12.15 19:00.
INFO 19:21:55:331 Region: next battle "Val Aureum" in 2018.12.15 19:00.
INFO 19:21:55:332 EventManager: loaded 5 events.
INFO 19:21:56:029 EventManager: the nearest event in 52 minutes.
INFO 19:21:56:086 PlayerManager: initialized.
INFO 19:21:56:137 Network: started.
INFO 19:21:56:138 GameServer: started.
