INFO 23:41:17:695 ServerControl: open server socket on 2101 port.
INFO 23:41:17:727 ExecutorManager: initialized.
INFO 23:41:22:230 CleaningManager: delete 0 reuses from a character_skill_reuses.
INFO 23:41:22:233 CleaningManager: delete 0 spawns from a boss_spawn.
INFO 23:41:22:236 CleaningManager: delete 0 appearances from a character_appearances.
INFO 23:41:22:238 CleaningManager: delete 0 effects from a character_save_effects.
INFO 23:41:22:240 CleaningManager: delete 0 inventors from a character_inventors.
INFO 23:41:22:243 CleaningManager: delete 0 skills from a character_skills.
INFO 23:41:22:244 CleaningManager: delete 0 hotkeys from a character_hotkey.
INFO 23:41:22:246 CleaningManager: delete 0 chars from a character_friends.
INFO 23:41:22:248 CleaningManager: delete 0 friends from a character_friends.
INFO 23:41:22:250 CleaningManager: delete 0 settings from a character_settings.
INFO 23:41:22:251 CleaningManager: delete 0 empty items from a items.
INFO 23:41:22:253 CleaningManager: delete 0 no owner items from a items.
INFO 23:41:22:254 CleaningManager: delete 0 no owner guild items from a items.
INFO 23:41:22:298 CleaningManager: create buffer table items.
INFO 23:41:22:301 CleaningManager: copy 6 items to buffer_items.
INFO 23:41:22:302 CleaningManager: delete 0 no owner items from a buffer_items.
INFO 23:41:22:326 CleaningManager: drop buffer table items.
INFO 23:41:22:327 CleaningManager: delete 0 from a quests.
INFO 23:41:22:328 CleaningManager: delete 0 from a quest variables.
INFO 23:41:22:329 CleaningManager: delete 0 from a guild ranks.
INFO 23:41:22:687 ClientPacketType: client packets prepared.
INFO 23:41:22:939 EffectParser: initialized.
INFO 23:41:22:954 RandomManager: initialized.
INFO 23:41:22:958 IdFactory: prepare npc ids...
INFO 23:41:23:011 BitSetIdGenerator: 102912 id's available.
INFO 23:41:23:017 IdFactory: prepare objects ids...
INFO 23:41:23:041 BitSetIdGenerator: 102912 id's available.
INFO 23:41:23:042 IdFactory: prepare players ids...
INFO 23:41:23:111 BitSetIdGenerator: extracted 1 ids.
INFO 23:41:23:113 BitSetIdGenerator: 102912 id's available.
INFO 23:41:23:114 IdFactory: prepare guilds ids...
INFO 23:41:23:121 BitSetIdGenerator: extracted 0 ids.
INFO 23:41:23:122 BitSetIdGenerator: 102912 id's available.
INFO 23:41:23:123 IdFactory: prepare item ids...
INFO 23:41:23:126 BitSetIdGenerator: extracted 6 ids.
INFO 23:41:23:127 BitSetIdGenerator: 102912 id's available.
INFO 23:41:23:205 ServerVarManager: loaded 0 variables.
INFO 23:41:23:219 BossSpawnManager: loaded 0 boss spawns.
INFO 23:41:29:113 TerritoryTable: loaded 160 territories for 18803 regions.
INFO 23:41:35:914 WorldZoneTable: loaded 12 world zones for 31986 regions.
INFO 23:41:35:921 ConditionParser: initializable.
WARNING 23:41:40:301 SkillTable: detected once the file D:\Documents\Documents\Java\Tera Server\.\data\skills\summon_skills\deprecated.zip
INFO 23:41:40:429 SkillTable: loaded 4613 skills for 19 classes.
INFO 23:41:43:364 ItemTable: loaded 10138 items.
INFO 23:41:43:505 Race: race appearances initializable.
INFO 23:41:43:606 PlayerTable: loaded 104 player templates.
WARNING 23:41:45:048 DropTable: not found items [50048]
INFO 23:41:45:048 DropTable: load drop for 407 npcs and 126 for resourse.
INFO 23:41:45:060 TownTable: initialized.
WARNING 23:41:45:213 NpcDialogTable: detected once the file D:\Documents\Documents\Java\Tera Server\.\data\dialogs\dialogs.txt
INFO 23:41:45:656 NpcDialogTable: loaded 88 dialogs.
INFO 23:41:45:676 MessagePackageTable: loaded 34 message packages.
INFO 23:41:46:003 ConfigAITable: loaded 45 npc ai configs.
INFO 23:41:46:086 NpcAppearanceTable: initialized. Loaded 59 appearances.
WARNING 23:41:46:685 NpcTable: detected once the file D:\Documents\Documents\Java\Tera Server\.\data\npcs\summons\playable_summons.zip
INFO 23:41:46:712 NpcTable: loaded  816 npcs.
INFO 23:41:46:780 ResourseTable: loaded  253 resourses.
INFO 23:41:46:904 MinionTable: loaded 303 minions for 42 npcs.
INFO 23:41:46:907 RegenTaskManager: initializable.
INFO 23:41:46:930 Formulas: initialized.
INFO 23:41:46:933 EffectTaskManager: initialized.
INFO 23:41:48:270 ObjectEventManager: initialized.
INFO 23:41:48:273 MoveTaskManager: initialized.
INFO 23:41:52:177 SpawnTable: loaded 19515 spawns for 617 npcs and 2013 spawns for 60 resourses.
INFO 23:41:52:433 GeoMap3D: start fast import geodata_1.dat
INFO 23:41:54:045 GeoMap3D: import ended. load 1867238 quards.
INFO 23:41:54:047 GeoMap3D: start fast import geodata_2.dat
INFO 23:41:54:546 GeoMap3D: import ended. load 440227 quards.
INFO 23:41:54:548 GeoMap3D: start fast import geodata_3.dat
INFO 23:41:54:576 GeoMap3D: import ended. load 58040 quards.
INFO 23:41:54:577 GeoManager: initialized.
INFO 23:41:54:602 ItemExecutorManager: loaded 0 executor items.
INFO 23:41:54:848 CommandManager: loaded 94 commands.
INFO 23:41:54:872 SkillLearnManager: loaded 950 skill learn's for 8 clases.
INFO 23:41:54:917 AnnounceManager: loaded 0 start announces and 0 running announces.
INFO 23:41:54:938 AccountManager: initialized.
INFO 23:41:54:965 GuildManager: loaded 0 guilds.
INFO 23:41:56:184 QuestManager: loaded 455 quests.
INFO 23:41:56:264 OnlineManager: initialized.
INFO 23:41:56:303 GameLogManager: initialized.
INFO 23:41:57:498 Region: next battle "Veritas District" in 2018.12.16 15:00.
INFO 23:41:57:575 Region: next battle "Ostgarath" in 2018.12.16 15:00.
INFO 23:41:57:595 Region: next battle "Val Palrada" in 2018.12.15 19:00.
INFO 23:41:57:605 Region: next battle "Val Aureum" in 2018.12.15 19:00.
INFO 23:41:57:605 EventManager: loaded 5 events.
INFO 23:41:58:327 EventManager: the nearest event in 42 minutes.
INFO 23:41:58:432 PlayerManager: initialized.
INFO 23:41:58:497 Network: started.
INFO 23:41:58:497 GameServer: started.
INFO 23:42:03:536 AccountManager: authed admin
INFO 23:47:14:651 AccountManager: close admin
