INFO 00:01:11:522 ServerControl: open server socket on 2101 port.
INFO 00:01:11:623 ExecutorManager: initialized.
INFO 00:01:12:322 CleaningManager: delete 0 reuses from a character_skill_reuses.
INFO 00:01:12:322 CleaningManager: delete 0 spawns from a boss_spawn.
INFO 00:01:12:323 CleaningManager: delete 0 appearances from a character_appearances.
INFO 00:01:12:324 CleaningManager: delete 0 effects from a character_save_effects.
INFO 00:01:12:325 CleaningManager: delete 0 inventors from a character_inventors.
INFO 00:01:12:326 CleaningManager: delete 0 skills from a character_skills.
INFO 00:01:12:327 CleaningManager: delete 0 hotkeys from a character_hotkey.
INFO 00:01:12:327 CleaningManager: delete 0 chars from a character_friends.
INFO 00:01:12:329 CleaningManager: delete 0 friends from a character_friends.
INFO 00:01:12:330 CleaningManager: delete 0 settings from a character_settings.
INFO 00:01:12:330 CleaningManager: delete 0 empty items from a items.
INFO 00:01:12:331 CleaningManager: delete 0 no owner items from a items.
INFO 00:01:12:332 CleaningManager: delete 0 no owner guild items from a items.
INFO 00:01:12:358 CleaningManager: create buffer table items.
INFO 00:01:12:361 CleaningManager: copy 118 items to buffer_items.
INFO 00:01:12:362 CleaningManager: delete 0 no owner items from a buffer_items.
INFO 00:01:12:381 CleaningManager: drop buffer table items.
INFO 00:01:12:382 CleaningManager: delete 0 from a quests.
INFO 00:01:12:383 CleaningManager: delete 0 from a quest variables.
INFO 00:01:12:383 CleaningManager: delete 0 from a guild ranks.
INFO 00:01:12:522 ClientPacketType: client packets prepared.
INFO 00:01:12:567 EffectParser: initialized.
INFO 00:01:12:572 RandomManager: initialized.
INFO 00:01:12:573 IdFactory: prepare npc ids...
INFO 00:01:12:577 BitSetIdGenerator: 102912 id's available.
INFO 00:01:12:578 IdFactory: prepare objects ids...
INFO 00:01:12:578 BitSetIdGenerator: 102912 id's available.
INFO 00:01:12:578 IdFactory: prepare players ids...
INFO 00:01:12:584 BitSetIdGenerator: extracted 4 ids.
INFO 00:01:12:584 BitSetIdGenerator: 102912 id's available.
INFO 00:01:12:584 IdFactory: prepare guilds ids...
INFO 00:01:12:585 BitSetIdGenerator: extracted 1 ids.
INFO 00:01:12:585 BitSetIdGenerator: 102912 id's available.
INFO 00:01:12:585 IdFactory: prepare item ids...
INFO 00:01:12:587 BitSetIdGenerator: extracted 118 ids.
WARNING 00:01:12:587 BitSetIdGenerator: objectId 1 in DB is less than minimum ID of 268435456.
INFO 00:01:12:587 BitSetIdGenerator: 102912 id's available.
INFO 00:01:12:607 ServerVarManager: loaded 0 variables.
INFO 00:01:12:613 BossSpawnManager: loaded 0 boss spawns.
INFO 00:01:14:890 TerritoryTable: loaded 160 territories for 18803 regions.
INFO 00:01:18:022 WorldZoneTable: loaded 9 world zones for 31887 regions.
INFO 00:01:18:024 ConditionParser: initializable.
WARNING 00:01:18:691 SkillTable: detected once the file D:\Documents\Documents\Java\Tera Server\.\data\skills\summon_skills\deprecated.zip
INFO 00:01:18:714 SkillTable: loaded 4613 skills for 19 classes.
INFO 00:01:19:338 ItemTable: loaded 10137 items.
INFO 00:01:19:356 Race: race appearances initializable.
INFO 00:01:19:367 PlayerTable: loaded 104 player templates.
WARNING 00:01:19:724 DropTable: not found items [50048]
INFO 00:01:19:724 DropTable: load drop for 407 npcs and 126 for resourse.
INFO 00:01:19:739 TownTable: initialized.
WARNING 00:01:19:800 NpcDialogTable: detected once the file D:\Documents\Documents\Java\Tera Server\.\data\dialogs\dialogs.txt
INFO 00:01:19:859 NpcDialogTable: loaded 83 dialogs.
INFO 00:01:19:872 MessagePackageTable: loaded 34 message packages.
INFO 00:01:19:945 ConfigAITable: loaded 45 npc ai configs.
INFO 00:01:19:971 NpcAppearanceTable: initialized. Loaded 59 appearances.
WARNING 00:01:20:088 NpcTable: found duplicate npc template NpcTemplate npcId = 7011, exp = 1000000, attack = 400000, defense = 3500, owerAttack = 3000, owerDefense = 30000, level = 60, aggro = 120, factionRange = 0, name = Linyphi, title = , factionId = , type = 51, isRaid = false, canDrop = false, drop = null, minions = null, dialog = null, geomRadius = 90.0, geomHeight = 160.0, npcType = RAID_BOSS in file .\data\npcs\raid_boss.xml
WARNING 00:01:20:155 NpcTable: detected once the file D:\Documents\Documents\Java\Tera Server\.\data\npcs\summons\playable_summons.zip
INFO 00:01:20:167 NpcTable: loaded  815 npcs.
INFO 00:01:20:185 ResourseTable: loaded  253 resourses.
INFO 00:01:20:206 MinionTable: loaded 303 minions for 42 npcs.
INFO 00:01:20:207 RegenTaskManager: initializable.
INFO 00:01:20:219 Formulas: initialized.
INFO 00:01:20:220 EffectTaskManager: initialized.
INFO 00:01:20:781 ObjectEventManager: initialized.
INFO 00:01:20:782 MoveTaskManager: initialized.
INFO 00:01:21:385 SpawnTable: loaded 19474 spawns for 616 npcs and 2013 spawns for 60 resourses.
INFO 00:01:21:399 GeoMap3D: start fast import geodata_1.dat
INFO 00:01:22:448 GeoMap3D: import ended. load 1867238 quards.
INFO 00:01:22:449 GeoMap3D: start fast import geodata_2.dat
INFO 00:01:22:499 GeoMap3D: import ended. load 440227 quards.
INFO 00:01:22:500 GeoMap3D: start fast import geodata_3.dat
INFO 00:01:23:658 GeoMap3D: import ended. load 58041 quards.
INFO 00:01:23:658 GeoManager: initialized.
INFO 00:01:23:664 ItemExecutorManager: loaded 0 executor items.
INFO 00:01:23:681 CommandManager: loaded 94 commands.
INFO 00:01:23:695 SkillLearnManager: loaded 950 skill learn's for 8 clases.
INFO 00:01:23:699 AnnounceManager: loaded 0 start announces and 0 running announces.
INFO 00:01:23:702 AccountManager: initialized.
INFO 00:01:23:727 GuildManager: loaded 1 guilds.
INFO 00:01:24:040 QuestManager: loaded 455 quests.
INFO 00:01:24:044 OnlineManager: initialized.
INFO 00:01:24:068 GameLogManager: initialized.
INFO 00:01:24:202 Region: next battle "Veritas District" in 2018.04.15 16:00.
INFO 00:01:24:204 Region: next battle "Ostgarath" in 2018.04.15 16:00.
INFO 00:01:24:207 Region: next battle "Val Palrada" in 2018.04.14 20:00.
INFO 00:01:24:210 Region: next battle "Val Aureum" in 2018.04.14 20:00.
INFO 00:01:24:210 EventManager: loaded 5 events.
INFO 00:01:24:908 EventManager: the nearest event in 51 minutes.
INFO 00:01:24:917 PlayerManager: initialized.
INFO 00:01:25:006 Network: started.
INFO 00:01:25:006 GameServer: started.
WARNING 00:01:26:191 ClientConnection: not found packet for opcode 4DBC
20 00 BC 4D 02 00 08 00 08 00 14 00 00 00 00 00    ..¼M............
94 5F 03 00 14 00 00 00 01 00 00 00 DC 5F 03 00    _..........Ü_..
41 00 A4 78 13 00 21 00 20 00 00 00 00 00 00 02    A.¤x..!.........
00 00 00 44 00 61 00 72 00 6B 00 7A 00 61 00 00    ...D.a.r.k.z.a..
00 34 66 65 37 36 37 38 61 38 31 62 61 37 63 37    .4fe7678a81ba7c7
64 62 32 36 39 63 37 37 62 35 64 64 37 38 31 63    db269c77b5dd781c
61                                                 a...............

INFO 00:01:26:197 AccountManager: authed Darkza
WARNING 00:01:26:208 ClientConnection: not found packet for opcode F4FE
08 00 FE F4 E8 03 00 00                            ..þôè...........

WARNING 00:01:26:208 ClientConnection: not found packet for opcode CD71
BC 00 71 CD 12 00 38 00 8C 00 AF 3F 00 00 80 00    ¼.qÍ..8..¯?...
00 00 57 00 69 00 6E 00 64 00 6F 00 77 00 73 00    ..W.i.n.d.o.w.s.
20 00 37 00 20 00 28 00 78 00 36 00 34 00 29 00    ..7...(.x.6.4.).
20 00 0D 00 0A 00 00 00 49 00 6E 00 74 00 65 00    ........I.n.t.e.
6C 00 28 00 52 00 29 00 20 00 43 00 6F 00 72 00    l.(.R.)...C.o.r.
65 00 28 00 54 00 4D 00 29 00 20 00 69 00 37 00    e.(.T.M.)...i.7.
2D 00 34 00 37 00 31 00 30 00 48 00 51 00 20 00    -.4.7.1.0.H.Q...
43 00 50 00 55 00 20 00 40 00 20 00 32 00 2E 00    C.P.U...@...2...
35 00 30 00 47 00 48 00 7A 00 00 00 4E 00 56 00    5.0.G.H.z...N.V.
49 00 44 00 49 00 41 00 20 00 47 00 65 00 46 00    I.D.I.A...G.e.F.
6F 00 72 00 63 00 65 00 20 00 47 00 54 00 58 00    o.r.c.e...G.T.X.
20 00 38 00 37 00 30 00 4D 00 00 00                ..8.7.0.M.......

WARNING 00:01:36:314 ClientConnection: not found packet for opcode 9C2E
04 00 2E 9C                                        ...............

WARNING 00:02:38:719 ClientConnection: not found packet for opcode 52A2
10 00 A2 52 00 00 00 00 02 00 00 00 00 00 00 00    ..¢R............

WARNING 00:03:04:513 ClientConnection: not found packet for opcode 52A2
10 00 A2 52 00 00 00 00 02 00 00 00 00 00 00 00    ..¢R............

WARNING 00:03:39:830 ClientConnection: not found packet for opcode 52A2
10 00 A2 52 00 00 00 00 02 00 00 00 00 00 00 00    ..¢R............

INFO 00:03:46:894 AccountManager: close Darkza
