INFO 23:42:54:636 ServerControl: open server socket on 2101 port.
INFO 23:42:54:727 ExecutorManager: initialized.
INFO 23:42:55:420 CleaningManager: delete 0 reuses from a character_skill_reuses.
INFO 23:42:55:423 CleaningManager: delete 0 spawns from a boss_spawn.
INFO 23:42:55:424 CleaningManager: delete 0 appearances from a character_appearances.
INFO 23:42:55:425 CleaningManager: delete 0 effects from a character_save_effects.
INFO 23:42:55:426 CleaningManager: delete 0 inventors from a character_inventors.
INFO 23:42:55:427 CleaningManager: delete 0 skills from a character_skills.
INFO 23:42:55:427 CleaningManager: delete 0 hotkeys from a character_hotkey.
INFO 23:42:55:428 CleaningManager: delete 0 chars from a character_friends.
INFO 23:42:55:430 CleaningManager: delete 0 friends from a character_friends.
INFO 23:42:55:430 CleaningManager: delete 0 settings from a character_settings.
INFO 23:42:55:431 CleaningManager: delete 0 empty items from a items.
INFO 23:42:55:432 CleaningManager: delete 0 no owner items from a items.
INFO 23:42:55:433 CleaningManager: delete 0 no owner guild items from a items.
INFO 23:42:55:466 CleaningManager: create buffer table items.
INFO 23:42:55:469 CleaningManager: copy 118 items to buffer_items.
INFO 23:42:55:470 CleaningManager: delete 0 no owner items from a buffer_items.
INFO 23:42:55:484 CleaningManager: drop buffer table items.
INFO 23:42:55:484 CleaningManager: delete 0 from a quests.
INFO 23:42:55:485 CleaningManager: delete 0 from a quest variables.
INFO 23:42:55:486 CleaningManager: delete 0 from a guild ranks.
INFO 23:42:55:613 ClientPacketType: client packets prepared.
INFO 23:42:55:727 EffectParser: initialized.
INFO 23:42:55:733 RandomManager: initialized.
INFO 23:42:55:734 IdFactory: prepare npc ids...
INFO 23:42:55:739 BitSetIdGenerator: 102912 id's available.
INFO 23:42:55:739 IdFactory: prepare objects ids...
INFO 23:42:55:739 BitSetIdGenerator: 102912 id's available.
INFO 23:42:55:739 IdFactory: prepare players ids...
INFO 23:42:55:745 BitSetIdGenerator: extracted 5 ids.
INFO 23:42:55:745 BitSetIdGenerator: 102912 id's available.
INFO 23:42:55:745 IdFactory: prepare guilds ids...
INFO 23:42:55:746 BitSetIdGenerator: extracted 1 ids.
INFO 23:42:55:746 BitSetIdGenerator: 102912 id's available.
INFO 23:42:55:746 IdFactory: prepare item ids...
INFO 23:42:55:748 BitSetIdGenerator: extracted 118 ids.
WARNING 23:42:55:748 BitSetIdGenerator: objectId 1 in DB is less than minimum ID of 268435456.
INFO 23:42:55:748 BitSetIdGenerator: 102912 id's available.
INFO 23:42:55:772 ServerVarManager: loaded 0 variables.
INFO 23:42:55:776 BossSpawnManager: loaded 0 boss spawns.
INFO 23:42:58:096 TerritoryTable: loaded 160 territories for 18803 regions.
