INFO 21:28:37:089 ServerControl: open server socket on 2101 port.
INFO 21:28:37:102 ExecutorManager: initialized.
INFO 21:28:39:015 CleaningManager: delete 0 reuses from a character_skill_reuses.
INFO 21:28:39:017 CleaningManager: delete 0 spawns from a boss_spawn.
INFO 21:28:39:019 CleaningManager: delete 0 appearances from a character_appearances.
INFO 21:28:39:023 CleaningManager: delete 0 effects from a character_save_effects.
INFO 21:28:39:025 CleaningManager: delete 0 inventors from a character_inventors.
INFO 21:28:39:029 CleaningManager: delete 0 skills from a character_skills.
INFO 21:28:39:032 CleaningManager: delete 0 hotkeys from a character_hotkey.
INFO 21:28:39:037 CleaningManager: delete 0 chars from a character_friends.
INFO 21:28:39:043 CleaningManager: delete 0 friends from a character_friends.
INFO 21:28:39:047 CleaningManager: delete 0 settings from a character_settings.
INFO 21:28:39:050 CleaningManager: delete 0 empty items from a items.
INFO 21:28:39:055 CleaningManager: delete 0 no owner items from a items.
INFO 21:28:39:060 CleaningManager: delete 0 no owner guild items from a items.
INFO 21:28:39:117 CleaningManager: create buffer table items.
INFO 21:28:39:121 CleaningManager: copy 0 items to buffer_items.
INFO 21:28:39:122 CleaningManager: delete 0 no owner items from a buffer_items.
INFO 21:28:39:137 CleaningManager: drop buffer table items.
INFO 21:28:39:138 CleaningManager: delete 0 from a quests.
INFO 21:28:39:139 CleaningManager: delete 0 from a quest variables.
INFO 21:28:39:140 CleaningManager: delete 0 from a guild ranks.
INFO 21:28:39:365 ClientPacketType: client packets prepared.
INFO 21:28:39:431 EffectParser: initialized.
INFO 21:28:39:439 RandomManager: initialized.
INFO 21:28:39:441 IdFactory: prepare npc ids...
INFO 21:28:39:450 BitSetIdGenerator: 102912 id's available.
INFO 21:28:39:451 IdFactory: prepare objects ids...
INFO 21:28:39:452 BitSetIdGenerator: 102912 id's available.
INFO 21:28:39:452 IdFactory: prepare players ids...
INFO 21:28:39:461 BitSetIdGenerator: extracted 0 ids.
INFO 21:28:39:461 BitSetIdGenerator: 102912 id's available.
INFO 21:28:39:462 IdFactory: prepare guilds ids...
INFO 21:28:39:463 BitSetIdGenerator: extracted 0 ids.
INFO 21:28:39:463 BitSetIdGenerator: 102912 id's available.
INFO 21:28:39:464 IdFactory: prepare item ids...
INFO 21:28:39:465 BitSetIdGenerator: extracted 0 ids.
INFO 21:28:39:465 BitSetIdGenerator: 102912 id's available.
INFO 21:28:39:519 ServerVarManager: loaded 0 variables.
INFO 21:28:39:528 BossSpawnManager: loaded 0 boss spawns.
INFO 21:28:42:640 TerritoryTable: loaded 160 territories for 18803 regions.
INFO 21:28:45:701 WorldZoneTable: loaded 12 world zones for 31986 regions.
INFO 21:28:45:703 ConditionParser: initializable.
WARNING 21:28:48:054 SkillTable: detected once the file D:\Documents\Documents\Java\Tera Server\.\data\skills\summon_skills\deprecated.zip
INFO 21:28:48:151 SkillTable: loaded 4613 skills for 19 classes.
INFO 21:28:49:796 ItemTable: loaded 10138 items.
INFO 21:28:49:821 Race: race appearances initializable.
INFO 21:28:49:834 PlayerTable: loaded 104 player templates.
WARNING 21:28:51:388 DropTable: not found items [50048]
INFO 21:28:51:388 DropTable: load drop for 407 npcs and 126 for resourse.
INFO 21:28:51:403 TownTable: initialized.
WARNING 21:28:51:474 NpcDialogTable: detected once the file D:\Documents\Documents\Java\Tera Server\.\data\dialogs\dialogs.txt
INFO 21:28:51:592 NpcDialogTable: loaded 88 dialogs.
INFO 21:28:51:609 MessagePackageTable: loaded 34 message packages.
INFO 21:28:51:791 ConfigAITable: loaded 45 npc ai configs.
INFO 21:28:51:843 NpcAppearanceTable: initialized. Loaded 59 appearances.
WARNING 21:28:52:280 NpcTable: detected once the file D:\Documents\Documents\Java\Tera Server\.\data\npcs\summons\playable_summons.zip
INFO 21:28:52:331 NpcTable: loaded  816 npcs.
INFO 21:28:52:437 ResourseTable: loaded  253 resourses.
INFO 21:28:52:476 MinionTable: loaded 303 minions for 42 npcs.
INFO 21:28:52:477 RegenTaskManager: initializable.
INFO 21:28:52:494 Formulas: initialized.
INFO 21:28:52:497 EffectTaskManager: initialized.
INFO 21:28:53:861 ObjectEventManager: initialized.
INFO 21:28:53:863 MoveTaskManager: initialized.
INFO 21:28:56:679 SpawnTable: loaded 19515 spawns for 617 npcs and 2013 spawns for 60 resourses.
INFO 21:28:56:700 GeoMap3D: start fast import geodata_1.dat
INFO 21:28:57:796 GeoMap3D: import ended. load 1867238 quards.
INFO 21:28:57:797 GeoMap3D: start fast import geodata_2.dat
INFO 21:28:58:065 GeoMap3D: import ended. load 440227 quards.
INFO 21:28:58:066 GeoMap3D: start fast import geodata_3.dat
INFO 21:28:58:121 GeoMap3D: import ended. load 58040 quards.
INFO 21:28:58:121 GeoManager: initialized.
INFO 21:28:58:141 ItemExecutorManager: loaded 0 executor items.
INFO 21:28:58:186 CommandManager: loaded 94 commands.
INFO 21:28:58:217 SkillLearnManager: loaded 950 skill learn's for 8 clases.
INFO 21:28:58:226 AnnounceManager: loaded 0 start announces and 0 running announces.
INFO 21:28:58:233 AccountManager: initialized.
INFO 21:28:58:242 GuildManager: loaded 0 guilds.
INFO 21:28:59:547 QuestManager: loaded 455 quests.
INFO 21:28:59:551 OnlineManager: initialized.
INFO 21:28:59:596 GameLogManager: initialized.
INFO 21:28:59:867 Region: next battle "Veritas District" in 2018.12.16 15:00.
INFO 21:28:59:878 Region: next battle "Ostgarath" in 2018.12.16 15:00.
INFO 21:28:59:887 Region: next battle "Val Palrada" in 2018.12.15 19:00.
INFO 21:28:59:893 Region: next battle "Val Aureum" in 2018.12.15 19:00.
INFO 21:28:59:893 EventManager: loaded 5 events.
INFO 21:29:00:325 EventManager: the nearest event in 33 minutes.
INFO 21:29:00:347 PlayerManager: initialized.
INFO 21:29:00:398 Network: started.
INFO 21:29:00:401 GameServer: started.
INFO 21:29:26:032 AccountManager: authed admin
