INFO 21:17:44:656 ServerControl: open server socket on 2101 port.
INFO 21:17:44:663 ExecutorManager: initialized.
INFO 21:17:45:286 CleaningManager: delete 0 reuses from a character_skill_reuses.
INFO 21:17:45:286 CleaningManager: delete 0 spawns from a boss_spawn.
INFO 21:17:45:287 CleaningManager: delete 0 appearances from a character_appearances.
INFO 21:17:45:287 CleaningManager: delete 0 effects from a character_save_effects.
INFO 21:17:45:287 CleaningManager: delete 0 inventors from a character_inventors.
INFO 21:17:45:288 CleaningManager: delete 0 skills from a character_skills.
INFO 21:17:45:288 CleaningManager: delete 0 hotkeys from a character_hotkey.
INFO 21:17:45:289 CleaningManager: delete 0 chars from a character_friends.
INFO 21:17:45:289 CleaningManager: delete 0 friends from a character_friends.
INFO 21:17:45:290 CleaningManager: delete 0 settings from a character_settings.
INFO 21:17:45:290 CleaningManager: delete 0 empty items from a items.
INFO 21:17:45:291 CleaningManager: delete 0 no owner items from a items.
INFO 21:17:45:291 CleaningManager: delete 0 no owner guild items from a items.
INFO 21:17:45:306 CleaningManager: create buffer table items.
INFO 21:17:45:308 CleaningManager: copy 0 items to buffer_items.
INFO 21:17:45:309 CleaningManager: delete 0 no owner items from a buffer_items.
INFO 21:17:45:317 CleaningManager: drop buffer table items.
INFO 21:17:45:318 CleaningManager: delete 0 from a quests.
INFO 21:17:45:318 CleaningManager: delete 0 from a quest variables.
INFO 21:17:45:319 CleaningManager: delete 0 from a guild ranks.
INFO 21:17:45:396 ClientPacketType: client packets prepared.
INFO 21:17:45:424 EffectParser: initialized.
INFO 21:17:45:427 RandomManager: initialized.
INFO 21:17:45:429 IdFactory: prepare npc ids...
INFO 21:17:45:432 BitSetIdGenerator: 102912 id's available.
INFO 21:17:45:433 IdFactory: prepare objects ids...
INFO 21:17:45:433 BitSetIdGenerator: 102912 id's available.
INFO 21:17:45:433 IdFactory: prepare players ids...
INFO 21:17:45:437 BitSetIdGenerator: extracted 0 ids.
INFO 21:17:45:437 BitSetIdGenerator: 102912 id's available.
INFO 21:17:45:437 IdFactory: prepare guilds ids...
INFO 21:17:45:439 BitSetIdGenerator: extracted 0 ids.
INFO 21:17:45:440 BitSetIdGenerator: 102912 id's available.
INFO 21:17:45:440 IdFactory: prepare item ids...
INFO 21:17:45:441 BitSetIdGenerator: extracted 0 ids.
INFO 21:17:45:441 BitSetIdGenerator: 102912 id's available.
INFO 21:17:45:462 ServerVarManager: loaded 0 variables.
INFO 21:17:45:466 BossSpawnManager: loaded 0 boss spawns.
INFO 21:17:47:029 TerritoryTable: loaded 160 territories for 18803 regions.
INFO 21:17:49:333 WorldZoneTable: loaded 12 world zones for 31986 regions.
INFO 21:17:49:335 ConditionParser: initializable.
WARNING 21:17:49:818 SkillTable: detected once the file D:\Documents\Documents\Java\Tera Server\.\data\skills\summon_skills\deprecated.zip
INFO 21:17:49:839 SkillTable: loaded 4613 skills for 19 classes.
INFO 21:17:50:349 ItemTable: loaded 10138 items.
INFO 21:17:50:364 Race: race appearances initializable.
INFO 21:17:50:370 PlayerTable: loaded 104 player templates.
WARNING 21:17:50:690 DropTable: not found items [50048]
INFO 21:17:50:690 DropTable: load drop for 407 npcs and 126 for resourse.
INFO 21:17:50:695 TownTable: initialized.
WARNING 21:17:50:713 NpcDialogTable: detected once the file D:\Documents\Documents\Java\Tera Server\.\data\dialogs\dialogs.txt
INFO 21:17:50:748 NpcDialogTable: loaded 88 dialogs.
INFO 21:17:50:753 MessagePackageTable: loaded 34 message packages.
INFO 21:17:50:790 ConfigAITable: loaded 45 npc ai configs.
INFO 21:17:50:804 NpcAppearanceTable: initialized. Loaded 59 appearances.
WARNING 21:17:50:954 NpcTable: detected once the file D:\Documents\Documents\Java\Tera Server\.\data\npcs\summons\playable_summons.zip
INFO 21:17:50:966 NpcTable: loaded  816 npcs.
INFO 21:17:50:985 ResourseTable: loaded  253 resourses.
INFO 21:17:50:999 MinionTable: loaded 303 minions for 42 npcs.
INFO 21:17:51:000 RegenTaskManager: initializable.
INFO 21:17:51:007 Formulas: initialized.
INFO 21:17:51:008 EffectTaskManager: initialized.
INFO 21:17:51:327 ObjectEventManager: initialized.
INFO 21:17:51:328 MoveTaskManager: initialized.
INFO 21:17:52:145 SpawnTable: loaded 19515 spawns for 617 npcs and 2013 spawns for 60 resourses.
INFO 21:17:52:153 GeoMap3D: start fast import geodata_1.dat
INFO 21:17:52:573 GeoMap3D: import ended. load 1867238 quards.
INFO 21:17:52:573 GeoMap3D: start fast import geodata_2.dat
INFO 21:17:52:776 GeoMap3D: import ended. load 440227 quards.
INFO 21:17:52:777 GeoMap3D: start fast import geodata_3.dat
INFO 21:17:52:831 GeoMap3D: import ended. load 58040 quards.
INFO 21:17:52:831 GeoManager: initialized.
INFO 21:17:52:841 ItemExecutorManager: loaded 0 executor items.
INFO 21:17:52:863 CommandManager: loaded 94 commands.
INFO 21:17:52:888 SkillLearnManager: loaded 950 skill learn's for 8 clases.
INFO 21:17:52:892 AnnounceManager: loaded 0 start announces and 0 running announces.
INFO 21:17:52:897 AccountManager: initialized.
INFO 21:17:52:904 GuildManager: loaded 0 guilds.
INFO 21:17:53:760 QuestManager: loaded 455 quests.
INFO 21:17:53:762 OnlineManager: initialized.
INFO 21:17:53:789 GameLogManager: initialized.
INFO 21:17:54:000 Region: next battle "Veritas District" in 2018.12.16 15:00.
INFO 21:17:54:003 Region: next battle "Ostgarath" in 2018.12.16 15:00.
INFO 21:17:54:007 Region: next battle "Val Palrada" in 2018.12.15 19:00.
INFO 21:17:54:010 Region: next battle "Val Aureum" in 2018.12.15 19:00.
INFO 21:17:54:010 EventManager: loaded 5 events.
INFO 21:17:54:177 EventManager: the nearest event in 35 minutes.
INFO 21:17:54:186 PlayerManager: initialized.
INFO 21:17:54:211 Network: started.
INFO 21:17:54:212 GameServer: started.
INFO 21:18:39:604 AccountManager: authed admin
