INFO 00:58:52:396 ServerControl: open server socket on 2101 port.
INFO 00:58:52:408 ExecutorManager: initialized.
INFO 00:58:52:992 CleaningManager: delete 0 reuses from a character_skill_reuses.
INFO 00:58:52:993 CleaningManager: delete 0 spawns from a boss_spawn.
INFO 00:58:52:993 CleaningManager: delete 0 appearances from a character_appearances.
INFO 00:58:52:994 CleaningManager: delete 0 effects from a character_save_effects.
INFO 00:58:52:994 CleaningManager: delete 0 inventors from a character_inventors.
INFO 00:58:52:995 CleaningManager: delete 0 skills from a character_skills.
INFO 00:58:52:996 CleaningManager: delete 0 hotkeys from a character_hotkey.
INFO 00:58:52:996 CleaningManager: delete 0 chars from a character_friends.
INFO 00:58:52:997 CleaningManager: delete 0 friends from a character_friends.
INFO 00:58:52:998 CleaningManager: delete 0 settings from a character_settings.
INFO 00:58:52:998 CleaningManager: delete 0 empty items from a items.
INFO 00:58:52:999 CleaningManager: delete 0 no owner items from a items.
INFO 00:58:52:999 CleaningManager: delete 0 no owner guild items from a items.
INFO 00:58:53:024 CleaningManager: create buffer table items.
INFO 00:58:53:028 CleaningManager: copy 118 items to buffer_items.
INFO 00:58:53:028 CleaningManager: delete 0 no owner items from a buffer_items.
INFO 00:58:53:048 CleaningManager: drop buffer table items.
INFO 00:58:53:049 CleaningManager: delete 0 from a quests.
INFO 00:58:53:049 CleaningManager: delete 0 from a quest variables.
INFO 00:58:53:050 CleaningManager: delete 0 from a guild ranks.
INFO 00:58:53:172 ClientPacketType: client packets prepared.
INFO 00:58:53:232 EffectParser: initialized.
INFO 00:58:53:238 RandomManager: initialized.
INFO 00:58:53:240 IdFactory: prepare npc ids...
INFO 00:58:53:243 BitSetIdGenerator: 102912 id's available.
INFO 00:58:53:244 IdFactory: prepare objects ids...
INFO 00:58:53:244 BitSetIdGenerator: 102912 id's available.
INFO 00:58:53:244 IdFactory: prepare players ids...
INFO 00:58:53:249 BitSetIdGenerator: extracted 5 ids.
INFO 00:58:53:249 BitSetIdGenerator: 102912 id's available.
INFO 00:58:53:249 IdFactory: prepare guilds ids...
INFO 00:58:53:250 BitSetIdGenerator: extracted 1 ids.
INFO 00:58:53:250 BitSetIdGenerator: 102912 id's available.
INFO 00:58:53:251 IdFactory: prepare item ids...
INFO 00:58:53:252 BitSetIdGenerator: extracted 118 ids.
WARNING 00:58:53:253 BitSetIdGenerator: objectId 1 in DB is less than minimum ID of 268435456.
INFO 00:58:53:253 BitSetIdGenerator: 102912 id's available.
INFO 00:58:53:279 ServerVarManager: loaded 0 variables.
INFO 00:58:53:283 BossSpawnManager: loaded 0 boss spawns.
INFO 00:58:55:331 TerritoryTable: loaded 160 territories for 18803 regions.
INFO 00:58:57:520 WorldZoneTable: loaded 12 world zones for 31986 regions.
INFO 00:58:57:522 ConditionParser: initializable.
WARNING 00:58:58:011 SkillTable: detected once the file D:\Documents\Documents\Java\Tera Server\.\data\skills\summon_skills\deprecated.zip
INFO 00:58:58:026 SkillTable: loaded 4613 skills for 19 classes.
INFO 00:58:58:447 ItemTable: loaded 10138 items.
INFO 00:58:58:463 Race: race appearances initializable.
INFO 00:58:58:471 PlayerTable: loaded 104 player templates.
WARNING 00:58:58:760 DropTable: not found items [50048]
INFO 00:58:58:760 DropTable: load drop for 407 npcs and 126 for resourse.
INFO 00:58:58:767 TownTable: initialized.
WARNING 00:58:58:799 NpcDialogTable: detected once the file D:\Documents\Documents\Java\Tera Server\.\data\dialogs\dialogs.txt
INFO 00:58:58:844 NpcDialogTable: loaded 86 dialogs.
INFO 00:58:58:849 MessagePackageTable: loaded 34 message packages.
INFO 00:58:58:897 ConfigAITable: loaded 45 npc ai configs.
INFO 00:58:58:922 NpcAppearanceTable: initialized. Loaded 59 appearances.
WARNING 00:58:59:081 NpcTable: detected once the file D:\Documents\Documents\Java\Tera Server\.\data\npcs\summons\playable_summons.zip
INFO 00:58:59:088 NpcTable: loaded  816 npcs.
INFO 00:58:59:100 ResourseTable: loaded  253 resourses.
INFO 00:58:59:114 MinionTable: loaded 303 minions for 42 npcs.
INFO 00:58:59:114 RegenTaskManager: initializable.
INFO 00:58:59:122 Formulas: initialized.
INFO 00:58:59:123 EffectTaskManager: initialized.
INFO 00:58:59:494 ObjectEventManager: initialized.
INFO 00:58:59:495 MoveTaskManager: initialized.
INFO 00:58:59:955 SpawnTable: loaded 19514 spawns for 617 npcs and 2013 spawns for 60 resourses.
INFO 00:58:59:965 GeoMap3D: start fast import geodata_1.dat
INFO 00:59:01:096 GeoMap3D: import ended. load 1867238 quards.
INFO 00:59:01:096 GeoMap3D: start fast import geodata_2.dat
INFO 00:59:01:169 GeoMap3D: import ended. load 440227 quards.
INFO 00:59:01:169 GeoMap3D: start fast import geodata_3.dat
INFO 00:59:01:176 GeoMap3D: import ended. load 58040 quards.
INFO 00:59:01:176 GeoManager: initialized.
INFO 00:59:01:182 ItemExecutorManager: loaded 0 executor items.
INFO 00:59:02:188 CommandManager: loaded 94 commands.
INFO 00:59:02:211 SkillLearnManager: loaded 950 skill learn's for 8 clases.
INFO 00:59:02:218 AnnounceManager: loaded 0 start announces and 0 running announces.
INFO 00:59:02:223 AccountManager: initialized.
INFO 00:59:02:254 GuildManager: loaded 1 guilds.
INFO 00:59:02:541 QuestManager: loaded 455 quests.
INFO 00:59:02:545 OnlineManager: initialized.
INFO 00:59:02:571 GameLogManager: initialized.
INFO 00:59:02:655 Region: next battle "Veritas District" in 2018.04.22 16:00.
INFO 00:59:02:658 Region: next battle "Ostgarath" in 2018.04.22 16:00.
INFO 00:59:02:661 Region: next battle "Val Palrada" in 2018.04.21 20:00.
INFO 00:59:02:662 Region: next battle "Val Aureum" in 2018.04.21 20:00.
INFO 00:59:02:663 EventManager: loaded 5 events.
INFO 00:59:03:334 EventManager: the nearest event in 44 minutes.
INFO 00:59:03:342 PlayerManager: initialized.
INFO 00:59:03:410 Network: started.
INFO 00:59:03:410 GameServer: started.
WARNING 00:59:05:498 ClientConnection: not found packet for opcode 4DBC
20 00 BC 4D 02 00 08 00 08 00 14 00 00 00 00 00    ..¼M............
94 5F 03 00 14 00 00 00 01 00 00 00 DC 5F 03 00    _..........Ü_..
41 00 A4 78 13 00 21 00 20 00 00 00 00 00 00 02    A.¤x..!.........
00 00 00 64 00 61 00 72 00 6B 00 7A 00 61 00 00    ...d.a.r.k.z.a..
00 34 66 65 37 36 37 38 61 38 31 62 61 37 63 37    .4fe7678a81ba7c7
64 62 32 36 39 63 37 37 62 35 64 64 37 38 31 63    db269c77b5dd781c
61                                                 a...............

INFO 00:59:05:503 AccountManager: authed darkza
WARNING 00:59:05:514 ClientConnection: not found packet for opcode F4FE
08 00 FE F4 E8 03 00 00                            ..þôè...........

WARNING 00:59:05:515 ClientConnection: not found packet for opcode CD71
BC 00 71 CD 12 00 38 00 8C 00 AF 3F 00 00 80 00    ¼.qÍ..8..¯?...
00 00 57 00 69 00 6E 00 64 00 6F 00 77 00 73 00    ..W.i.n.d.o.w.s.
20 00 37 00 20 00 28 00 78 00 36 00 34 00 29 00    ..7...(.x.6.4.).
20 00 0D 00 0A 00 00 00 49 00 6E 00 74 00 65 00    ........I.n.t.e.
6C 00 28 00 52 00 29 00 20 00 43 00 6F 00 72 00    l.(.R.)...C.o.r.
65 00 28 00 54 00 4D 00 29 00 20 00 69 00 37 00    e.(.T.M.)...i.7.
2D 00 34 00 37 00 31 00 30 00 48 00 51 00 20 00    -.4.7.1.0.H.Q...
43 00 50 00 55 00 20 00 40 00 20 00 32 00 2E 00    C.P.U...@...2...
35 00 30 00 47 00 48 00 7A 00 00 00 4E 00 56 00    5.0.G.H.z...N.V.
49 00 44 00 49 00 41 00 20 00 47 00 65 00 46 00    I.D.I.A...G.e.F.
6F 00 72 00 63 00 65 00 20 00 47 00 54 00 58 00    o.r.c.e...G.T.X.
20 00 38 00 37 00 30 00 4D 00 00 00                ..8.7.0.M.......

WARNING 00:59:07:054 DataBaseManager: not found appearance for 268435460
WARNING 00:59:17:489 ClientConnection: not found packet for opcode 9C2E
04 00 2E 9C                                        ...............

WARNING 00:59:24:646 ClientConnection: not found packet for opcode D28D
04 00 8D D2                                        ..Ò............

WARNING 00:59:24:649 ClientConnection: not found packet for opcode 8BBF
08 00 BF 8B 13 00 00 00                            ..¿............

WARNING 00:59:55:547 ClientConnection: not found packet for opcode 52A2
10 00 A2 52 7B A1 B8 BC 00 00 00 00 00 00 00 00    ..¢R{¡¸¼........

WARNING 00:59:56:967 ClientConnection: not found packet for opcode 52A2
10 00 A2 52 7B A1 B8 BC 02 00 00 00 00 00 00 00    ..¢R{¡¸¼........

WARNING 00:59:56:967 ClientConnection: not found packet for opcode 52A2
10 00 A2 52 7B A1 B8 BC 02 00 00 00 00 00 00 00    ..¢R{¡¸¼........

WARNING 00:59:56:982 ClientConnection: not found packet for opcode 52A2
10 00 A2 52 7B A1 B8 BC 02 00 00 00 00 00 00 00    ..¢R{¡¸¼........

WARNING 00:59:56:993 ClientConnection: not found packet for opcode 52A2
10 00 A2 52 7B A1 B8 BC 02 00 00 00 00 00 00 00    ..¢R{¡¸¼........

WARNING 00:59:59:984 ClientConnection: not found packet for opcode D28D
04 00 8D D2                                        ..Ò............

WARNING 00:59:59:984 ClientConnection: not found packet for opcode 8BBF
08 00 BF 8B 13 00 00 00                            ..¿............

WARNING 01:00:19:557 ClientConnection: not found packet for opcode 8BBF
08 00 BF 8B 13 00 00 00                            ..¿............

INFO 01:01:20:069 SpawnTable: reloaded.
INFO 01:02:14:305 AccountManager: close darkza
WARNING 01:03:23:510 ClientConnection: not found packet for opcode 4DBC
20 00 BC 4D 02 00 08 00 08 00 14 00 00 00 00 00    ..¼M............
94 5F 03 00 14 00 00 00 01 00 00 00 DC 5F 03 00    _..........Ü_..
41 00 A4 78 13 00 21 00 20 00 00 00 00 00 00 02    A.¤x..!.........
00 00 00 64 00 61 00 72 00 6B 00 7A 00 61 00 00    ...d.a.r.k.z.a..
00 34 66 65 37 36 37 38 61 38 31 62 61 37 63 37    .4fe7678a81ba7c7
64 62 32 36 39 63 37 37 62 35 64 64 37 38 31 63    db269c77b5dd781c
61                                                 a...............

INFO 01:03:23:512 AccountManager: authed darkza
WARNING 01:03:23:526 ClientConnection: not found packet for opcode F4FE
08 00 FE F4 E8 03 00 00                            ..þôè...........

WARNING 01:03:23:526 ClientConnection: not found packet for opcode CD71
BC 00 71 CD 12 00 38 00 8C 00 AF 3F 00 00 80 00    ¼.qÍ..8..¯?...
00 00 57 00 69 00 6E 00 64 00 6F 00 77 00 73 00    ..W.i.n.d.o.w.s.
20 00 37 00 20 00 28 00 78 00 36 00 34 00 29 00    ..7...(.x.6.4.).
20 00 0D 00 0A 00 00 00 49 00 6E 00 74 00 65 00    ........I.n.t.e.
6C 00 28 00 52 00 29 00 20 00 43 00 6F 00 72 00    l.(.R.)...C.o.r.
65 00 28 00 54 00 4D 00 29 00 20 00 69 00 37 00    e.(.T.M.)...i.7.
2D 00 34 00 37 00 31 00 30 00 48 00 51 00 20 00    -.4.7.1.0.H.Q...
43 00 50 00 55 00 20 00 40 00 20 00 32 00 2E 00    C.P.U...@...2...
35 00 30 00 47 00 48 00 7A 00 00 00 4E 00 56 00    5.0.G.H.z...N.V.
49 00 44 00 49 00 41 00 20 00 47 00 65 00 46 00    I.D.I.A...G.e.F.
6F 00 72 00 63 00 65 00 20 00 47 00 54 00 58 00    o.r.c.e...G.T.X.
20 00 38 00 37 00 30 00 4D 00 00 00                ..8.7.0.M.......

WARNING 01:03:25:054 DataBaseManager: not found appearance for 268435460
WARNING 01:03:40:100 ClientConnection: not found packet for opcode 9C2E
04 00 2E 9C                                        ...............

INFO 01:03:42:544 AccountManager: close darkza
WARNING 01:04:56:211 ClientConnection: not found packet for opcode 4DBC
20 00 BC 4D 02 00 08 00 08 00 14 00 00 00 00 00    ..¼M............
94 5F 03 00 14 00 00 00 01 00 00 00 DC 5F 03 00    _..........Ü_..
41 00 A4 78 13 00 21 00 20 00 00 00 00 00 00 02    A.¤x..!.........
00 00 00 64 00 61 00 72 00 6B 00 7A 00 61 00 00    ...d.a.r.k.z.a..
00 34 66 65 37 36 37 38 61 38 31 62 61 37 63 37    .4fe7678a81ba7c7
64 62 32 36 39 63 37 37 62 35 64 64 37 38 31 63    db269c77b5dd781c
61                                                 a...............

INFO 01:04:56:212 AccountManager: authed darkza
WARNING 01:04:56:227 ClientConnection: not found packet for opcode F4FE
08 00 FE F4 E8 03 00 00                            ..þôè...........

WARNING 01:04:56:228 ClientConnection: not found packet for opcode CD71
BC 00 71 CD 12 00 38 00 8C 00 AF 3F 00 00 80 00    ¼.qÍ..8..¯?...
00 00 57 00 69 00 6E 00 64 00 6F 00 77 00 73 00    ..W.i.n.d.o.w.s.
20 00 37 00 20 00 28 00 78 00 36 00 34 00 29 00    ..7...(.x.6.4.).
20 00 0D 00 0A 00 00 00 49 00 6E 00 74 00 65 00    ........I.n.t.e.
6C 00 28 00 52 00 29 00 20 00 43 00 6F 00 72 00    l.(.R.)...C.o.r.
65 00 28 00 54 00 4D 00 29 00 20 00 69 00 37 00    e.(.T.M.)...i.7.
2D 00 34 00 37 00 31 00 30 00 48 00 51 00 20 00    -.4.7.1.0.H.Q...
43 00 50 00 55 00 20 00 40 00 20 00 32 00 2E 00    C.P.U...@...2...
35 00 30 00 47 00 48 00 7A 00 00 00 4E 00 56 00    5.0.G.H.z...N.V.
49 00 44 00 49 00 41 00 20 00 47 00 65 00 46 00    I.D.I.A...G.e.F.
6F 00 72 00 63 00 65 00 20 00 47 00 54 00 58 00    o.r.c.e...G.T.X.
20 00 38 00 37 00 30 00 4D 00 00 00                ..8.7.0.M.......

WARNING 01:04:57:749 DataBaseManager: not found appearance for 268435460
WARNING 01:05:07:313 ClientConnection: not found packet for opcode 9C2E
04 00 2E 9C                                        ...............

INFO 01:05:09:726 AccountManager: close darkza
