INFO 22:38:25:167 ServerControl: open server socket on 2101 port.
INFO 22:38:25:174 ExecutorManager: initialized.
INFO 22:38:25:806 CleaningManager: delete 0 reuses from a character_skill_reuses.
INFO 22:38:25:807 CleaningManager: delete 0 spawns from a boss_spawn.
INFO 22:38:25:808 CleaningManager: delete 0 appearances from a character_appearances.
INFO 22:38:25:808 CleaningManager: delete 0 effects from a character_save_effects.
INFO 22:38:25:809 CleaningManager: delete 0 inventors from a character_inventors.
INFO 22:38:25:809 CleaningManager: delete 0 skills from a character_skills.
INFO 22:38:25:810 CleaningManager: delete 0 hotkeys from a character_hotkey.
INFO 22:38:25:810 CleaningManager: delete 0 chars from a character_friends.
INFO 22:38:25:811 CleaningManager: delete 0 friends from a character_friends.
INFO 22:38:25:811 CleaningManager: delete 0 settings from a character_settings.
INFO 22:38:25:812 CleaningManager: delete 0 empty items from a items.
INFO 22:38:25:812 CleaningManager: delete 0 no owner items from a items.
INFO 22:38:25:813 CleaningManager: delete 0 no owner guild items from a items.
INFO 22:38:25:828 CleaningManager: create buffer table items.
INFO 22:38:25:829 CleaningManager: copy 6 items to buffer_items.
INFO 22:38:25:830 CleaningManager: delete 0 no owner items from a buffer_items.
INFO 22:38:25:838 CleaningManager: drop buffer table items.
INFO 22:38:25:838 CleaningManager: delete 0 from a quests.
INFO 22:38:25:839 CleaningManager: delete 0 from a quest variables.
INFO 22:38:25:839 CleaningManager: delete 0 from a guild ranks.
INFO 22:38:25:914 ClientPacketType: client packets prepared.
INFO 22:38:25:946 EffectParser: initialized.
INFO 22:38:25:949 RandomManager: initialized.
INFO 22:38:25:950 IdFactory: prepare npc ids...
INFO 22:38:25:954 BitSetIdGenerator: 102912 id's available.
INFO 22:38:25:954 IdFactory: prepare objects ids...
INFO 22:38:25:955 BitSetIdGenerator: 102912 id's available.
INFO 22:38:25:955 IdFactory: prepare players ids...
INFO 22:38:25:960 BitSetIdGenerator: extracted 1 ids.
INFO 22:38:25:961 BitSetIdGenerator: 102912 id's available.
INFO 22:38:25:961 IdFactory: prepare guilds ids...
INFO 22:38:25:962 BitSetIdGenerator: extracted 0 ids.
INFO 22:38:25:962 BitSetIdGenerator: 102912 id's available.
INFO 22:38:25:962 IdFactory: prepare item ids...
INFO 22:38:25:963 BitSetIdGenerator: extracted 6 ids.
INFO 22:38:25:963 BitSetIdGenerator: 102912 id's available.
INFO 22:38:25:988 ServerVarManager: loaded 0 variables.
INFO 22:38:25:992 BossSpawnManager: loaded 0 boss spawns.
INFO 22:38:27:643 TerritoryTable: loaded 160 territories for 18803 regions.
INFO 22:38:30:581 WorldZoneTable: loaded 12 world zones for 31986 regions.
INFO 22:38:30:583 ConditionParser: initializable.
WARNING 22:38:31:265 SkillTable: detected once the file D:\Documents\Documents\Java\Tera Server\.\data\skills\summon_skills\deprecated.zip
INFO 22:38:31:279 SkillTable: loaded 4613 skills for 19 classes.
INFO 22:38:31:731 ItemTable: loaded 10138 items.
INFO 22:38:31:746 Race: race appearances initializable.
INFO 22:38:31:755 PlayerTable: loaded 104 player templates.
WARNING 22:38:32:027 DropTable: not found items [50048]
INFO 22:38:32:027 DropTable: load drop for 407 npcs and 126 for resourse.
INFO 22:38:32:038 TownTable: initialized.
WARNING 22:38:32:068 NpcDialogTable: detected once the file D:\Documents\Documents\Java\Tera Server\.\data\dialogs\dialogs.txt
INFO 22:38:32:115 NpcDialogTable: loaded 88 dialogs.
INFO 22:38:32:122 MessagePackageTable: loaded 34 message packages.
INFO 22:38:32:172 ConfigAITable: loaded 45 npc ai configs.
INFO 22:38:32:186 NpcAppearanceTable: initialized. Loaded 59 appearances.
WARNING 22:38:32:365 NpcTable: detected once the file D:\Documents\Documents\Java\Tera Server\.\data\npcs\summons\playable_summons.zip
INFO 22:38:32:376 NpcTable: loaded  816 npcs.
INFO 22:38:32:391 ResourseTable: loaded  253 resourses.
INFO 22:38:32:404 MinionTable: loaded 303 minions for 42 npcs.
INFO 22:38:32:405 RegenTaskManager: initializable.
INFO 22:38:32:412 Formulas: initialized.
INFO 22:38:32:414 EffectTaskManager: initialized.
INFO 22:38:32:824 ObjectEventManager: initialized.
INFO 22:38:32:825 MoveTaskManager: initialized.
INFO 22:38:33:649 SpawnTable: loaded 19515 spawns for 617 npcs and 2013 spawns for 60 resourses.
INFO 22:38:33:698 GeoMap3D: start fast import geodata_1.dat
INFO 22:38:34:071 GeoMap3D: import ended. load 1867238 quards.
INFO 22:38:34:071 GeoMap3D: start fast import geodata_2.dat
INFO 22:38:34:219 GeoMap3D: import ended. load 440227 quards.
INFO 22:38:34:220 GeoMap3D: start fast import geodata_3.dat
INFO 22:38:34:251 GeoMap3D: import ended. load 58040 quards.
INFO 22:38:34:251 GeoManager: initialized.
INFO 22:38:34:263 ItemExecutorManager: loaded 0 executor items.
INFO 22:38:34:294 CommandManager: loaded 94 commands.
INFO 22:38:34:318 SkillLearnManager: loaded 950 skill learn's for 8 clases.
INFO 22:38:34:324 AnnounceManager: loaded 0 start announces and 0 running announces.
INFO 22:38:34:327 AccountManager: initialized.
INFO 22:38:34:333 GuildManager: loaded 0 guilds.
INFO 22:38:34:799 QuestManager: loaded 455 quests.
INFO 22:38:34:801 OnlineManager: initialized.
INFO 22:38:34:805 GameLogManager: initialized.
INFO 22:38:34:947 Region: next battle "Veritas District" in 2018.12.16 15:00.
INFO 22:38:34:949 Region: next battle "Ostgarath" in 2018.12.16 15:00.
INFO 22:38:34:952 Region: next battle "Val Palrada" in 2018.12.15 19:00.
INFO 22:38:34:955 Region: next battle "Val Aureum" in 2018.12.15 19:00.
INFO 22:38:34:955 EventManager: loaded 5 events.
INFO 22:38:35:119 EventManager: the nearest event in 56 minutes.
INFO 22:38:35:128 PlayerManager: initialized.
INFO 22:38:35:151 Network: started.
INFO 22:38:35:151 GameServer: started.
INFO 22:38:53:097 AccountManager: authed admin
INFO 22:39:01:042 AccountManager: close admin
INFO 22:40:23:913 AccountManager: authed admin
INFO 22:40:43:543 AccountManager: close admin
