INFO 23:34:57:697 ServerControl: open server socket on 2101 port.
INFO 23:34:57:773 ExecutorManager: initialized.
INFO 23:34:58:395 CleaningManager: delete 0 reuses from a character_skill_reuses.
INFO 23:34:58:398 CleaningManager: delete 0 spawns from a boss_spawn.
INFO 23:34:58:399 CleaningManager: delete 0 appearances from a character_appearances.
INFO 23:34:58:399 CleaningManager: delete 0 effects from a character_save_effects.
INFO 23:34:58:401 CleaningManager: delete 0 inventors from a character_inventors.
INFO 23:34:58:403 CleaningManager: delete 0 skills from a character_skills.
INFO 23:34:58:404 CleaningManager: delete 0 hotkeys from a character_hotkey.
INFO 23:34:58:405 CleaningManager: delete 0 chars from a character_friends.
INFO 23:34:58:406 CleaningManager: delete 0 friends from a character_friends.
INFO 23:34:58:408 CleaningManager: delete 0 settings from a character_settings.
INFO 23:34:58:409 CleaningManager: delete 0 empty items from a items.
INFO 23:34:58:409 CleaningManager: delete 0 no owner items from a items.
INFO 23:34:58:411 CleaningManager: delete 0 no owner guild items from a items.
INFO 23:34:58:433 CleaningManager: create buffer table items.
INFO 23:34:58:436 CleaningManager: copy 118 items to buffer_items.
INFO 23:34:58:437 CleaningManager: delete 0 no owner items from a buffer_items.
INFO 23:34:58:455 CleaningManager: drop buffer table items.
INFO 23:34:58:456 CleaningManager: delete 0 from a quests.
INFO 23:34:58:456 CleaningManager: delete 0 from a quest variables.
INFO 23:34:58:458 CleaningManager: delete 0 from a guild ranks.
INFO 23:34:58:584 ClientPacketType: client packets prepared.
INFO 23:34:58:625 EffectParser: initialized.
INFO 23:34:58:629 RandomManager: initialized.
INFO 23:34:58:631 IdFactory: prepare npc ids...
INFO 23:34:58:636 BitSetIdGenerator: 102912 id's available.
INFO 23:34:58:636 IdFactory: prepare objects ids...
INFO 23:34:58:636 BitSetIdGenerator: 102912 id's available.
INFO 23:34:58:636 IdFactory: prepare players ids...
INFO 23:34:58:641 BitSetIdGenerator: extracted 4 ids.
INFO 23:34:58:641 BitSetIdGenerator: 102912 id's available.
INFO 23:34:58:641 IdFactory: prepare guilds ids...
INFO 23:34:58:642 BitSetIdGenerator: extracted 1 ids.
INFO 23:34:58:642 BitSetIdGenerator: 102912 id's available.
INFO 23:34:58:643 IdFactory: prepare item ids...
INFO 23:34:58:644 BitSetIdGenerator: extracted 118 ids.
WARNING 23:34:58:644 BitSetIdGenerator: objectId 1 in DB is less than minimum ID of 268435456.
INFO 23:34:58:644 BitSetIdGenerator: 102912 id's available.
INFO 23:34:58:667 ServerVarManager: loaded 0 variables.
INFO 23:34:58:672 BossSpawnManager: loaded 0 boss spawns.
INFO 23:35:00:670 TerritoryTable: loaded 160 territories for 18803 regions.
INFO 23:35:03:669 WorldZoneTable: loaded 9 world zones for 31887 regions.
INFO 23:35:03:672 ConditionParser: initializable.
WARNING 23:35:04:176 SkillTable: detected once the file D:\Documents\Documents\Java\Tera Server\.\data\skills\summon_skills\deprecated.zip
INFO 23:35:04:190 SkillTable: loaded 4613 skills for 19 classes.
INFO 23:35:04:625 ItemTable: loaded 10137 items.
INFO 23:35:04:638 Race: race appearances initializable.
INFO 23:35:04:646 PlayerTable: loaded 104 player templates.
WARNING 23:35:04:905 DropTable: not found items [50048]
INFO 23:35:04:906 DropTable: load drop for 407 npcs and 126 for resourse.
INFO 23:35:04:913 TownTable: initialized.
WARNING 23:35:04:945 NpcDialogTable: detected once the file D:\Documents\Documents\Java\Tera Server\.\data\dialogs\dialogs.txt
INFO 23:35:04:983 NpcDialogTable: loaded 83 dialogs.
INFO 23:35:04:990 MessagePackageTable: loaded 34 message packages.
INFO 23:35:05:038 ConfigAITable: loaded 45 npc ai configs.
INFO 23:35:05:055 NpcAppearanceTable: initialized. Loaded 59 appearances.
WARNING 23:35:05:140 NpcTable: found duplicate npc template NpcTemplate npcId = 7011, exp = 1000000, attack = 400000, defense = 3500, owerAttack = 3000, owerDefense = 30000, level = 60, aggro = 120, factionRange = 0, name = Linyphi, title = , factionId = , type = 51, isRaid = false, canDrop = false, drop = null, minions = null, dialog = null, geomRadius = 90.0, geomHeight = 160.0, npcType = RAID_BOSS in file .\data\npcs\raid_boss.xml
WARNING 23:35:05:186 NpcTable: detected once the file D:\Documents\Documents\Java\Tera Server\.\data\npcs\summons\playable_summons.zip
INFO 23:35:05:194 NpcTable: loaded  815 npcs.
INFO 23:35:05:206 ResourseTable: loaded  253 resourses.
INFO 23:35:05:223 MinionTable: loaded 303 minions for 42 npcs.
INFO 23:35:05:224 RegenTaskManager: initializable.
INFO 23:35:05:234 Formulas: initialized.
INFO 23:35:05:235 EffectTaskManager: initialized.
INFO 23:35:05:678 ObjectEventManager: initialized.
INFO 23:35:05:679 MoveTaskManager: initialized.
INFO 23:35:06:116 SpawnTable: loaded 19474 spawns for 616 npcs and 2013 spawns for 60 resourses.
INFO 23:35:06:150 GeoMap3D: start fast import geodata_1.dat
INFO 23:35:07:085 GeoMap3D: import ended. load 1867238 quards.
INFO 23:35:07:086 GeoMap3D: start fast import geodata_2.dat
INFO 23:35:07:148 GeoMap3D: import ended. load 440227 quards.
INFO 23:35:07:149 GeoMap3D: start fast import geodata_3.dat
INFO 23:35:08:427 GeoMap3D: import ended. load 58041 quards.
INFO 23:35:08:427 GeoManager: initialized.
INFO 23:35:08:435 ItemExecutorManager: loaded 0 executor items.
INFO 23:35:08:456 CommandManager: loaded 94 commands.
INFO 23:35:08:474 SkillLearnManager: loaded 950 skill learn's for 8 clases.
INFO 23:35:08:484 AnnounceManager: loaded 0 start announces and 0 running announces.
INFO 23:35:08:488 AccountManager: initialized.
INFO 23:35:08:516 GuildManager: loaded 1 guilds.
INFO 23:35:08:844 QuestManager: loaded 455 quests.
INFO 23:35:08:846 OnlineManager: initialized.
INFO 23:35:08:861 GameLogManager: initialized.
INFO 23:35:08:971 Region: next battle "Veritas District" in 2018.04.15 16:00.
INFO 23:35:08:973 Region: next battle "Ostgarath" in 2018.04.15 16:00.
INFO 23:35:08:976 Region: next battle "Val Palrada" in 2018.04.14 20:00.
INFO 23:35:08:978 Region: next battle "Val Aureum" in 2018.04.14 20:00.
INFO 23:35:08:978 EventManager: loaded 5 events.
INFO 23:35:09:766 EventManager: the nearest event in 57 minutes.
INFO 23:35:09:774 PlayerManager: initialized.
INFO 23:35:09:860 Network: started.
INFO 23:35:09:860 GameServer: started.
WARNING 23:35:57:264 ClientConnection: not found packet for opcode 4DBC
20 00 BC 4D 02 00 08 00 08 00 14 00 00 00 00 00    ..¼M............
94 5F 03 00 14 00 00 00 01 00 00 00 DC 5F 03 00    _..........Ü_..
41 00 A4 78 13 00 21 00 20 00 00 00 00 00 00 02    A.¤x..!.........
00 00 00 44 00 61 00 72 00 6B 00 7A 00 61 00 00    ...D.a.r.k.z.a..
00 34 66 65 37 36 37 38 61 38 31 62 61 37 63 37    .4fe7678a81ba7c7
64 62 32 36 39 63 37 37 62 35 64 64 37 38 31 63    db269c77b5dd781c
61                                                 a...............

INFO 23:35:57:270 AccountManager: authed Darkza
WARNING 23:35:57:280 ClientConnection: not found packet for opcode F4FE
08 00 FE F4 E8 03 00 00                            ..þôè...........

WARNING 23:35:57:282 ClientConnection: not found packet for opcode CD71
BC 00 71 CD 12 00 38 00 8C 00 AF 3F 00 00 80 00    ¼.qÍ..8..¯?...
00 00 57 00 69 00 6E 00 64 00 6F 00 77 00 73 00    ..W.i.n.d.o.w.s.
20 00 37 00 20 00 28 00 78 00 36 00 34 00 29 00    ..7...(.x.6.4.).
20 00 0D 00 0A 00 00 00 49 00 6E 00 74 00 65 00    ........I.n.t.e.
6C 00 28 00 52 00 29 00 20 00 43 00 6F 00 72 00    l.(.R.)...C.o.r.
65 00 28 00 54 00 4D 00 29 00 20 00 69 00 37 00    e.(.T.M.)...i.7.
2D 00 34 00 37 00 31 00 30 00 48 00 51 00 20 00    -.4.7.1.0.H.Q...
43 00 50 00 55 00 20 00 40 00 20 00 32 00 2E 00    C.P.U...@...2...
35 00 30 00 47 00 48 00 7A 00 00 00 4E 00 56 00    5.0.G.H.z...N.V.
49 00 44 00 49 00 41 00 20 00 47 00 65 00 46 00    I.D.I.A...G.e.F.
6F 00 72 00 63 00 65 00 20 00 47 00 54 00 58 00    o.r.c.e...G.T.X.
20 00 38 00 37 00 30 00 4D 00 00 00                ..8.7.0.M.......

WARNING 23:36:20:270 ClientConnection: not found packet for opcode 9C2E
04 00 2E 9C                                        ...............

INFO 23:38:53:475 AccountManager: close Darkza
WARNING 23:41:43:211 ClientConnection: not found packet for opcode 4DBC
20 00 BC 4D 02 00 08 00 08 00 14 00 00 00 00 00    ..¼M............
94 5F 03 00 14 00 00 00 01 00 00 00 DC 5F 03 00    _..........Ü_..
41 00 A4 78 13 00 21 00 20 00 00 00 00 00 00 02    A.¤x..!.........
00 00 00 44 00 61 00 72 00 6B 00 7A 00 61 00 00    ...D.a.r.k.z.a..
00 34 66 65 37 36 37 38 61 38 31 62 61 37 63 37    .4fe7678a81ba7c7
64 62 32 36 39 63 37 37 62 35 64 64 37 38 31 63    db269c77b5dd781c
61                                                 a...............

INFO 23:41:43:214 AccountManager: authed Darkza
WARNING 23:41:43:227 ClientConnection: not found packet for opcode F4FE
08 00 FE F4 E8 03 00 00                            ..þôè...........

WARNING 23:41:43:228 ClientConnection: not found packet for opcode CD71
BC 00 71 CD 12 00 38 00 8C 00 AF 3F 00 00 80 00    ¼.qÍ..8..¯?...
00 00 57 00 69 00 6E 00 64 00 6F 00 77 00 73 00    ..W.i.n.d.o.w.s.
20 00 37 00 20 00 28 00 78 00 36 00 34 00 29 00    ..7...(.x.6.4.).
20 00 0D 00 0A 00 00 00 49 00 6E 00 74 00 65 00    ........I.n.t.e.
6C 00 28 00 52 00 29 00 20 00 43 00 6F 00 72 00    l.(.R.)...C.o.r.
65 00 28 00 54 00 4D 00 29 00 20 00 69 00 37 00    e.(.T.M.)...i.7.
2D 00 34 00 37 00 31 00 30 00 48 00 51 00 20 00    -.4.7.1.0.H.Q...
43 00 50 00 55 00 20 00 40 00 20 00 32 00 2E 00    C.P.U...@...2...
35 00 30 00 47 00 48 00 7A 00 00 00 4E 00 56 00    5.0.G.H.z...N.V.
49 00 44 00 49 00 41 00 20 00 47 00 65 00 46 00    I.D.I.A...G.e.F.
6F 00 72 00 63 00 65 00 20 00 47 00 54 00 58 00    o.r.c.e...G.T.X.
20 00 38 00 37 00 30 00 4D 00 00 00                ..8.7.0.M.......

WARNING 23:41:54:491 ClientConnection: not found packet for opcode 9C2E
04 00 2E 9C                                        ...............

WARNING 23:41:59:592 ClientConnection: not found packet for opcode 52A2
10 00 A2 52 00 00 00 00 02 00 00 00 00 00 00 00    ..¢R............

WARNING 23:42:06:440 ClientConnection: not found packet for opcode 52A2
10 00 A2 52 00 00 00 00 02 00 00 00 00 00 00 00    ..¢R............

WARNING 23:42:13:371 ClientConnection: not found packet for opcode 52A2
10 00 A2 52 00 00 00 00 02 00 00 00 00 00 00 00    ..¢R............

WARNING 23:42:15:371 ClientConnection: not found packet for opcode D28D
04 00 8D D2                                        ..Ò............

WARNING 23:42:15:374 ClientConnection: not found packet for opcode 8BBF
08 00 BF 8B 15 00 00 00                            ..¿............

WARNING 23:42:20:469 ClientConnection: not found packet for opcode 52A2
10 00 A2 52 00 00 00 00 02 00 00 00 00 00 00 00    ..¢R............

WARNING 23:44:34:006 ClientConnection: not found packet for opcode 52A2
10 00 A2 52 00 00 00 00 02 00 00 00 00 00 00 00    ..¢R............

WARNING 23:46:05:875 ClientConnection: not found packet for opcode 52A2
10 00 A2 52 00 00 00 00 02 00 00 00 00 00 00 00    ..¢R............

WARNING 23:47:39:760 ClientConnection: not found packet for opcode 52A2
10 00 A2 52 00 00 00 00 02 00 00 00 00 00 00 00    ..¢R............

WARNING 23:47:53:906 ClientConnection: not found packet for opcode 52A2
10 00 A2 52 00 00 00 00 02 00 00 00 00 00 00 00    ..¢R............

INFO 23:48:18:378 AccountManager: close Darkza
