INFO 21:11:50:976 ServerControl: open server socket on 2101 port.
INFO 21:11:50:985 ExecutorManager: initialized.
INFO 21:11:51:892 CleaningManager: delete 0 reuses from a character_skill_reuses.
INFO 21:11:51:893 CleaningManager: delete 0 spawns from a boss_spawn.
INFO 21:11:51:893 CleaningManager: delete 0 appearances from a character_appearances.
INFO 21:11:51:894 CleaningManager: delete 0 effects from a character_save_effects.
INFO 21:11:51:894 CleaningManager: delete 0 inventors from a character_inventors.
INFO 21:11:51:895 CleaningManager: delete 0 skills from a character_skills.
INFO 21:11:51:895 CleaningManager: delete 0 hotkeys from a character_hotkey.
INFO 21:11:51:896 CleaningManager: delete 0 chars from a character_friends.
INFO 21:11:51:897 CleaningManager: delete 0 friends from a character_friends.
INFO 21:11:51:898 CleaningManager: delete 0 settings from a character_settings.
INFO 21:11:51:898 CleaningManager: delete 0 empty items from a items.
INFO 21:11:51:899 CleaningManager: delete 0 no owner items from a items.
INFO 21:11:51:900 CleaningManager: delete 0 no owner guild items from a items.
INFO 21:11:51:968 CleaningManager: create buffer table items.
INFO 21:11:51:970 CleaningManager: copy 0 items to buffer_items.
INFO 21:11:51:971 CleaningManager: delete 0 no owner items from a buffer_items.
INFO 21:11:51:982 CleaningManager: drop buffer table items.
INFO 21:11:51:983 CleaningManager: delete 0 from a quests.
INFO 21:11:51:983 CleaningManager: delete 0 from a quest variables.
INFO 21:11:51:984 CleaningManager: delete 0 from a guild ranks.
INFO 21:11:52:098 ClientPacketType: client packets prepared.
INFO 21:11:52:144 EffectParser: initialized.
INFO 21:11:52:148 RandomManager: initialized.
INFO 21:11:52:149 IdFactory: prepare npc ids...
INFO 21:11:52:157 BitSetIdGenerator: 102912 id's available.
INFO 21:11:52:158 IdFactory: prepare objects ids...
INFO 21:11:52:158 BitSetIdGenerator: 102912 id's available.
INFO 21:11:52:158 IdFactory: prepare players ids...
INFO 21:11:52:171 BitSetIdGenerator: extracted 0 ids.
INFO 21:11:52:171 BitSetIdGenerator: 102912 id's available.
INFO 21:11:52:171 IdFactory: prepare guilds ids...
INFO 21:11:52:173 BitSetIdGenerator: extracted 0 ids.
INFO 21:11:52:173 BitSetIdGenerator: 102912 id's available.
INFO 21:11:52:174 IdFactory: prepare item ids...
INFO 21:11:52:175 BitSetIdGenerator: extracted 0 ids.
INFO 21:11:52:175 BitSetIdGenerator: 102912 id's available.
INFO 21:11:52:209 ServerVarManager: loaded 0 variables.
INFO 21:11:52:214 BossSpawnManager: loaded 0 boss spawns.
INFO 21:11:54:417 TerritoryTable: loaded 160 territories for 18803 regions.
INFO 21:11:58:217 WorldZoneTable: loaded 12 world zones for 31986 regions.
INFO 21:11:58:220 ConditionParser: initializable.
WARNING 21:11:59:375 SkillTable: detected once the file D:\Documents\Documents\Java\Tera Server\.\data\skills\summon_skills\deprecated.zip
INFO 21:11:59:401 SkillTable: loaded 4613 skills for 19 classes.
INFO 21:12:00:125 ItemTable: loaded 10138 items.
INFO 21:12:00:149 Race: race appearances initializable.
INFO 21:12:00:162 PlayerTable: loaded 104 player templates.
WARNING 21:12:00:621 DropTable: not found items [50048]
INFO 21:12:00:621 DropTable: load drop for 407 npcs and 126 for resourse.
INFO 21:12:00:629 TownTable: initialized.
WARNING 21:12:00:672 NpcDialogTable: detected once the file D:\Documents\Documents\Java\Tera Server\.\data\dialogs\dialogs.txt
INFO 21:12:00:739 NpcDialogTable: loaded 88 dialogs.
INFO 21:12:00:747 MessagePackageTable: loaded 34 message packages.
INFO 21:12:00:812 ConfigAITable: loaded 45 npc ai configs.
INFO 21:12:00:834 NpcAppearanceTable: initialized. Loaded 59 appearances.
WARNING 21:12:01:071 NpcTable: detected once the file D:\Documents\Documents\Java\Tera Server\.\data\npcs\summons\playable_summons.zip
INFO 21:12:01:091 NpcTable: loaded  816 npcs.
INFO 21:12:01:119 ResourseTable: loaded  253 resourses.
INFO 21:12:01:146 MinionTable: loaded 303 minions for 42 npcs.
INFO 21:12:01:148 RegenTaskManager: initializable.
INFO 21:12:01:158 Formulas: initialized.
INFO 21:12:01:160 EffectTaskManager: initialized.
INFO 21:12:01:717 ObjectEventManager: initialized.
INFO 21:12:01:718 MoveTaskManager: initialized.
INFO 21:12:02:903 SpawnTable: loaded 19515 spawns for 617 npcs and 2013 spawns for 60 resourses.
INFO 21:12:02:960 GeoMap3D: start fast import geodata_1.dat
INFO 21:12:03:706 GeoMap3D: import ended. load 1867238 quards.
INFO 21:12:03:707 GeoMap3D: start fast import geodata_2.dat
INFO 21:12:03:851 GeoMap3D: import ended. load 440227 quards.
INFO 21:12:03:853 GeoMap3D: start fast import geodata_3.dat
INFO 21:12:03:958 GeoMap3D: import ended. load 58040 quards.
INFO 21:12:03:958 GeoManager: initialized.
INFO 21:12:03:973 ItemExecutorManager: loaded 0 executor items.
INFO 21:12:03:996 CommandManager: loaded 94 commands.
INFO 21:12:04:008 SkillLearnManager: loaded 950 skill learn's for 8 clases.
INFO 21:12:04:013 AnnounceManager: loaded 0 start announces and 0 running announces.
INFO 21:12:04:017 AccountManager: initialized.
INFO 21:12:04:023 GuildManager: loaded 0 guilds.
INFO 21:12:04:610 QuestManager: loaded 455 quests.
INFO 21:12:04:612 OnlineManager: initialized.
INFO 21:12:04:625 GameLogManager: initialized.
INFO 21:12:04:773 Region: next battle "Veritas District" in 2018.12.16 15:00.
INFO 21:12:04:776 Region: next battle "Ostgarath" in 2018.12.16 15:00.
INFO 21:12:04:780 Region: next battle "Val Palrada" in 2018.12.15 19:00.
INFO 21:12:04:783 Region: next battle "Val Aureum" in 2018.12.15 19:00.
INFO 21:12:04:784 EventManager: loaded 5 events.
INFO 21:12:04:990 EventManager: the nearest event in 58 minutes.
INFO 21:12:05:000 PlayerManager: initialized.
INFO 21:12:05:023 Network: started.
INFO 21:12:05:023 GameServer: started.
INFO 21:12:21:167 AccountManager: authed admin
