INFO 19:24:13:609 ServerControl: open server socket on 2101 port.
INFO 19:24:13:639 ExecutorManager: initialized.
INFO 19:24:18:757 CleaningManager: delete 0 reuses from a character_skill_reuses.
INFO 19:24:18:760 CleaningManager: delete 0 spawns from a boss_spawn.
INFO 19:24:18:763 CleaningManager: delete 0 appearances from a character_appearances.
INFO 19:24:18:766 CleaningManager: delete 0 effects from a character_save_effects.
INFO 19:24:18:768 CleaningManager: delete 0 inventors from a character_inventors.
INFO 19:24:18:770 CleaningManager: delete 0 skills from a character_skills.
INFO 19:24:18:772 CleaningManager: delete 0 hotkeys from a character_hotkey.
INFO 19:24:18:775 CleaningManager: delete 0 chars from a character_friends.
INFO 19:24:18:777 CleaningManager: delete 0 friends from a character_friends.
INFO 19:24:18:779 CleaningManager: delete 0 settings from a character_settings.
INFO 19:24:18:780 CleaningManager: delete 0 empty items from a items.
INFO 19:24:18:782 CleaningManager: delete 0 no owner items from a items.
INFO 19:24:18:784 CleaningManager: delete 0 no owner guild items from a items.
INFO 19:24:18:924 CleaningManager: create buffer table items.
INFO 19:24:18:935 CleaningManager: copy 0 items to buffer_items.
INFO 19:24:18:939 CleaningManager: delete 0 no owner items from a buffer_items.
INFO 19:24:19:010 CleaningManager: drop buffer table items.
INFO 19:24:19:012 CleaningManager: delete 0 from a quests.
INFO 19:24:19:013 CleaningManager: delete 0 from a quest variables.
INFO 19:24:19:015 CleaningManager: delete 0 from a guild ranks.
INFO 19:24:19:544 ClientPacketType: client packets prepared.
INFO 19:24:19:628 EffectParser: initialized.
INFO 19:24:19:634 RandomManager: initialized.
INFO 19:24:19:638 IdFactory: prepare npc ids...
INFO 19:24:19:675 BitSetIdGenerator: 102912 id's available.
INFO 19:24:19:678 IdFactory: prepare objects ids...
INFO 19:24:19:680 BitSetIdGenerator: 102912 id's available.
INFO 19:24:19:681 IdFactory: prepare players ids...
INFO 19:24:19:703 BitSetIdGenerator: extracted 0 ids.
INFO 19:24:19:704 BitSetIdGenerator: 102912 id's available.
INFO 19:24:19:704 IdFactory: prepare guilds ids...
INFO 19:24:19:706 BitSetIdGenerator: extracted 0 ids.
INFO 19:24:19:707 BitSetIdGenerator: 102912 id's available.
INFO 19:24:19:707 IdFactory: prepare item ids...
INFO 19:24:19:709 BitSetIdGenerator: extracted 0 ids.
INFO 19:24:19:710 BitSetIdGenerator: 102912 id's available.
INFO 19:24:19:830 ServerVarManager: loaded 0 variables.
INFO 19:24:19:849 BossSpawnManager: loaded 0 boss spawns.
INFO 19:24:25:446 TerritoryTable: loaded 160 territories for 18803 regions.
INFO 19:24:33:419 WorldZoneTable: loaded 12 world zones for 31986 regions.
INFO 19:24:33:423 ConditionParser: initializable.
WARNING 19:24:36:766 SkillTable: detected once the file D:\Documents\Documents\Java\Tera Server\.\data\skills\summon_skills\deprecated.zip
INFO 19:24:36:878 SkillTable: loaded 4613 skills for 19 classes.
INFO 19:24:39:921 ItemTable: loaded 10138 items.
INFO 19:24:40:070 Race: race appearances initializable.
INFO 19:24:40:113 PlayerTable: loaded 104 player templates.
WARNING 19:24:41:469 DropTable: not found items [50048]
INFO 19:24:41:470 DropTable: load drop for 407 npcs and 126 for resourse.
INFO 19:24:41:485 TownTable: initialized.
WARNING 19:24:41:551 NpcDialogTable: detected once the file D:\Documents\Documents\Java\Tera Server\.\data\dialogs\dialogs.txt
INFO 19:24:41:772 NpcDialogTable: loaded 88 dialogs.
INFO 19:24:41:787 MessagePackageTable: loaded 34 message packages.
INFO 19:24:42:094 ConfigAITable: loaded 45 npc ai configs.
INFO 19:24:42:142 NpcAppearanceTable: initialized. Loaded 59 appearances.
WARNING 19:24:43:068 NpcTable: detected once the file D:\Documents\Documents\Java\Tera Server\.\data\npcs\summons\playable_summons.zip
INFO 19:24:43:109 NpcTable: loaded  816 npcs.
INFO 19:24:43:145 ResourseTable: loaded  253 resourses.
INFO 19:24:43:181 MinionTable: loaded 303 minions for 42 npcs.
INFO 19:24:43:186 RegenTaskManager: initializable.
INFO 19:24:43:238 Formulas: initialized.
INFO 19:24:43:249 EffectTaskManager: initialized.
INFO 19:24:45:365 ObjectEventManager: initialized.
INFO 19:24:45:369 MoveTaskManager: initialized.
INFO 19:24:52:062 SpawnTable: loaded 19515 spawns for 617 npcs and 2013 spawns for 60 resourses.
INFO 19:24:52:135 GeoMap3D: start fast import geodata_1.dat
INFO 19:24:53:390 GeoMap3D: import ended. load 1867238 quards.
INFO 19:24:53:395 GeoMap3D: start fast import geodata_2.dat
INFO 19:24:53:826 GeoMap3D: import ended. load 440227 quards.
INFO 19:24:53:827 GeoMap3D: start fast import geodata_3.dat
INFO 19:24:54:046 GeoMap3D: import ended. load 58040 quards.
INFO 19:24:54:046 GeoManager: initialized.
INFO 19:24:54:070 ItemExecutorManager: loaded 0 executor items.
INFO 19:24:54:104 CommandManager: loaded 94 commands.
INFO 19:24:54:152 SkillLearnManager: loaded 950 skill learn's for 8 clases.
INFO 19:24:54:162 AnnounceManager: loaded 0 start announces and 0 running announces.
INFO 19:24:54:168 AccountManager: initialized.
INFO 19:24:54:178 GuildManager: loaded 0 guilds.
INFO 19:24:56:610 QuestManager: loaded 455 quests.
INFO 19:24:56:624 OnlineManager: initialized.
INFO 19:24:56:711 GameLogManager: initialized.
INFO 19:24:57:922 Region: next battle "Veritas District" in 2018.12.16 15:00.
INFO 19:24:57:971 Region: next battle "Ostgarath" in 2018.12.16 15:00.
INFO 19:24:58:189 Region: next battle "Val Palrada" in 2018.12.15 19:00.
INFO 19:24:58:201 Region: next battle "Val Aureum" in 2018.12.15 19:00.
INFO 19:24:58:202 EventManager: loaded 5 events.
INFO 19:24:58:660 EventManager: the nearest event in 30 minutes.
INFO 19:24:58:681 PlayerManager: initialized.
INFO 19:24:58:723 Network: started.
INFO 19:24:58:724 GameServer: started.
INFO 19:25:25:067 AccountManager: authed admin
