INFO 22:21:00:310 ServerControl: open server socket on 2101 port.
INFO 22:21:00:324 ExecutorManager: initialized.
INFO 22:21:01:724 CleaningManager: delete 0 reuses from a character_skill_reuses.
INFO 22:21:01:726 CleaningManager: delete 0 spawns from a boss_spawn.
INFO 22:21:01:727 CleaningManager: delete 0 appearances from a character_appearances.
INFO 22:21:01:727 CleaningManager: delete 0 effects from a character_save_effects.
INFO 22:21:01:728 CleaningManager: delete 0 inventors from a character_inventors.
INFO 22:21:01:729 CleaningManager: delete 0 skills from a character_skills.
INFO 22:21:01:731 CleaningManager: delete 0 hotkeys from a character_hotkey.
INFO 22:21:01:732 CleaningManager: delete 0 chars from a character_friends.
INFO 22:21:01:738 CleaningManager: delete 0 friends from a character_friends.
INFO 22:21:01:739 CleaningManager: delete 0 settings from a character_settings.
INFO 22:21:01:739 CleaningManager: delete 0 empty items from a items.
INFO 22:21:01:740 CleaningManager: delete 0 no owner items from a items.
INFO 22:21:01:741 CleaningManager: delete 0 no owner guild items from a items.
INFO 22:21:01:764 CleaningManager: create buffer table items.
INFO 22:21:01:766 CleaningManager: copy 6 items to buffer_items.
INFO 22:21:01:767 CleaningManager: delete 0 no owner items from a buffer_items.
INFO 22:21:01:782 CleaningManager: drop buffer table items.
INFO 22:21:01:783 CleaningManager: delete 0 from a quests.
INFO 22:21:01:785 CleaningManager: delete 0 from a quest variables.
INFO 22:21:01:786 CleaningManager: delete 0 from a guild ranks.
INFO 22:21:02:000 ClientPacketType: client packets prepared.
INFO 22:21:02:056 EffectParser: initialized.
INFO 22:21:02:063 RandomManager: initialized.
INFO 22:21:02:065 IdFactory: prepare npc ids...
INFO 22:21:02:073 BitSetIdGenerator: 102912 id's available.
INFO 22:21:02:073 IdFactory: prepare objects ids...
INFO 22:21:02:074 BitSetIdGenerator: 102912 id's available.
INFO 22:21:02:075 IdFactory: prepare players ids...
INFO 22:21:02:080 BitSetIdGenerator: extracted 1 ids.
INFO 22:21:02:081 BitSetIdGenerator: 102912 id's available.
INFO 22:21:02:081 IdFactory: prepare guilds ids...
INFO 22:21:02:084 BitSetIdGenerator: extracted 0 ids.
INFO 22:21:02:084 BitSetIdGenerator: 102912 id's available.
INFO 22:21:02:084 IdFactory: prepare item ids...
INFO 22:21:02:086 BitSetIdGenerator: extracted 6 ids.
INFO 22:21:02:086 BitSetIdGenerator: 102912 id's available.
INFO 22:21:02:125 ServerVarManager: loaded 0 variables.
INFO 22:21:02:134 BossSpawnManager: loaded 0 boss spawns.
INFO 22:21:05:387 TerritoryTable: loaded 160 territories for 18803 regions.
INFO 22:21:10:860 WorldZoneTable: loaded 12 world zones for 31986 regions.
INFO 22:21:10:864 ConditionParser: initializable.
WARNING 22:21:12:005 SkillTable: detected once the file D:\Documents\Documents\Java\Tera Server\.\data\skills\summon_skills\deprecated.zip
INFO 22:21:12:088 SkillTable: loaded 4613 skills for 19 classes.
INFO 22:21:13:204 ItemTable: loaded 10138 items.
INFO 22:21:13:232 Race: race appearances initializable.
INFO 22:21:13:247 PlayerTable: loaded 104 player templates.
WARNING 22:21:13:800 DropTable: not found items [50048]
INFO 22:21:13:800 DropTable: load drop for 407 npcs and 126 for resourse.
INFO 22:21:13:816 TownTable: initialized.
WARNING 22:21:13:862 NpcDialogTable: detected once the file D:\Documents\Documents\Java\Tera Server\.\data\dialogs\dialogs.txt
INFO 22:21:13:929 NpcDialogTable: loaded 88 dialogs.
INFO 22:21:13:939 MessagePackageTable: loaded 34 message packages.
INFO 22:21:14:030 ConfigAITable: loaded 45 npc ai configs.
INFO 22:21:14:064 NpcAppearanceTable: initialized. Loaded 59 appearances.
WARNING 22:21:14:322 NpcTable: detected once the file D:\Documents\Documents\Java\Tera Server\.\data\npcs\summons\playable_summons.zip
INFO 22:21:14:339 NpcTable: loaded  816 npcs.
INFO 22:21:14:367 ResourseTable: loaded  253 resourses.
INFO 22:21:14:406 MinionTable: loaded 303 minions for 42 npcs.
INFO 22:21:14:408 RegenTaskManager: initializable.
INFO 22:21:14:425 Formulas: initialized.
INFO 22:21:14:428 EffectTaskManager: initialized.
INFO 22:21:15:237 ObjectEventManager: initialized.
INFO 22:21:15:239 MoveTaskManager: initialized.
INFO 22:21:17:004 SpawnTable: loaded 19515 spawns for 617 npcs and 2013 spawns for 60 resourses.
INFO 22:21:17:019 GeoMap3D: start fast import geodata_1.dat
INFO 22:21:17:931 GeoMap3D: import ended. load 1867238 quards.
INFO 22:21:17:932 GeoMap3D: start fast import geodata_2.dat
INFO 22:21:18:224 GeoMap3D: import ended. load 440227 quards.
INFO 22:21:18:225 GeoMap3D: start fast import geodata_3.dat
INFO 22:21:18:309 GeoMap3D: import ended. load 58040 quards.
INFO 22:21:18:310 GeoManager: initialized.
INFO 22:21:18:329 ItemExecutorManager: loaded 0 executor items.
INFO 22:21:18:360 CommandManager: loaded 94 commands.
INFO 22:21:18:381 SkillLearnManager: loaded 950 skill learn's for 8 clases.
INFO 22:21:18:389 AnnounceManager: loaded 0 start announces and 0 running announces.
INFO 22:21:18:393 AccountManager: initialized.
INFO 22:21:18:401 GuildManager: loaded 0 guilds.
INFO 22:21:19:120 QuestManager: loaded 455 quests.
INFO 22:21:19:124 OnlineManager: initialized.
INFO 22:21:19:131 GameLogManager: initialized.
INFO 22:21:19:353 Region: next battle "Veritas District" in 2018.12.16 15:00.
INFO 22:21:19:370 Region: next battle "Ostgarath" in 2018.12.16 15:00.
INFO 22:21:19:376 Region: next battle "Val Palrada" in 2018.12.15 19:00.
INFO 22:21:19:379 Region: next battle "Val Aureum" in 2018.12.15 19:00.
INFO 22:21:19:380 EventManager: loaded 5 events.
INFO 22:21:19:613 EventManager: the nearest event in 32 minutes.
INFO 22:21:19:627 PlayerManager: initialized.
INFO 22:21:19:668 Network: started.
INFO 22:21:19:668 GameServer: started.
INFO 22:22:02:660 AccountManager: authed admin
WARNING 22:24:13:157 C_Get_User_List: NullPointerException : null : stack trace:
tera.gameserver.network.serverpackets.S_Get_User_List.getInstance(S_Get_User_List.java:233)
tera.gameserver.manager.PacketManager.showPlayerList(PacketManager.java:274)
tera.gameserver.network.clientpackets.C_Get_User_List.runImpl(C_Get_User_List.java:46)
rlib.network.packets.AbstractReadeablePacket.run(AbstractReadeablePacket.java:175)
java.base/java.util.concurrent.ThreadPoolExecutor.runWorker(ThreadPoolExecutor.java:1128)
java.base/java.util.concurrent.ThreadPoolExecutor$Worker.run(ThreadPoolExecutor.java:628)
java.base/java.lang.Thread.run(Thread.java:834)

