INFO 21:53:52:248 ServerControl: open server socket on 2101 port.
INFO 21:53:52:254 ExecutorManager: initialized.
INFO 21:53:52:925 CleaningManager: delete 0 reuses from a character_skill_reuses.
INFO 21:53:52:925 CleaningManager: delete 0 spawns from a boss_spawn.
INFO 21:53:52:926 CleaningManager: delete 0 appearances from a character_appearances.
INFO 21:53:52:926 CleaningManager: delete 0 effects from a character_save_effects.
INFO 21:53:52:927 CleaningManager: delete 0 inventors from a character_inventors.
INFO 21:53:52:928 CleaningManager: delete 0 skills from a character_skills.
INFO 21:53:52:928 CleaningManager: delete 0 hotkeys from a character_hotkey.
INFO 21:53:52:929 CleaningManager: delete 0 chars from a character_friends.
INFO 21:53:52:930 CleaningManager: delete 0 friends from a character_friends.
INFO 21:53:52:930 CleaningManager: delete 0 settings from a character_settings.
INFO 21:53:52:931 CleaningManager: delete 0 empty items from a items.
INFO 21:53:52:931 CleaningManager: delete 0 no owner items from a items.
INFO 21:53:52:932 CleaningManager: delete 0 no owner guild items from a items.
INFO 21:53:52:948 CleaningManager: create buffer table items.
INFO 21:53:52:950 CleaningManager: copy 0 items to buffer_items.
INFO 21:53:52:950 CleaningManager: delete 0 no owner items from a buffer_items.
INFO 21:53:52:957 CleaningManager: drop buffer table items.
INFO 21:53:52:958 CleaningManager: delete 0 from a quests.
INFO 21:53:52:958 CleaningManager: delete 0 from a quest variables.
INFO 21:53:52:959 CleaningManager: delete 0 from a guild ranks.
INFO 21:53:53:042 ClientPacketType: client packets prepared.
INFO 21:53:53:080 EffectParser: initialized.
INFO 21:53:53:083 RandomManager: initialized.
INFO 21:53:53:085 IdFactory: prepare npc ids...
INFO 21:53:53:090 BitSetIdGenerator: 102912 id's available.
INFO 21:53:53:090 IdFactory: prepare objects ids...
INFO 21:53:53:091 BitSetIdGenerator: 102912 id's available.
INFO 21:53:53:091 IdFactory: prepare players ids...
INFO 21:53:53:095 BitSetIdGenerator: extracted 0 ids.
INFO 21:53:53:096 BitSetIdGenerator: 102912 id's available.
INFO 21:53:53:096 IdFactory: prepare guilds ids...
INFO 21:53:53:097 BitSetIdGenerator: extracted 0 ids.
INFO 21:53:53:097 BitSetIdGenerator: 102912 id's available.
INFO 21:53:53:097 IdFactory: prepare item ids...
INFO 21:53:53:099 BitSetIdGenerator: extracted 0 ids.
INFO 21:53:53:099 BitSetIdGenerator: 102912 id's available.
INFO 21:53:53:123 ServerVarManager: loaded 0 variables.
INFO 21:53:53:129 BossSpawnManager: loaded 0 boss spawns.
INFO 21:53:54:865 TerritoryTable: loaded 160 territories for 18803 regions.
INFO 21:53:57:099 WorldZoneTable: loaded 12 world zones for 31986 regions.
INFO 21:53:57:101 ConditionParser: initializable.
WARNING 21:53:57:741 SkillTable: detected once the file D:\Documents\Documents\Java\Tera Server\.\data\skills\summon_skills\deprecated.zip
INFO 21:53:57:763 SkillTable: loaded 4613 skills for 19 classes.
INFO 21:53:58:357 ItemTable: loaded 10138 items.
INFO 21:53:58:372 Race: race appearances initializable.
INFO 21:53:58:382 PlayerTable: loaded 104 player templates.
WARNING 21:53:58:733 DropTable: not found items [50048]
INFO 21:53:58:734 DropTable: load drop for 407 npcs and 126 for resourse.
INFO 21:53:58:740 TownTable: initialized.
WARNING 21:53:58:770 NpcDialogTable: detected once the file D:\Documents\Documents\Java\Tera Server\.\data\dialogs\dialogs.txt
INFO 21:53:58:814 NpcDialogTable: loaded 88 dialogs.
INFO 21:53:58:820 MessagePackageTable: loaded 34 message packages.
INFO 21:53:58:870 ConfigAITable: loaded 45 npc ai configs.
INFO 21:53:58:884 NpcAppearanceTable: initialized. Loaded 59 appearances.
WARNING 21:53:59:072 NpcTable: detected once the file D:\Documents\Documents\Java\Tera Server\.\data\npcs\summons\playable_summons.zip
INFO 21:53:59:084 NpcTable: loaded  816 npcs.
INFO 21:53:59:103 ResourseTable: loaded  253 resourses.
INFO 21:53:59:119 MinionTable: loaded 303 minions for 42 npcs.
INFO 21:53:59:120 RegenTaskManager: initializable.
INFO 21:53:59:129 Formulas: initialized.
INFO 21:53:59:131 EffectTaskManager: initialized.
INFO 21:53:59:537 ObjectEventManager: initialized.
INFO 21:53:59:538 MoveTaskManager: initialized.
INFO 21:54:00:420 SpawnTable: loaded 19515 spawns for 617 npcs and 2013 spawns for 60 resourses.
INFO 21:54:00:428 GeoMap3D: start fast import geodata_1.dat
INFO 21:54:00:997 GeoMap3D: import ended. load 1867238 quards.
INFO 21:54:01:004 GeoMap3D: start fast import geodata_2.dat
INFO 21:54:01:099 GeoMap3D: import ended. load 440227 quards.
INFO 21:54:01:099 GeoMap3D: start fast import geodata_3.dat
INFO 21:54:01:141 GeoMap3D: import ended. load 58040 quards.
INFO 21:54:01:141 GeoManager: initialized.
INFO 21:54:01:151 ItemExecutorManager: loaded 0 executor items.
INFO 21:54:01:167 CommandManager: loaded 94 commands.
INFO 21:54:01:182 SkillLearnManager: loaded 950 skill learn's for 8 clases.
INFO 21:54:01:187 AnnounceManager: loaded 0 start announces and 0 running announces.
INFO 21:54:01:191 AccountManager: initialized.
INFO 21:54:01:195 GuildManager: loaded 0 guilds.
INFO 21:54:01:620 QuestManager: loaded 455 quests.
INFO 21:54:01:625 OnlineManager: initialized.
INFO 21:54:01:637 GameLogManager: initialized.
INFO 21:54:01:769 Region: next battle "Veritas District" in 2018.12.16 15:00.
INFO 21:54:01:772 Region: next battle "Ostgarath" in 2018.12.16 15:00.
INFO 21:54:01:775 Region: next battle "Val Palrada" in 2018.12.15 19:00.
INFO 21:54:01:778 Region: next battle "Val Aureum" in 2018.12.15 19:00.
INFO 21:54:01:778 EventManager: loaded 5 events.
INFO 21:54:01:947 EventManager: the nearest event in 46 minutes.
INFO 21:54:01:958 PlayerManager: initialized.
INFO 21:54:01:977 Network: started.
INFO 21:54:01:977 GameServer: started.
INFO 21:54:35:007 AccountManager: authed admin
INFO 21:55:18:790 AccountManager: close admin
