INFO 22:36:57:283 ServerControl: open server socket on 2101 port.
INFO 22:36:57:290 ExecutorManager: initialized.
INFO 22:36:57:931 CleaningManager: delete 0 reuses from a character_skill_reuses.
INFO 22:36:57:932 CleaningManager: delete 0 spawns from a boss_spawn.
INFO 22:36:57:933 CleaningManager: delete 0 appearances from a character_appearances.
INFO 22:36:57:933 CleaningManager: delete 0 effects from a character_save_effects.
INFO 22:36:57:934 CleaningManager: delete 0 inventors from a character_inventors.
INFO 22:36:57:934 CleaningManager: delete 0 skills from a character_skills.
INFO 22:36:57:935 CleaningManager: delete 0 hotkeys from a character_hotkey.
INFO 22:36:57:935 CleaningManager: delete 0 chars from a character_friends.
INFO 22:36:57:936 CleaningManager: delete 0 friends from a character_friends.
INFO 22:36:57:937 CleaningManager: delete 0 settings from a character_settings.
INFO 22:36:57:937 CleaningManager: delete 0 empty items from a items.
INFO 22:36:57:938 CleaningManager: delete 0 no owner items from a items.
INFO 22:36:57:938 CleaningManager: delete 0 no owner guild items from a items.
INFO 22:36:57:952 CleaningManager: create buffer table items.
INFO 22:36:57:954 CleaningManager: copy 6 items to buffer_items.
INFO 22:36:57:954 CleaningManager: delete 0 no owner items from a buffer_items.
INFO 22:36:57:968 CleaningManager: drop buffer table items.
INFO 22:36:57:969 CleaningManager: delete 0 from a quests.
INFO 22:36:57:969 CleaningManager: delete 0 from a quest variables.
INFO 22:36:57:970 CleaningManager: delete 0 from a guild ranks.
INFO 22:36:58:052 ClientPacketType: client packets prepared.
INFO 22:36:58:085 EffectParser: initialized.
INFO 22:36:58:089 RandomManager: initialized.
INFO 22:36:58:090 IdFactory: prepare npc ids...
INFO 22:36:58:094 BitSetIdGenerator: 102912 id's available.
INFO 22:36:58:095 IdFactory: prepare objects ids...
INFO 22:36:58:095 BitSetIdGenerator: 102912 id's available.
INFO 22:36:58:095 IdFactory: prepare players ids...
INFO 22:36:58:100 BitSetIdGenerator: extracted 1 ids.
INFO 22:36:58:100 BitSetIdGenerator: 102912 id's available.
INFO 22:36:58:100 IdFactory: prepare guilds ids...
INFO 22:36:58:101 BitSetIdGenerator: extracted 0 ids.
INFO 22:36:58:101 BitSetIdGenerator: 102912 id's available.
INFO 22:36:58:101 IdFactory: prepare item ids...
INFO 22:36:58:102 BitSetIdGenerator: extracted 6 ids.
INFO 22:36:58:102 BitSetIdGenerator: 102912 id's available.
INFO 22:36:58:125 ServerVarManager: loaded 0 variables.
INFO 22:36:58:131 BossSpawnManager: loaded 0 boss spawns.
INFO 22:36:59:672 TerritoryTable: loaded 160 territories for 18803 regions.
INFO 22:37:02:051 WorldZoneTable: loaded 12 world zones for 31986 regions.
INFO 22:37:02:052 ConditionParser: initializable.
WARNING 22:37:02:532 SkillTable: detected once the file D:\Documents\Documents\Java\Tera Server\.\data\skills\summon_skills\deprecated.zip
INFO 22:37:02:544 SkillTable: loaded 4613 skills for 19 classes.
INFO 22:37:02:938 ItemTable: loaded 10138 items.
INFO 22:37:02:955 Race: race appearances initializable.
INFO 22:37:02:962 PlayerTable: loaded 104 player templates.
WARNING 22:37:03:220 DropTable: not found items [50048]
INFO 22:37:03:220 DropTable: load drop for 407 npcs and 126 for resourse.
INFO 22:37:03:227 TownTable: initialized.
WARNING 22:37:03:249 NpcDialogTable: detected once the file D:\Documents\Documents\Java\Tera Server\.\data\dialogs\dialogs.txt
INFO 22:37:03:281 NpcDialogTable: loaded 88 dialogs.
INFO 22:37:03:286 MessagePackageTable: loaded 34 message packages.
INFO 22:37:03:325 ConfigAITable: loaded 45 npc ai configs.
INFO 22:37:03:339 NpcAppearanceTable: initialized. Loaded 59 appearances.
WARNING 22:37:03:460 NpcTable: detected once the file D:\Documents\Documents\Java\Tera Server\.\data\npcs\summons\playable_summons.zip
INFO 22:37:03:467 NpcTable: loaded  816 npcs.
INFO 22:37:03:480 ResourseTable: loaded  253 resourses.
INFO 22:37:03:492 MinionTable: loaded 303 minions for 42 npcs.
INFO 22:37:03:493 RegenTaskManager: initializable.
INFO 22:37:03:503 Formulas: initialized.
INFO 22:37:03:505 EffectTaskManager: initialized.
INFO 22:37:03:890 ObjectEventManager: initialized.
INFO 22:37:03:891 MoveTaskManager: initialized.
INFO 22:37:04:583 SpawnTable: loaded 19515 spawns for 617 npcs and 2013 spawns for 60 resourses.
INFO 22:37:04:590 GeoMap3D: start fast import geodata_1.dat
INFO 22:37:04:862 GeoMap3D: import ended. load 1867238 quards.
INFO 22:37:04:862 GeoMap3D: start fast import geodata_2.dat
INFO 22:37:04:952 GeoMap3D: import ended. load 440227 quards.
INFO 22:37:04:952 GeoMap3D: start fast import geodata_3.dat
INFO 22:37:04:993 GeoMap3D: import ended. load 58040 quards.
INFO 22:37:04:994 GeoManager: initialized.
INFO 22:37:05:003 ItemExecutorManager: loaded 0 executor items.
INFO 22:37:05:026 CommandManager: loaded 94 commands.
INFO 22:37:05:038 SkillLearnManager: loaded 950 skill learn's for 8 clases.
INFO 22:37:05:042 AnnounceManager: loaded 0 start announces and 0 running announces.
INFO 22:37:05:045 AccountManager: initialized.
INFO 22:37:05:049 GuildManager: loaded 0 guilds.
INFO 22:37:05:419 QuestManager: loaded 455 quests.
INFO 22:37:05:421 OnlineManager: initialized.
INFO 22:37:05:433 GameLogManager: initialized.
INFO 22:37:05:531 Region: next battle "Veritas District" in 2018.12.16 15:00.
INFO 22:37:05:533 Region: next battle "Ostgarath" in 2018.12.16 15:00.
INFO 22:37:05:536 Region: next battle "Val Palrada" in 2018.12.15 19:00.
INFO 22:37:05:537 Region: next battle "Val Aureum" in 2018.12.15 19:00.
INFO 22:37:05:538 EventManager: loaded 5 events.
INFO 22:37:05:640 EventManager: the nearest event in 52 minutes.
INFO 22:37:05:648 PlayerManager: initialized.
INFO 22:37:05:666 Network: started.
INFO 22:37:05:666 GameServer: started.
INFO 22:37:43:301 AccountManager: authed admin
WARNING 22:37:45:171 C_Get_User_List: NullPointerException : null : stack trace:
tera.gameserver.network.serverpackets.S_Get_User_List.getInstance(S_Get_User_List.java:48)
tera.gameserver.manager.PacketManager.showPlayerList(PacketManager.java:274)
tera.gameserver.network.clientpackets.C_Get_User_List.runImpl(C_Get_User_List.java:46)
rlib.network.packets.AbstractReadeablePacket.run(AbstractReadeablePacket.java:175)
java.base/java.util.concurrent.ThreadPoolExecutor.runWorker(ThreadPoolExecutor.java:1128)
java.base/java.util.concurrent.ThreadPoolExecutor$Worker.run(ThreadPoolExecutor.java:628)
java.base/java.lang.Thread.run(Thread.java:834)

