INFO 20:27:43:404 ServerControl: open server socket on 2101 port.
INFO 20:27:43:424 ExecutorManager: initialized.
INFO 20:27:46:012 CleaningManager: delete 0 reuses from a character_skill_reuses.
INFO 20:27:46:013 CleaningManager: delete 0 spawns from a boss_spawn.
INFO 20:27:46:014 CleaningManager: delete 0 appearances from a character_appearances.
INFO 20:27:46:016 CleaningManager: delete 0 effects from a character_save_effects.
INFO 20:27:46:017 CleaningManager: delete 0 inventors from a character_inventors.
INFO 20:27:46:018 CleaningManager: delete 0 skills from a character_skills.
INFO 20:27:46:019 CleaningManager: delete 0 hotkeys from a character_hotkey.
INFO 20:27:46:020 CleaningManager: delete 0 chars from a character_friends.
INFO 20:27:46:022 CleaningManager: delete 0 friends from a character_friends.
INFO 20:27:46:023 CleaningManager: delete 0 settings from a character_settings.
INFO 20:27:46:024 CleaningManager: delete 0 empty items from a items.
INFO 20:27:46:025 CleaningManager: delete 0 no owner items from a items.
INFO 20:27:46:026 CleaningManager: delete 0 no owner guild items from a items.
INFO 20:27:46:071 CleaningManager: create buffer table items.
INFO 20:27:46:075 CleaningManager: copy 0 items to buffer_items.
INFO 20:27:46:076 CleaningManager: delete 0 no owner items from a buffer_items.
INFO 20:27:46:100 CleaningManager: drop buffer table items.
INFO 20:27:46:101 CleaningManager: delete 0 from a quests.
INFO 20:27:46:102 CleaningManager: delete 0 from a quest variables.
INFO 20:27:46:103 CleaningManager: delete 0 from a guild ranks.
INFO 20:27:46:386 ClientPacketType: client packets prepared.
INFO 20:27:46:460 EffectParser: initialized.
INFO 20:27:46:467 RandomManager: initialized.
INFO 20:27:46:469 IdFactory: prepare npc ids...
INFO 20:27:46:477 BitSetIdGenerator: 102912 id's available.
INFO 20:27:46:478 IdFactory: prepare objects ids...
INFO 20:27:46:502 BitSetIdGenerator: 102912 id's available.
INFO 20:27:46:503 IdFactory: prepare players ids...
INFO 20:27:46:514 BitSetIdGenerator: extracted 0 ids.
INFO 20:27:46:515 BitSetIdGenerator: 102912 id's available.
INFO 20:27:46:515 IdFactory: prepare guilds ids...
INFO 20:27:46:517 BitSetIdGenerator: extracted 0 ids.
INFO 20:27:46:517 BitSetIdGenerator: 102912 id's available.
INFO 20:27:46:518 IdFactory: prepare item ids...
INFO 20:27:46:520 BitSetIdGenerator: extracted 0 ids.
INFO 20:27:46:520 BitSetIdGenerator: 102912 id's available.
INFO 20:27:46:706 ServerVarManager: loaded 0 variables.
INFO 20:27:46:715 BossSpawnManager: loaded 0 boss spawns.
INFO 20:27:52:234 TerritoryTable: loaded 160 territories for 18803 regions.
INFO 20:27:58:922 WorldZoneTable: loaded 12 world zones for 31986 regions.
INFO 20:27:58:929 ConditionParser: initializable.
WARNING 20:28:00:471 SkillTable: detected once the file D:\Documents\Documents\Java\Tera Server\.\data\skills\summon_skills\deprecated.zip
INFO 20:28:00:508 SkillTable: loaded 4613 skills for 19 classes.
INFO 20:28:01:886 ItemTable: loaded 10138 items.
INFO 20:28:01:919 Race: race appearances initializable.
INFO 20:28:01:937 PlayerTable: loaded 104 player templates.
WARNING 20:28:02:931 DropTable: not found items [50048]
INFO 20:28:02:932 DropTable: load drop for 407 npcs and 126 for resourse.
INFO 20:28:02:942 TownTable: initialized.
WARNING 20:28:02:986 NpcDialogTable: detected once the file D:\Documents\Documents\Java\Tera Server\.\data\dialogs\dialogs.txt
INFO 20:28:03:062 NpcDialogTable: loaded 88 dialogs.
INFO 20:28:03:075 MessagePackageTable: loaded 34 message packages.
INFO 20:28:03:189 ConfigAITable: loaded 45 npc ai configs.
INFO 20:28:03:257 NpcAppearanceTable: initialized. Loaded 59 appearances.
WARNING 20:28:03:577 NpcTable: detected once the file D:\Documents\Documents\Java\Tera Server\.\data\npcs\summons\playable_summons.zip
INFO 20:28:03:597 NpcTable: loaded  816 npcs.
INFO 20:28:03:625 ResourseTable: loaded  253 resourses.
INFO 20:28:03:656 MinionTable: loaded 303 minions for 42 npcs.
INFO 20:28:03:658 RegenTaskManager: initializable.
INFO 20:28:03:674 Formulas: initialized.
INFO 20:28:03:677 EffectTaskManager: initialized.
INFO 20:28:04:789 ObjectEventManager: initialized.
INFO 20:28:04:790 MoveTaskManager: initialized.
INFO 20:28:06:908 SpawnTable: loaded 19515 spawns for 617 npcs and 2013 spawns for 60 resourses.
INFO 20:28:06:923 GeoMap3D: start fast import geodata_1.dat
INFO 20:28:07:679 GeoMap3D: import ended. load 1867238 quards.
INFO 20:28:07:679 GeoMap3D: start fast import geodata_2.dat
INFO 20:28:08:000 GeoMap3D: import ended. load 440227 quards.
INFO 20:28:08:000 GeoMap3D: start fast import geodata_3.dat
INFO 20:28:08:047 GeoMap3D: import ended. load 58040 quards.
INFO 20:28:08:047 GeoManager: initialized.
INFO 20:28:08:065 ItemExecutorManager: loaded 0 executor items.
INFO 20:28:08:127 CommandManager: loaded 94 commands.
INFO 20:28:08:169 SkillLearnManager: loaded 950 skill learn's for 8 clases.
INFO 20:28:08:176 AnnounceManager: loaded 0 start announces and 0 running announces.
INFO 20:28:08:181 AccountManager: initialized.
INFO 20:28:08:189 GuildManager: loaded 0 guilds.
INFO 20:28:09:295 QuestManager: loaded 455 quests.
INFO 20:28:09:300 OnlineManager: initialized.
INFO 20:28:09:324 GameLogManager: initialized.
INFO 20:28:09:614 Region: next battle "Veritas District" in 2018.12.16 15:00.
INFO 20:28:09:619 Region: next battle "Ostgarath" in 2018.12.16 15:00.
INFO 20:28:09:625 Region: next battle "Val Palrada" in 2018.12.15 19:00.
INFO 20:28:09:632 Region: next battle "Val Aureum" in 2018.12.15 19:00.
INFO 20:28:09:632 EventManager: loaded 5 events.
INFO 20:28:10:012 EventManager: the nearest event in 56 minutes.
INFO 20:28:10:036 PlayerManager: initialized.
INFO 20:28:10:081 Network: started.
INFO 20:28:10:082 GameServer: started.
INFO 20:28:24:269 AccountManager: authed admin
