INFO 22:09:38:433 ServerControl: open server socket on 2101 port.
INFO 22:09:38:442 ExecutorManager: initialized.
INFO 22:09:39:005 CleaningManager: delete 0 reuses from a character_skill_reuses.
INFO 22:09:39:005 CleaningManager: delete 0 spawns from a boss_spawn.
INFO 22:09:39:006 CleaningManager: delete 0 appearances from a character_appearances.
INFO 22:09:39:007 CleaningManager: delete 0 effects from a character_save_effects.
INFO 22:09:39:007 CleaningManager: delete 0 inventors from a character_inventors.
INFO 22:09:39:008 CleaningManager: delete 0 skills from a character_skills.
INFO 22:09:39:008 CleaningManager: delete 0 hotkeys from a character_hotkey.
INFO 22:09:39:008 CleaningManager: delete 0 chars from a character_friends.
INFO 22:09:39:009 CleaningManager: delete 0 friends from a character_friends.
INFO 22:09:39:010 CleaningManager: delete 0 settings from a character_settings.
INFO 22:09:39:010 CleaningManager: delete 0 empty items from a items.
INFO 22:09:39:011 CleaningManager: delete 0 no owner items from a items.
INFO 22:09:39:011 CleaningManager: delete 0 no owner guild items from a items.
INFO 22:09:39:032 CleaningManager: create buffer table items.
INFO 22:09:39:036 CleaningManager: copy 118 items to buffer_items.
INFO 22:09:39:037 CleaningManager: delete 0 no owner items from a buffer_items.
INFO 22:09:39:051 CleaningManager: drop buffer table items.
INFO 22:09:39:051 CleaningManager: delete 0 from a quests.
INFO 22:09:39:052 CleaningManager: delete 0 from a quest variables.
INFO 22:09:39:053 CleaningManager: delete 0 from a guild ranks.
INFO 22:09:39:181 ClientPacketType: client packets prepared.
INFO 22:09:39:234 EffectParser: initialized.
INFO 22:09:39:239 RandomManager: initialized.
INFO 22:09:39:241 IdFactory: prepare npc ids...
INFO 22:09:39:246 BitSetIdGenerator: 102912 id's available.
INFO 22:09:39:246 IdFactory: prepare objects ids...
INFO 22:09:39:246 BitSetIdGenerator: 102912 id's available.
INFO 22:09:39:247 IdFactory: prepare players ids...
INFO 22:09:39:251 BitSetIdGenerator: extracted 4 ids.
INFO 22:09:39:251 BitSetIdGenerator: 102912 id's available.
INFO 22:09:39:251 IdFactory: prepare guilds ids...
INFO 22:09:39:253 BitSetIdGenerator: extracted 1 ids.
INFO 22:09:39:253 BitSetIdGenerator: 102912 id's available.
INFO 22:09:39:253 IdFactory: prepare item ids...
INFO 22:09:39:256 BitSetIdGenerator: extracted 118 ids.
WARNING 22:09:39:256 BitSetIdGenerator: objectId 1 in DB is less than minimum ID of 268435456.
INFO 22:09:39:257 BitSetIdGenerator: 102912 id's available.
INFO 22:09:39:283 ServerVarManager: loaded 0 variables.
INFO 22:09:39:287 BossSpawnManager: loaded 0 boss spawns.
INFO 22:09:42:211 TerritoryTable: loaded 160 territories for 18803 regions.
INFO 22:09:44:333 WorldZoneTable: loaded 9 world zones for 31887 regions.
INFO 22:09:44:335 ConditionParser: initializable.
WARNING 22:09:44:829 SkillTable: detected once the file D:\Documents\Documents\Java\Tera Server\.\data\skills\summon_skills\deprecated.zip
INFO 22:09:44:846 SkillTable: loaded 4613 skills for 19 classes.
INFO 22:09:45:286 ItemTable: loaded 10137 items.
INFO 22:09:45:300 Race: race appearances initializable.
INFO 22:09:45:309 PlayerTable: loaded 104 player templates.
WARNING 22:09:45:747 DropTable: not found items [50048]
INFO 22:09:45:747 DropTable: load drop for 407 npcs and 126 for resourse.
INFO 22:09:45:759 TownTable: initialized.
WARNING 22:09:45:790 NpcDialogTable: detected once the file D:\Documents\Documents\Java\Tera Server\.\data\dialogs\dialogs.txt
INFO 22:09:45:846 NpcDialogTable: loaded 83 dialogs.
INFO 22:09:45:859 MessagePackageTable: loaded 34 message packages.
INFO 22:09:45:916 ConfigAITable: loaded 45 npc ai configs.
INFO 22:09:45:933 NpcAppearanceTable: initialized. Loaded 59 appearances.
WARNING 22:09:46:037 NpcTable: found duplicate npc template NpcTemplate npcId = 7011, exp = 1000000, attack = 400000, defense = 3500, owerAttack = 3000, owerDefense = 30000, level = 60, aggro = 120, factionRange = 0, name = Linyphi, title = , factionId = , type = 51, isRaid = false, canDrop = false, drop = null, minions = null, dialog = null, geomRadius = 90.0, geomHeight = 160.0, npcType = RAID_BOSS in file .\data\npcs\raid_boss.xml
WARNING 22:09:46:100 NpcTable: detected once the file D:\Documents\Documents\Java\Tera Server\.\data\npcs\summons\playable_summons.zip
INFO 22:09:46:109 NpcTable: loaded  815 npcs.
INFO 22:09:46:123 ResourseTable: loaded  253 resourses.
INFO 22:09:46:138 MinionTable: loaded 303 minions for 42 npcs.
INFO 22:09:46:139 RegenTaskManager: initializable.
INFO 22:09:46:149 Formulas: initialized.
INFO 22:09:46:172 EffectTaskManager: initialized.
INFO 22:09:46:490 ObjectEventManager: initialized.
INFO 22:09:46:491 MoveTaskManager: initialized.
INFO 22:09:46:852 SpawnTable: loaded 19474 spawns for 616 npcs and 2013 spawns for 60 resourses.
INFO 22:09:46:861 GeoMap3D: start fast import geodata_1.dat
INFO 22:09:48:105 GeoMap3D: import ended. load 1867238 quards.
INFO 22:09:48:106 GeoMap3D: start fast import geodata_2.dat
INFO 22:09:48:166 GeoMap3D: import ended. load 440227 quards.
INFO 22:09:48:166 GeoMap3D: start fast import geodata_3.dat
INFO 22:09:49:432 GeoMap3D: import ended. load 58041 quards.
INFO 22:09:49:432 GeoManager: initialized.
INFO 22:09:49:436 ItemExecutorManager: loaded 0 executor items.
INFO 22:09:49:449 CommandManager: loaded 93 commands.
INFO 22:09:49:461 SkillLearnManager: loaded 950 skill learn's for 8 clases.
INFO 22:09:49:465 AnnounceManager: loaded 0 start announces and 0 running announces.
INFO 22:09:49:468 AccountManager: initialized.
INFO 22:09:49:489 GuildManager: loaded 1 guilds.
INFO 22:09:49:768 QuestManager: loaded 455 quests.
INFO 22:09:49:770 OnlineManager: initialized.
INFO 22:09:49:778 GameLogManager: initialized.
INFO 22:09:49:870 Region: next battle "Veritas District" in 2018.04.15 16:00.
INFO 22:09:49:872 Region: next battle "Ostgarath" in 2018.04.15 16:00.
INFO 22:09:49:874 Region: next battle "Val Palrada" in 2018.04.14 20:00.
INFO 22:09:49:876 Region: next battle "Val Aureum" in 2018.04.14 20:00.
INFO 22:09:49:876 EventManager: loaded 5 events.
INFO 22:09:50:484 EventManager: the nearest event in 54 minutes.
INFO 22:09:50:490 PlayerManager: initialized.
INFO 22:09:50:553 Network: started.
INFO 22:09:50:553 GameServer: started.
WARNING 22:10:20:415 ClientConnection: not found packet for opcode 4DBC
20 00 BC 4D 02 00 08 00 08 00 14 00 00 00 00 00    ..¼M............
94 5F 03 00 14 00 00 00 01 00 00 00 DC 5F 03 00    _..........Ü_..
41 00 A4 78 13 00 21 00 20 00 00 00 00 00 00 02    A.¤x..!.........
00 00 00 44 00 61 00 72 00 6B 00 7A 00 61 00 00    ...D.a.r.k.z.a..
00 34 66 65 37 36 37 38 61 38 31 62 61 37 63 37    .4fe7678a81ba7c7
64 62 32 36 39 63 37 37 62 35 64 64 37 38 31 63    db269c77b5dd781c
61                                                 a...............

INFO 22:10:20:419 AccountManager: authed Darkza
WARNING 22:10:20:431 ClientConnection: not found packet for opcode F4FE
08 00 FE F4 E8 03 00 00                            ..þôè...........

WARNING 22:10:20:432 ClientConnection: not found packet for opcode CD71
BC 00 71 CD 12 00 38 00 8C 00 AF 3F 00 00 80 00    ¼.qÍ..8..¯?...
00 00 57 00 69 00 6E 00 64 00 6F 00 77 00 73 00    ..W.i.n.d.o.w.s.
20 00 37 00 20 00 28 00 78 00 36 00 34 00 29 00    ..7...(.x.6.4.).
20 00 0D 00 0A 00 00 00 49 00 6E 00 74 00 65 00    ........I.n.t.e.
6C 00 28 00 52 00 29 00 20 00 43 00 6F 00 72 00    l.(.R.)...C.o.r.
65 00 28 00 54 00 4D 00 29 00 20 00 69 00 37 00    e.(.T.M.)...i.7.
2D 00 34 00 37 00 31 00 30 00 48 00 51 00 20 00    -.4.7.1.0.H.Q...
43 00 50 00 55 00 20 00 40 00 20 00 32 00 2E 00    C.P.U...@...2...
35 00 30 00 47 00 48 00 7A 00 00 00 4E 00 56 00    5.0.G.H.z...N.V.
49 00 44 00 49 00 41 00 20 00 47 00 65 00 46 00    I.D.I.A...G.e.F.
6F 00 72 00 63 00 65 00 20 00 47 00 54 00 58 00    o.r.c.e...G.T.X.
20 00 38 00 37 00 30 00 4D 00 00 00                ..8.7.0.M.......

INFO 22:10:35:344 AccountManager: close Darkza
