INFO 22:13:18:017 ServerControl: open server socket on 2101 port.
INFO 22:13:18:035 ExecutorManager: initialized.
INFO 22:13:20:237 CleaningManager: delete 0 reuses from a character_skill_reuses.
INFO 22:13:20:238 CleaningManager: delete 0 spawns from a boss_spawn.
INFO 22:13:20:240 CleaningManager: delete 0 appearances from a character_appearances.
INFO 22:13:20:241 CleaningManager: delete 0 effects from a character_save_effects.
INFO 22:13:20:242 CleaningManager: delete 0 inventors from a character_inventors.
INFO 22:13:20:243 CleaningManager: delete 0 skills from a character_skills.
INFO 22:13:20:244 CleaningManager: delete 0 hotkeys from a character_hotkey.
INFO 22:13:20:245 CleaningManager: delete 0 chars from a character_friends.
INFO 22:13:20:248 CleaningManager: delete 0 friends from a character_friends.
INFO 22:13:20:249 CleaningManager: delete 0 settings from a character_settings.
INFO 22:13:20:249 CleaningManager: delete 0 empty items from a items.
INFO 22:13:20:250 CleaningManager: delete 0 no owner items from a items.
INFO 22:13:20:251 CleaningManager: delete 0 no owner guild items from a items.
INFO 22:13:20:290 CleaningManager: create buffer table items.
INFO 22:13:20:294 CleaningManager: copy 0 items to buffer_items.
INFO 22:13:20:296 CleaningManager: delete 0 no owner items from a buffer_items.
INFO 22:13:20:321 CleaningManager: drop buffer table items.
INFO 22:13:20:323 CleaningManager: delete 0 from a quests.
INFO 22:13:20:325 CleaningManager: delete 0 from a quest variables.
INFO 22:13:20:329 CleaningManager: delete 0 from a guild ranks.
INFO 22:13:20:829 ClientPacketType: client packets prepared.
INFO 22:13:20:976 EffectParser: initialized.
INFO 22:13:20:993 RandomManager: initialized.
INFO 22:13:20:996 IdFactory: prepare npc ids...
INFO 22:13:21:021 BitSetIdGenerator: 102912 id's available.
INFO 22:13:21:025 IdFactory: prepare objects ids...
INFO 22:13:21:026 BitSetIdGenerator: 102912 id's available.
INFO 22:13:21:027 IdFactory: prepare players ids...
INFO 22:13:21:076 BitSetIdGenerator: extracted 0 ids.
INFO 22:13:21:077 BitSetIdGenerator: 102912 id's available.
INFO 22:13:21:080 IdFactory: prepare guilds ids...
INFO 22:13:21:090 BitSetIdGenerator: extracted 0 ids.
INFO 22:13:21:092 BitSetIdGenerator: 102912 id's available.
INFO 22:13:21:093 IdFactory: prepare item ids...
INFO 22:13:21:101 BitSetIdGenerator: extracted 0 ids.
INFO 22:13:21:103 BitSetIdGenerator: 102912 id's available.
INFO 22:13:21:265 ServerVarManager: loaded 0 variables.
INFO 22:13:21:273 BossSpawnManager: loaded 0 boss spawns.
INFO 22:13:25:789 TerritoryTable: loaded 160 territories for 18803 regions.
INFO 22:13:30:967 WorldZoneTable: loaded 12 world zones for 31986 regions.
INFO 22:13:30:970 ConditionParser: initializable.
WARNING 22:13:34:052 SkillTable: detected once the file D:\Documents\Documents\Java\Tera Server\.\data\skills\summon_skills\deprecated.zip
INFO 22:13:34:086 SkillTable: loaded 4613 skills for 19 classes.
INFO 22:13:36:694 ItemTable: loaded 10138 items.
INFO 22:13:36:793 Race: race appearances initializable.
INFO 22:13:36:841 PlayerTable: loaded 104 player templates.
WARNING 22:13:38:574 DropTable: not found items [50048]
INFO 22:13:38:574 DropTable: load drop for 407 npcs and 126 for resourse.
INFO 22:13:38:586 TownTable: initialized.
WARNING 22:13:38:635 NpcDialogTable: detected once the file D:\Documents\Documents\Java\Tera Server\.\data\dialogs\dialogs.txt
INFO 22:13:38:708 NpcDialogTable: loaded 88 dialogs.
INFO 22:13:38:721 MessagePackageTable: loaded 34 message packages.
INFO 22:13:39:009 ConfigAITable: loaded 45 npc ai configs.
INFO 22:13:39:091 NpcAppearanceTable: initialized. Loaded 59 appearances.
WARNING 22:13:39:747 NpcTable: detected once the file D:\Documents\Documents\Java\Tera Server\.\data\npcs\summons\playable_summons.zip
INFO 22:13:39:769 NpcTable: loaded  816 npcs.
INFO 22:13:39:809 ResourseTable: loaded  253 resourses.
INFO 22:13:39:895 MinionTable: loaded 303 minions for 42 npcs.
INFO 22:13:39:908 RegenTaskManager: initializable.
INFO 22:13:39:966 Formulas: initialized.
INFO 22:13:39:977 EffectTaskManager: initialized.
INFO 22:13:41:466 ObjectEventManager: initialized.
INFO 22:13:41:470 MoveTaskManager: initialized.
INFO 22:13:47:375 SpawnTable: loaded 19515 spawns for 617 npcs and 2013 spawns for 60 resourses.
INFO 22:13:47:399 GeoMap3D: start fast import geodata_1.dat
INFO 22:13:48:591 GeoMap3D: import ended. load 1867238 quards.
INFO 22:13:48:593 GeoMap3D: start fast import geodata_2.dat
INFO 22:13:49:123 GeoMap3D: import ended. load 440227 quards.
INFO 22:13:49:124 GeoMap3D: start fast import geodata_3.dat
INFO 22:13:49:346 GeoMap3D: import ended. load 58040 quards.
INFO 22:13:49:347 GeoManager: initialized.
INFO 22:13:49:361 ItemExecutorManager: loaded 0 executor items.
INFO 22:13:49:391 CommandManager: loaded 94 commands.
INFO 22:13:49:413 SkillLearnManager: loaded 950 skill learn's for 8 clases.
INFO 22:13:49:421 AnnounceManager: loaded 0 start announces and 0 running announces.
INFO 22:13:49:429 AccountManager: initialized.
INFO 22:13:49:447 GuildManager: loaded 0 guilds.
INFO 22:13:52:128 QuestManager: loaded 455 quests.
INFO 22:13:52:133 OnlineManager: initialized.
INFO 22:13:52:375 GameLogManager: initialized.
INFO 22:13:52:804 Region: next battle "Veritas District" in 2018.12.16 15:00.
INFO 22:13:52:808 Region: next battle "Ostgarath" in 2018.12.16 15:00.
INFO 22:13:52:815 Region: next battle "Val Palrada" in 2018.12.15 19:00.
INFO 22:13:52:819 Region: next battle "Val Aureum" in 2018.12.15 19:00.
INFO 22:13:52:819 EventManager: loaded 5 events.
INFO 22:13:53:384 EventManager: the nearest event in 50 minutes.
INFO 22:13:53:405 PlayerManager: initialized.
INFO 22:13:53:447 Network: started.
INFO 22:13:53:448 GameServer: started.
INFO 22:13:56:469 AccountManager: authed admin
WARNING 22:14:56:331 DataBaseManager: not found appearance for 268435456
WARNING 22:14:56:356 C_Get_User_List: NullPointerException : null : stack trace:
tera.gameserver.network.serverpackets.S_Get_User_List.getInstance(S_Get_User_List.java:233)
tera.gameserver.manager.PacketManager.showPlayerList(PacketManager.java:274)
tera.gameserver.network.clientpackets.C_Get_User_List.runImpl(C_Get_User_List.java:46)
rlib.network.packets.AbstractReadeablePacket.run(AbstractReadeablePacket.java:175)
java.base/java.util.concurrent.ThreadPoolExecutor.runWorker(ThreadPoolExecutor.java:1128)
java.base/java.util.concurrent.ThreadPoolExecutor$Worker.run(ThreadPoolExecutor.java:628)
java.base/java.lang.Thread.run(Thread.java:834)

