INFO 13:19:23:059 ServerControl: open server socket on 2101 port.
INFO 13:19:23:074 ExecutorManager: initialized.
INFO 13:19:24:419 CleaningManager: delete 0 reuses from a character_skill_reuses.
INFO 13:19:24:420 CleaningManager: delete 0 spawns from a boss_spawn.
INFO 13:19:24:421 CleaningManager: delete 0 appearances from a character_appearances.
INFO 13:19:24:422 CleaningManager: delete 0 effects from a character_save_effects.
INFO 13:19:24:423 CleaningManager: delete 0 inventors from a character_inventors.
INFO 13:19:24:424 CleaningManager: delete 0 skills from a character_skills.
INFO 13:19:24:425 CleaningManager: delete 0 hotkeys from a character_hotkey.
INFO 13:19:24:426 CleaningManager: delete 0 chars from a character_friends.
INFO 13:19:24:427 CleaningManager: delete 0 friends from a character_friends.
INFO 13:19:24:428 CleaningManager: delete 0 settings from a character_settings.
INFO 13:19:24:429 CleaningManager: delete 0 empty items from a items.
INFO 13:19:24:430 CleaningManager: delete 0 no owner items from a items.
INFO 13:19:24:431 CleaningManager: delete 0 no owner guild items from a items.
INFO 13:19:24:465 CleaningManager: create buffer table items.
INFO 13:19:24:469 CleaningManager: copy 6 items to buffer_items.
INFO 13:19:24:470 CleaningManager: delete 0 no owner items from a buffer_items.
INFO 13:19:24:492 CleaningManager: drop buffer table items.
INFO 13:19:24:493 CleaningManager: delete 0 from a quests.
INFO 13:19:24:494 CleaningManager: delete 0 from a quest variables.
INFO 13:19:24:494 CleaningManager: delete 0 from a guild ranks.
INFO 13:19:24:693 ClientPacketType: client packets prepared.
INFO 13:19:24:761 EffectParser: initialized.
INFO 13:19:24:768 RandomManager: initialized.
INFO 13:19:24:770 IdFactory: prepare npc ids...
INFO 13:19:24:780 BitSetIdGenerator: 102912 id's available.
INFO 13:19:24:781 IdFactory: prepare objects ids...
INFO 13:19:24:781 BitSetIdGenerator: 102912 id's available.
INFO 13:19:24:782 IdFactory: prepare players ids...
INFO 13:19:24:791 BitSetIdGenerator: extracted 1 ids.
INFO 13:19:24:791 BitSetIdGenerator: 102912 id's available.
INFO 13:19:24:792 IdFactory: prepare guilds ids...
INFO 13:19:24:793 BitSetIdGenerator: extracted 0 ids.
INFO 13:19:24:793 BitSetIdGenerator: 102912 id's available.
INFO 13:19:24:794 IdFactory: prepare item ids...
INFO 13:19:24:795 BitSetIdGenerator: extracted 6 ids.
INFO 13:19:24:796 BitSetIdGenerator: 102912 id's available.
INFO 13:19:24:830 ServerVarManager: loaded 0 variables.
INFO 13:19:24:835 BossSpawnManager: loaded 0 boss spawns.
INFO 13:19:27:807 TerritoryTable: loaded 160 territories for 18803 regions.
INFO 13:19:31:919 WorldZoneTable: loaded 12 world zones for 31986 regions.
INFO 13:19:31:921 ConditionParser: initializable.
WARNING 13:19:33:145 SkillTable: detected once the file D:\Documents\Documents\Java\Tera Server\.\data\skills\summon_skills\deprecated.zip
INFO 13:19:33:203 SkillTable: loaded 4613 skills for 19 classes.
INFO 13:19:34:152 ItemTable: loaded 10138 items.
INFO 13:19:34:182 Race: race appearances initializable.
INFO 13:19:34:197 PlayerTable: loaded 104 player templates.
WARNING 13:19:34:797 DropTable: not found items [50048]
INFO 13:19:34:798 DropTable: load drop for 407 npcs and 126 for resourse.
INFO 13:19:34:810 TownTable: initialized.
WARNING 13:19:34:864 NpcDialogTable: detected once the file D:\Documents\Documents\Java\Tera Server\.\data\dialogs\dialogs.txt
INFO 13:19:34:949 NpcDialogTable: loaded 88 dialogs.
INFO 13:19:34:959 MessagePackageTable: loaded 34 message packages.
INFO 13:19:35:077 ConfigAITable: loaded 45 npc ai configs.
INFO 13:19:35:126 NpcAppearanceTable: initialized. Loaded 59 appearances.
WARNING 13:19:35:449 NpcTable: detected once the file D:\Documents\Documents\Java\Tera Server\.\data\npcs\summons\playable_summons.zip
INFO 13:19:35:472 NpcTable: loaded  816 npcs.
INFO 13:19:35:505 ResourseTable: loaded  253 resourses.
INFO 13:19:35:542 MinionTable: loaded 303 minions for 42 npcs.
INFO 13:19:35:543 RegenTaskManager: initializable.
INFO 13:19:35:559 Formulas: initialized.
INFO 13:19:35:563 EffectTaskManager: initialized.
INFO 13:19:36:440 ObjectEventManager: initialized.
INFO 13:19:36:441 MoveTaskManager: initialized.
INFO 13:19:38:026 SpawnTable: loaded 19515 spawns for 617 npcs and 2013 spawns for 60 resourses.
INFO 13:19:38:039 GeoMap3D: start fast import geodata_1.dat
INFO 13:19:38:835 GeoMap3D: import ended. load 1867238 quards.
INFO 13:19:38:836 GeoMap3D: start fast import geodata_2.dat
INFO 13:19:39:078 GeoMap3D: import ended. load 440227 quards.
INFO 13:19:39:079 GeoMap3D: start fast import geodata_3.dat
INFO 13:19:39:152 GeoMap3D: import ended. load 58040 quards.
INFO 13:19:39:153 GeoManager: initialized.
INFO 13:19:39:168 ItemExecutorManager: loaded 0 executor items.
INFO 13:19:39:200 CommandManager: loaded 94 commands.
INFO 13:19:39:223 SkillLearnManager: loaded 950 skill learn's for 8 clases.
INFO 13:19:39:231 AnnounceManager: loaded 0 start announces and 0 running announces.
INFO 13:19:39:236 AccountManager: initialized.
INFO 13:19:39:244 GuildManager: loaded 0 guilds.
INFO 13:19:40:259 QuestManager: loaded 455 quests.
INFO 13:19:40:268 OnlineManager: initialized.
INFO 13:19:40:293 GameLogManager: initialized.
INFO 13:19:40:481 Region: next battle "Veritas District" in 2018.12.16 15:00.
INFO 13:19:40:485 Region: next battle "Ostgarath" in 2018.12.16 15:00.
INFO 13:19:40:490 Region: next battle "Val Palrada" in 2018.12.15 19:00.
INFO 13:19:40:494 Region: next battle "Val Aureum" in 2018.12.15 19:00.
INFO 13:19:40:494 EventManager: loaded 5 events.
INFO 13:19:40:770 EventManager: the nearest event in 37 minutes.
INFO 13:19:40:789 PlayerManager: initialized.
INFO 13:19:40:833 Network: started.
INFO 13:19:40:833 GameServer: started.
WARNING 13:19:43:075 ClientConnection: not found packet for opcode B43D
20 00 BC 4D 02 00 08 00 08 00 14 00 00 00 00 00    ..¼M............
32 4D 04 00 14 00 00 00 01 00 00 00 C4 57 04 00    2M..........ÄW..
3F 00 3D B4 13 00 1F 00 20 00 00 00 00 00 00 08    ?.=´............
00 00 00 61 00 64 00 6D 00 69 00 6E 00 00 00 32    ...a.d.m.i.n...2
31 32 33 32 66 32 39 37 61 35 37 61 35 61 37 34    1232f297a57a5a74
33 38 39 34 61 30 65 34 61 38 30 31 66 63 33       3894a0e4a801fc3.

INFO 13:19:43:083 AccountManager: authed admin
INFO 13:19:56:347 AccountManager: close admin
