INFO 20:51:27:984 ServerControl: open server socket on 2101 port.
INFO 20:51:27:992 ExecutorManager: initialized.
INFO 20:51:28:791 CleaningManager: delete 0 reuses from a character_skill_reuses.
INFO 20:51:28:792 CleaningManager: delete 0 spawns from a boss_spawn.
INFO 20:51:28:792 CleaningManager: delete 0 appearances from a character_appearances.
INFO 20:51:28:793 CleaningManager: delete 0 effects from a character_save_effects.
INFO 20:51:28:793 CleaningManager: delete 0 inventors from a character_inventors.
INFO 20:51:28:794 CleaningManager: delete 0 skills from a character_skills.
INFO 20:51:28:794 CleaningManager: delete 0 hotkeys from a character_hotkey.
INFO 20:51:28:795 CleaningManager: delete 0 chars from a character_friends.
INFO 20:51:28:796 CleaningManager: delete 0 friends from a character_friends.
INFO 20:51:28:796 CleaningManager: delete 0 settings from a character_settings.
INFO 20:51:28:797 CleaningManager: delete 0 empty items from a items.
INFO 20:51:28:797 CleaningManager: delete 0 no owner items from a items.
INFO 20:51:28:798 CleaningManager: delete 0 no owner guild items from a items.
INFO 20:51:28:817 CleaningManager: create buffer table items.
INFO 20:51:28:818 CleaningManager: copy 0 items to buffer_items.
INFO 20:51:28:819 CleaningManager: delete 0 no owner items from a buffer_items.
INFO 20:51:28:826 CleaningManager: drop buffer table items.
INFO 20:51:28:827 CleaningManager: delete 0 from a quests.
INFO 20:51:28:827 CleaningManager: delete 0 from a quest variables.
INFO 20:51:28:827 CleaningManager: delete 0 from a guild ranks.
INFO 20:51:28:897 ClientPacketType: client packets prepared.
INFO 20:51:28:933 EffectParser: initialized.
INFO 20:51:28:941 RandomManager: initialized.
INFO 20:51:28:943 IdFactory: prepare npc ids...
INFO 20:51:28:948 BitSetIdGenerator: 102912 id's available.
INFO 20:51:28:949 IdFactory: prepare objects ids...
INFO 20:51:28:949 BitSetIdGenerator: 102912 id's available.
INFO 20:51:28:949 IdFactory: prepare players ids...
INFO 20:51:28:956 BitSetIdGenerator: extracted 0 ids.
INFO 20:51:28:956 BitSetIdGenerator: 102912 id's available.
INFO 20:51:28:957 IdFactory: prepare guilds ids...
INFO 20:51:28:958 BitSetIdGenerator: extracted 0 ids.
INFO 20:51:28:958 BitSetIdGenerator: 102912 id's available.
INFO 20:51:28:958 IdFactory: prepare item ids...
INFO 20:51:28:959 BitSetIdGenerator: extracted 0 ids.
INFO 20:51:28:959 BitSetIdGenerator: 102912 id's available.
INFO 20:51:28:991 ServerVarManager: loaded 0 variables.
INFO 20:51:28:997 BossSpawnManager: loaded 0 boss spawns.
INFO 20:51:31:107 TerritoryTable: loaded 160 territories for 18803 regions.
INFO 20:51:33:796 WorldZoneTable: loaded 12 world zones for 31986 regions.
INFO 20:51:33:800 ConditionParser: initializable.
WARNING 20:51:34:611 SkillTable: detected once the file D:\Documents\Documents\Java\Tera Server\.\data\skills\summon_skills\deprecated.zip
INFO 20:51:34:633 SkillTable: loaded 4613 skills for 19 classes.
INFO 20:51:35:560 ItemTable: loaded 10138 items.
INFO 20:51:35:593 Race: race appearances initializable.
INFO 20:51:35:609 PlayerTable: loaded 104 player templates.
WARNING 20:51:36:198 DropTable: not found items [50048]
INFO 20:51:36:198 DropTable: load drop for 407 npcs and 126 for resourse.
INFO 20:51:36:206 TownTable: initialized.
WARNING 20:51:36:249 NpcDialogTable: detected once the file D:\Documents\Documents\Java\Tera Server\.\data\dialogs\dialogs.txt
INFO 20:51:36:311 NpcDialogTable: loaded 88 dialogs.
INFO 20:51:36:320 MessagePackageTable: loaded 34 message packages.
INFO 20:51:36:387 ConfigAITable: loaded 45 npc ai configs.
INFO 20:51:36:415 NpcAppearanceTable: initialized. Loaded 59 appearances.
WARNING 20:51:36:664 NpcTable: detected once the file D:\Documents\Documents\Java\Tera Server\.\data\npcs\summons\playable_summons.zip
INFO 20:51:36:678 NpcTable: loaded  816 npcs.
INFO 20:51:36:702 ResourseTable: loaded  253 resourses.
INFO 20:51:36:724 MinionTable: loaded 303 minions for 42 npcs.
INFO 20:51:36:725 RegenTaskManager: initializable.
INFO 20:51:36:735 Formulas: initialized.
INFO 20:51:36:737 EffectTaskManager: initialized.
INFO 20:51:37:386 ObjectEventManager: initialized.
INFO 20:51:37:387 MoveTaskManager: initialized.
INFO 20:51:38:340 SpawnTable: loaded 19515 spawns for 617 npcs and 2013 spawns for 60 resourses.
INFO 20:51:38:347 GeoMap3D: start fast import geodata_1.dat
INFO 20:51:39:043 GeoMap3D: import ended. load 1867238 quards.
INFO 20:51:39:044 GeoMap3D: start fast import geodata_2.dat
INFO 20:51:39:244 GeoMap3D: import ended. load 440227 quards.
INFO 20:51:39:244 GeoMap3D: start fast import geodata_3.dat
INFO 20:51:39:315 GeoMap3D: import ended. load 58040 quards.
INFO 20:51:39:315 GeoManager: initialized.
INFO 20:51:39:323 ItemExecutorManager: loaded 0 executor items.
INFO 20:51:39:340 CommandManager: loaded 94 commands.
INFO 20:51:39:361 SkillLearnManager: loaded 950 skill learn's for 8 clases.
INFO 20:51:39:367 AnnounceManager: loaded 0 start announces and 0 running announces.
INFO 20:51:39:371 AccountManager: initialized.
INFO 20:51:39:377 GuildManager: loaded 0 guilds.
INFO 20:51:40:007 QuestManager: loaded 455 quests.
INFO 20:51:40:009 OnlineManager: initialized.
INFO 20:51:40:016 GameLogManager: initialized.
INFO 20:51:40:204 Region: next battle "Veritas District" in 2018.12.16 15:00.
INFO 20:51:40:209 Region: next battle "Ostgarath" in 2018.12.16 15:00.
INFO 20:51:40:213 Region: next battle "Val Palrada" in 2018.12.15 19:00.
INFO 20:51:40:217 Region: next battle "Val Aureum" in 2018.12.15 19:00.
INFO 20:51:40:218 EventManager: loaded 5 events.
INFO 20:51:40:408 EventManager: the nearest event in 56 minutes.
INFO 20:51:40:424 PlayerManager: initialized.
INFO 20:51:40:451 Network: started.
INFO 20:51:40:451 GameServer: started.
INFO 20:52:00:213 AccountManager: authed admin
