INFO 23:44:17:631 ServerControl: open server socket on 2101 port.
INFO 23:44:17:727 ExecutorManager: initialized.
INFO 23:44:18:412 CleaningManager: delete 0 reuses from a character_skill_reuses.
INFO 23:44:18:413 CleaningManager: delete 0 spawns from a boss_spawn.
INFO 23:44:18:414 CleaningManager: delete 0 appearances from a character_appearances.
INFO 23:44:18:414 CleaningManager: delete 0 effects from a character_save_effects.
INFO 23:44:18:415 CleaningManager: delete 0 inventors from a character_inventors.
INFO 23:44:18:416 CleaningManager: delete 0 skills from a character_skills.
INFO 23:44:18:417 CleaningManager: delete 0 hotkeys from a character_hotkey.
INFO 23:44:18:417 CleaningManager: delete 0 chars from a character_friends.
INFO 23:44:18:418 CleaningManager: delete 0 friends from a character_friends.
INFO 23:44:18:419 CleaningManager: delete 0 settings from a character_settings.
INFO 23:44:18:419 CleaningManager: delete 0 empty items from a items.
INFO 23:44:18:420 CleaningManager: delete 0 no owner items from a items.
INFO 23:44:18:421 CleaningManager: delete 0 no owner guild items from a items.
INFO 23:44:18:466 CleaningManager: create buffer table items.
INFO 23:44:18:469 CleaningManager: copy 118 items to buffer_items.
INFO 23:44:18:470 CleaningManager: delete 0 no owner items from a buffer_items.
INFO 23:44:18:489 CleaningManager: drop buffer table items.
INFO 23:44:18:489 CleaningManager: delete 0 from a quests.
INFO 23:44:18:490 CleaningManager: delete 0 from a quest variables.
INFO 23:44:18:491 CleaningManager: delete 0 from a guild ranks.
INFO 23:44:18:617 ClientPacketType: client packets prepared.
INFO 23:44:18:669 EffectParser: initialized.
INFO 23:44:18:674 RandomManager: initialized.
INFO 23:44:18:676 IdFactory: prepare npc ids...
INFO 23:44:18:681 BitSetIdGenerator: 102912 id's available.
INFO 23:44:18:682 IdFactory: prepare objects ids...
INFO 23:44:18:683 BitSetIdGenerator: 102912 id's available.
INFO 23:44:18:683 IdFactory: prepare players ids...
INFO 23:44:18:688 BitSetIdGenerator: extracted 5 ids.
INFO 23:44:18:688 BitSetIdGenerator: 102912 id's available.
INFO 23:44:18:689 IdFactory: prepare guilds ids...
INFO 23:44:18:689 BitSetIdGenerator: extracted 1 ids.
INFO 23:44:18:690 BitSetIdGenerator: 102912 id's available.
INFO 23:44:18:690 IdFactory: prepare item ids...
INFO 23:44:18:691 BitSetIdGenerator: extracted 118 ids.
WARNING 23:44:18:692 BitSetIdGenerator: objectId 1 in DB is less than minimum ID of 268435456.
INFO 23:44:18:693 BitSetIdGenerator: 102912 id's available.
INFO 23:44:18:719 ServerVarManager: loaded 0 variables.
INFO 23:44:18:726 BossSpawnManager: loaded 0 boss spawns.
INFO 23:44:20:977 TerritoryTable: loaded 160 territories for 18803 regions.
INFO 23:48:39:888 WorldZoneTable: loaded 1 world zones for 2 regions.
INFO 23:48:39:891 ConditionParser: initializable.
WARNING 23:48:40:529 SkillTable: detected once the file D:\Documents\Documents\Java\Tera Server\.\data\skills\summon_skills\deprecated.zip
INFO 23:48:40:544 SkillTable: loaded 4613 skills for 19 classes.
INFO 23:48:41:117 ItemTable: loaded 10138 items.
INFO 23:48:41:134 Race: race appearances initializable.
INFO 23:48:41:145 PlayerTable: loaded 104 player templates.
WARNING 23:48:41:551 DropTable: not found items [50048]
INFO 23:48:41:552 DropTable: load drop for 407 npcs and 126 for resourse.
INFO 23:48:41:564 TownTable: initialized.
WARNING 23:48:41:619 NpcDialogTable: detected once the file D:\Documents\Documents\Java\Tera Server\.\data\dialogs\dialogs.txt
INFO 23:48:41:655 NpcDialogTable: loaded 86 dialogs.
INFO 23:48:41:662 MessagePackageTable: loaded 34 message packages.
INFO 23:48:41:729 ConfigAITable: loaded 45 npc ai configs.
INFO 23:48:41:747 NpcAppearanceTable: initialized. Loaded 59 appearances.
WARNING 23:48:41:925 NpcTable: detected once the file D:\Documents\Documents\Java\Tera Server\.\data\npcs\summons\playable_summons.zip
INFO 23:48:41:936 NpcTable: loaded  816 npcs.
INFO 23:48:41:959 ResourseTable: loaded  253 resourses.
INFO 23:48:41:980 MinionTable: loaded 303 minions for 42 npcs.
INFO 23:48:41:981 RegenTaskManager: initializable.
INFO 23:48:41:992 Formulas: initialized.
INFO 23:48:41:994 EffectTaskManager: initialized.
INFO 23:48:42:419 ObjectEventManager: initialized.
INFO 23:48:42:420 MoveTaskManager: initialized.
INFO 23:48:42:908 SpawnTable: loaded 19507 spawns for 617 npcs and 2013 spawns for 60 resourses.
INFO 23:48:42:919 GeoMap3D: start fast import geodata_1.dat
INFO 23:48:43:983 GeoMap3D: import ended. load 1867238 quards.
INFO 23:48:43:983 GeoMap3D: start fast import geodata_2.dat
INFO 23:48:44:040 GeoMap3D: import ended. load 440227 quards.
INFO 23:48:44:040 GeoMap3D: start fast import geodata_3.dat
INFO 23:48:44:048 GeoMap3D: import ended. load 58040 quards.
INFO 23:48:44:048 GeoManager: initialized.
INFO 23:48:44:054 ItemExecutorManager: loaded 0 executor items.
INFO 23:48:44:073 CommandManager: loaded 94 commands.
INFO 23:48:44:086 SkillLearnManager: loaded 950 skill learn's for 8 clases.
INFO 23:48:44:090 AnnounceManager: loaded 0 start announces and 0 running announces.
INFO 23:48:44:093 AccountManager: initialized.
INFO 23:48:44:116 GuildManager: loaded 1 guilds.
INFO 23:48:45:538 QuestManager: loaded 455 quests.
INFO 23:48:45:541 OnlineManager: initialized.
INFO 23:48:45:568 GameLogManager: initialized.
INFO 23:48:45:691 Region: next battle "Veritas District" in 2018.04.22 16:00.
INFO 23:48:45:693 Region: next battle "Ostgarath" in 2018.04.22 16:00.
INFO 23:48:45:695 Region: next battle "Val Palrada" in 2018.04.21 20:00.
INFO 23:48:45:697 Region: next battle "Val Aureum" in 2018.04.21 20:00.
INFO 23:48:45:697 EventManager: loaded 5 events.
INFO 23:48:46:333 EventManager: the nearest event in 51 minutes.
INFO 23:48:46:343 PlayerManager: initialized.
INFO 23:48:46:425 Network: started.
INFO 23:48:46:425 GameServer: started.
WARNING 23:50:19:179 ClientConnection: not found packet for opcode 4DBC
20 00 BC 4D 02 00 08 00 08 00 14 00 00 00 00 00    ..¼M............
94 5F 03 00 14 00 00 00 01 00 00 00 DC 5F 03 00    _..........Ü_..
41 00 A4 78 13 00 21 00 20 00 00 00 00 00 00 02    A.¤x..!.........
00 00 00 64 00 61 00 72 00 6B 00 7A 00 61 00 00    ...d.a.r.k.z.a..
00 34 66 65 37 36 37 38 61 38 31 62 61 37 63 37    .4fe7678a81ba7c7
64 62 32 36 39 63 37 37 62 35 64 64 37 38 31 63    db269c77b5dd781c
61                                                 a...............

INFO 23:50:19:185 AccountManager: authed darkza
WARNING 23:50:19:195 ClientConnection: not found packet for opcode F4FE
08 00 FE F4 E8 03 00 00                            ..þôè...........

WARNING 23:50:19:196 ClientConnection: not found packet for opcode CD71
BC 00 71 CD 12 00 38 00 8C 00 AF 3F 00 00 80 00    ¼.qÍ..8..¯?...
00 00 57 00 69 00 6E 00 64 00 6F 00 77 00 73 00    ..W.i.n.d.o.w.s.
20 00 37 00 20 00 28 00 78 00 36 00 34 00 29 00    ..7...(.x.6.4.).
20 00 0D 00 0A 00 00 00 49 00 6E 00 74 00 65 00    ........I.n.t.e.
6C 00 28 00 52 00 29 00 20 00 43 00 6F 00 72 00    l.(.R.)...C.o.r.
65 00 28 00 54 00 4D 00 29 00 20 00 69 00 37 00    e.(.T.M.)...i.7.
2D 00 34 00 37 00 31 00 30 00 48 00 51 00 20 00    -.4.7.1.0.H.Q...
43 00 50 00 55 00 20 00 40 00 20 00 32 00 2E 00    C.P.U...@...2...
35 00 30 00 47 00 48 00 7A 00 00 00 4E 00 56 00    5.0.G.H.z...N.V.
49 00 44 00 49 00 41 00 20 00 47 00 65 00 46 00    I.D.I.A...G.e.F.
6F 00 72 00 63 00 65 00 20 00 47 00 54 00 58 00    o.r.c.e...G.T.X.
20 00 38 00 37 00 30 00 4D 00 00 00                ..8.7.0.M.......

WARNING 23:50:20:736 DataBaseManager: not found appearance for 268435460
WARNING 23:50:32:995 ClientConnection: not found packet for opcode 9C2E
04 00 2E 9C                                        ...............

WARNING 23:50:49:137 ClientConnection: not found packet for opcode 52A2
10 00 A2 52 7B A1 B8 BC 02 00 00 00 00 00 00 00    ..¢R{¡¸¼........

WARNING 23:50:56:174 ClientConnection: not found packet for opcode 52A2
10 00 A2 52 7B A1 B8 BC 02 00 00 00 00 00 00 00    ..¢R{¡¸¼........

WARNING 23:50:58:219 ClientConnection: not found packet for opcode D28D
04 00 8D D2                                        ..Ò............

WARNING 23:50:58:223 ClientConnection: not found packet for opcode 8BBF
08 00 BF 8B 13 00 00 00                            ..¿............

WARNING 23:50:59:745 ClientConnection: not found packet for opcode 52A2
10 00 A2 52 7B A1 B8 BC 00 00 00 00 00 00 00 00    ..¢R{¡¸¼........

WARNING 23:51:01:346 ClientConnection: not found packet for opcode 52A2
10 00 A2 52 7B A1 B8 BC 02 00 00 00 00 00 00 00    ..¢R{¡¸¼........

WARNING 23:51:01:347 ClientConnection: not found packet for opcode 52A2
10 00 A2 52 7B A1 B8 BC 02 00 00 00 00 00 00 00    ..¢R{¡¸¼........

WARNING 23:51:10:160 ClientConnection: not found packet for opcode 52A2
10 00 A2 52 7B A1 B8 BC 02 00 00 00 00 00 00 00    ..¢R{¡¸¼........

WARNING 23:51:10:171 ClientConnection: not found packet for opcode 52A2
10 00 A2 52 7B A1 B8 BC 02 00 00 00 00 00 00 00    ..¢R{¡¸¼........

WARNING 23:51:16:436 ClientConnection: not found packet for opcode 52A2
10 00 A2 52 7B A1 B8 BC 00 00 00 00 00 00 00 00    ..¢R{¡¸¼........

WARNING 23:51:18:498 ClientConnection: not found packet for opcode 52A2
10 00 A2 52 7B A1 B8 BC 02 00 00 00 00 00 00 00    ..¢R{¡¸¼........

WARNING 23:51:18:563 ClientConnection: not found packet for opcode 52A2
10 00 A2 52 7B A1 B8 BC 02 00 00 00 00 00 00 00    ..¢R{¡¸¼........

WARNING 23:51:21:573 ClientConnection: not found packet for opcode 52A2
10 00 A2 52 7B A1 B8 BC 02 00 00 00 00 00 00 00    ..¢R{¡¸¼........

WARNING 23:51:21:582 ClientConnection: not found packet for opcode 52A2
10 00 A2 52 7B A1 B8 BC 02 00 00 00 00 00 00 00    ..¢R{¡¸¼........

WARNING 23:51:28:435 ClientConnection: not found packet for opcode 52A2
10 00 A2 52 7B A1 B8 BC 02 00 00 00 00 00 00 00    ..¢R{¡¸¼........

WARNING 23:51:30:317 ClientConnection: not found packet for opcode D28D
04 00 8D D2                                        ..Ò............

WARNING 23:51:30:319 ClientConnection: not found packet for opcode 8BBF
08 00 BF 8B 13 00 00 00                            ..¿............

WARNING 23:51:35:222 ClientConnection: not found packet for opcode 52A2
10 00 A2 52 7B A1 B8 BC 02 00 00 00 00 00 00 00    ..¢R{¡¸¼........

WARNING 23:51:37:088 DataBaseManager: not found appearance for 268435460
INFO 23:51:41:423 AccountManager: close darkza
