INFO 21:45:37:181 ServerControl: open server socket on 2101 port.
INFO 21:45:37:192 ExecutorManager: initialized.
INFO 21:45:37:804 CleaningManager: delete 0 reuses from a character_skill_reuses.
INFO 21:45:37:805 CleaningManager: delete 0 spawns from a boss_spawn.
INFO 21:45:37:806 CleaningManager: delete 0 appearances from a character_appearances.
INFO 21:45:37:806 CleaningManager: delete 0 effects from a character_save_effects.
INFO 21:45:37:807 CleaningManager: delete 0 inventors from a character_inventors.
INFO 21:45:37:808 CleaningManager: delete 0 skills from a character_skills.
INFO 21:45:37:809 CleaningManager: delete 0 hotkeys from a character_hotkey.
INFO 21:45:37:810 CleaningManager: delete 0 chars from a character_friends.
INFO 21:45:37:811 CleaningManager: delete 0 friends from a character_friends.
INFO 21:45:37:812 CleaningManager: delete 0 settings from a character_settings.
INFO 21:45:37:812 CleaningManager: delete 0 empty items from a items.
INFO 21:45:37:813 CleaningManager: delete 0 no owner items from a items.
INFO 21:45:37:814 CleaningManager: delete 0 no owner guild items from a items.
INFO 21:45:37:844 CleaningManager: create buffer table items.
INFO 21:45:37:848 CleaningManager: copy 118 items to buffer_items.
INFO 21:45:37:848 CleaningManager: delete 0 no owner items from a buffer_items.
INFO 21:45:37:867 CleaningManager: drop buffer table items.
INFO 21:45:37:868 CleaningManager: delete 0 from a quests.
INFO 21:45:37:868 CleaningManager: delete 0 from a quest variables.
INFO 21:45:37:869 CleaningManager: delete 0 from a guild ranks.
INFO 21:45:37:960 ClientPacketType: client packets prepared.
INFO 21:45:37:990 EffectParser: initialized.
INFO 21:45:37:994 RandomManager: initialized.
INFO 21:45:37:995 IdFactory: prepare npc ids...
INFO 21:45:37:998 BitSetIdGenerator: 102912 id's available.
INFO 21:45:37:998 IdFactory: prepare objects ids...
INFO 21:45:37:998 BitSetIdGenerator: 102912 id's available.
INFO 21:45:37:998 IdFactory: prepare players ids...
INFO 21:45:38:001 BitSetIdGenerator: extracted 4 ids.
INFO 21:45:38:002 BitSetIdGenerator: 102912 id's available.
INFO 21:45:38:002 IdFactory: prepare guilds ids...
INFO 21:45:38:003 BitSetIdGenerator: extracted 1 ids.
INFO 21:45:38:003 BitSetIdGenerator: 102912 id's available.
INFO 21:45:38:003 IdFactory: prepare item ids...
INFO 21:45:38:005 BitSetIdGenerator: extracted 118 ids.
WARNING 21:45:38:005 BitSetIdGenerator: objectId 1 in DB is less than minimum ID of 268435456.
INFO 21:45:38:005 BitSetIdGenerator: 102912 id's available.
INFO 21:45:38:031 ServerVarManager: loaded 0 variables.
INFO 21:45:38:037 BossSpawnManager: loaded 0 boss spawns.
INFO 21:45:40:230 TerritoryTable: loaded 160 territories for 18803 regions.
INFO 21:45:42:896 WorldZoneTable: loaded 9 world zones for 31887 regions.
INFO 21:45:42:897 ConditionParser: initializable.
WARNING 21:45:44:119 SkillTable: detected once the file D:\Documents\Documents\Java\Tera Server\.\data\skills\summon_skills\deprecated.zip
INFO 21:45:44:226 SkillTable: loaded 4613 skills for 19 classes.
INFO 21:45:45:348 ItemTable: loaded 10137 items.
INFO 21:45:45:406 Race: race appearances initializable.
INFO 21:45:45:436 PlayerTable: loaded 104 player templates.
WARNING 21:45:46:635 DropTable: not found items [50048]
INFO 21:45:46:635 DropTable: load drop for 407 npcs and 126 for resourse.
INFO 21:45:46:667 TownTable: initialized.
WARNING 21:45:46:881 NpcDialogTable: detected once the file D:\Documents\Documents\Java\Tera Server\.\data\dialogs\dialogs.txt
INFO 21:45:47:061 NpcDialogTable: loaded 83 dialogs.
INFO 21:45:47:096 MessagePackageTable: loaded 34 message packages.
INFO 21:45:47:245 ConfigAITable: loaded 45 npc ai configs.
INFO 21:45:47:316 NpcAppearanceTable: initialized. Loaded 59 appearances.
WARNING 21:45:47:930 NpcTable: found duplicate npc template NpcTemplate npcId = 7011, exp = 1000000, attack = 400000, defense = 3500, owerAttack = 3000, owerDefense = 30000, level = 60, aggro = 120, factionRange = 0, name = Linyphi, title = , factionId = , type = 51, isRaid = false, canDrop = false, drop = null, minions = null, dialog = null, geomRadius = 90.0, geomHeight = 160.0, npcType = RAID_BOSS in file .\data\npcs\raid_boss.xml
WARNING 21:45:48:167 NpcTable: detected once the file D:\Documents\Documents\Java\Tera Server\.\data\npcs\summons\playable_summons.zip
INFO 21:45:48:243 NpcTable: loaded  815 npcs.
INFO 21:45:48:283 ResourseTable: loaded  253 resourses.
INFO 21:45:48:313 MinionTable: loaded 303 minions for 42 npcs.
INFO 21:45:48:314 RegenTaskManager: initializable.
INFO 21:45:48:334 Formulas: initialized.
INFO 21:45:48:361 EffectTaskManager: initialized.
INFO 21:45:49:346 ObjectEventManager: initialized.
INFO 21:45:49:347 MoveTaskManager: initialized.
INFO 21:45:49:932 SpawnTable: loaded 19474 spawns for 616 npcs and 2013 spawns for 60 resourses.
INFO 21:45:50:034 GeoMap3D: start fast import geodata_1.dat
INFO 21:45:51:322 GeoMap3D: import ended. load 1867238 quards.
INFO 21:45:51:351 GeoMap3D: start fast import geodata_2.dat
INFO 21:45:51:469 GeoMap3D: import ended. load 440227 quards.
INFO 21:45:51:491 GeoMap3D: start fast import geodata_3.dat
INFO 21:45:52:961 GeoMap3D: import ended. load 58041 quards.
INFO 21:45:52:961 GeoManager: initialized.
INFO 21:45:52:967 ItemExecutorManager: loaded 0 executor items.
INFO 21:45:52:993 CommandManager: loaded 93 commands.
INFO 21:45:53:074 SkillLearnManager: loaded 950 skill learn's for 8 clases.
INFO 21:45:53:125 AnnounceManager: loaded 0 start announces and 0 running announces.
INFO 21:45:53:129 AccountManager: initialized.
INFO 21:45:53:174 GuildManager: loaded 1 guilds.
INFO 21:45:53:997 QuestManager: loaded 455 quests.
INFO 21:45:53:999 OnlineManager: initialized.
INFO 21:45:54:014 GameLogManager: initialized.
INFO 21:45:54:393 Region: next battle "Veritas District" in 2018.04.15 16:00.
INFO 21:45:54:396 Region: next battle "Ostgarath" in 2018.04.15 16:00.
INFO 21:45:54:400 Region: next battle "Val Palrada" in 2018.04.14 20:00.
INFO 21:45:54:403 Region: next battle "Val Aureum" in 2018.04.14 20:00.
INFO 21:45:54:403 EventManager: loaded 5 events.
INFO 21:45:55:361 EventManager: the nearest event in 52 minutes.
INFO 21:45:55:372 PlayerManager: initialized.
INFO 21:45:55:458 Network: started.
INFO 21:45:55:458 GameServer: started.
WARNING 21:46:06:512 ClientConnection: not found packet for opcode 4DBC
20 00 BC 4D 02 00 08 00 08 00 14 00 00 00 00 00    ..¼M............
94 5F 03 00 14 00 00 00 01 00 00 00 DC 5F 03 00    _..........Ü_..
41 00 A4 78 13 00 21 00 20 00 00 00 00 00 00 02    A.¤x..!.........
00 00 00 44 00 61 00 72 00 6B 00 7A 00 61 00 00    ...D.a.r.k.z.a..
00 34 66 65 37 36 37 38 61 38 31 62 61 37 63 37    .4fe7678a81ba7c7
64 62 32 36 39 63 37 37 62 35 64 64 37 38 31 63    db269c77b5dd781c
61                                                 a...............

INFO 21:46:06:533 AccountManager: authed Darkza
WARNING 21:46:06:544 ClientConnection: not found packet for opcode F4FE
08 00 FE F4 E8 03 00 00                            ..þôè...........

WARNING 21:46:06:545 ClientConnection: not found packet for opcode CD71
BC 00 71 CD 12 00 38 00 8C 00 AF 3F 00 00 80 00    ¼.qÍ..8..¯?...
00 00 57 00 69 00 6E 00 64 00 6F 00 77 00 73 00    ..W.i.n.d.o.w.s.
20 00 37 00 20 00 28 00 78 00 36 00 34 00 29 00    ..7...(.x.6.4.).
20 00 0D 00 0A 00 00 00 49 00 6E 00 74 00 65 00    ........I.n.t.e.
6C 00 28 00 52 00 29 00 20 00 43 00 6F 00 72 00    l.(.R.)...C.o.r.
65 00 28 00 54 00 4D 00 29 00 20 00 69 00 37 00    e.(.T.M.)...i.7.
2D 00 34 00 37 00 31 00 30 00 48 00 51 00 20 00    -.4.7.1.0.H.Q...
43 00 50 00 55 00 20 00 40 00 20 00 32 00 2E 00    C.P.U...@...2...
35 00 30 00 47 00 48 00 7A 00 00 00 4E 00 56 00    5.0.G.H.z...N.V.
49 00 44 00 49 00 41 00 20 00 47 00 65 00 46 00    I.D.I.A...G.e.F.
6F 00 72 00 63 00 65 00 20 00 47 00 54 00 58 00    o.r.c.e...G.T.X.
20 00 38 00 37 00 30 00 4D 00 00 00                ..8.7.0.M.......

INFO 21:47:06:485 AccountManager: close Darkza
