INFO 01:09:58:398 ServerControl: open server socket on 2101 port.
INFO 01:09:58:405 ExecutorManager: initialized.
INFO 01:09:58:758 CleaningManager: delete 0 reuses from a character_skill_reuses.
INFO 01:09:58:759 CleaningManager: delete 0 spawns from a boss_spawn.
INFO 01:09:58:760 CleaningManager: delete 0 appearances from a character_appearances.
INFO 01:09:58:760 CleaningManager: delete 0 effects from a character_save_effects.
INFO 01:09:58:761 CleaningManager: delete 0 inventors from a character_inventors.
INFO 01:09:58:762 CleaningManager: delete 0 skills from a character_skills.
INFO 01:09:58:762 CleaningManager: delete 0 hotkeys from a character_hotkey.
INFO 01:09:58:763 CleaningManager: delete 0 chars from a character_friends.
INFO 01:09:58:764 CleaningManager: delete 0 friends from a character_friends.
INFO 01:09:58:764 CleaningManager: delete 0 settings from a character_settings.
INFO 01:09:58:765 CleaningManager: delete 0 empty items from a items.
INFO 01:09:58:765 CleaningManager: delete 0 no owner items from a items.
INFO 01:09:58:765 CleaningManager: delete 0 no owner guild items from a items.
INFO 01:09:58:781 CleaningManager: create buffer table items.
INFO 01:09:58:783 CleaningManager: copy 118 items to buffer_items.
INFO 01:09:58:783 CleaningManager: delete 0 no owner items from a buffer_items.
INFO 01:09:58:797 CleaningManager: drop buffer table items.
INFO 01:09:58:798 CleaningManager: delete 0 from a quests.
INFO 01:09:58:798 CleaningManager: delete 0 from a quest variables.
INFO 01:09:58:799 CleaningManager: delete 0 from a guild ranks.
INFO 01:09:58:879 ClientPacketType: client packets prepared.
INFO 01:09:58:921 EffectParser: initialized.
INFO 01:09:58:925 RandomManager: initialized.
INFO 01:09:58:926 IdFactory: prepare npc ids...
INFO 01:09:58:929 BitSetIdGenerator: 102912 id's available.
INFO 01:09:58:930 IdFactory: prepare objects ids...
INFO 01:09:58:931 BitSetIdGenerator: 102912 id's available.
INFO 01:09:58:932 IdFactory: prepare players ids...
INFO 01:09:58:935 BitSetIdGenerator: extracted 5 ids.
INFO 01:09:58:936 BitSetIdGenerator: 102912 id's available.
INFO 01:09:58:936 IdFactory: prepare guilds ids...
INFO 01:09:58:936 BitSetIdGenerator: extracted 1 ids.
INFO 01:09:58:936 BitSetIdGenerator: 102912 id's available.
INFO 01:09:58:937 IdFactory: prepare item ids...
INFO 01:09:58:938 BitSetIdGenerator: extracted 118 ids.
WARNING 01:09:58:939 BitSetIdGenerator: objectId 1 in DB is less than minimum ID of 268435456.
INFO 01:09:58:939 BitSetIdGenerator: 102912 id's available.
INFO 01:09:58:963 ServerVarManager: loaded 0 variables.
INFO 01:09:58:967 BossSpawnManager: loaded 0 boss spawns.
INFO 01:10:00:316 TerritoryTable: loaded 160 territories for 18803 regions.
INFO 01:10:02:201 WorldZoneTable: loaded 12 world zones for 31986 regions.
INFO 01:10:02:202 ConditionParser: initializable.
WARNING 01:10:02:652 SkillTable: detected once the file D:\Documents\Documents\Java\Tera Server\.\data\skills\summon_skills\deprecated.zip
INFO 01:10:02:668 SkillTable: loaded 4613 skills for 19 classes.
INFO 01:10:03:058 ItemTable: loaded 10138 items.
INFO 01:10:03:070 Race: race appearances initializable.
INFO 01:10:03:078 PlayerTable: loaded 104 player templates.
WARNING 01:10:03:305 DropTable: not found items [50048]
INFO 01:10:03:305 DropTable: load drop for 407 npcs and 126 for resourse.
INFO 01:10:03:311 TownTable: initialized.
WARNING 01:10:03:339 NpcDialogTable: detected once the file D:\Documents\Documents\Java\Tera Server\.\data\dialogs\dialogs.txt
INFO 01:10:03:376 NpcDialogTable: loaded 86 dialogs.
INFO 01:10:03:381 MessagePackageTable: loaded 34 message packages.
INFO 01:10:03:429 ConfigAITable: loaded 45 npc ai configs.
INFO 01:10:03:442 NpcAppearanceTable: initialized. Loaded 59 appearances.
WARNING 01:10:03:453 DocumentNpc: incorrect file .\data\npcs\dungeons\kelsaik_nest.xml
WARNING 01:10:03:453 DocumentNpc: SAXParseException : Premature end of file. : stack trace:
com.sun.org.apache.xerces.internal.parsers.DOMParser.parse(DOMParser.java:257)
com.sun.org.apache.xerces.internal.jaxp.DocumentBuilderImpl.parse(DocumentBuilderImpl.java:339)
javax.xml.parsers.DocumentBuilder.parse(DocumentBuilder.java:205)
rlib.data.AbstractDocument.parse(AbstractDocument.java:55)
tera.gameserver.tables.NpcTable.<init>(NpcTable.java:68)
tera.gameserver.tables.NpcTable.getInstance(NpcTable.java:37)
tera.gameserver.GameServer.run(GameServer.java:224)

WARNING 01:10:03:453 DocumentNpc: incorrect file .\data\npcs\dungeons\kelsaik_nest.xml
WARNING 01:10:03:453 DocumentNpc: NullPointerException : null : stack trace:
tera.gameserver.document.DocumentNpc.parse(DocumentNpc.java:42)
rlib.data.AbstractDocument.parse(AbstractDocument.java:67)
tera.gameserver.tables.NpcTable.<init>(NpcTable.java:68)
tera.gameserver.tables.NpcTable.getInstance(NpcTable.java:37)
tera.gameserver.GameServer.run(GameServer.java:224)

WARNING 01:10:03:578 NpcTable: detected once the file D:\Documents\Documents\Java\Tera Server\.\data\npcs\summons\playable_summons.zip
INFO 01:10:03:587 NpcTable: loaded  816 npcs.
INFO 01:10:03:620 ResourseTable: loaded  253 resourses.
INFO 01:10:03:632 MinionTable: loaded 303 minions for 42 npcs.
INFO 01:10:03:632 RegenTaskManager: initializable.
INFO 01:10:03:639 Formulas: initialized.
INFO 01:10:03:640 EffectTaskManager: initialized.
WARNING 01:10:03:647 DocumentNpcSpawn: incorrect file .\data\spawns\dungeons\kelsaik_nest.xml
WARNING 01:10:03:647 DocumentNpcSpawn: SAXParseException : Premature end of file. : stack trace:
com.sun.org.apache.xerces.internal.parsers.DOMParser.parse(DOMParser.java:257)
com.sun.org.apache.xerces.internal.jaxp.DocumentBuilderImpl.parse(DocumentBuilderImpl.java:339)
javax.xml.parsers.DocumentBuilder.parse(DocumentBuilder.java:205)
rlib.data.AbstractDocument.parse(AbstractDocument.java:55)
tera.gameserver.tables.SpawnTable.<init>(SpawnTable.java:70)
tera.gameserver.tables.SpawnTable.getInstance(SpawnTable.java:36)
tera.gameserver.GameServer.run(GameServer.java:233)

WARNING 01:10:03:648 DocumentNpcSpawn: incorrect file .\data\spawns\dungeons\kelsaik_nest.xml
WARNING 01:10:03:648 DocumentNpcSpawn: NullPointerException : null : stack trace:
tera.gameserver.document.DocumentNpcSpawn.parse(DocumentNpcSpawn.java:47)
rlib.data.AbstractDocument.parse(AbstractDocument.java:67)
tera.gameserver.tables.SpawnTable.<init>(SpawnTable.java:70)
tera.gameserver.tables.SpawnTable.getInstance(SpawnTable.java:36)
tera.gameserver.GameServer.run(GameServer.java:233)

WARNING 01:10:03:659 DocumentResourseSpawn: incorrect file .\data\spawns\dungeons\kelsaik_nest.xml
WARNING 01:10:03:659 DocumentResourseSpawn: SAXParseException : Premature end of file. : stack trace:
com.sun.org.apache.xerces.internal.parsers.DOMParser.parse(DOMParser.java:257)
com.sun.org.apache.xerces.internal.jaxp.DocumentBuilderImpl.parse(DocumentBuilderImpl.java:339)
javax.xml.parsers.DocumentBuilder.parse(DocumentBuilder.java:205)
rlib.data.AbstractDocument.parse(AbstractDocument.java:55)
tera.gameserver.tables.SpawnTable.<init>(SpawnTable.java:108)
tera.gameserver.tables.SpawnTable.getInstance(SpawnTable.java:36)
tera.gameserver.GameServer.run(GameServer.java:233)

WARNING 01:10:03:660 DocumentResourseSpawn: incorrect file .\data\spawns\dungeons\kelsaik_nest.xml
WARNING 01:10:03:660 DocumentResourseSpawn: NullPointerException : null : stack trace:
tera.gameserver.document.DocumentResourseSpawn.parse(DocumentResourseSpawn.java:42)
rlib.data.AbstractDocument.parse(AbstractDocument.java:67)
tera.gameserver.tables.SpawnTable.<init>(SpawnTable.java:108)
tera.gameserver.tables.SpawnTable.getInstance(SpawnTable.java:36)
tera.gameserver.GameServer.run(GameServer.java:233)

INFO 01:10:03:971 ObjectEventManager: initialized.
INFO 01:10:03:972 MoveTaskManager: initialized.
INFO 01:10:04:386 SpawnTable: loaded 19506 spawns for 617 npcs and 2013 spawns for 60 resourses.
INFO 01:10:04:394 GeoMap3D: start fast import geodata_1.dat
INFO 01:10:05:262 GeoMap3D: import ended. load 1867238 quards.
INFO 01:10:05:263 GeoMap3D: start fast import geodata_2.dat
INFO 01:10:05:318 GeoMap3D: import ended. load 440227 quards.
INFO 01:10:05:318 GeoMap3D: start fast import geodata_3.dat
INFO 01:10:06:146 GeoMap3D: import ended. load 58040 quards.
INFO 01:10:06:146 GeoManager: initialized.
INFO 01:10:06:153 ItemExecutorManager: loaded 0 executor items.
INFO 01:10:06:173 CommandManager: loaded 94 commands.
INFO 01:10:06:188 SkillLearnManager: loaded 950 skill learn's for 8 clases.
INFO 01:10:06:192 AnnounceManager: loaded 0 start announces and 0 running announces.
INFO 01:10:06:196 AccountManager: initialized.
INFO 01:10:06:221 GuildManager: loaded 1 guilds.
INFO 01:10:06:507 QuestManager: loaded 455 quests.
INFO 01:10:06:508 OnlineManager: initialized.
INFO 01:10:06:513 GameLogManager: initialized.
INFO 01:10:06:589 Region: next battle "Veritas District" in 2018.04.22 16:00.
INFO 01:10:06:591 Region: next battle "Ostgarath" in 2018.04.22 16:00.
INFO 01:10:06:593 Region: next battle "Val Palrada" in 2018.04.21 20:00.
INFO 01:10:06:595 Region: next battle "Val Aureum" in 2018.04.21 20:00.
INFO 01:10:06:595 EventManager: loaded 5 events.
INFO 01:10:07:201 EventManager: the nearest event in 36 minutes.
INFO 01:10:07:210 PlayerManager: initialized.
INFO 01:10:07:281 Network: started.
INFO 01:10:07:281 GameServer: started.
WARNING 01:10:45:442 ClientConnection: not found packet for opcode 4DBC
20 00 BC 4D 02 00 08 00 08 00 14 00 00 00 00 00    ..¼M............
94 5F 03 00 14 00 00 00 01 00 00 00 DC 5F 03 00    _..........Ü_..
41 00 A4 78 13 00 21 00 20 00 00 00 00 00 00 02    A.¤x..!.........
00 00 00 64 00 61 00 72 00 6B 00 7A 00 61 00 00    ...d.a.r.k.z.a..
00 34 66 65 37 36 37 38 61 38 31 62 61 37 63 37    .4fe7678a81ba7c7
64 62 32 36 39 63 37 37 62 35 64 64 37 38 31 63    db269c77b5dd781c
61                                                 a...............

INFO 01:10:45:445 AccountManager: authed darkza
WARNING 01:10:45:458 ClientConnection: not found packet for opcode F4FE
08 00 FE F4 E8 03 00 00                            ..þôè...........

WARNING 01:10:45:459 ClientConnection: not found packet for opcode CD71
BC 00 71 CD 12 00 38 00 8C 00 AF 3F 00 00 80 00    ¼.qÍ..8..¯?...
00 00 57 00 69 00 6E 00 64 00 6F 00 77 00 73 00    ..W.i.n.d.o.w.s.
20 00 37 00 20 00 28 00 78 00 36 00 34 00 29 00    ..7...(.x.6.4.).
20 00 0D 00 0A 00 00 00 49 00 6E 00 74 00 65 00    ........I.n.t.e.
6C 00 28 00 52 00 29 00 20 00 43 00 6F 00 72 00    l.(.R.)...C.o.r.
65 00 28 00 54 00 4D 00 29 00 20 00 69 00 37 00    e.(.T.M.)...i.7.
2D 00 34 00 37 00 31 00 30 00 48 00 51 00 20 00    -.4.7.1.0.H.Q...
43 00 50 00 55 00 20 00 40 00 20 00 32 00 2E 00    C.P.U...@...2...
35 00 30 00 47 00 48 00 7A 00 00 00 4E 00 56 00    5.0.G.H.z...N.V.
49 00 44 00 49 00 41 00 20 00 47 00 65 00 46 00    I.D.I.A...G.e.F.
6F 00 72 00 63 00 65 00 20 00 47 00 54 00 58 00    o.r.c.e...G.T.X.
20 00 38 00 37 00 30 00 4D 00 00 00                ..8.7.0.M.......

WARNING 01:10:46:994 DataBaseManager: not found appearance for 268435460
WARNING 01:10:55:236 ClientConnection: not found packet for opcode 9C2E
04 00 2E 9C                                        ...............

WARNING 01:10:58:426 ClientConnection: not found packet for opcode D28D
04 00 8D D2                                        ..Ò............

WARNING 01:10:58:428 ClientConnection: not found packet for opcode 8BBF
08 00 BF 8B 13 00 00 00                            ..¿............

WARNING 01:11:24:459 NpcTable: detected once the file D:\Documents\Documents\Java\Tera Server\.\data\npcs\summons\playable_summons.zip
INFO 01:11:24:472 NpcTable: npcs reloaded.
INFO 01:11:28:637 SpawnTable: reloaded.
INFO 01:11:28:884 AccountManager: close darkza
