INFO 01:35:11:684 ServerControl: open server socket on 2101 port.
INFO 01:35:11:694 ExecutorManager: initialized.
INFO 01:35:12:148 CleaningManager: delete 0 reuses from a character_skill_reuses.
INFO 01:35:12:148 CleaningManager: delete 0 spawns from a boss_spawn.
INFO 01:35:12:149 CleaningManager: delete 0 appearances from a character_appearances.
INFO 01:35:12:149 CleaningManager: delete 0 effects from a character_save_effects.
INFO 01:35:12:149 CleaningManager: delete 0 inventors from a character_inventors.
INFO 01:35:12:150 CleaningManager: delete 0 skills from a character_skills.
INFO 01:35:12:150 CleaningManager: delete 0 hotkeys from a character_hotkey.
INFO 01:35:12:151 CleaningManager: delete 0 chars from a character_friends.
INFO 01:35:12:151 CleaningManager: delete 0 friends from a character_friends.
INFO 01:35:12:152 CleaningManager: delete 0 settings from a character_settings.
INFO 01:35:12:152 CleaningManager: delete 0 empty items from a items.
INFO 01:35:12:153 CleaningManager: delete 0 no owner items from a items.
INFO 01:35:12:153 CleaningManager: delete 0 no owner guild items from a items.
INFO 01:35:12:174 CleaningManager: create buffer table items.
INFO 01:35:12:176 CleaningManager: copy 118 items to buffer_items.
INFO 01:35:12:177 CleaningManager: delete 0 no owner items from a buffer_items.
INFO 01:35:12:187 CleaningManager: drop buffer table items.
INFO 01:35:12:188 CleaningManager: delete 0 from a quests.
INFO 01:35:12:188 CleaningManager: delete 0 from a quest variables.
INFO 01:35:12:189 CleaningManager: delete 0 from a guild ranks.
INFO 01:35:12:281 ClientPacketType: client packets prepared.
INFO 01:35:12:322 EffectParser: initialized.
INFO 01:35:12:326 RandomManager: initialized.
INFO 01:35:12:327 IdFactory: prepare npc ids...
INFO 01:35:12:330 BitSetIdGenerator: 102912 id's available.
INFO 01:35:12:330 IdFactory: prepare objects ids...
INFO 01:35:12:330 BitSetIdGenerator: 102912 id's available.
INFO 01:35:12:331 IdFactory: prepare players ids...
INFO 01:35:12:334 BitSetIdGenerator: extracted 5 ids.
INFO 01:35:12:334 BitSetIdGenerator: 102912 id's available.
INFO 01:35:12:334 IdFactory: prepare guilds ids...
INFO 01:35:12:335 BitSetIdGenerator: extracted 1 ids.
INFO 01:35:12:335 BitSetIdGenerator: 102912 id's available.
INFO 01:35:12:335 IdFactory: prepare item ids...
INFO 01:35:12:337 BitSetIdGenerator: extracted 118 ids.
WARNING 01:35:12:337 BitSetIdGenerator: objectId 1 in DB is less than minimum ID of 268435456.
INFO 01:35:12:337 BitSetIdGenerator: 102912 id's available.
INFO 01:35:12:359 ServerVarManager: loaded 0 variables.
INFO 01:35:12:364 BossSpawnManager: loaded 0 boss spawns.
INFO 01:35:14:184 TerritoryTable: loaded 160 territories for 18803 regions.
INFO 01:35:16:273 WorldZoneTable: loaded 12 world zones for 31986 regions.
INFO 01:35:16:275 ConditionParser: initializable.
WARNING 01:35:16:805 SkillTable: detected once the file D:\Documents\Documents\Java\Tera Server\.\data\skills\summon_skills\deprecated.zip
INFO 01:35:16:823 SkillTable: loaded 4613 skills for 19 classes.
INFO 01:35:17:257 ItemTable: loaded 10138 items.
INFO 01:35:17:270 Race: race appearances initializable.
INFO 01:35:17:280 PlayerTable: loaded 104 player templates.
WARNING 01:35:17:564 DropTable: not found items [50048]
INFO 01:35:17:564 DropTable: load drop for 407 npcs and 126 for resourse.
INFO 01:35:17:570 TownTable: initialized.
WARNING 01:35:17:599 NpcDialogTable: detected once the file D:\Documents\Documents\Java\Tera Server\.\data\dialogs\dialogs.txt
INFO 01:35:17:635 NpcDialogTable: loaded 88 dialogs.
INFO 01:35:17:641 MessagePackageTable: loaded 34 message packages.
INFO 01:35:17:686 ConfigAITable: loaded 45 npc ai configs.
INFO 01:35:17:701 NpcAppearanceTable: initialized. Loaded 59 appearances.
WARNING 01:35:17:832 NpcTable: detected once the file D:\Documents\Documents\Java\Tera Server\.\data\npcs\summons\playable_summons.zip
INFO 01:35:17:838 NpcTable: loaded  816 npcs.
INFO 01:35:17:849 ResourseTable: loaded  253 resourses.
INFO 01:35:17:861 MinionTable: loaded 303 minions for 42 npcs.
INFO 01:35:17:862 RegenTaskManager: initializable.
INFO 01:35:17:868 Formulas: initialized.
INFO 01:35:17:869 EffectTaskManager: initialized.
INFO 01:35:18:204 ObjectEventManager: initialized.
INFO 01:35:18:204 MoveTaskManager: initialized.
INFO 01:35:18:643 SpawnTable: loaded 19515 spawns for 617 npcs and 2013 spawns for 60 resourses.
INFO 01:35:18:651 GeoMap3D: start fast import geodata_1.dat
INFO 01:35:19:642 GeoMap3D: import ended. load 1867238 quards.
INFO 01:35:19:642 GeoMap3D: start fast import geodata_2.dat
INFO 01:35:19:699 GeoMap3D: import ended. load 440227 quards.
INFO 01:35:19:699 GeoMap3D: start fast import geodata_3.dat
INFO 01:35:19:705 GeoMap3D: import ended. load 58040 quards.
INFO 01:35:19:705 GeoManager: initialized.
INFO 01:35:19:711 ItemExecutorManager: loaded 0 executor items.
INFO 01:35:20:676 CommandManager: loaded 94 commands.
INFO 01:35:20:690 SkillLearnManager: loaded 950 skill learn's for 8 clases.
INFO 01:35:20:695 AnnounceManager: loaded 0 start announces and 0 running announces.
INFO 01:35:20:698 AccountManager: initialized.
INFO 01:35:20:723 GuildManager: loaded 1 guilds.
INFO 01:35:21:002 QuestManager: loaded 455 quests.
INFO 01:35:21:004 OnlineManager: initialized.
INFO 01:35:21:027 GameLogManager: initialized.
INFO 01:35:21:110 Region: next battle "Veritas District" in 2018.04.22 16:00.
INFO 01:35:21:113 Region: next battle "Ostgarath" in 2018.04.22 16:00.
INFO 01:35:21:115 Region: next battle "Val Palrada" in 2018.04.21 20:00.
INFO 01:35:21:116 Region: next battle "Val Aureum" in 2018.04.21 20:00.
INFO 01:35:21:117 EventManager: loaded 5 events.
INFO 01:35:21:718 EventManager: the nearest event in 40 minutes.
INFO 01:35:21:727 PlayerManager: initialized.
INFO 01:35:21:795 Network: started.
INFO 01:35:21:796 GameServer: started.
WARNING 01:35:25:824 ClientConnection: not found packet for opcode 4DBC
20 00 BC 4D 02 00 08 00 08 00 14 00 00 00 00 00    ..¼M............
94 5F 03 00 14 00 00 00 01 00 00 00 DC 5F 03 00    _..........Ü_..
41 00 A4 78 13 00 21 00 20 00 00 00 00 00 00 02    A.¤x..!.........
00 00 00 64 00 61 00 72 00 6B 00 7A 00 61 00 00    ...d.a.r.k.z.a..
00 34 66 65 37 36 37 38 61 38 31 62 61 37 63 37    .4fe7678a81ba7c7
64 62 32 36 39 63 37 37 62 35 64 64 37 38 31 63    db269c77b5dd781c
61                                                 a...............

INFO 01:35:25:828 AccountManager: authed darkza
WARNING 01:35:25:840 ClientConnection: not found packet for opcode F4FE
08 00 FE F4 E8 03 00 00                            ..þôè...........

WARNING 01:35:25:840 ClientConnection: not found packet for opcode CD71
BC 00 71 CD 12 00 38 00 8C 00 AF 3F 00 00 80 00    ¼.qÍ..8..¯?...
00 00 57 00 69 00 6E 00 64 00 6F 00 77 00 73 00    ..W.i.n.d.o.w.s.
20 00 37 00 20 00 28 00 78 00 36 00 34 00 29 00    ..7...(.x.6.4.).
20 00 0D 00 0A 00 00 00 49 00 6E 00 74 00 65 00    ........I.n.t.e.
6C 00 28 00 52 00 29 00 20 00 43 00 6F 00 72 00    l.(.R.)...C.o.r.
65 00 28 00 54 00 4D 00 29 00 20 00 69 00 37 00    e.(.T.M.)...i.7.
2D 00 34 00 37 00 31 00 30 00 48 00 51 00 20 00    -.4.7.1.0.H.Q...
43 00 50 00 55 00 20 00 40 00 20 00 32 00 2E 00    C.P.U...@...2...
35 00 30 00 47 00 48 00 7A 00 00 00 4E 00 56 00    5.0.G.H.z...N.V.
49 00 44 00 49 00 41 00 20 00 47 00 65 00 46 00    I.D.I.A...G.e.F.
6F 00 72 00 63 00 65 00 20 00 47 00 54 00 58 00    o.r.c.e...G.T.X.
20 00 38 00 37 00 30 00 4D 00 00 00                ..8.7.0.M.......

WARNING 01:35:27:374 DataBaseManager: not found appearance for 268435460
WARNING 01:35:37:424 ClientConnection: not found packet for opcode 9C2E
04 00 2E 9C                                        ...............

WARNING 01:35:42:967 ClientConnection: not found packet for opcode D28D
04 00 8D D2                                        ..Ò............

WARNING 01:35:42:970 ClientConnection: not found packet for opcode 8BBF
08 00 BF 8B 13 00 00 00                            ..¿............

WARNING 01:35:45:212 ClientConnection: not found packet for opcode 52A2
10 00 A2 52 7B A1 B8 BC 00 00 00 00 00 00 00 00    ..¢R{¡¸¼........

WARNING 01:35:47:029 ClientConnection: not found packet for opcode 52A2
10 00 A2 52 7B A1 B8 BC 02 00 00 00 00 00 00 00    ..¢R{¡¸¼........

WARNING 01:35:47:030 ClientConnection: not found packet for opcode 52A2
10 00 A2 52 7B A1 B8 BC 02 00 00 00 00 00 00 00    ..¢R{¡¸¼........

WARNING 01:35:47:046 ClientConnection: not found packet for opcode 52A2
10 00 A2 52 7B A1 B8 BC 02 00 00 00 00 00 00 00    ..¢R{¡¸¼........

WARNING 01:35:47:056 ClientConnection: not found packet for opcode 52A2
10 00 A2 52 7B A1 B8 BC 02 00 00 00 00 00 00 00    ..¢R{¡¸¼........

WARNING 01:35:49:381 ClientConnection: not found packet for opcode D28D
04 00 8D D2                                        ..Ò............

WARNING 01:35:49:382 ClientConnection: not found packet for opcode 8BBF
08 00 BF 8B 13 00 00 00                            ..¿............

WARNING 01:35:54:875 ClientConnection: not found packet for opcode 52A2
10 00 A2 52 7B A1 B8 BC 00 00 00 00 00 00 00 00    ..¢R{¡¸¼........

WARNING 01:35:56:176 ClientConnection: not found packet for opcode 52A2
10 00 A2 52 7B A1 B8 BC 02 00 00 00 00 00 00 00    ..¢R{¡¸¼........

WARNING 01:35:56:177 ClientConnection: not found packet for opcode 52A2
10 00 A2 52 7B A1 B8 BC 02 00 00 00 00 00 00 00    ..¢R{¡¸¼........

WARNING 01:35:56:193 ClientConnection: not found packet for opcode 52A2
10 00 A2 52 7B A1 B8 BC 02 00 00 00 00 00 00 00    ..¢R{¡¸¼........

WARNING 01:35:56:200 ClientConnection: not found packet for opcode 52A2
10 00 A2 52 7B A1 B8 BC 02 00 00 00 00 00 00 00    ..¢R{¡¸¼........

WARNING 01:36:03:031 ClientConnection: not found packet for opcode 52A2
10 00 A2 52 7B A1 B8 BC 02 00 00 00 00 00 00 00    ..¢R{¡¸¼........

WARNING 01:36:04:968 ClientConnection: not found packet for opcode D28D
04 00 8D D2                                        ..Ò............

WARNING 01:36:04:971 ClientConnection: not found packet for opcode 8BBF
08 00 BF 8B 13 00 00 00                            ..¿............

WARNING 01:36:08:854 ClientConnection: not found packet for opcode 52A2
10 00 A2 52 7B A1 B8 BC 00 00 00 00 00 00 00 00    ..¢R{¡¸¼........

WARNING 01:36:10:255 ClientConnection: not found packet for opcode 52A2
10 00 A2 52 7B A1 B8 BC 02 00 00 00 00 00 00 00    ..¢R{¡¸¼........

WARNING 01:36:10:255 ClientConnection: not found packet for opcode 52A2
10 00 A2 52 7B A1 B8 BC 02 00 00 00 00 00 00 00    ..¢R{¡¸¼........

WARNING 01:36:10:271 ClientConnection: not found packet for opcode 52A2
10 00 A2 52 7B A1 B8 BC 02 00 00 00 00 00 00 00    ..¢R{¡¸¼........

WARNING 01:36:10:279 ClientConnection: not found packet for opcode 52A2
10 00 A2 52 7B A1 B8 BC 02 00 00 00 00 00 00 00    ..¢R{¡¸¼........

WARNING 01:36:13:360 ClientConnection: not found packet for opcode D28D
04 00 8D D2                                        ..Ò............

WARNING 01:36:13:361 ClientConnection: not found packet for opcode 8BBF
08 00 BF 8B 13 00 00 00                            ..¿............

WARNING 01:36:30:798 ClientConnection: not found packet for opcode 8BBF
08 00 BF 8B 13 00 00 00                            ..¿............

WARNING 01:36:50:258 ClientConnection: not found packet for opcode 8BBF
08 00 BF 8B 13 00 00 00                            ..¿............

WARNING 01:36:55:588 ClientConnection: not found packet for opcode 52A2
10 00 A2 52 7B A1 B8 BC 00 00 00 00 00 00 00 00    ..¢R{¡¸¼........

WARNING 01:36:57:955 ClientConnection: not found packet for opcode 52A2
10 00 A2 52 7B A1 B8 BC 02 00 00 00 00 00 00 00    ..¢R{¡¸¼........

WARNING 01:36:57:955 ClientConnection: not found packet for opcode 52A2
10 00 A2 52 7B A1 B8 BC 02 00 00 00 00 00 00 00    ..¢R{¡¸¼........

WARNING 01:36:57:972 ClientConnection: not found packet for opcode 52A2
10 00 A2 52 7B A1 B8 BC 02 00 00 00 00 00 00 00    ..¢R{¡¸¼........

WARNING 01:36:57:981 ClientConnection: not found packet for opcode 52A2
10 00 A2 52 7B A1 B8 BC 02 00 00 00 00 00 00 00    ..¢R{¡¸¼........

WARNING 01:37:04:804 ClientConnection: not found packet for opcode 52A2
10 00 A2 52 7B A1 B8 BC 02 00 00 00 00 00 00 00    ..¢R{¡¸¼........

WARNING 01:37:06:836 ClientConnection: not found packet for opcode D28D
04 00 8D D2                                        ..Ò............

WARNING 01:37:06:839 ClientConnection: not found packet for opcode 8BBF
08 00 BF 8B 13 00 00 00                            ..¿............

INFO 01:52:57:732 AccountManager: close darkza
