INFO 20:16:38:890 ServerControl: open server socket on 2101 port.
INFO 20:16:38:898 ExecutorManager: initialized.
INFO 20:16:39:524 CleaningManager: delete 0 reuses from a character_skill_reuses.
INFO 20:16:39:524 CleaningManager: delete 0 spawns from a boss_spawn.
INFO 20:16:39:525 CleaningManager: delete 0 appearances from a character_appearances.
INFO 20:16:39:525 CleaningManager: delete 0 effects from a character_save_effects.
INFO 20:16:39:526 CleaningManager: delete 0 inventors from a character_inventors.
INFO 20:16:39:526 CleaningManager: delete 0 skills from a character_skills.
INFO 20:16:39:527 CleaningManager: delete 0 hotkeys from a character_hotkey.
INFO 20:16:39:527 CleaningManager: delete 0 chars from a character_friends.
INFO 20:16:39:528 CleaningManager: delete 0 friends from a character_friends.
INFO 20:16:39:529 CleaningManager: delete 0 settings from a character_settings.
INFO 20:16:39:529 CleaningManager: delete 0 empty items from a items.
INFO 20:16:39:530 CleaningManager: delete 0 no owner items from a items.
INFO 20:16:39:530 CleaningManager: delete 0 no owner guild items from a items.
INFO 20:16:39:547 CleaningManager: create buffer table items.
INFO 20:16:39:549 CleaningManager: copy 0 items to buffer_items.
INFO 20:16:39:550 CleaningManager: delete 0 no owner items from a buffer_items.
INFO 20:16:39:558 CleaningManager: drop buffer table items.
INFO 20:16:39:559 CleaningManager: delete 0 from a quests.
INFO 20:16:39:559 CleaningManager: delete 0 from a quest variables.
INFO 20:16:39:560 CleaningManager: delete 0 from a guild ranks.
INFO 20:16:39:641 ClientPacketType: client packets prepared.
INFO 20:16:39:676 EffectParser: initialized.
INFO 20:16:39:679 RandomManager: initialized.
INFO 20:16:39:680 IdFactory: prepare npc ids...
INFO 20:16:39:687 BitSetIdGenerator: 102912 id's available.
INFO 20:16:39:688 IdFactory: prepare objects ids...
INFO 20:16:39:688 BitSetIdGenerator: 102912 id's available.
INFO 20:16:39:688 IdFactory: prepare players ids...
INFO 20:16:39:694 BitSetIdGenerator: extracted 0 ids.
INFO 20:16:39:696 BitSetIdGenerator: 102912 id's available.
INFO 20:16:39:696 IdFactory: prepare guilds ids...
INFO 20:16:39:698 BitSetIdGenerator: extracted 0 ids.
INFO 20:16:39:698 BitSetIdGenerator: 102912 id's available.
INFO 20:16:39:699 IdFactory: prepare item ids...
INFO 20:16:39:702 BitSetIdGenerator: extracted 0 ids.
INFO 20:16:39:703 BitSetIdGenerator: 102912 id's available.
INFO 20:16:39:731 ServerVarManager: loaded 0 variables.
INFO 20:16:39:737 BossSpawnManager: loaded 0 boss spawns.
INFO 20:16:41:547 TerritoryTable: loaded 160 territories for 18803 regions.
INFO 20:16:43:762 WorldZoneTable: loaded 12 world zones for 31986 regions.
INFO 20:16:43:764 ConditionParser: initializable.
WARNING 20:16:44:422 SkillTable: detected once the file D:\Documents\Documents\Java\Tera Server\.\data\skills\summon_skills\deprecated.zip
INFO 20:16:44:443 SkillTable: loaded 4613 skills for 19 classes.
INFO 20:16:45:108 ItemTable: loaded 10138 items.
INFO 20:16:45:128 Race: race appearances initializable.
INFO 20:16:45:137 PlayerTable: loaded 104 player templates.
WARNING 20:16:45:499 DropTable: not found items [50048]
INFO 20:16:45:499 DropTable: load drop for 407 npcs and 126 for resourse.
INFO 20:16:45:504 TownTable: initialized.
WARNING 20:16:45:535 NpcDialogTable: detected once the file D:\Documents\Documents\Java\Tera Server\.\data\dialogs\dialogs.txt
INFO 20:16:45:578 NpcDialogTable: loaded 88 dialogs.
INFO 20:16:45:585 MessagePackageTable: loaded 34 message packages.
INFO 20:16:45:639 ConfigAITable: loaded 45 npc ai configs.
INFO 20:16:45:654 NpcAppearanceTable: initialized. Loaded 59 appearances.
WARNING 20:16:45:851 NpcTable: detected once the file D:\Documents\Documents\Java\Tera Server\.\data\npcs\summons\playable_summons.zip
INFO 20:16:45:860 NpcTable: loaded  816 npcs.
INFO 20:16:45:877 ResourseTable: loaded  253 resourses.
INFO 20:16:45:890 MinionTable: loaded 303 minions for 42 npcs.
INFO 20:16:45:891 RegenTaskManager: initializable.
INFO 20:16:45:898 Formulas: initialized.
INFO 20:16:45:900 EffectTaskManager: initialized.
INFO 20:16:46:338 ObjectEventManager: initialized.
INFO 20:16:46:338 MoveTaskManager: initialized.
INFO 20:16:47:102 SpawnTable: loaded 19515 spawns for 617 npcs and 2013 spawns for 60 resourses.
INFO 20:16:47:108 GeoMap3D: start fast import geodata_1.dat
INFO 20:16:47:464 GeoMap3D: import ended. load 1867238 quards.
INFO 20:16:47:464 GeoMap3D: start fast import geodata_2.dat
INFO 20:16:47:567 GeoMap3D: import ended. load 440227 quards.
INFO 20:16:47:568 GeoMap3D: start fast import geodata_3.dat
INFO 20:16:47:588 GeoMap3D: import ended. load 58040 quards.
INFO 20:16:47:588 GeoManager: initialized.
INFO 20:16:47:597 ItemExecutorManager: loaded 0 executor items.
INFO 20:16:47:616 CommandManager: loaded 94 commands.
INFO 20:16:47:625 SkillLearnManager: loaded 950 skill learn's for 8 clases.
INFO 20:16:47:628 AnnounceManager: loaded 0 start announces and 0 running announces.
INFO 20:16:47:631 AccountManager: initialized.
INFO 20:16:47:635 GuildManager: loaded 0 guilds.
INFO 20:16:48:138 QuestManager: loaded 455 quests.
INFO 20:16:48:142 OnlineManager: initialized.
INFO 20:16:48:145 GameLogManager: initialized.
INFO 20:16:48:240 Region: next battle "Veritas District" in 2018.12.16 15:00.
INFO 20:16:48:241 Region: next battle "Ostgarath" in 2018.12.16 15:00.
INFO 20:16:48:245 Region: next battle "Val Palrada" in 2018.12.15 19:00.
INFO 20:16:48:247 Region: next battle "Val Aureum" in 2018.12.15 19:00.
INFO 20:16:48:247 EventManager: loaded 5 events.
INFO 20:16:48:370 EventManager: the nearest event in 33 minutes.
INFO 20:16:48:377 PlayerManager: initialized.
INFO 20:16:48:394 Network: started.
INFO 20:16:48:394 GameServer: started.
INFO 20:17:06:607 AccountManager: authed admin
INFO 20:17:19:917 AccountManager: close admin
INFO 20:20:48:349 AccountManager: authed admin
