INFO 23:53:14:327 ServerControl: open server socket on 2101 port.
INFO 23:53:14:348 ExecutorManager: initialized.
INFO 23:53:17:292 CleaningManager: delete 0 reuses from a character_skill_reuses.
INFO 23:53:17:294 CleaningManager: delete 0 spawns from a boss_spawn.
INFO 23:53:17:297 CleaningManager: delete 0 appearances from a character_appearances.
INFO 23:53:17:299 CleaningManager: delete 0 effects from a character_save_effects.
INFO 23:53:17:300 CleaningManager: delete 0 inventors from a character_inventors.
INFO 23:53:17:302 CleaningManager: delete 0 skills from a character_skills.
INFO 23:53:17:304 CleaningManager: delete 0 hotkeys from a character_hotkey.
INFO 23:53:17:306 CleaningManager: delete 0 chars from a character_friends.
INFO 23:53:17:309 CleaningManager: delete 0 friends from a character_friends.
INFO 23:53:17:311 CleaningManager: delete 0 settings from a character_settings.
INFO 23:53:17:312 CleaningManager: delete 0 empty items from a items.
INFO 23:53:17:314 CleaningManager: delete 0 no owner items from a items.
INFO 23:53:17:316 CleaningManager: delete 0 no owner guild items from a items.
INFO 23:53:17:371 CleaningManager: create buffer table items.
INFO 23:53:17:376 CleaningManager: copy 6 items to buffer_items.
INFO 23:53:17:378 CleaningManager: delete 0 no owner items from a buffer_items.
INFO 23:53:17:456 CleaningManager: drop buffer table items.
INFO 23:53:17:458 CleaningManager: delete 0 from a quests.
INFO 23:53:17:459 CleaningManager: delete 0 from a quest variables.
INFO 23:53:17:460 CleaningManager: delete 0 from a guild ranks.
INFO 23:53:17:769 ClientPacketType: client packets prepared.
INFO 23:53:18:053 EffectParser: initialized.
INFO 23:53:18:066 RandomManager: initialized.
INFO 23:53:18:069 IdFactory: prepare npc ids...
INFO 23:53:18:140 BitSetIdGenerator: 102912 id's available.
INFO 23:53:18:145 IdFactory: prepare objects ids...
INFO 23:53:18:148 BitSetIdGenerator: 102912 id's available.
INFO 23:53:18:149 IdFactory: prepare players ids...
INFO 23:53:18:192 BitSetIdGenerator: extracted 1 ids.
INFO 23:53:18:193 BitSetIdGenerator: 102912 id's available.
INFO 23:53:18:193 IdFactory: prepare guilds ids...
INFO 23:53:18:195 BitSetIdGenerator: extracted 0 ids.
INFO 23:53:18:195 BitSetIdGenerator: 102912 id's available.
INFO 23:53:18:196 IdFactory: prepare item ids...
INFO 23:53:18:198 BitSetIdGenerator: extracted 6 ids.
INFO 23:53:18:198 BitSetIdGenerator: 102912 id's available.
INFO 23:53:18:253 ServerVarManager: loaded 0 variables.
INFO 23:53:18:262 BossSpawnManager: loaded 0 boss spawns.
INFO 23:53:23:084 TerritoryTable: loaded 160 territories for 18803 regions.
INFO 23:53:28:695 WorldZoneTable: loaded 12 world zones for 31986 regions.
INFO 23:53:28:699 ConditionParser: initializable.
WARNING 23:53:31:655 SkillTable: detected once the file D:\Documents\Documents\Java\Tera Server\.\data\skills\summon_skills\deprecated.zip
INFO 23:53:31:714 SkillTable: loaded 4613 skills for 19 classes.
INFO 23:53:34:265 ItemTable: loaded 10138 items.
INFO 23:53:34:306 Race: race appearances initializable.
INFO 23:53:34:340 PlayerTable: loaded 104 player templates.
WARNING 23:53:36:478 DropTable: not found items [50048]
INFO 23:53:36:480 DropTable: load drop for 407 npcs and 126 for resourse.
INFO 23:53:36:525 TownTable: initialized.
WARNING 23:53:36:714 NpcDialogTable: detected once the file D:\Documents\Documents\Java\Tera Server\.\data\dialogs\dialogs.txt
INFO 23:53:37:076 NpcDialogTable: loaded 88 dialogs.
INFO 23:53:37:139 MessagePackageTable: loaded 34 message packages.
INFO 23:53:37:578 ConfigAITable: loaded 45 npc ai configs.
INFO 23:53:37:627 NpcAppearanceTable: initialized. Loaded 59 appearances.
WARNING 23:53:38:789 NpcTable: detected once the file D:\Documents\Documents\Java\Tera Server\.\data\npcs\summons\playable_summons.zip
INFO 23:53:38:862 NpcTable: loaded  816 npcs.
INFO 23:53:38:981 ResourseTable: loaded  253 resourses.
INFO 23:53:39:035 MinionTable: loaded 303 minions for 42 npcs.
INFO 23:53:39:038 RegenTaskManager: initializable.
INFO 23:53:39:058 Formulas: initialized.
INFO 23:53:39:061 EffectTaskManager: initialized.
INFO 23:53:40:783 ObjectEventManager: initialized.
INFO 23:53:40:785 MoveTaskManager: initialized.
INFO 23:53:46:093 SpawnTable: loaded 19515 spawns for 617 npcs and 2013 spawns for 60 resourses.
INFO 23:53:46:147 GeoMap3D: start fast import geodata_1.dat
INFO 23:53:47:425 GeoMap3D: import ended. load 1867238 quards.
INFO 23:53:47:427 GeoMap3D: start fast import geodata_2.dat
INFO 23:53:47:764 GeoMap3D: import ended. load 440227 quards.
INFO 23:53:47:766 GeoMap3D: start fast import geodata_3.dat
INFO 23:53:47:817 GeoMap3D: import ended. load 58040 quards.
INFO 23:53:47:819 GeoManager: initialized.
INFO 23:53:47:893 ItemExecutorManager: loaded 0 executor items.
INFO 23:53:47:966 CommandManager: loaded 94 commands.
INFO 23:53:47:994 SkillLearnManager: loaded 950 skill learn's for 8 clases.
INFO 23:53:48:000 AnnounceManager: loaded 0 start announces and 0 running announces.
INFO 23:53:48:003 AccountManager: initialized.
INFO 23:53:48:010 GuildManager: loaded 0 guilds.
INFO 23:53:49:420 QuestManager: loaded 455 quests.
INFO 23:53:49:430 OnlineManager: initialized.
INFO 23:53:49:477 GameLogManager: initialized.
INFO 23:53:49:878 Region: next battle "Veritas District" in 2018.12.16 15:00.
INFO 23:53:49:882 Region: next battle "Ostgarath" in 2018.12.16 15:00.
INFO 23:53:49:888 Region: next battle "Val Palrada" in 2018.12.15 19:00.
INFO 23:53:49:892 Region: next battle "Val Aureum" in 2018.12.15 19:00.
INFO 23:53:49:893 EventManager: loaded 5 events.
INFO 23:53:50:579 EventManager: the nearest event in 55 minutes.
INFO 23:53:50:612 PlayerManager: initialized.
INFO 23:53:50:729 Network: started.
INFO 23:53:50:730 GameServer: started.
INFO 23:53:53:118 AccountManager: authed admin
INFO 23:54:00:743 AccountManager: close admin
