INFO 13:18:21:129 ServerControl: open server socket on 2101 port.
INFO 13:18:21:141 ExecutorManager: initialized.
INFO 13:18:22:752 CleaningManager: delete 0 reuses from a character_skill_reuses.
INFO 13:18:22:754 CleaningManager: delete 0 spawns from a boss_spawn.
INFO 13:18:22:756 CleaningManager: delete 0 appearances from a character_appearances.
INFO 13:18:22:757 CleaningManager: delete 0 effects from a character_save_effects.
INFO 13:18:22:759 CleaningManager: delete 0 inventors from a character_inventors.
INFO 13:18:22:761 CleaningManager: delete 0 skills from a character_skills.
INFO 13:18:22:762 CleaningManager: delete 0 hotkeys from a character_hotkey.
INFO 13:18:22:763 CleaningManager: delete 0 chars from a character_friends.
INFO 13:18:22:764 CleaningManager: delete 0 friends from a character_friends.
INFO 13:18:22:765 CleaningManager: delete 0 settings from a character_settings.
INFO 13:18:22:766 CleaningManager: delete 0 empty items from a items.
INFO 13:18:22:767 CleaningManager: delete 0 no owner items from a items.
INFO 13:18:22:768 CleaningManager: delete 0 no owner guild items from a items.
INFO 13:18:22:801 CleaningManager: create buffer table items.
INFO 13:18:22:805 CleaningManager: copy 6 items to buffer_items.
INFO 13:18:22:806 CleaningManager: delete 0 no owner items from a buffer_items.
INFO 13:18:22:822 CleaningManager: drop buffer table items.
INFO 13:18:22:823 CleaningManager: delete 0 from a quests.
INFO 13:18:22:824 CleaningManager: delete 0 from a quest variables.
INFO 13:18:22:824 CleaningManager: delete 0 from a guild ranks.
INFO 13:18:22:998 ClientPacketType: client packets prepared.
INFO 13:18:23:090 EffectParser: initialized.
INFO 13:18:23:096 RandomManager: initialized.
INFO 13:18:23:098 IdFactory: prepare npc ids...
INFO 13:18:23:106 BitSetIdGenerator: 102912 id's available.
INFO 13:18:23:107 IdFactory: prepare objects ids...
INFO 13:18:23:107 BitSetIdGenerator: 102912 id's available.
INFO 13:18:23:108 IdFactory: prepare players ids...
INFO 13:18:23:123 BitSetIdGenerator: extracted 1 ids.
INFO 13:18:23:124 BitSetIdGenerator: 102912 id's available.
INFO 13:18:23:124 IdFactory: prepare guilds ids...
INFO 13:18:23:125 BitSetIdGenerator: extracted 0 ids.
INFO 13:18:23:126 BitSetIdGenerator: 102912 id's available.
INFO 13:18:23:126 IdFactory: prepare item ids...
INFO 13:18:23:127 BitSetIdGenerator: extracted 6 ids.
INFO 13:18:23:127 BitSetIdGenerator: 102912 id's available.
INFO 13:18:23:165 ServerVarManager: loaded 0 variables.
INFO 13:18:23:171 BossSpawnManager: loaded 0 boss spawns.
INFO 13:18:26:465 TerritoryTable: loaded 160 territories for 18803 regions.
INFO 13:18:30:698 WorldZoneTable: loaded 12 world zones for 31986 regions.
INFO 13:18:30:700 ConditionParser: initializable.
WARNING 13:18:32:022 SkillTable: detected once the file D:\Documents\Documents\Java\Tera Server\.\data\skills\summon_skills\deprecated.zip
INFO 13:18:32:058 SkillTable: loaded 4613 skills for 19 classes.
INFO 13:18:33:122 ItemTable: loaded 10138 items.
INFO 13:18:33:146 Race: race appearances initializable.
INFO 13:18:33:162 PlayerTable: loaded 104 player templates.
WARNING 13:18:33:791 DropTable: not found items [50048]
INFO 13:18:33:792 DropTable: load drop for 407 npcs and 126 for resourse.
INFO 13:18:33:803 TownTable: initialized.
WARNING 13:18:33:848 NpcDialogTable: detected once the file D:\Documents\Documents\Java\Tera Server\.\data\dialogs\dialogs.txt
INFO 13:18:33:924 NpcDialogTable: loaded 88 dialogs.
INFO 13:18:33:939 MessagePackageTable: loaded 34 message packages.
INFO 13:18:34:036 ConfigAITable: loaded 45 npc ai configs.
INFO 13:18:34:067 NpcAppearanceTable: initialized. Loaded 59 appearances.
WARNING 13:18:34:395 NpcTable: detected once the file D:\Documents\Documents\Java\Tera Server\.\data\npcs\summons\playable_summons.zip
INFO 13:18:34:411 NpcTable: loaded  816 npcs.
INFO 13:18:34:439 ResourseTable: loaded  253 resourses.
INFO 13:18:34:470 MinionTable: loaded 303 minions for 42 npcs.
INFO 13:18:34:471 RegenTaskManager: initializable.
INFO 13:18:34:485 Formulas: initialized.
INFO 13:18:34:488 EffectTaskManager: initialized.
INFO 13:18:35:206 ObjectEventManager: initialized.
INFO 13:18:35:207 MoveTaskManager: initialized.
INFO 13:18:36:849 SpawnTable: loaded 19515 spawns for 617 npcs and 2013 spawns for 60 resourses.
INFO 13:18:36:865 GeoMap3D: start fast import geodata_1.dat
INFO 13:18:37:453 GeoMap3D: import ended. load 1867238 quards.
INFO 13:18:37:454 GeoMap3D: start fast import geodata_2.dat
INFO 13:18:37:698 GeoMap3D: import ended. load 440227 quards.
INFO 13:18:37:699 GeoMap3D: start fast import geodata_3.dat
INFO 13:18:37:752 GeoMap3D: import ended. load 58040 quards.
INFO 13:18:37:753 GeoManager: initialized.
INFO 13:18:37:772 ItemExecutorManager: loaded 0 executor items.
INFO 13:18:37:806 CommandManager: loaded 94 commands.
INFO 13:18:37:836 SkillLearnManager: loaded 950 skill learn's for 8 clases.
INFO 13:18:37:841 AnnounceManager: loaded 0 start announces and 0 running announces.
INFO 13:18:37:845 AccountManager: initialized.
INFO 13:18:37:853 GuildManager: loaded 0 guilds.
INFO 13:18:38:953 QuestManager: loaded 455 quests.
INFO 13:18:38:961 OnlineManager: initialized.
INFO 13:18:38:990 GameLogManager: initialized.
INFO 13:18:39:309 Region: next battle "Veritas District" in 2018.12.16 15:00.
INFO 13:18:39:317 Region: next battle "Ostgarath" in 2018.12.16 15:00.
INFO 13:18:39:334 Region: next battle "Val Palrada" in 2018.12.15 19:00.
INFO 13:18:39:343 Region: next battle "Val Aureum" in 2018.12.15 19:00.
INFO 13:18:39:344 EventManager: loaded 5 events.
INFO 13:18:39:625 EventManager: the nearest event in 44 minutes.
INFO 13:18:39:643 PlayerManager: initialized.
INFO 13:18:39:669 Network: started.
INFO 13:18:39:669 GameServer: started.
WARNING 13:18:41:824 ClientConnection: not found packet for opcode B43D
20 00 BC 4D 02 00 08 00 08 00 14 00 00 00 00 00    ..¼M............
32 4D 04 00 14 00 00 00 01 00 00 00 C4 57 04 00    2M..........ÄW..
3F 00 3D B4 13 00 1F 00 20 00 00 00 00 00 00 08    ?.=´............
00 00 00 61 00 64 00 6D 00 69 00 6E 00 00 00 32    ...a.d.m.i.n...2
31 32 33 32 66 32 39 37 61 35 37 61 35 61 37 34    1232f297a57a5a74
33 38 39 34 61 30 65 34 61 38 30 31 66 63 33       3894a0e4a801fc3.

INFO 13:18:41:832 AccountManager: authed admin
INFO 13:18:55:907 AccountManager: close admin
