INFO 22:15:25:863 ServerControl: open server socket on 2101 port.
INFO 22:15:25:874 ExecutorManager: initialized.
INFO 22:15:27:030 CleaningManager: delete 0 reuses from a character_skill_reuses.
INFO 22:15:27:031 CleaningManager: delete 0 spawns from a boss_spawn.
INFO 22:15:27:033 CleaningManager: delete 0 appearances from a character_appearances.
INFO 22:15:27:034 CleaningManager: delete 0 effects from a character_save_effects.
INFO 22:15:27:035 CleaningManager: delete 0 inventors from a character_inventors.
INFO 22:15:27:036 CleaningManager: delete 0 skills from a character_skills.
INFO 22:15:27:038 CleaningManager: delete 0 hotkeys from a character_hotkey.
INFO 22:15:27:039 CleaningManager: delete 0 chars from a character_friends.
INFO 22:15:27:041 CleaningManager: delete 0 friends from a character_friends.
INFO 22:15:27:042 CleaningManager: delete 0 settings from a character_settings.
INFO 22:15:27:043 CleaningManager: delete 0 empty items from a items.
INFO 22:15:27:044 CleaningManager: delete 0 no owner items from a items.
INFO 22:15:27:045 CleaningManager: delete 0 no owner guild items from a items.
INFO 22:15:27:081 CleaningManager: create buffer table items.
INFO 22:15:27:084 CleaningManager: copy 6 items to buffer_items.
INFO 22:15:27:085 CleaningManager: delete 0 no owner items from a buffer_items.
INFO 22:15:27:113 CleaningManager: drop buffer table items.
INFO 22:15:27:115 CleaningManager: delete 0 from a quests.
INFO 22:15:27:117 CleaningManager: delete 0 from a quest variables.
INFO 22:15:27:118 CleaningManager: delete 0 from a guild ranks.
INFO 22:15:27:365 ClientPacketType: client packets prepared.
INFO 22:15:27:456 EffectParser: initialized.
INFO 22:15:27:464 RandomManager: initialized.
INFO 22:15:27:466 IdFactory: prepare npc ids...
INFO 22:15:27:474 BitSetIdGenerator: 102912 id's available.
INFO 22:15:27:475 IdFactory: prepare objects ids...
INFO 22:15:27:476 BitSetIdGenerator: 102912 id's available.
INFO 22:15:27:476 IdFactory: prepare players ids...
INFO 22:15:27:519 BitSetIdGenerator: extracted 1 ids.
INFO 22:15:27:519 BitSetIdGenerator: 102912 id's available.
INFO 22:15:27:520 IdFactory: prepare guilds ids...
INFO 22:15:27:523 BitSetIdGenerator: extracted 0 ids.
INFO 22:15:27:523 BitSetIdGenerator: 102912 id's available.
INFO 22:15:27:524 IdFactory: prepare item ids...
INFO 22:15:27:525 BitSetIdGenerator: extracted 6 ids.
INFO 22:15:27:526 BitSetIdGenerator: 102912 id's available.
INFO 22:15:27:569 ServerVarManager: loaded 0 variables.
INFO 22:15:27:579 BossSpawnManager: loaded 0 boss spawns.
INFO 22:15:30:274 TerritoryTable: loaded 160 territories for 18803 regions.
INFO 22:15:35:277 WorldZoneTable: loaded 12 world zones for 31986 regions.
INFO 22:15:35:279 ConditionParser: initializable.
WARNING 22:15:36:717 SkillTable: detected once the file D:\Documents\Documents\Java\Tera Server\.\data\skills\summon_skills\deprecated.zip
INFO 22:15:36:743 SkillTable: loaded 4613 skills for 19 classes.
INFO 22:15:37:820 ItemTable: loaded 10138 items.
INFO 22:15:37:847 Race: race appearances initializable.
INFO 22:15:37:866 PlayerTable: loaded 104 player templates.
WARNING 22:15:38:559 DropTable: not found items [50048]
INFO 22:15:38:559 DropTable: load drop for 407 npcs and 126 for resourse.
INFO 22:15:38:571 TownTable: initialized.
WARNING 22:15:38:627 NpcDialogTable: detected once the file D:\Documents\Documents\Java\Tera Server\.\data\dialogs\dialogs.txt
INFO 22:15:38:701 NpcDialogTable: loaded 88 dialogs.
INFO 22:15:38:713 MessagePackageTable: loaded 34 message packages.
INFO 22:15:38:819 ConfigAITable: loaded 45 npc ai configs.
INFO 22:15:38:852 NpcAppearanceTable: initialized. Loaded 59 appearances.
WARNING 22:15:39:118 NpcTable: detected once the file D:\Documents\Documents\Java\Tera Server\.\data\npcs\summons\playable_summons.zip
INFO 22:15:39:134 NpcTable: loaded  816 npcs.
INFO 22:15:39:168 ResourseTable: loaded  253 resourses.
INFO 22:15:39:197 MinionTable: loaded 303 minions for 42 npcs.
INFO 22:15:39:198 RegenTaskManager: initializable.
INFO 22:15:39:209 Formulas: initialized.
INFO 22:15:39:212 EffectTaskManager: initialized.
INFO 22:15:39:827 ObjectEventManager: initialized.
INFO 22:15:39:828 MoveTaskManager: initialized.
INFO 22:15:42:050 SpawnTable: loaded 19515 spawns for 617 npcs and 2013 spawns for 60 resourses.
INFO 22:15:42:136 GeoMap3D: start fast import geodata_1.dat
INFO 22:15:42:936 GeoMap3D: import ended. load 1867238 quards.
INFO 22:15:42:937 GeoMap3D: start fast import geodata_2.dat
INFO 22:15:43:177 GeoMap3D: import ended. load 440227 quards.
INFO 22:15:43:178 GeoMap3D: start fast import geodata_3.dat
INFO 22:15:43:257 GeoMap3D: import ended. load 58040 quards.
INFO 22:15:43:258 GeoManager: initialized.
INFO 22:15:43:276 ItemExecutorManager: loaded 0 executor items.
INFO 22:15:43:317 CommandManager: loaded 94 commands.
INFO 22:15:43:374 SkillLearnManager: loaded 950 skill learn's for 8 clases.
INFO 22:15:43:387 AnnounceManager: loaded 0 start announces and 0 running announces.
INFO 22:15:43:394 AccountManager: initialized.
INFO 22:15:43:404 GuildManager: loaded 0 guilds.
INFO 22:15:44:437 QuestManager: loaded 455 quests.
INFO 22:15:44:455 OnlineManager: initialized.
INFO 22:15:44:506 GameLogManager: initialized.
INFO 22:15:44:825 Region: next battle "Veritas District" in 2018.12.16 15:00.
INFO 22:15:44:830 Region: next battle "Ostgarath" in 2018.12.16 15:00.
INFO 22:15:44:836 Region: next battle "Val Palrada" in 2018.12.15 19:00.
INFO 22:15:44:840 Region: next battle "Val Aureum" in 2018.12.15 19:00.
INFO 22:15:44:841 EventManager: loaded 5 events.
INFO 22:15:45:265 EventManager: the nearest event in 47 minutes.
INFO 22:15:45:282 PlayerManager: initialized.
INFO 22:15:45:328 Network: started.
INFO 22:15:45:328 GameServer: started.
INFO 22:16:07:884 AccountManager: authed admin
WARNING 22:16:10:235 DataBaseManager: not found appearance for 268435456
WARNING 22:17:10:519 C_Get_User_List: NullPointerException : null : stack trace:
tera.gameserver.network.serverpackets.S_Get_User_List.getInstance(S_Get_User_List.java:233)
tera.gameserver.manager.PacketManager.showPlayerList(PacketManager.java:274)
tera.gameserver.network.clientpackets.C_Get_User_List.runImpl(C_Get_User_List.java:46)
rlib.network.packets.AbstractReadeablePacket.run(AbstractReadeablePacket.java:175)
java.base/java.util.concurrent.ThreadPoolExecutor.runWorker(ThreadPoolExecutor.java:1128)
java.base/java.util.concurrent.ThreadPoolExecutor$Worker.run(ThreadPoolExecutor.java:628)
java.base/java.lang.Thread.run(Thread.java:834)

