INFO 18:59:45:350 ServerControl: open server socket on 2101 port.
INFO 18:59:45:359 ExecutorManager: initialized.
INFO 18:59:46:041 CleaningManager: delete 0 reuses from a character_skill_reuses.
INFO 18:59:46:041 CleaningManager: delete 0 spawns from a boss_spawn.
INFO 18:59:46:042 CleaningManager: delete 0 appearances from a character_appearances.
INFO 18:59:46:042 CleaningManager: delete 0 effects from a character_save_effects.
INFO 18:59:46:043 CleaningManager: delete 0 inventors from a character_inventors.
INFO 18:59:46:043 CleaningManager: delete 0 skills from a character_skills.
INFO 18:59:46:043 CleaningManager: delete 0 hotkeys from a character_hotkey.
INFO 18:59:46:044 CleaningManager: delete 0 chars from a character_friends.
INFO 18:59:46:044 CleaningManager: delete 0 friends from a character_friends.
INFO 18:59:46:044 CleaningManager: delete 0 settings from a character_settings.
INFO 18:59:46:045 CleaningManager: delete 0 empty items from a items.
INFO 18:59:46:045 CleaningManager: delete 0 no owner items from a items.
INFO 18:59:46:046 CleaningManager: delete 0 no owner guild items from a items.
INFO 18:59:46:064 CleaningManager: create buffer table items.
INFO 18:59:46:066 CleaningManager: copy 0 items to buffer_items.
INFO 18:59:46:067 CleaningManager: delete 0 no owner items from a buffer_items.
INFO 18:59:46:077 CleaningManager: drop buffer table items.
INFO 18:59:46:078 CleaningManager: delete 0 from a quests.
INFO 18:59:46:078 CleaningManager: delete 0 from a quest variables.
INFO 18:59:46:078 CleaningManager: delete 0 from a guild ranks.
INFO 18:59:46:188 ClientPacketType: client packets prepared.
INFO 18:59:46:216 EffectParser: initialized.
INFO 18:59:46:219 RandomManager: initialized.
INFO 18:59:46:220 IdFactory: prepare npc ids...
INFO 18:59:46:224 BitSetIdGenerator: 102912 id's available.
INFO 18:59:46:225 IdFactory: prepare objects ids...
INFO 18:59:46:225 BitSetIdGenerator: 102912 id's available.
INFO 18:59:46:225 IdFactory: prepare players ids...
INFO 18:59:46:229 BitSetIdGenerator: extracted 0 ids.
INFO 18:59:46:229 BitSetIdGenerator: 102912 id's available.
INFO 18:59:46:229 IdFactory: prepare guilds ids...
INFO 18:59:46:230 BitSetIdGenerator: extracted 0 ids.
INFO 18:59:46:230 BitSetIdGenerator: 102912 id's available.
INFO 18:59:46:230 IdFactory: prepare item ids...
INFO 18:59:46:231 BitSetIdGenerator: extracted 0 ids.
INFO 18:59:46:231 BitSetIdGenerator: 102912 id's available.
INFO 18:59:46:260 ServerVarManager: loaded 0 variables.
INFO 18:59:46:265 BossSpawnManager: loaded 0 boss spawns.
INFO 18:59:47:876 TerritoryTable: loaded 160 territories for 18803 regions.
INFO 18:59:50:254 WorldZoneTable: loaded 12 world zones for 31986 regions.
INFO 18:59:50:256 ConditionParser: initializable.
WARNING 18:59:50:764 SkillTable: detected once the file D:\Documents\Documents\Java\Tera Server\.\data\skills\summon_skills\deprecated.zip
INFO 18:59:50:805 SkillTable: loaded 4613 skills for 19 classes.
INFO 18:59:51:330 ItemTable: loaded 10138 items.
INFO 18:59:51:346 Race: race appearances initializable.
INFO 18:59:51:355 PlayerTable: loaded 104 player templates.
WARNING 18:59:51:669 DropTable: not found items [50048]
INFO 18:59:51:669 DropTable: load drop for 407 npcs and 126 for resourse.
INFO 18:59:51:675 TownTable: initialized.
WARNING 18:59:51:700 NpcDialogTable: detected once the file D:\Documents\Documents\Java\Tera Server\.\data\dialogs\dialogs.txt
INFO 18:59:51:740 NpcDialogTable: loaded 88 dialogs.
INFO 18:59:51:746 MessagePackageTable: loaded 34 message packages.
INFO 18:59:51:790 ConfigAITable: loaded 45 npc ai configs.
INFO 18:59:51:808 NpcAppearanceTable: initialized. Loaded 59 appearances.
WARNING 18:59:51:973 NpcTable: detected once the file D:\Documents\Documents\Java\Tera Server\.\data\npcs\summons\playable_summons.zip
INFO 18:59:51:984 NpcTable: loaded  816 npcs.
INFO 18:59:51:998 ResourseTable: loaded  253 resourses.
INFO 18:59:52:015 MinionTable: loaded 303 minions for 42 npcs.
INFO 18:59:52:016 RegenTaskManager: initializable.
INFO 18:59:52:025 Formulas: initialized.
INFO 18:59:52:027 EffectTaskManager: initialized.
INFO 18:59:52:451 ObjectEventManager: initialized.
INFO 18:59:52:452 MoveTaskManager: initialized.
INFO 18:59:53:188 SpawnTable: loaded 19515 spawns for 617 npcs and 2013 spawns for 60 resourses.
INFO 18:59:53:197 GeoMap3D: start fast import geodata_1.dat
INFO 18:59:53:612 GeoMap3D: import ended. load 1867238 quards.
INFO 18:59:53:612 GeoMap3D: start fast import geodata_2.dat
INFO 18:59:53:769 GeoMap3D: import ended. load 440227 quards.
INFO 18:59:53:770 GeoMap3D: start fast import geodata_3.dat
INFO 18:59:53:819 GeoMap3D: import ended. load 58040 quards.
INFO 18:59:53:823 GeoManager: initialized.
INFO 18:59:53:844 ItemExecutorManager: loaded 0 executor items.
INFO 18:59:53:873 CommandManager: loaded 94 commands.
INFO 18:59:53:885 SkillLearnManager: loaded 950 skill learn's for 8 clases.
INFO 18:59:53:890 AnnounceManager: loaded 0 start announces and 0 running announces.
INFO 18:59:53:893 AccountManager: initialized.
INFO 18:59:53:901 GuildManager: loaded 0 guilds.
INFO 18:59:54:251 QuestManager: loaded 455 quests.
INFO 18:59:54:252 OnlineManager: initialized.
INFO 18:59:54:256 GameLogManager: initialized.
INFO 18:59:54:341 Region: next battle "Veritas District" in 2018.12.16 15:00.
INFO 18:59:54:343 Region: next battle "Ostgarath" in 2018.12.16 15:00.
INFO 18:59:54:345 Region: next battle "Val Palrada" in 2018.12.15 19:00.
INFO 18:59:54:347 Region: next battle "Val Aureum" in 2018.12.15 19:00.
INFO 18:59:54:347 EventManager: loaded 5 events.
INFO 18:59:54:469 EventManager: the nearest event in 32 minutes.
INFO 18:59:54:479 PlayerManager: initialized.
INFO 18:59:54:496 Network: started.
INFO 18:59:54:496 GameServer: started.
INFO 19:01:31:747 AccountManager: authed admin
