INFO 22:15:45:386 ServerControl: open server socket on 2101 port.
INFO 22:15:45:395 ExecutorManager: initialized.
INFO 22:15:45:923 CleaningManager: delete 0 reuses from a character_skill_reuses.
INFO 22:15:45:923 CleaningManager: delete 0 spawns from a boss_spawn.
INFO 22:15:45:924 CleaningManager: delete 0 appearances from a character_appearances.
INFO 22:15:45:925 CleaningManager: delete 0 effects from a character_save_effects.
INFO 22:15:45:925 CleaningManager: delete 0 inventors from a character_inventors.
INFO 22:15:45:926 CleaningManager: delete 0 skills from a character_skills.
INFO 22:15:45:927 CleaningManager: delete 0 hotkeys from a character_hotkey.
INFO 22:15:45:927 CleaningManager: delete 0 chars from a character_friends.
INFO 22:15:45:928 CleaningManager: delete 0 friends from a character_friends.
INFO 22:15:45:929 CleaningManager: delete 0 settings from a character_settings.
INFO 22:15:45:929 CleaningManager: delete 0 empty items from a items.
INFO 22:15:45:930 CleaningManager: delete 0 no owner items from a items.
INFO 22:15:45:931 CleaningManager: delete 0 no owner guild items from a items.
INFO 22:15:45:952 CleaningManager: create buffer table items.
INFO 22:15:45:956 CleaningManager: copy 118 items to buffer_items.
INFO 22:15:45:957 CleaningManager: delete 0 no owner items from a buffer_items.
INFO 22:15:45:973 CleaningManager: drop buffer table items.
INFO 22:15:45:974 CleaningManager: delete 0 from a quests.
INFO 22:15:45:974 CleaningManager: delete 0 from a quest variables.
INFO 22:15:45:975 CleaningManager: delete 0 from a guild ranks.
INFO 22:15:46:111 ClientPacketType: client packets prepared.
INFO 22:15:46:186 EffectParser: initialized.
INFO 22:15:46:191 RandomManager: initialized.
INFO 22:15:46:192 IdFactory: prepare npc ids...
INFO 22:15:46:195 BitSetIdGenerator: 102912 id's available.
INFO 22:15:46:196 IdFactory: prepare objects ids...
INFO 22:15:46:196 BitSetIdGenerator: 102912 id's available.
INFO 22:15:46:196 IdFactory: prepare players ids...
INFO 22:15:46:200 BitSetIdGenerator: extracted 4 ids.
INFO 22:15:46:200 BitSetIdGenerator: 102912 id's available.
INFO 22:15:46:200 IdFactory: prepare guilds ids...
INFO 22:15:46:201 BitSetIdGenerator: extracted 1 ids.
INFO 22:15:46:201 BitSetIdGenerator: 102912 id's available.
INFO 22:15:46:201 IdFactory: prepare item ids...
INFO 22:15:46:202 BitSetIdGenerator: extracted 118 ids.
WARNING 22:15:46:202 BitSetIdGenerator: objectId 1 in DB is less than minimum ID of 268435456.
INFO 22:15:46:202 BitSetIdGenerator: 102912 id's available.
INFO 22:15:46:225 ServerVarManager: loaded 0 variables.
INFO 22:15:46:228 BossSpawnManager: loaded 0 boss spawns.
INFO 22:15:48:088 TerritoryTable: loaded 160 territories for 18803 regions.
INFO 22:15:50:287 WorldZoneTable: loaded 9 world zones for 31887 regions.
INFO 22:15:50:290 ConditionParser: initializable.
WARNING 22:15:50:763 SkillTable: detected once the file D:\Documents\Documents\Java\Tera Server\.\data\skills\summon_skills\deprecated.zip
INFO 22:15:50:779 SkillTable: loaded 4613 skills for 19 classes.
INFO 22:15:51:199 ItemTable: loaded 10137 items.
INFO 22:15:51:214 Race: race appearances initializable.
INFO 22:15:51:222 PlayerTable: loaded 104 player templates.
WARNING 22:15:51:497 DropTable: not found items [50048]
INFO 22:15:51:498 DropTable: load drop for 407 npcs and 126 for resourse.
INFO 22:15:51:504 TownTable: initialized.
WARNING 22:15:51:529 NpcDialogTable: detected once the file D:\Documents\Documents\Java\Tera Server\.\data\dialogs\dialogs.txt
INFO 22:15:51:562 NpcDialogTable: loaded 83 dialogs.
INFO 22:15:51:568 MessagePackageTable: loaded 34 message packages.
INFO 22:15:51:612 ConfigAITable: loaded 45 npc ai configs.
INFO 22:15:51:630 NpcAppearanceTable: initialized. Loaded 59 appearances.
WARNING 22:15:51:712 NpcTable: found duplicate npc template NpcTemplate npcId = 7011, exp = 1000000, attack = 400000, defense = 3500, owerAttack = 3000, owerDefense = 30000, level = 60, aggro = 120, factionRange = 0, name = Linyphi, title = , factionId = , type = 51, isRaid = false, canDrop = false, drop = null, minions = null, dialog = null, geomRadius = 90.0, geomHeight = 160.0, npcType = RAID_BOSS in file .\data\npcs\raid_boss.xml
WARNING 22:15:51:778 NpcTable: detected once the file D:\Documents\Documents\Java\Tera Server\.\data\npcs\summons\playable_summons.zip
INFO 22:15:51:785 NpcTable: loaded  815 npcs.
INFO 22:15:51:797 ResourseTable: loaded  253 resourses.
INFO 22:15:51:810 MinionTable: loaded 303 minions for 42 npcs.
INFO 22:15:51:811 RegenTaskManager: initializable.
INFO 22:15:51:818 Formulas: initialized.
INFO 22:15:51:819 EffectTaskManager: initialized.
INFO 22:15:52:133 ObjectEventManager: initialized.
INFO 22:15:52:134 MoveTaskManager: initialized.
INFO 22:15:52:547 SpawnTable: loaded 19474 spawns for 616 npcs and 2013 spawns for 60 resourses.
INFO 22:15:52:556 GeoMap3D: start fast import geodata_1.dat
INFO 22:15:53:521 GeoMap3D: import ended. load 1867238 quards.
INFO 22:15:53:521 GeoMap3D: start fast import geodata_2.dat
INFO 22:15:53:569 GeoMap3D: import ended. load 440227 quards.
INFO 22:15:53:570 GeoMap3D: start fast import geodata_3.dat
INFO 22:15:54:733 GeoMap3D: import ended. load 58041 quards.
INFO 22:15:54:734 GeoManager: initialized.
INFO 22:15:54:739 ItemExecutorManager: loaded 0 executor items.
INFO 22:15:54:753 CommandManager: loaded 93 commands.
INFO 22:15:54:765 SkillLearnManager: loaded 950 skill learn's for 8 clases.
INFO 22:15:54:769 AnnounceManager: loaded 0 start announces and 0 running announces.
INFO 22:15:54:771 AccountManager: initialized.
INFO 22:15:54:795 GuildManager: loaded 1 guilds.
INFO 22:15:55:080 QuestManager: loaded 455 quests.
INFO 22:15:55:081 OnlineManager: initialized.
INFO 22:15:55:093 GameLogManager: initialized.
INFO 22:15:55:187 Region: next battle "Veritas District" in 2018.04.15 16:00.
INFO 22:15:55:189 Region: next battle "Ostgarath" in 2018.04.15 16:00.
INFO 22:15:55:191 Region: next battle "Val Palrada" in 2018.04.14 20:00.
INFO 22:15:55:193 Region: next battle "Val Aureum" in 2018.04.14 20:00.
INFO 22:15:55:194 EventManager: loaded 5 events.
INFO 22:15:55:846 EventManager: the nearest event in 46 minutes.
INFO 22:15:55:853 PlayerManager: initialized.
INFO 22:15:55:920 Network: started.
INFO 22:15:55:920 GameServer: started.
WARNING 22:16:00:350 ClientConnection: not found packet for opcode 4DBC
20 00 BC 4D 02 00 08 00 08 00 14 00 00 00 00 00    ..¼M............
94 5F 03 00 14 00 00 00 01 00 00 00 DC 5F 03 00    _..........Ü_..
41 00 A4 78 13 00 21 00 20 00 00 00 00 00 00 02    A.¤x..!.........
00 00 00 44 00 61 00 72 00 6B 00 7A 00 61 00 00    ...D.a.r.k.z.a..
00 34 66 65 37 36 37 38 61 38 31 62 61 37 63 37    .4fe7678a81ba7c7
64 62 32 36 39 63 37 37 62 35 64 64 37 38 31 63    db269c77b5dd781c
61                                                 a...............

INFO 22:16:00:355 AccountManager: authed Darkza
WARNING 22:16:00:366 ClientConnection: not found packet for opcode F4FE
08 00 FE F4 E8 03 00 00                            ..þôè...........

WARNING 22:16:00:367 ClientConnection: not found packet for opcode CD71
BC 00 71 CD 12 00 38 00 8C 00 AF 3F 00 00 80 00    ¼.qÍ..8..¯?...
00 00 57 00 69 00 6E 00 64 00 6F 00 77 00 73 00    ..W.i.n.d.o.w.s.
20 00 37 00 20 00 28 00 78 00 36 00 34 00 29 00    ..7...(.x.6.4.).
20 00 0D 00 0A 00 00 00 49 00 6E 00 74 00 65 00    ........I.n.t.e.
6C 00 28 00 52 00 29 00 20 00 43 00 6F 00 72 00    l.(.R.)...C.o.r.
65 00 28 00 54 00 4D 00 29 00 20 00 69 00 37 00    e.(.T.M.)...i.7.
2D 00 34 00 37 00 31 00 30 00 48 00 51 00 20 00    -.4.7.1.0.H.Q...
43 00 50 00 55 00 20 00 40 00 20 00 32 00 2E 00    C.P.U...@...2...
35 00 30 00 47 00 48 00 7A 00 00 00 4E 00 56 00    5.0.G.H.z...N.V.
49 00 44 00 49 00 41 00 20 00 47 00 65 00 46 00    I.D.I.A...G.e.F.
6F 00 72 00 63 00 65 00 20 00 47 00 54 00 58 00    o.r.c.e...G.T.X.
20 00 38 00 37 00 30 00 4D 00 00 00                ..8.7.0.M.......

INFO 22:16:08:231 AccountManager: close Darkza
WARNING 22:16:32:889 ClientConnection: not found packet for opcode 4DBC
20 00 BC 4D 02 00 08 00 08 00 14 00 00 00 00 00    ..¼M............
94 5F 03 00 14 00 00 00 01 00 00 00 DC 5F 03 00    _..........Ü_..
41 00 A4 78 13 00 21 00 20 00 00 00 00 00 00 02    A.¤x..!.........
00 00 00 44 00 61 00 72 00 6B 00 7A 00 61 00 00    ...D.a.r.k.z.a..
00 34 66 65 37 36 37 38 61 38 31 62 61 37 63 37    .4fe7678a81ba7c7
64 62 32 36 39 63 37 37 62 35 64 64 37 38 31 63    db269c77b5dd781c
61                                                 a...............

INFO 22:16:32:893 AccountManager: authed Darkza
WARNING 22:16:32:905 ClientConnection: not found packet for opcode F4FE
08 00 FE F4 E8 03 00 00                            ..þôè...........

WARNING 22:16:32:905 ClientConnection: not found packet for opcode CD71
BC 00 71 CD 12 00 38 00 8C 00 AF 3F 00 00 80 00    ¼.qÍ..8..¯?...
00 00 57 00 69 00 6E 00 64 00 6F 00 77 00 73 00    ..W.i.n.d.o.w.s.
20 00 37 00 20 00 28 00 78 00 36 00 34 00 29 00    ..7...(.x.6.4.).
20 00 0D 00 0A 00 00 00 49 00 6E 00 74 00 65 00    ........I.n.t.e.
6C 00 28 00 52 00 29 00 20 00 43 00 6F 00 72 00    l.(.R.)...C.o.r.
65 00 28 00 54 00 4D 00 29 00 20 00 69 00 37 00    e.(.T.M.)...i.7.
2D 00 34 00 37 00 31 00 30 00 48 00 51 00 20 00    -.4.7.1.0.H.Q...
43 00 50 00 55 00 20 00 40 00 20 00 32 00 2E 00    C.P.U...@...2...
35 00 30 00 47 00 48 00 7A 00 00 00 4E 00 56 00    5.0.G.H.z...N.V.
49 00 44 00 49 00 41 00 20 00 47 00 65 00 46 00    I.D.I.A...G.e.F.
6F 00 72 00 63 00 65 00 20 00 47 00 54 00 58 00    o.r.c.e...G.T.X.
20 00 38 00 37 00 30 00 4D 00 00 00                ..8.7.0.M.......

WARNING 22:16:42:902 ClientConnection: not found packet for opcode 9C2E
04 00 2E 9C                                        ...............

WARNING 22:16:49:758 ClientConnection: not found packet for opcode D28D
04 00 8D D2                                        ..Ò............

WARNING 22:16:49:761 ClientConnection: not found packet for opcode 8BBF
08 00 BF 8B 15 00 00 00                            ..¿............

INFO 22:17:01:442 SpawnTable: reloaded.
WARNING 22:17:25:990 NpcTable: detected once the file D:\Documents\Documents\Java\Tera Server\.\data\npcs\summons\playable_summons.zip
INFO 22:17:26:001 NpcTable: npcs reloaded.
INFO 22:17:28:010 SpawnTable: reloaded.
WARNING 22:17:40:106 ClientConnection: not found packet for opcode 8BBF
08 00 BF 8B 15 00 00 00                            ..¿............

WARNING 22:17:48:363 ClientConnection: not found packet for opcode 8BBF
08 00 BF 8B 15 00 00 00                            ..¿............

WARNING 22:17:49:382 ClientConnection: not found packet for opcode 8BBF
08 00 BF 8B 15 00 00 00                            ..¿............

WARNING 22:17:49:689 ClientConnection: not found packet for opcode 52A2
10 00 A2 52 7B A1 B8 BC 00 00 00 00 00 00 00 00    ..¢R{¡¸¼........

WARNING 22:17:51:320 ClientConnection: not found packet for opcode 52A2
10 00 A2 52 7B A1 B8 BC 02 00 00 00 00 00 00 00    ..¢R{¡¸¼........

WARNING 22:17:51:321 ClientConnection: not found packet for opcode 52A2
10 00 A2 52 7B A1 B8 BC 02 00 00 00 00 00 00 00    ..¢R{¡¸¼........

WARNING 22:17:56:867 ClientConnection: not found packet for opcode 52A2
10 00 A2 52 7B A1 B8 BC 02 00 00 00 00 00 00 00    ..¢R{¡¸¼........

WARNING 22:17:58:744 ClientConnection: not found packet for opcode 8BBF
08 00 BF 8B 15 00 00 00                            ..¿............

WARNING 22:17:59:782 ClientConnection: not found packet for opcode 8BBF
08 00 BF 8B 15 00 00 00                            ..¿............

WARNING 22:18:00:794 ClientConnection: not found packet for opcode 8BBF
08 00 BF 8B 15 00 00 00                            ..¿............

WARNING 22:18:20:371 ClientConnection: not found packet for opcode 8BBF
08 00 BF 8B 15 00 00 00                            ..¿............

WARNING 22:18:27:566 ClientConnection: not found packet for opcode 8BBF
08 00 BF 8B 15 00 00 00                            ..¿............

WARNING 22:18:28:599 ClientConnection: not found packet for opcode 8BBF
08 00 BF 8B 15 00 00 00                            ..¿............

WARNING 22:21:16:926 ClientConnection: not found packet for opcode 52A2
10 00 A2 52 7B A1 B8 BC 02 00 00 00 00 00 00 00    ..¢R{¡¸¼........

WARNING 22:22:29:765 ClientConnection: not found packet for opcode 8BBF
08 00 BF 8B 15 00 00 00                            ..¿............

WARNING 22:22:35:199 ClientConnection: not found packet for opcode 52A2
10 00 A2 52 7B A1 B8 BC 02 00 00 00 00 00 00 00    ..¢R{¡¸¼........

INFO 22:22:40:997 AccountManager: close Darkza
WARNING 22:23:01:788 ClientConnection: not found packet for opcode 4DBC
20 00 BC 4D 02 00 08 00 08 00 14 00 00 00 00 00    ..¼M............
94 5F 03 00 14 00 00 00 01 00 00 00 DC 5F 03 00    _..........Ü_..
41 00 A4 78 13 00 21 00 20 00 00 00 00 00 00 02    A.¤x..!.........
00 00 00 44 00 61 00 72 00 6B 00 7A 00 61 00 00    ...D.a.r.k.z.a..
00 34 66 65 37 36 37 38 61 38 31 62 61 37 63 37    .4fe7678a81ba7c7
64 62 32 36 39 63 37 37 62 35 64 64 37 38 31 63    db269c77b5dd781c
61                                                 a...............

INFO 22:23:01:791 AccountManager: authed Darkza
WARNING 22:23:01:805 ClientConnection: not found packet for opcode F4FE
08 00 FE F4 E8 03 00 00                            ..þôè...........

WARNING 22:23:01:805 ClientConnection: not found packet for opcode CD71
BC 00 71 CD 12 00 38 00 8C 00 AF 3F 00 00 80 00    ¼.qÍ..8..¯?...
00 00 57 00 69 00 6E 00 64 00 6F 00 77 00 73 00    ..W.i.n.d.o.w.s.
20 00 37 00 20 00 28 00 78 00 36 00 34 00 29 00    ..7...(.x.6.4.).
20 00 0D 00 0A 00 00 00 49 00 6E 00 74 00 65 00    ........I.n.t.e.
6C 00 28 00 52 00 29 00 20 00 43 00 6F 00 72 00    l.(.R.)...C.o.r.
65 00 28 00 54 00 4D 00 29 00 20 00 69 00 37 00    e.(.T.M.)...i.7.
2D 00 34 00 37 00 31 00 30 00 48 00 51 00 20 00    -.4.7.1.0.H.Q...
43 00 50 00 55 00 20 00 40 00 20 00 32 00 2E 00    C.P.U...@...2...
35 00 30 00 47 00 48 00 7A 00 00 00 4E 00 56 00    5.0.G.H.z...N.V.
49 00 44 00 49 00 41 00 20 00 47 00 65 00 46 00    I.D.I.A...G.e.F.
6F 00 72 00 63 00 65 00 20 00 47 00 54 00 58 00    o.r.c.e...G.T.X.
20 00 38 00 37 00 30 00 4D 00 00 00                ..8.7.0.M.......

WARNING 22:23:15:161 ClientConnection: not found packet for opcode 9C2E
04 00 2E 9C                                        ...............

WARNING 22:23:31:866 ClientConnection: not found packet for opcode 52A2
10 00 A2 52 7B A1 B8 BC 02 00 00 00 00 00 00 00    ..¢R{¡¸¼........

INFO 22:23:37:229 AccountManager: close Darkza
WARNING 22:24:05:584 ClientConnection: not found packet for opcode 4DBC
20 00 BC 4D 02 00 08 00 08 00 14 00 00 00 00 00    ..¼M............
94 5F 03 00 14 00 00 00 01 00 00 00 DC 5F 03 00    _..........Ü_..
41 00 A4 78 13 00 21 00 20 00 00 00 00 00 00 02    A.¤x..!.........
00 00 00 44 00 61 00 72 00 6B 00 7A 00 61 00 00    ...D.a.r.k.z.a..
00 34 66 65 37 36 37 38 61 38 31 62 61 37 63 37    .4fe7678a81ba7c7
64 62 32 36 39 63 37 37 62 35 64 64 37 38 31 63    db269c77b5dd781c
61                                                 a...............

INFO 22:24:05:587 AccountManager: authed Darkza
WARNING 22:24:05:600 ClientConnection: not found packet for opcode F4FE
08 00 FE F4 E8 03 00 00                            ..þôè...........

WARNING 22:24:05:600 ClientConnection: not found packet for opcode CD71
BC 00 71 CD 12 00 38 00 8C 00 AF 3F 00 00 80 00    ¼.qÍ..8..¯?...
00 00 57 00 69 00 6E 00 64 00 6F 00 77 00 73 00    ..W.i.n.d.o.w.s.
20 00 37 00 20 00 28 00 78 00 36 00 34 00 29 00    ..7...(.x.6.4.).
20 00 0D 00 0A 00 00 00 49 00 6E 00 74 00 65 00    ........I.n.t.e.
6C 00 28 00 52 00 29 00 20 00 43 00 6F 00 72 00    l.(.R.)...C.o.r.
65 00 28 00 54 00 4D 00 29 00 20 00 69 00 37 00    e.(.T.M.)...i.7.
2D 00 34 00 37 00 31 00 30 00 48 00 51 00 20 00    -.4.7.1.0.H.Q...
43 00 50 00 55 00 20 00 40 00 20 00 32 00 2E 00    C.P.U...@...2...
35 00 30 00 47 00 48 00 7A 00 00 00 4E 00 56 00    5.0.G.H.z...N.V.
49 00 44 00 49 00 41 00 20 00 47 00 65 00 46 00    I.D.I.A...G.e.F.
6F 00 72 00 63 00 65 00 20 00 47 00 54 00 58 00    o.r.c.e...G.T.X.
20 00 38 00 37 00 30 00 4D 00 00 00                ..8.7.0.M.......

WARNING 22:24:15:697 ClientConnection: not found packet for opcode 9C2E
04 00 2E 9C                                        ...............

WARNING 22:24:24:036 ClientConnection: not found packet for opcode 52A2
10 00 A2 52 7B A1 B8 BC 02 00 00 00 00 00 00 00    ..¢R{¡¸¼........

INFO 22:24:32:708 AccountManager: close Darkza
WARNING 22:24:50:769 ClientConnection: not found packet for opcode 4DBC
20 00 BC 4D 02 00 08 00 08 00 14 00 00 00 00 00    ..¼M............
94 5F 03 00 14 00 00 00 01 00 00 00 DC 5F 03 00    _..........Ü_..
41 00 A4 78 13 00 21 00 20 00 00 00 00 00 00 02    A.¤x..!.........
00 00 00 44 00 61 00 72 00 6B 00 7A 00 61 00 00    ...D.a.r.k.z.a..
00 34 66 65 37 36 37 38 61 38 31 62 61 37 63 37    .4fe7678a81ba7c7
64 62 32 36 39 63 37 37 62 35 64 64 37 38 31 63    db269c77b5dd781c
61                                                 a...............

INFO 22:24:50:771 AccountManager: authed Darkza
WARNING 22:24:50:785 ClientConnection: not found packet for opcode F4FE
08 00 FE F4 E8 03 00 00                            ..þôè...........

WARNING 22:24:50:785 ClientConnection: not found packet for opcode CD71
BC 00 71 CD 12 00 38 00 8C 00 AF 3F 00 00 80 00    ¼.qÍ..8..¯?...
00 00 57 00 69 00 6E 00 64 00 6F 00 77 00 73 00    ..W.i.n.d.o.w.s.
20 00 37 00 20 00 28 00 78 00 36 00 34 00 29 00    ..7...(.x.6.4.).
20 00 0D 00 0A 00 00 00 49 00 6E 00 74 00 65 00    ........I.n.t.e.
6C 00 28 00 52 00 29 00 20 00 43 00 6F 00 72 00    l.(.R.)...C.o.r.
65 00 28 00 54 00 4D 00 29 00 20 00 69 00 37 00    e.(.T.M.)...i.7.
2D 00 34 00 37 00 31 00 30 00 48 00 51 00 20 00    -.4.7.1.0.H.Q...
43 00 50 00 55 00 20 00 40 00 20 00 32 00 2E 00    C.P.U...@...2...
35 00 30 00 47 00 48 00 7A 00 00 00 4E 00 56 00    5.0.G.H.z...N.V.
49 00 44 00 49 00 41 00 20 00 47 00 65 00 46 00    I.D.I.A...G.e.F.
6F 00 72 00 63 00 65 00 20 00 47 00 54 00 58 00    o.r.c.e...G.T.X.
20 00 38 00 37 00 30 00 4D 00 00 00                ..8.7.0.M.......

WARNING 22:25:01:174 ClientConnection: not found packet for opcode 9C2E
04 00 2E 9C                                        ...............

WARNING 22:25:06:806 ClientConnection: not found packet for opcode D28D
04 00 8D D2                                        ..Ò............

WARNING 22:25:06:808 ClientConnection: not found packet for opcode 8BBF
08 00 BF 8B 16 00 00 00                            ..¿............

WARNING 22:25:34:088 ClientConnection: not found packet for opcode 52A2
10 00 A2 52 7B A1 B8 BC 02 00 00 00 00 00 00 00    ..¢R{¡¸¼........

INFO 22:25:42:134 AccountManager: close Darkza
