INFO 00:18:56:482 ServerControl: open server socket on 2101 port.
INFO 00:18:56:574 ExecutorManager: initialized.
INFO 00:18:57:301 CleaningManager: delete 0 reuses from a character_skill_reuses.
INFO 00:18:57:302 CleaningManager: delete 0 spawns from a boss_spawn.
INFO 00:18:57:303 CleaningManager: delete 0 appearances from a character_appearances.
INFO 00:18:57:304 CleaningManager: delete 0 effects from a character_save_effects.
INFO 00:18:57:304 CleaningManager: delete 0 inventors from a character_inventors.
INFO 00:18:57:305 CleaningManager: delete 0 skills from a character_skills.
INFO 00:18:57:306 CleaningManager: delete 0 hotkeys from a character_hotkey.
INFO 00:18:57:307 CleaningManager: delete 0 chars from a character_friends.
INFO 00:18:57:308 CleaningManager: delete 0 friends from a character_friends.
INFO 00:18:57:308 CleaningManager: delete 0 settings from a character_settings.
INFO 00:18:57:309 CleaningManager: delete 0 empty items from a items.
INFO 00:18:57:310 CleaningManager: delete 0 no owner items from a items.
INFO 00:18:57:310 CleaningManager: delete 0 no owner guild items from a items.
INFO 00:18:57:350 CleaningManager: create buffer table items.
INFO 00:18:57:354 CleaningManager: copy 118 items to buffer_items.
INFO 00:18:57:355 CleaningManager: delete 0 no owner items from a buffer_items.
INFO 00:18:57:372 CleaningManager: drop buffer table items.
INFO 00:18:57:372 CleaningManager: delete 0 from a quests.
INFO 00:18:57:373 CleaningManager: delete 0 from a quest variables.
INFO 00:18:57:374 CleaningManager: delete 0 from a guild ranks.
INFO 00:18:57:494 ClientPacketType: client packets prepared.
INFO 00:18:57:554 EffectParser: initialized.
INFO 00:18:57:559 RandomManager: initialized.
INFO 00:18:57:560 IdFactory: prepare npc ids...
INFO 00:18:57:566 BitSetIdGenerator: 102912 id's available.
INFO 00:18:57:566 IdFactory: prepare objects ids...
INFO 00:18:57:566 BitSetIdGenerator: 102912 id's available.
INFO 00:18:57:566 IdFactory: prepare players ids...
INFO 00:18:57:571 BitSetIdGenerator: extracted 4 ids.
INFO 00:18:57:572 BitSetIdGenerator: 102912 id's available.
INFO 00:18:57:572 IdFactory: prepare guilds ids...
INFO 00:18:57:572 BitSetIdGenerator: extracted 1 ids.
INFO 00:18:57:573 BitSetIdGenerator: 102912 id's available.
INFO 00:18:57:573 IdFactory: prepare item ids...
INFO 00:18:57:575 BitSetIdGenerator: extracted 118 ids.
WARNING 00:18:57:575 BitSetIdGenerator: objectId 1 in DB is less than minimum ID of 268435456.
INFO 00:18:57:577 BitSetIdGenerator: 102912 id's available.
INFO 00:18:57:608 ServerVarManager: loaded 0 variables.
INFO 00:18:57:615 BossSpawnManager: loaded 0 boss spawns.
INFO 00:18:59:807 TerritoryTable: loaded 160 territories for 18803 regions.
INFO 00:19:52:376 WorldZoneTable: loaded 10 world zones for 32847 regions.
INFO 00:19:52:379 ConditionParser: initializable.
