INFO 13:16:45:286 ServerControl: open server socket on 2101 port.
INFO 13:16:45:297 ExecutorManager: initialized.
INFO 13:16:46:360 CleaningManager: delete 0 reuses from a character_skill_reuses.
INFO 13:16:46:361 CleaningManager: delete 0 spawns from a boss_spawn.
INFO 13:16:46:362 CleaningManager: delete 1 appearances from a character_appearances.
INFO 13:16:46:363 CleaningManager: delete 0 effects from a character_save_effects.
INFO 13:16:46:364 CleaningManager: delete 0 inventors from a character_inventors.
INFO 13:16:46:365 CleaningManager: delete 11 skills from a character_skills.
INFO 13:16:46:366 CleaningManager: delete 0 hotkeys from a character_hotkey.
INFO 13:16:46:366 CleaningManager: delete 0 chars from a character_friends.
INFO 13:16:46:367 CleaningManager: delete 0 friends from a character_friends.
INFO 13:16:46:368 CleaningManager: delete 0 settings from a character_settings.
INFO 13:16:46:368 CleaningManager: delete 0 empty items from a items.
INFO 13:16:46:370 CleaningManager: delete 6 no owner items from a items.
INFO 13:16:46:371 CleaningManager: delete 0 no owner guild items from a items.
INFO 13:16:46:421 CleaningManager: create buffer table items.
INFO 13:16:46:425 CleaningManager: copy 6 items to buffer_items.
INFO 13:16:46:426 CleaningManager: delete 0 no owner items from a buffer_items.
INFO 13:16:46:462 CleaningManager: drop buffer table items.
INFO 13:16:46:463 CleaningManager: delete 0 from a quests.
INFO 13:16:46:464 CleaningManager: delete 0 from a quest variables.
INFO 13:16:46:464 CleaningManager: delete 0 from a guild ranks.
INFO 13:16:46:642 ClientPacketType: client packets prepared.
INFO 13:16:46:691 EffectParser: initialized.
INFO 13:16:46:696 RandomManager: initialized.
INFO 13:16:46:697 IdFactory: prepare npc ids...
INFO 13:16:46:702 BitSetIdGenerator: 102912 id's available.
INFO 13:16:46:703 IdFactory: prepare objects ids...
INFO 13:16:46:703 BitSetIdGenerator: 102912 id's available.
INFO 13:16:46:704 IdFactory: prepare players ids...
INFO 13:16:46:710 BitSetIdGenerator: extracted 1 ids.
INFO 13:16:46:711 BitSetIdGenerator: 102912 id's available.
INFO 13:16:46:711 IdFactory: prepare guilds ids...
INFO 13:16:46:712 BitSetIdGenerator: extracted 0 ids.
INFO 13:16:46:713 BitSetIdGenerator: 102912 id's available.
INFO 13:16:46:713 IdFactory: prepare item ids...
INFO 13:16:46:714 BitSetIdGenerator: extracted 6 ids.
INFO 13:16:46:714 BitSetIdGenerator: 102912 id's available.
INFO 13:16:46:767 ServerVarManager: loaded 0 variables.
INFO 13:16:46:777 BossSpawnManager: loaded 0 boss spawns.
INFO 13:16:49:080 TerritoryTable: loaded 160 territories for 18803 regions.
INFO 13:16:52:227 WorldZoneTable: loaded 12 world zones for 31986 regions.
INFO 13:16:52:230 ConditionParser: initializable.
WARNING 13:16:53:169 SkillTable: detected once the file D:\Documents\Documents\Java\Tera Server\.\data\skills\summon_skills\deprecated.zip
INFO 13:16:53:192 SkillTable: loaded 4613 skills for 19 classes.
INFO 13:16:54:018 ItemTable: loaded 10138 items.
INFO 13:16:54:039 Race: race appearances initializable.
INFO 13:16:54:050 PlayerTable: loaded 104 player templates.
WARNING 13:16:54:585 DropTable: not found items [50048]
INFO 13:16:54:586 DropTable: load drop for 407 npcs and 126 for resourse.
INFO 13:16:54:596 TownTable: initialized.
WARNING 13:16:54:640 NpcDialogTable: detected once the file D:\Documents\Documents\Java\Tera Server\.\data\dialogs\dialogs.txt
INFO 13:16:54:698 NpcDialogTable: loaded 88 dialogs.
INFO 13:16:54:711 MessagePackageTable: loaded 34 message packages.
INFO 13:16:54:794 ConfigAITable: loaded 45 npc ai configs.
INFO 13:16:54:816 NpcAppearanceTable: initialized. Loaded 59 appearances.
WARNING 13:16:55:054 NpcTable: detected once the file D:\Documents\Documents\Java\Tera Server\.\data\npcs\summons\playable_summons.zip
INFO 13:16:55:064 NpcTable: loaded  816 npcs.
INFO 13:16:55:093 ResourseTable: loaded  253 resourses.
INFO 13:16:55:117 MinionTable: loaded 303 minions for 42 npcs.
INFO 13:16:55:118 RegenTaskManager: initializable.
INFO 13:16:55:131 Formulas: initialized.
INFO 13:16:55:134 EffectTaskManager: initialized.
INFO 13:16:55:808 ObjectEventManager: initialized.
INFO 13:16:55:809 MoveTaskManager: initialized.
INFO 13:16:57:068 SpawnTable: loaded 19515 spawns for 617 npcs and 2013 spawns for 60 resourses.
INFO 13:16:57:083 GeoMap3D: start fast import geodata_1.dat
INFO 13:16:57:833 GeoMap3D: import ended. load 1867238 quards.
INFO 13:16:57:834 GeoMap3D: start fast import geodata_2.dat
INFO 13:16:58:017 GeoMap3D: import ended. load 440227 quards.
INFO 13:16:58:017 GeoMap3D: start fast import geodata_3.dat
INFO 13:16:58:065 GeoMap3D: import ended. load 58040 quards.
INFO 13:16:58:065 GeoManager: initialized.
INFO 13:16:58:077 ItemExecutorManager: loaded 0 executor items.
INFO 13:16:58:107 CommandManager: loaded 94 commands.
INFO 13:16:58:125 SkillLearnManager: loaded 950 skill learn's for 8 clases.
INFO 13:16:58:132 AnnounceManager: loaded 0 start announces and 0 running announces.
INFO 13:16:58:138 AccountManager: initialized.
INFO 13:16:58:145 GuildManager: loaded 0 guilds.
INFO 13:16:58:672 QuestManager: loaded 455 quests.
INFO 13:16:58:674 OnlineManager: initialized.
INFO 13:16:58:694 GameLogManager: initialized.
INFO 13:16:58:855 Region: next battle "Veritas District" in 2018.12.16 15:00.
INFO 13:16:58:859 Region: next battle "Ostgarath" in 2018.12.16 15:00.
INFO 13:16:58:864 Region: next battle "Val Palrada" in 2018.12.15 19:00.
INFO 13:16:58:869 Region: next battle "Val Aureum" in 2018.12.15 19:00.
INFO 13:16:58:869 EventManager: loaded 5 events.
INFO 13:16:59:112 EventManager: the nearest event in 31 minutes.
INFO 13:16:59:127 PlayerManager: initialized.
INFO 13:16:59:159 Network: started.
INFO 13:16:59:160 GameServer: started.
WARNING 13:17:04:240 ClientConnection: not found packet for opcode B43D
20 00 BC 4D 02 00 08 00 08 00 14 00 00 00 00 00    ..¼M............
32 4D 04 00 14 00 00 00 01 00 00 00 C4 57 04 00    2M..........ÄW..
3F 00 3D B4 13 00 1F 00 20 00 00 00 00 00 00 08    ?.=´............
00 00 00 61 00 64 00 6D 00 69 00 6E 00 00 00 32    ...a.d.m.i.n...2
31 32 33 32 66 32 39 37 61 35 37 61 35 61 37 34    1232f297a57a5a74
33 38 39 34 61 30 65 34 61 38 30 31 66 63 33       3894a0e4a801fc3.

INFO 13:17:04:245 AccountManager: authed admin
INFO 13:17:12:837 AccountManager: close admin
