INFO 00:01:21:292 ServerControl: open server socket on 2101 port.
INFO 00:01:21:385 ExecutorManager: initialized.
INFO 00:01:22:196 CleaningManager: delete 0 reuses from a character_skill_reuses.
INFO 00:01:22:197 CleaningManager: delete 0 spawns from a boss_spawn.
INFO 00:01:22:198 CleaningManager: delete 0 appearances from a character_appearances.
INFO 00:01:22:199 CleaningManager: delete 0 effects from a character_save_effects.
INFO 00:01:22:199 CleaningManager: delete 0 inventors from a character_inventors.
INFO 00:01:22:200 CleaningManager: delete 0 skills from a character_skills.
INFO 00:01:22:201 CleaningManager: delete 0 hotkeys from a character_hotkey.
INFO 00:01:22:202 CleaningManager: delete 0 chars from a character_friends.
INFO 00:01:22:203 CleaningManager: delete 0 friends from a character_friends.
INFO 00:01:22:204 CleaningManager: delete 0 settings from a character_settings.
INFO 00:01:22:204 CleaningManager: delete 0 empty items from a items.
INFO 00:01:22:205 CleaningManager: delete 0 no owner items from a items.
INFO 00:01:22:206 CleaningManager: delete 0 no owner guild items from a items.
INFO 00:01:22:236 CleaningManager: create buffer table items.
INFO 00:01:22:238 CleaningManager: copy 118 items to buffer_items.
INFO 00:01:22:239 CleaningManager: delete 0 no owner items from a buffer_items.
INFO 00:01:22:252 CleaningManager: drop buffer table items.
INFO 00:01:22:253 CleaningManager: delete 0 from a quests.
INFO 00:01:22:254 CleaningManager: delete 0 from a quest variables.
INFO 00:01:22:254 CleaningManager: delete 0 from a guild ranks.
INFO 00:01:22:386 ClientPacketType: client packets prepared.
INFO 00:01:22:442 EffectParser: initialized.
INFO 00:01:22:447 RandomManager: initialized.
INFO 00:01:22:448 IdFactory: prepare npc ids...
INFO 00:01:22:452 BitSetIdGenerator: 102912 id's available.
INFO 00:01:22:453 IdFactory: prepare objects ids...
INFO 00:01:22:453 BitSetIdGenerator: 102912 id's available.
INFO 00:01:22:453 IdFactory: prepare players ids...
INFO 00:01:22:458 BitSetIdGenerator: extracted 5 ids.
INFO 00:01:22:458 BitSetIdGenerator: 102912 id's available.
INFO 00:01:22:458 IdFactory: prepare guilds ids...
INFO 00:01:22:459 BitSetIdGenerator: extracted 1 ids.
INFO 00:01:22:459 BitSetIdGenerator: 102912 id's available.
INFO 00:01:22:459 IdFactory: prepare item ids...
INFO 00:01:22:460 BitSetIdGenerator: extracted 118 ids.
WARNING 00:01:22:461 BitSetIdGenerator: objectId 1 in DB is less than minimum ID of 268435456.
INFO 00:01:22:461 BitSetIdGenerator: 102912 id's available.
INFO 00:01:22:479 ServerVarManager: loaded 0 variables.
INFO 00:01:22:485 BossSpawnManager: loaded 0 boss spawns.
INFO 00:01:24:588 TerritoryTable: loaded 160 territories for 18803 regions.
INFO 00:01:27:710 WorldZoneTable: loaded 12 world zones for 31984 regions.
INFO 00:01:27:713 ConditionParser: initializable.
WARNING 00:01:28:277 SkillTable: detected once the file D:\Documents\Documents\Java\Tera Server\.\data\skills\summon_skills\deprecated.zip
INFO 00:01:28:294 SkillTable: loaded 4613 skills for 19 classes.
INFO 00:01:28:821 ItemTable: loaded 10138 items.
INFO 00:01:28:837 Race: race appearances initializable.
INFO 00:01:28:846 PlayerTable: loaded 104 player templates.
WARNING 00:01:29:150 DropTable: not found items [50048]
INFO 00:01:29:150 DropTable: load drop for 407 npcs and 126 for resourse.
INFO 00:01:29:157 TownTable: initialized.
WARNING 00:01:29:190 NpcDialogTable: detected once the file D:\Documents\Documents\Java\Tera Server\.\data\dialogs\dialogs.txt
INFO 00:01:29:227 NpcDialogTable: loaded 86 dialogs.
INFO 00:01:29:234 MessagePackageTable: loaded 34 message packages.
INFO 00:01:29:287 ConfigAITable: loaded 45 npc ai configs.
INFO 00:01:29:304 NpcAppearanceTable: initialized. Loaded 59 appearances.
WARNING 00:01:29:447 NpcTable: detected once the file D:\Documents\Documents\Java\Tera Server\.\data\npcs\summons\playable_summons.zip
INFO 00:01:29:455 NpcTable: loaded  816 npcs.
INFO 00:01:29:467 ResourseTable: loaded  253 resourses.
INFO 00:01:29:481 MinionTable: loaded 303 minions for 42 npcs.
INFO 00:01:29:482 RegenTaskManager: initializable.
INFO 00:01:29:491 Formulas: initialized.
INFO 00:01:29:492 EffectTaskManager: initialized.
INFO 00:01:29:881 ObjectEventManager: initialized.
INFO 00:01:29:883 MoveTaskManager: initialized.
INFO 00:01:30:314 SpawnTable: loaded 19507 spawns for 617 npcs and 2013 spawns for 60 resourses.
INFO 00:01:30:323 GeoMap3D: start fast import geodata_1.dat
INFO 00:01:31:343 GeoMap3D: import ended. load 1867238 quards.
INFO 00:01:31:343 GeoMap3D: start fast import geodata_2.dat
INFO 00:01:31:413 GeoMap3D: import ended. load 440227 quards.
INFO 00:01:31:413 GeoMap3D: start fast import geodata_3.dat
INFO 00:01:32:361 GeoMap3D: import ended. load 58040 quards.
INFO 00:01:32:361 GeoManager: initialized.
INFO 00:01:32:371 ItemExecutorManager: loaded 0 executor items.
INFO 00:01:32:395 CommandManager: loaded 94 commands.
INFO 00:01:32:418 SkillLearnManager: loaded 950 skill learn's for 8 clases.
INFO 00:01:32:423 AnnounceManager: loaded 0 start announces and 0 running announces.
INFO 00:01:32:427 AccountManager: initialized.
INFO 00:01:32:453 GuildManager: loaded 1 guilds.
INFO 00:01:32:807 QuestManager: loaded 455 quests.
INFO 00:01:32:809 OnlineManager: initialized.
INFO 00:01:32:821 GameLogManager: initialized.
INFO 00:01:32:926 Region: next battle "Veritas District" in 2018.04.22 16:00.
INFO 00:01:32:928 Region: next battle "Ostgarath" in 2018.04.22 16:00.
INFO 00:01:32:930 Region: next battle "Val Palrada" in 2018.04.21 20:00.
INFO 00:01:32:932 Region: next battle "Val Aureum" in 2018.04.21 20:00.
INFO 00:01:32:933 EventManager: loaded 5 events.
INFO 00:01:33:585 EventManager: the nearest event in 31 minutes.
INFO 00:01:33:592 PlayerManager: initialized.
INFO 00:01:33:670 Network: started.
INFO 00:01:33:670 GameServer: started.
WARNING 00:01:37:645 ClientConnection: not found packet for opcode 4DBC
20 00 BC 4D 02 00 08 00 08 00 14 00 00 00 00 00    ..¼M............
94 5F 03 00 14 00 00 00 01 00 00 00 DC 5F 03 00    _..........Ü_..
41 00 A4 78 13 00 21 00 20 00 00 00 00 00 00 02    A.¤x..!.........
00 00 00 64 00 61 00 72 00 6B 00 7A 00 61 00 00    ...d.a.r.k.z.a..
00 34 66 65 37 36 37 38 61 38 31 62 61 37 63 37    .4fe7678a81ba7c7
64 62 32 36 39 63 37 37 62 35 64 64 37 38 31 63    db269c77b5dd781c
61                                                 a...............

INFO 00:01:37:650 AccountManager: authed darkza
WARNING 00:01:37:661 ClientConnection: not found packet for opcode F4FE
08 00 FE F4 E8 03 00 00                            ..þôè...........

WARNING 00:01:37:662 ClientConnection: not found packet for opcode CD71
BC 00 71 CD 12 00 38 00 8C 00 AF 3F 00 00 80 00    ¼.qÍ..8..¯?...
00 00 57 00 69 00 6E 00 64 00 6F 00 77 00 73 00    ..W.i.n.d.o.w.s.
20 00 37 00 20 00 28 00 78 00 36 00 34 00 29 00    ..7...(.x.6.4.).
20 00 0D 00 0A 00 00 00 49 00 6E 00 74 00 65 00    ........I.n.t.e.
6C 00 28 00 52 00 29 00 20 00 43 00 6F 00 72 00    l.(.R.)...C.o.r.
65 00 28 00 54 00 4D 00 29 00 20 00 69 00 37 00    e.(.T.M.)...i.7.
2D 00 34 00 37 00 31 00 30 00 48 00 51 00 20 00    -.4.7.1.0.H.Q...
43 00 50 00 55 00 20 00 40 00 20 00 32 00 2E 00    C.P.U...@...2...
35 00 30 00 47 00 48 00 7A 00 00 00 4E 00 56 00    5.0.G.H.z...N.V.
49 00 44 00 49 00 41 00 20 00 47 00 65 00 46 00    I.D.I.A...G.e.F.
6F 00 72 00 63 00 65 00 20 00 47 00 54 00 58 00    o.r.c.e...G.T.X.
20 00 38 00 37 00 30 00 4D 00 00 00                ..8.7.0.M.......

WARNING 00:01:39:201 DataBaseManager: not found appearance for 268435460
WARNING 00:01:48:336 ClientConnection: not found packet for opcode 9C2E
04 00 2E 9C                                        ...............

WARNING 00:02:05:559 ClientConnection: not found packet for opcode 52A2
10 00 A2 52 7B A1 B8 BC 02 00 00 00 00 00 00 00    ..¢R{¡¸¼........

WARNING 00:02:13:790 ClientConnection: not found packet for opcode 52A2
10 00 A2 52 7B A1 B8 BC 02 00 00 00 00 00 00 00    ..¢R{¡¸¼........

WARNING 00:02:15:813 ClientConnection: not found packet for opcode D28D
04 00 8D D2                                        ..Ò............

WARNING 00:02:15:816 ClientConnection: not found packet for opcode 8BBF
08 00 BF 8B 13 00 00 00                            ..¿............

WARNING 00:02:18:380 ClientConnection: not found packet for opcode 52A2
10 00 A2 52 7B A1 B8 BC 00 00 00 00 00 00 00 00    ..¢R{¡¸¼........

WARNING 00:02:20:580 ClientConnection: not found packet for opcode 52A2
10 00 A2 52 7B A1 B8 BC 02 00 00 00 00 00 00 00    ..¢R{¡¸¼........

WARNING 00:02:20:581 ClientConnection: not found packet for opcode 52A2
10 00 A2 52 7B A1 B8 BC 02 00 00 00 00 00 00 00    ..¢R{¡¸¼........

WARNING 00:02:23:180 ClientConnection: not found packet for opcode 52A2
10 00 A2 52 7B A1 B8 BC 02 00 00 00 00 00 00 00    ..¢R{¡¸¼........

WARNING 00:02:23:189 ClientConnection: not found packet for opcode 52A2
10 00 A2 52 7B A1 B8 BC 02 00 00 00 00 00 00 00    ..¢R{¡¸¼........

WARNING 00:02:26:691 ClientConnection: not found packet for opcode D28D
04 00 8D D2                                        ..Ò............

WARNING 00:02:26:692 ClientConnection: not found packet for opcode 8BBF
08 00 BF 8B 13 00 00 00                            ..¿............

WARNING 00:02:47:520 ClientConnection: not found packet for opcode 52A2
10 00 A2 52 7B A1 B8 BC 00 00 00 00 00 00 00 00    ..¢R{¡¸¼........

WARNING 00:02:49:587 ClientConnection: not found packet for opcode 52A2
10 00 A2 52 7B A1 B8 BC 02 00 00 00 00 00 00 00    ..¢R{¡¸¼........

WARNING 00:02:49:587 ClientConnection: not found packet for opcode 52A2
10 00 A2 52 7B A1 B8 BC 02 00 00 00 00 00 00 00    ..¢R{¡¸¼........

WARNING 00:02:49:589 RequestNpcLink: NullPointerException : null : stack trace:
tera.gameserver.model.playable.Player.teleToLocation(Player.java:2407)
tera.gameserver.model.npc.interaction.replyes.ReplyCityTeleport.reply(ReplyCityTeleport.java:35)
tera.gameserver.model.npc.interaction.links.AbstractLink.reply(AbstractLink.java:90)
tera.gameserver.network.clientpackets.RequestNpcLink.runImpl(RequestNpcLink.java:63)
rlib.network.packets.AbstractReadeablePacket.run(AbstractReadeablePacket.java:175)
java.util.concurrent.ThreadPoolExecutor.runWorker(ThreadPoolExecutor.java:1142)
java.util.concurrent.ThreadPoolExecutor$Worker.run(ThreadPoolExecutor.java:617)
java.lang.Thread.run(Thread.java:745)

WARNING 00:02:54:268 ClientConnection: not found packet for opcode 52A2
10 00 A2 52 7B A1 B8 BC 02 00 00 00 00 00 00 00    ..¢R{¡¸¼........

WARNING 00:03:21:263 ClientConnection: not found packet for opcode 52A2
10 00 A2 52 7B A1 B8 BC 02 00 00 00 00 00 00 00    ..¢R{¡¸¼........

WARNING 00:03:29:283 ClientConnection: not found packet for opcode 52A2
10 00 A2 52 7B A1 B8 BC 02 00 00 00 00 00 00 00    ..¢R{¡¸¼........

WARNING 00:03:31:256 ClientConnection: not found packet for opcode D28D
04 00 8D D2                                        ..Ò............

WARNING 00:03:31:257 ClientConnection: not found packet for opcode 8BBF
08 00 BF 8B 13 00 00 00                            ..¿............

WARNING 00:03:43:867 ClientConnection: not found packet for opcode 52A2
10 00 A2 52 7B A1 B8 BC 00 00 00 00 00 00 00 00    ..¢R{¡¸¼........

WARNING 00:03:45:955 ClientConnection: not found packet for opcode 52A2
10 00 A2 52 7B A1 B8 BC 02 00 00 00 00 00 00 00    ..¢R{¡¸¼........

WARNING 00:03:45:956 ClientConnection: not found packet for opcode 52A2
10 00 A2 52 7B A1 B8 BC 02 00 00 00 00 00 00 00    ..¢R{¡¸¼........

WARNING 00:03:45:972 ClientConnection: not found packet for opcode 52A2
10 00 A2 52 7B A1 B8 BC 02 00 00 00 00 00 00 00    ..¢R{¡¸¼........

WARNING 00:03:45:981 ClientConnection: not found packet for opcode 52A2
10 00 A2 52 7B A1 B8 BC 02 00 00 00 00 00 00 00    ..¢R{¡¸¼........

WARNING 00:03:48:987 ClientConnection: not found packet for opcode D28D
04 00 8D D2                                        ..Ò............

WARNING 00:03:48:988 ClientConnection: not found packet for opcode 8BBF
08 00 BF 8B 13 00 00 00                            ..¿............

WARNING 00:05:35:500 ClientConnection: not found packet for opcode 52A2
10 00 A2 52 7B A1 B8 BC 02 00 00 00 00 00 00 00    ..¢R{¡¸¼........

WARNING 00:05:37:297 ClientConnection: not found packet for opcode D28D
04 00 8D D2                                        ..Ò............

WARNING 00:05:37:298 ClientConnection: not found packet for opcode 8BBF
08 00 BF 8B 13 00 00 00                            ..¿............

WARNING 00:05:51:633 ClientConnection: not found packet for opcode 52A2
10 00 A2 52 7B A1 B8 BC 02 00 00 00 00 00 00 00    ..¢R{¡¸¼........

WARNING 00:06:00:313 ClientConnection: not found packet for opcode 52A2
10 00 A2 52 7B A1 B8 BC 02 00 00 00 00 00 00 00    ..¢R{¡¸¼........

WARNING 00:06:01:746 ClientConnection: not found packet for opcode D28D
04 00 8D D2                                        ..Ò............

WARNING 00:06:01:747 ClientConnection: not found packet for opcode 8BBF
08 00 BF 8B 13 00 00 00                            ..¿............

WARNING 00:06:02:772 ClientConnection: not found packet for opcode 8BBF
08 00 BF 8B 13 00 00 00                            ..¿............

WARNING 00:06:27:317 ClientConnection: not found packet for opcode 52A2
10 00 A2 52 7B A1 B8 BC 02 00 00 00 00 00 00 00    ..¢R{¡¸¼........

WARNING 00:06:28:757 ClientConnection: not found packet for opcode D28D
04 00 8D D2                                        ..Ò............

WARNING 00:06:28:758 ClientConnection: not found packet for opcode 8BBF
08 00 BF 8B 13 00 00 00                            ..¿............

WARNING 00:06:29:778 ClientConnection: not found packet for opcode 8BBF
08 00 BF 8B 13 00 00 00                            ..¿............

WARNING 00:07:57:583 ClientConnection: not found packet for opcode 52A2
10 00 A2 52 7B A1 B8 BC 02 00 00 00 00 00 00 00    ..¢R{¡¸¼........

WARNING 00:07:58:908 DataBaseManager: not found appearance for 268435460
INFO 00:08:02:913 AccountManager: close darkza
WARNING 00:08:21:456 ClientConnection: not found packet for opcode 4DBC
20 00 BC 4D 02 00 08 00 08 00 14 00 00 00 00 00    ..¼M............
94 5F 03 00 14 00 00 00 01 00 00 00 DC 5F 03 00    _..........Ü_..
41 00 A4 78 13 00 21 00 20 00 00 00 00 00 00 02    A.¤x..!.........
00 00 00 64 00 61 00 72 00 6B 00 7A 00 61 00 00    ...d.a.r.k.z.a..
00 34 66 65 37 36 37 38 61 38 31 62 61 37 63 37    .4fe7678a81ba7c7
64 62 32 36 39 63 37 37 62 35 64 64 37 38 31 63    db269c77b5dd781c
61                                                 a...............

INFO 00:08:21:459 AccountManager: authed darkza
WARNING 00:08:21:472 ClientConnection: not found packet for opcode F4FE
08 00 FE F4 E8 03 00 00                            ..þôè...........

WARNING 00:08:21:473 ClientConnection: not found packet for opcode CD71
BC 00 71 CD 12 00 38 00 8C 00 AF 3F 00 00 80 00    ¼.qÍ..8..¯?...
00 00 57 00 69 00 6E 00 64 00 6F 00 77 00 73 00    ..W.i.n.d.o.w.s.
20 00 37 00 20 00 28 00 78 00 36 00 34 00 29 00    ..7...(.x.6.4.).
20 00 0D 00 0A 00 00 00 49 00 6E 00 74 00 65 00    ........I.n.t.e.
6C 00 28 00 52 00 29 00 20 00 43 00 6F 00 72 00    l.(.R.)...C.o.r.
65 00 28 00 54 00 4D 00 29 00 20 00 69 00 37 00    e.(.T.M.)...i.7.
2D 00 34 00 37 00 31 00 30 00 48 00 51 00 20 00    -.4.7.1.0.H.Q...
43 00 50 00 55 00 20 00 40 00 20 00 32 00 2E 00    C.P.U...@...2...
35 00 30 00 47 00 48 00 7A 00 00 00 4E 00 56 00    5.0.G.H.z...N.V.
49 00 44 00 49 00 41 00 20 00 47 00 65 00 46 00    I.D.I.A...G.e.F.
6F 00 72 00 63 00 65 00 20 00 47 00 54 00 58 00    o.r.c.e...G.T.X.
20 00 38 00 37 00 30 00 4D 00 00 00                ..8.7.0.M.......

WARNING 00:08:22:984 DataBaseManager: not found appearance for 268435460
WARNING 00:08:32:195 ClientConnection: not found packet for opcode 9C2E
04 00 2E 9C                                        ...............

WARNING 00:09:23:457 ClientConnection: not found packet for opcode 52A2
10 00 A2 52 7B A1 B8 BC 02 00 00 00 00 00 00 00    ..¢R{¡¸¼........

WARNING 00:09:31:017 ClientConnection: not found packet for opcode 52A2
10 00 A2 52 7B A1 B8 BC 00 00 00 00 00 00 00 00    ..¢R{¡¸¼........

WARNING 00:09:31:345 ClientConnection: not found packet for opcode 52A2
10 00 A2 52 7B A1 B8 BC 02 00 00 00 00 00 00 00    ..¢R{¡¸¼........

WARNING 00:09:31:352 ClientConnection: not found packet for opcode 52A2
10 00 A2 52 7B A1 B8 BC 02 00 00 00 00 00 00 00    ..¢R{¡¸¼........

WARNING 00:09:33:231 ClientConnection: not found packet for opcode 52A2
10 00 A2 52 7B A1 B8 BC 00 00 00 00 00 00 00 00    ..¢R{¡¸¼........

WARNING 00:09:33:403 ClientConnection: not found packet for opcode D28D
04 00 8D D2                                        ..Ò............

WARNING 00:09:33:405 ClientConnection: not found packet for opcode 8BBF
08 00 BF 8B 13 00 00 00                            ..¿............

WARNING 00:09:34:052 ClientConnection: not found packet for opcode 52A2
10 00 A2 52 7B A1 B8 BC 02 00 00 00 00 00 00 00    ..¢R{¡¸¼........

WARNING 00:09:34:052 ClientConnection: not found packet for opcode 52A2
10 00 A2 52 7B A1 B8 BC 02 00 00 00 00 00 00 00    ..¢R{¡¸¼........

WARNING 00:09:34:068 ClientConnection: not found packet for opcode 52A2
10 00 A2 52 7B A1 B8 BC 02 00 00 00 00 00 00 00    ..¢R{¡¸¼........

WARNING 00:09:34:078 ClientConnection: not found packet for opcode 52A2
10 00 A2 52 7B A1 B8 BC 02 00 00 00 00 00 00 00    ..¢R{¡¸¼........

WARNING 00:09:36:756 ClientConnection: not found packet for opcode D28D
04 00 8D D2                                        ..Ò............

WARNING 00:09:36:757 ClientConnection: not found packet for opcode 8BBF
08 00 BF 8B 13 00 00 00                            ..¿............

WARNING 00:10:19:300 ClientConnection: not found packet for opcode 52A2
10 00 A2 52 7B A1 B8 BC 02 00 00 00 00 00 00 00    ..¢R{¡¸¼........

WARNING 00:10:20:607 DataBaseManager: not found appearance for 268435460
INFO 00:10:24:681 AccountManager: close darkza
WARNING 00:10:56:736 ClientConnection: not found packet for opcode 4DBC
20 00 BC 4D 02 00 08 00 08 00 14 00 00 00 00 00    ..¼M............
94 5F 03 00 14 00 00 00 01 00 00 00 DC 5F 03 00    _..........Ü_..
41 00 A4 78 13 00 21 00 20 00 00 00 00 00 00 02    A.¤x..!.........
00 00 00 64 00 61 00 72 00 6B 00 7A 00 61 00 00    ...d.a.r.k.z.a..
00 34 66 65 37 36 37 38 61 38 31 62 61 37 63 37    .4fe7678a81ba7c7
64 62 32 36 39 63 37 37 62 35 64 64 37 38 31 63    db269c77b5dd781c
61                                                 a...............

INFO 00:10:56:739 AccountManager: authed darkza
WARNING 00:10:56:752 ClientConnection: not found packet for opcode F4FE
08 00 FE F4 E8 03 00 00                            ..þôè...........

WARNING 00:10:56:752 ClientConnection: not found packet for opcode CD71
BC 00 71 CD 12 00 38 00 8C 00 AF 3F 00 00 80 00    ¼.qÍ..8..¯?...
00 00 57 00 69 00 6E 00 64 00 6F 00 77 00 73 00    ..W.i.n.d.o.w.s.
20 00 37 00 20 00 28 00 78 00 36 00 34 00 29 00    ..7...(.x.6.4.).
20 00 0D 00 0A 00 00 00 49 00 6E 00 74 00 65 00    ........I.n.t.e.
6C 00 28 00 52 00 29 00 20 00 43 00 6F 00 72 00    l.(.R.)...C.o.r.
65 00 28 00 54 00 4D 00 29 00 20 00 69 00 37 00    e.(.T.M.)...i.7.
2D 00 34 00 37 00 31 00 30 00 48 00 51 00 20 00    -.4.7.1.0.H.Q...
43 00 50 00 55 00 20 00 40 00 20 00 32 00 2E 00    C.P.U...@...2...
35 00 30 00 47 00 48 00 7A 00 00 00 4E 00 56 00    5.0.G.H.z...N.V.
49 00 44 00 49 00 41 00 20 00 47 00 65 00 46 00    I.D.I.A...G.e.F.
6F 00 72 00 63 00 65 00 20 00 47 00 54 00 58 00    o.r.c.e...G.T.X.
20 00 38 00 37 00 30 00 4D 00 00 00                ..8.7.0.M.......

WARNING 00:10:58:276 DataBaseManager: not found appearance for 268435460
WARNING 00:11:06:159 ClientConnection: not found packet for opcode 9C2E
04 00 2E 9C                                        ...............

WARNING 00:11:11:474 ClientConnection: not found packet for opcode D28D
04 00 8D D2                                        ..Ò............

WARNING 00:11:11:476 ClientConnection: not found packet for opcode 8BBF
08 00 BF 8B 13 00 00 00                            ..¿............

WARNING 00:11:33:076 ClientConnection: not found packet for opcode 8BBF
08 00 BF 8B 13 00 00 00                            ..¿............

WARNING 00:12:49:314 ClientConnection: not found packet for opcode 52A2
10 00 A2 52 7B A1 B8 BC 02 00 00 00 00 00 00 00    ..¢R{¡¸¼........

WARNING 00:12:50:579 DataBaseManager: not found appearance for 268435460
INFO 00:12:58:178 AccountManager: close darkza
WARNING 00:13:16:671 ClientConnection: not found packet for opcode 4DBC
20 00 BC 4D 02 00 08 00 08 00 14 00 00 00 00 00    ..¼M............
94 5F 03 00 14 00 00 00 01 00 00 00 DC 5F 03 00    _..........Ü_..
41 00 A4 78 13 00 21 00 20 00 00 00 00 00 00 02    A.¤x..!.........
00 00 00 64 00 61 00 72 00 6B 00 7A 00 61 00 00    ...d.a.r.k.z.a..
00 34 66 65 37 36 37 38 61 38 31 62 61 37 63 37    .4fe7678a81ba7c7
64 62 32 36 39 63 37 37 62 35 64 64 37 38 31 63    db269c77b5dd781c
61                                                 a...............

INFO 00:13:16:674 AccountManager: authed darkza
WARNING 00:13:16:688 ClientConnection: not found packet for opcode F4FE
08 00 FE F4 E8 03 00 00                            ..þôè...........

WARNING 00:13:16:688 ClientConnection: not found packet for opcode CD71
BC 00 71 CD 12 00 38 00 8C 00 AF 3F 00 00 80 00    ¼.qÍ..8..¯?...
00 00 57 00 69 00 6E 00 64 00 6F 00 77 00 73 00    ..W.i.n.d.o.w.s.
20 00 37 00 20 00 28 00 78 00 36 00 34 00 29 00    ..7...(.x.6.4.).
20 00 0D 00 0A 00 00 00 49 00 6E 00 74 00 65 00    ........I.n.t.e.
6C 00 28 00 52 00 29 00 20 00 43 00 6F 00 72 00    l.(.R.)...C.o.r.
65 00 28 00 54 00 4D 00 29 00 20 00 69 00 37 00    e.(.T.M.)...i.7.
2D 00 34 00 37 00 31 00 30 00 48 00 51 00 20 00    -.4.7.1.0.H.Q...
43 00 50 00 55 00 20 00 40 00 20 00 32 00 2E 00    C.P.U...@...2...
35 00 30 00 47 00 48 00 7A 00 00 00 4E 00 56 00    5.0.G.H.z...N.V.
49 00 44 00 49 00 41 00 20 00 47 00 65 00 46 00    I.D.I.A...G.e.F.
6F 00 72 00 63 00 65 00 20 00 47 00 54 00 58 00    o.r.c.e...G.T.X.
20 00 38 00 37 00 30 00 4D 00 00 00                ..8.7.0.M.......

WARNING 00:13:18:211 DataBaseManager: not found appearance for 268435460
WARNING 00:13:27:783 ClientConnection: not found packet for opcode 9C2E
04 00 2E 9C                                        ...............

WARNING 00:13:54:680 ClientConnection: not found packet for opcode 52A2
10 00 A2 52 7B A1 B8 BC 02 00 00 00 00 00 00 00    ..¢R{¡¸¼........

WARNING 00:14:02:464 ClientConnection: not found packet for opcode 52A2
10 00 A2 52 7B A1 B8 BC 02 00 00 00 00 00 00 00    ..¢R{¡¸¼........

WARNING 00:14:04:508 ClientConnection: not found packet for opcode D28D
04 00 8D D2                                        ..Ò............

WARNING 00:14:04:512 ClientConnection: not found packet for opcode 8BBF
08 00 BF 8B 13 00 00 00                            ..¿............

WARNING 00:14:09:305 ClientConnection: not found packet for opcode 52A2
10 00 A2 52 7B A1 B8 BC 02 00 00 00 00 00 00 00    ..¢R{¡¸¼........

WARNING 00:14:10:940 DataBaseManager: not found appearance for 268435460
INFO 00:14:16:168 AccountManager: close darkza
