INFO 01:19:05:207 ServerControl: open server socket on 2101 port.
INFO 01:19:05:214 ExecutorManager: initialized.
INFO 01:19:05:569 CleaningManager: delete 0 reuses from a character_skill_reuses.
INFO 01:19:05:570 CleaningManager: delete 0 spawns from a boss_spawn.
INFO 01:19:05:570 CleaningManager: delete 0 appearances from a character_appearances.
INFO 01:19:05:571 CleaningManager: delete 0 effects from a character_save_effects.
INFO 01:19:05:571 CleaningManager: delete 0 inventors from a character_inventors.
INFO 01:19:05:572 CleaningManager: delete 0 skills from a character_skills.
INFO 01:19:05:573 CleaningManager: delete 0 hotkeys from a character_hotkey.
INFO 01:19:05:573 CleaningManager: delete 0 chars from a character_friends.
INFO 01:19:05:574 CleaningManager: delete 0 friends from a character_friends.
INFO 01:19:05:575 CleaningManager: delete 0 settings from a character_settings.
INFO 01:19:05:575 CleaningManager: delete 0 empty items from a items.
INFO 01:19:05:576 CleaningManager: delete 0 no owner items from a items.
INFO 01:19:05:576 CleaningManager: delete 0 no owner guild items from a items.
INFO 01:19:05:591 CleaningManager: create buffer table items.
INFO 01:19:05:593 CleaningManager: copy 118 items to buffer_items.
INFO 01:19:05:594 CleaningManager: delete 0 no owner items from a buffer_items.
INFO 01:19:05:603 CleaningManager: drop buffer table items.
INFO 01:19:05:603 CleaningManager: delete 0 from a quests.
INFO 01:19:05:604 CleaningManager: delete 0 from a quest variables.
INFO 01:19:05:604 CleaningManager: delete 0 from a guild ranks.
INFO 01:19:05:682 ClientPacketType: client packets prepared.
INFO 01:19:05:714 EffectParser: initialized.
INFO 01:19:05:719 RandomManager: initialized.
INFO 01:19:05:720 IdFactory: prepare npc ids...
INFO 01:19:05:722 BitSetIdGenerator: 102912 id's available.
INFO 01:19:05:723 IdFactory: prepare objects ids...
INFO 01:19:05:723 BitSetIdGenerator: 102912 id's available.
INFO 01:19:05:723 IdFactory: prepare players ids...
INFO 01:19:05:727 BitSetIdGenerator: extracted 5 ids.
INFO 01:19:05:727 BitSetIdGenerator: 102912 id's available.
INFO 01:19:05:727 IdFactory: prepare guilds ids...
INFO 01:19:05:727 BitSetIdGenerator: extracted 1 ids.
INFO 01:19:05:728 BitSetIdGenerator: 102912 id's available.
INFO 01:19:05:728 IdFactory: prepare item ids...
INFO 01:19:05:729 BitSetIdGenerator: extracted 118 ids.
WARNING 01:19:05:729 BitSetIdGenerator: objectId 1 in DB is less than minimum ID of 268435456.
INFO 01:19:05:729 BitSetIdGenerator: 102912 id's available.
INFO 01:19:05:747 ServerVarManager: loaded 0 variables.
INFO 01:19:05:751 BossSpawnManager: loaded 0 boss spawns.
INFO 01:19:07:410 TerritoryTable: loaded 160 territories for 18803 regions.
INFO 01:19:09:326 WorldZoneTable: loaded 12 world zones for 31986 regions.
INFO 01:19:09:328 ConditionParser: initializable.
WARNING 01:19:09:757 SkillTable: detected once the file D:\Documents\Documents\Java\Tera Server\.\data\skills\summon_skills\deprecated.zip
INFO 01:19:09:771 SkillTable: loaded 4613 skills for 19 classes.
INFO 01:19:10:139 ItemTable: loaded 10138 items.
INFO 01:19:10:149 Race: race appearances initializable.
INFO 01:19:10:156 PlayerTable: loaded 104 player templates.
WARNING 01:19:10:400 DropTable: not found items [50048]
INFO 01:19:10:400 DropTable: load drop for 407 npcs and 126 for resourse.
INFO 01:19:10:406 TownTable: initialized.
WARNING 01:19:10:432 NpcDialogTable: detected once the file D:\Documents\Documents\Java\Tera Server\.\data\dialogs\dialogs.txt
INFO 01:19:10:463 NpcDialogTable: loaded 86 dialogs.
INFO 01:19:10:468 MessagePackageTable: loaded 34 message packages.
INFO 01:19:10:501 ConfigAITable: loaded 45 npc ai configs.
INFO 01:19:10:516 NpcAppearanceTable: initialized. Loaded 59 appearances.
WARNING 01:19:10:645 NpcTable: detected once the file D:\Documents\Documents\Java\Tera Server\.\data\npcs\summons\playable_summons.zip
INFO 01:19:10:655 NpcTable: loaded  816 npcs.
INFO 01:19:10:670 ResourseTable: loaded  253 resourses.
INFO 01:19:10:705 MinionTable: loaded 303 minions for 42 npcs.
INFO 01:19:10:706 RegenTaskManager: initializable.
INFO 01:19:10:713 Formulas: initialized.
INFO 01:19:10:713 EffectTaskManager: initialized.
INFO 01:19:11:050 ObjectEventManager: initialized.
INFO 01:19:11:050 MoveTaskManager: initialized.
INFO 01:19:11:442 SpawnTable: loaded 19513 spawns for 617 npcs and 2013 spawns for 60 resourses.
INFO 01:19:11:449 GeoMap3D: start fast import geodata_1.dat
INFO 01:19:12:326 GeoMap3D: import ended. load 1867238 quards.
INFO 01:19:12:326 GeoMap3D: start fast import geodata_2.dat
INFO 01:19:12:379 GeoMap3D: import ended. load 440227 quards.
INFO 01:19:12:379 GeoMap3D: start fast import geodata_3.dat
INFO 01:19:13:173 GeoMap3D: import ended. load 58040 quards.
INFO 01:19:13:173 GeoManager: initialized.
INFO 01:19:13:179 ItemExecutorManager: loaded 0 executor items.
INFO 01:19:13:196 CommandManager: loaded 94 commands.
INFO 01:19:13:208 SkillLearnManager: loaded 950 skill learn's for 8 clases.
INFO 01:19:13:212 AnnounceManager: loaded 0 start announces and 0 running announces.
INFO 01:19:13:214 AccountManager: initialized.
INFO 01:19:13:230 GuildManager: loaded 1 guilds.
INFO 01:19:13:448 QuestManager: loaded 455 quests.
INFO 01:19:13:449 OnlineManager: initialized.
INFO 01:19:13:457 GameLogManager: initialized.
INFO 01:19:13:534 Region: next battle "Veritas District" in 2018.04.22 16:00.
INFO 01:19:13:536 Region: next battle "Ostgarath" in 2018.04.22 16:00.
INFO 01:19:13:537 Region: next battle "Val Palrada" in 2018.04.21 20:00.
INFO 01:19:13:539 Region: next battle "Val Aureum" in 2018.04.21 20:00.
INFO 01:19:13:539 EventManager: loaded 5 events.
INFO 01:19:14:149 EventManager: the nearest event in 40 minutes.
INFO 01:19:14:159 PlayerManager: initialized.
INFO 01:19:14:226 Network: started.
INFO 01:19:14:226 GameServer: started.
WARNING 01:19:39:076 ClientConnection: not found packet for opcode 4DBC
20 00 BC 4D 02 00 08 00 08 00 14 00 00 00 00 00    ..¼M............
94 5F 03 00 14 00 00 00 01 00 00 00 DC 5F 03 00    _..........Ü_..
41 00 A4 78 13 00 21 00 20 00 00 00 00 00 00 02    A.¤x..!.........
00 00 00 64 00 61 00 72 00 6B 00 7A 00 61 00 00    ...d.a.r.k.z.a..
00 34 66 65 37 36 37 38 61 38 31 62 61 37 63 37    .4fe7678a81ba7c7
64 62 32 36 39 63 37 37 62 35 64 64 37 38 31 63    db269c77b5dd781c
61                                                 a...............

INFO 01:19:39:082 AccountManager: authed darkza
WARNING 01:19:39:093 ClientConnection: not found packet for opcode F4FE
08 00 FE F4 E8 03 00 00                            ..þôè...........

WARNING 01:19:39:094 ClientConnection: not found packet for opcode CD71
BC 00 71 CD 12 00 38 00 8C 00 AF 3F 00 00 80 00    ¼.qÍ..8..¯?...
00 00 57 00 69 00 6E 00 64 00 6F 00 77 00 73 00    ..W.i.n.d.o.w.s.
20 00 37 00 20 00 28 00 78 00 36 00 34 00 29 00    ..7...(.x.6.4.).
20 00 0D 00 0A 00 00 00 49 00 6E 00 74 00 65 00    ........I.n.t.e.
6C 00 28 00 52 00 29 00 20 00 43 00 6F 00 72 00    l.(.R.)...C.o.r.
65 00 28 00 54 00 4D 00 29 00 20 00 69 00 37 00    e.(.T.M.)...i.7.
2D 00 34 00 37 00 31 00 30 00 48 00 51 00 20 00    -.4.7.1.0.H.Q...
43 00 50 00 55 00 20 00 40 00 20 00 32 00 2E 00    C.P.U...@...2...
35 00 30 00 47 00 48 00 7A 00 00 00 4E 00 56 00    5.0.G.H.z...N.V.
49 00 44 00 49 00 41 00 20 00 47 00 65 00 46 00    I.D.I.A...G.e.F.
6F 00 72 00 63 00 65 00 20 00 47 00 54 00 58 00    o.r.c.e...G.T.X.
20 00 38 00 37 00 30 00 4D 00 00 00                ..8.7.0.M.......

WARNING 01:19:40:635 DataBaseManager: not found appearance for 268435460
WARNING 01:19:51:416 ClientConnection: not found packet for opcode 9C2E
04 00 2E 9C                                        ...............

WARNING 01:19:54:538 ClientConnection: not found packet for opcode D28D
04 00 8D D2                                        ..Ò............

WARNING 01:19:54:543 ClientConnection: not found packet for opcode 8BBF
08 00 BF 8B 13 00 00 00                            ..¿............

WARNING 01:20:13:322 ClientConnection: not found packet for opcode F4FE
08 00 FE F4 E8 03 00 00                            ..þôè...........

WARNING 01:21:17:715 NpcTable: detected once the file D:\Documents\Documents\Java\Tera Server\.\data\npcs\summons\playable_summons.zip
INFO 01:21:17:724 NpcTable: npcs reloaded.
WARNING 01:21:30:371 ClientConnection: not found packet for opcode 52A2
10 00 A2 52 7B A1 B8 BC 00 00 00 00 00 00 00 00    ..¢R{¡¸¼........

WARNING 01:21:31:922 ClientConnection: not found packet for opcode 52A2
10 00 A2 52 7B A1 B8 BC 02 00 00 00 00 00 00 00    ..¢R{¡¸¼........

WARNING 01:21:37:868 ClientConnection: not found packet for opcode 52A2
10 00 A2 52 7B A1 B8 BC 00 00 00 00 00 00 00 00    ..¢R{¡¸¼........

WARNING 01:21:40:987 ClientConnection: not found packet for opcode 52A2
10 00 A2 52 7B A1 B8 BC 02 00 00 00 00 00 00 00    ..¢R{¡¸¼........

WARNING 01:21:47:582 CommandManager: NullPointerException : null : stack trace:
tera.gameserver.scripts.commands.WorldCommand.execution(WorldCommand.java:89)
tera.gameserver.manager.CommandManager.execute(CommandManager.java:74)
tera.gameserver.network.clientpackets.PlayerSay.runImpl(PlayerSay.java:84)
rlib.network.packets.AbstractReadeablePacket.run(AbstractReadeablePacket.java:175)
java.util.concurrent.ThreadPoolExecutor.runWorker(ThreadPoolExecutor.java:1142)
java.util.concurrent.ThreadPoolExecutor$Worker.run(ThreadPoolExecutor.java:617)
java.lang.Thread.run(Thread.java:745)

WARNING 01:21:51:568 ClientConnection: not found packet for opcode 52A2
10 00 A2 52 7B A1 B8 BC 02 00 00 00 00 00 00 00    ..¢R{¡¸¼........

WARNING 01:21:59:449 ClientConnection: not found packet for opcode 52A2
10 00 A2 52 7B A1 B8 BC 02 00 00 00 00 00 00 00    ..¢R{¡¸¼........

WARNING 01:22:01:407 ClientConnection: not found packet for opcode D28D
04 00 8D D2                                        ..Ò............

WARNING 01:22:01:408 ClientConnection: not found packet for opcode 8BBF
08 00 BF 8B 13 00 00 00                            ..¿............

WARNING 01:22:09:208 ClientConnection: not found packet for opcode 52A2
10 00 A2 52 7B A1 B8 BC 00 00 00 00 00 00 00 00    ..¢R{¡¸¼........

WARNING 01:22:11:259 ClientConnection: not found packet for opcode 52A2
10 00 A2 52 7B A1 B8 BC 02 00 00 00 00 00 00 00    ..¢R{¡¸¼........

WARNING 01:22:11:260 ClientConnection: not found packet for opcode 52A2
10 00 A2 52 7B A1 B8 BC 02 00 00 00 00 00 00 00    ..¢R{¡¸¼........

WARNING 01:22:11:275 ClientConnection: not found packet for opcode 52A2
10 00 A2 52 7B A1 B8 BC 02 00 00 00 00 00 00 00    ..¢R{¡¸¼........

WARNING 01:22:11:283 ClientConnection: not found packet for opcode 52A2
10 00 A2 52 7B A1 B8 BC 02 00 00 00 00 00 00 00    ..¢R{¡¸¼........

WARNING 01:22:14:008 ClientConnection: not found packet for opcode D28D
04 00 8D D2                                        ..Ò............

WARNING 01:22:14:009 ClientConnection: not found packet for opcode 8BBF
08 00 BF 8B 13 00 00 00                            ..¿............

INFO 01:23:24:529 SpawnTable: reloaded.
WARNING 01:23:31:246 NpcTable: detected once the file D:\Documents\Documents\Java\Tera Server\.\data\npcs\summons\playable_summons.zip
INFO 01:23:31:254 NpcTable: npcs reloaded.
INFO 01:23:36:983 SpawnTable: reloaded.
WARNING 01:24:03:969 ClientConnection: not found packet for opcode 52A2
10 00 A2 52 7B A1 B8 BC 00 00 00 00 00 00 00 00    ..¢R{¡¸¼........

WARNING 01:24:04:803 ClientConnection: not found packet for opcode 52A2
10 00 A2 52 7B A1 B8 BC 02 00 00 00 00 00 00 00    ..¢R{¡¸¼........

INFO 01:25:18:050 SpawnTable: reloaded.
WARNING 01:26:26:323 NpcTable: detected once the file D:\Documents\Documents\Java\Tera Server\.\data\npcs\summons\playable_summons.zip
INFO 01:26:26:331 NpcTable: npcs reloaded.
WARNING 01:26:28:527 NpcTable: detected once the file D:\Documents\Documents\Java\Tera Server\.\data\npcs\summons\playable_summons.zip
INFO 01:26:28:533 NpcTable: npcs reloaded.
INFO 01:26:34:274 SpawnTable: reloaded.
WARNING 01:26:42:698 ClientConnection: not found packet for opcode B5A9
1C 00 A9 B5 01 00 10 00 02 00 00 00 A0 0F 00 00    ..©µ........ ...
10 00 00 00 15 71 01 10 D0 07 00 00                .....q..Ð.......

WARNING 01:26:43:714 ClientConnection: not found packet for opcode B5A9
1C 00 A9 B5 01 00 10 00 03 00 00 00 A0 0F 00 00    ..©µ........ ...
10 00 00 00 15 71 01 10 D0 07 00 00                .....q..Ð.......

WARNING 01:26:44:730 ClientConnection: not found packet for opcode B5A9
1C 00 A9 B5 01 00 10 00 04 00 00 00 A0 0F 00 00    ..©µ........ ...
10 00 00 00 15 71 01 10 D0 07 00 00                .....q..Ð.......

WARNING 01:27:37:349 NpcTable: detected once the file D:\Documents\Documents\Java\Tera Server\.\data\npcs\summons\playable_summons.zip
INFO 01:27:37:355 NpcTable: npcs reloaded.
INFO 01:27:39:858 SpawnTable: reloaded.
WARNING 01:27:40:711 ClientConnection: not found packet for opcode B5A9
1C 00 A9 B5 01 00 10 00 05 00 00 00 A0 0F 00 00    ..©µ........ ...
10 00 00 00 4F BD 01 10 D0 07 00 00                ....O½..Ð.......

WARNING 01:27:41:728 ClientConnection: not found packet for opcode B5A9
1C 00 A9 B5 01 00 10 00 06 00 00 00 A0 0F 00 00    ..©µ........ ...
10 00 00 00 4F BD 01 10 D0 07 00 00                ....O½..Ð.......

WARNING 01:27:42:744 ClientConnection: not found packet for opcode B5A9
1C 00 A9 B5 01 00 10 00 07 00 00 00 A0 0F 00 00    ..©µ........ ...
10 00 00 00 4F BD 01 10 D0 07 00 00                ....O½..Ð.......

WARNING 01:27:55:892 ClientConnection: not found packet for opcode 8BBF
08 00 BF 8B 13 00 00 00                            ..¿............

WARNING 01:28:15:436 ClientConnection: not found packet for opcode 8BBF
08 00 BF 8B 13 00 00 00                            ..¿............

INFO 01:29:17:158 SpawnTable: reloaded.
WARNING 01:29:18:595 ClientConnection: not found packet for opcode 52A2
10 00 A2 52 7B A1 B8 BC 00 00 00 00 00 00 00 00    ..¢R{¡¸¼........

WARNING 01:29:19:346 ClientConnection: not found packet for opcode 52A2
10 00 A2 52 7B A1 B8 BC 02 00 00 00 00 00 00 00    ..¢R{¡¸¼........

WARNING 01:31:53:179 ClientConnection: not found packet for opcode 52A2
10 00 A2 52 7B A1 B8 BC 02 00 00 00 00 00 00 00    ..¢R{¡¸¼........

WARNING 01:31:59:960 ClientConnection: not found packet for opcode 52A2
10 00 A2 52 7B A1 B8 BC 02 00 00 00 00 00 00 00    ..¢R{¡¸¼........

WARNING 01:32:02:074 ClientConnection: not found packet for opcode D28D
04 00 8D D2                                        ..Ò............

WARNING 01:32:02:076 ClientConnection: not found packet for opcode 8BBF
08 00 BF 8B 13 00 00 00                            ..¿............

WARNING 01:33:02:088 ClientConnection: not found packet for opcode 52A2
10 00 A2 52 7B A1 B8 BC 02 00 00 00 00 00 00 00    ..¢R{¡¸¼........

WARNING 01:33:03:384 DataBaseManager: not found appearance for 268435460
INFO 01:33:07:277 AccountManager: close darkza
