INFO 14:36:36:105 ServerControl: open server socket on 2101 port.
INFO 14:36:36:191 ExecutorManager: initialized.
INFO 14:36:36:870 CleaningManager: delete 0 reuses from a character_skill_reuses.
INFO 14:36:36:871 CleaningManager: delete 0 spawns from a boss_spawn.
INFO 14:36:36:872 CleaningManager: delete 0 appearances from a character_appearances.
INFO 14:36:36:873 CleaningManager: delete 0 effects from a character_save_effects.
INFO 14:36:36:874 CleaningManager: delete 0 inventors from a character_inventors.
INFO 14:36:36:875 CleaningManager: delete 0 skills from a character_skills.
INFO 14:36:36:876 CleaningManager: delete 0 hotkeys from a character_hotkey.
INFO 14:36:36:877 CleaningManager: delete 0 chars from a character_friends.
INFO 14:36:36:878 CleaningManager: delete 0 friends from a character_friends.
INFO 14:36:36:879 CleaningManager: delete 0 settings from a character_settings.
INFO 14:36:36:880 CleaningManager: delete 0 empty items from a items.
INFO 14:36:36:881 CleaningManager: delete 0 no owner items from a items.
INFO 14:36:36:882 CleaningManager: delete 0 no owner guild items from a items.
INFO 14:36:36:921 CleaningManager: create buffer table items.
INFO 14:36:36:925 CleaningManager: copy 118 items to buffer_items.
INFO 14:36:36:926 CleaningManager: delete 0 no owner items from a buffer_items.
INFO 14:36:36:954 CleaningManager: drop buffer table items.
INFO 14:36:36:955 CleaningManager: delete 0 from a quests.
INFO 14:36:36:955 CleaningManager: delete 0 from a quest variables.
INFO 14:36:36:956 CleaningManager: delete 0 from a guild ranks.
INFO 14:36:37:087 ClientPacketType: client packets prepared.
INFO 14:36:37:131 EffectParser: initialized.
INFO 14:36:37:137 RandomManager: initialized.
INFO 14:36:37:138 IdFactory: prepare npc ids...
INFO 14:36:37:142 BitSetIdGenerator: 102912 id's available.
INFO 14:36:37:143 IdFactory: prepare objects ids...
INFO 14:36:37:143 BitSetIdGenerator: 102912 id's available.
INFO 14:36:37:143 IdFactory: prepare players ids...
INFO 14:36:37:148 BitSetIdGenerator: extracted 4 ids.
INFO 14:36:37:149 BitSetIdGenerator: 102912 id's available.
INFO 14:36:37:149 IdFactory: prepare guilds ids...
INFO 14:36:37:150 BitSetIdGenerator: extracted 1 ids.
INFO 14:36:37:150 BitSetIdGenerator: 102912 id's available.
INFO 14:36:37:150 IdFactory: prepare item ids...
INFO 14:36:37:151 BitSetIdGenerator: extracted 118 ids.
WARNING 14:36:37:151 BitSetIdGenerator: objectId 1 in DB is less than minimum ID of 268435456.
INFO 14:36:37:151 BitSetIdGenerator: 102912 id's available.
INFO 14:36:37:173 ServerVarManager: loaded 0 variables.
INFO 14:36:37:179 BossSpawnManager: loaded 0 boss spawns.
INFO 14:36:39:112 TerritoryTable: loaded 160 territories for 18803 regions.
INFO 14:36:42:830 WorldZoneTable: loaded 10 world zones for 31975 regions.
INFO 14:36:42:833 ConditionParser: initializable.
WARNING 14:36:43:586 SkillTable: detected once the file D:\Documents\Documents\Java\Tera Server\.\data\skills\summon_skills\deprecated.zip
INFO 14:36:43:619 SkillTable: loaded 4613 skills for 19 classes.
INFO 14:36:44:241 ItemTable: loaded 10137 items.
INFO 14:36:44:258 Race: race appearances initializable.
INFO 14:36:44:268 PlayerTable: loaded 104 player templates.
WARNING 14:36:44:553 DropTable: not found items [50048]
INFO 14:36:44:553 DropTable: load drop for 407 npcs and 126 for resourse.
INFO 14:36:44:559 TownTable: initialized.
WARNING 14:36:44:592 NpcDialogTable: detected once the file D:\Documents\Documents\Java\Tera Server\.\data\dialogs\dialogs.txt
INFO 14:36:44:624 NpcDialogTable: loaded 83 dialogs.
INFO 14:36:44:631 MessagePackageTable: loaded 34 message packages.
INFO 14:36:44:689 ConfigAITable: loaded 45 npc ai configs.
INFO 14:36:44:705 NpcAppearanceTable: initialized. Loaded 59 appearances.
WARNING 14:36:44:786 NpcTable: found duplicate npc template NpcTemplate npcId = 7011, exp = 1000000, attack = 400000, defense = 3500, owerAttack = 3000, owerDefense = 30000, level = 60, aggro = 120, factionRange = 0, name = Linyphi, title = , factionId = , type = 51, isRaid = false, canDrop = false, drop = null, minions = null, dialog = null, geomRadius = 90.0, geomHeight = 160.0, npcType = RAID_BOSS in file .\data\npcs\raid_boss.xml
WARNING 14:36:44:835 NpcTable: detected once the file D:\Documents\Documents\Java\Tera Server\.\data\npcs\summons\playable_summons.zip
INFO 14:36:44:843 NpcTable: loaded  815 npcs.
INFO 14:36:44:859 ResourseTable: loaded  253 resourses.
INFO 14:36:44:872 MinionTable: loaded 303 minions for 42 npcs.
INFO 14:36:44:873 RegenTaskManager: initializable.
INFO 14:36:44:882 Formulas: initialized.
INFO 14:36:44:883 EffectTaskManager: initialized.
INFO 14:36:45:395 ObjectEventManager: initialized.
INFO 14:36:45:396 MoveTaskManager: initialized.
INFO 14:36:46:005 SpawnTable: loaded 19474 spawns for 616 npcs and 2013 spawns for 60 resourses.
INFO 14:36:46:015 GeoMap3D: start fast import geodata_1.dat
INFO 14:36:47:058 GeoMap3D: import ended. load 1867238 quards.
INFO 14:36:47:059 GeoMap3D: start fast import geodata_2.dat
INFO 14:36:47:148 GeoMap3D: import ended. load 440227 quards.
INFO 14:36:47:148 GeoMap3D: start fast import geodata_3.dat
INFO 14:36:47:662 GeoMap3D: import ended. load 58041 quards.
INFO 14:36:47:662 GeoManager: initialized.
INFO 14:36:47:669 ItemExecutorManager: loaded 0 executor items.
INFO 14:36:47:690 CommandManager: loaded 95 commands.
INFO 14:36:47:702 SkillLearnManager: loaded 950 skill learn's for 8 clases.
INFO 14:36:47:707 AnnounceManager: loaded 0 start announces and 0 running announces.
INFO 14:36:47:709 AccountManager: initialized.
INFO 14:36:47:731 GuildManager: loaded 1 guilds.
INFO 14:36:48:098 QuestManager: loaded 455 quests.
INFO 14:36:48:100 OnlineManager: initialized.
INFO 14:36:48:109 GameLogManager: initialized.
INFO 14:36:48:209 Region: next battle "Veritas District" in 2018.04.15 16:00.
INFO 14:36:48:213 Region: next battle "Ostgarath" in 2018.04.15 16:00.
INFO 14:36:48:216 Region: next battle "Val Palrada" in 2018.04.14 20:00.
INFO 14:36:48:218 Region: next battle "Val Aureum" in 2018.04.14 20:00.
INFO 14:36:48:219 EventManager: loaded 5 events.
INFO 14:36:48:883 EventManager: the nearest event in 31 minutes.
INFO 14:36:48:893 PlayerManager: initialized.
INFO 14:36:48:994 Network: started.
INFO 14:36:48:994 GameServer: started.
WARNING 14:37:13:083 ClientConnection: not found packet for opcode 4DBC
20 00 BC 4D 02 00 08 00 08 00 14 00 00 00 00 00    ..¼M............
94 5F 03 00 14 00 00 00 01 00 00 00 DC 5F 03 00    _..........Ü_..
41 00 A4 78 13 00 21 00 20 00 00 00 00 00 00 02    A.¤x..!.........
00 00 00 44 00 61 00 72 00 6B 00 7A 00 61 00 00    ...D.a.r.k.z.a..
00 34 66 65 37 36 37 38 61 38 31 62 61 37 63 37    .4fe7678a81ba7c7
64 62 32 36 39 63 37 37 62 35 64 64 37 38 31 63    db269c77b5dd781c
61                                                 a...............

INFO 14:37:13:092 AccountManager: authed Darkza
WARNING 14:37:13:099 ClientConnection: not found packet for opcode F4FE
08 00 FE F4 E8 03 00 00                            ..þôè...........

WARNING 14:37:13:100 ClientConnection: not found packet for opcode CD71
BC 00 71 CD 12 00 38 00 8C 00 AF 3F 00 00 80 00    ¼.qÍ..8..¯?...
00 00 57 00 69 00 6E 00 64 00 6F 00 77 00 73 00    ..W.i.n.d.o.w.s.
20 00 37 00 20 00 28 00 78 00 36 00 34 00 29 00    ..7...(.x.6.4.).
20 00 0D 00 0A 00 00 00 49 00 6E 00 74 00 65 00    ........I.n.t.e.
6C 00 28 00 52 00 29 00 20 00 43 00 6F 00 72 00    l.(.R.)...C.o.r.
65 00 28 00 54 00 4D 00 29 00 20 00 69 00 37 00    e.(.T.M.)...i.7.
2D 00 34 00 37 00 31 00 30 00 48 00 51 00 20 00    -.4.7.1.0.H.Q...
43 00 50 00 55 00 20 00 40 00 20 00 32 00 2E 00    C.P.U...@...2...
35 00 30 00 47 00 48 00 7A 00 00 00 4E 00 56 00    5.0.G.H.z...N.V.
49 00 44 00 49 00 41 00 20 00 47 00 65 00 46 00    I.D.I.A...G.e.F.
6F 00 72 00 63 00 65 00 20 00 47 00 54 00 58 00    o.r.c.e...G.T.X.
20 00 38 00 37 00 30 00 4D 00 00 00                ..8.7.0.M.......

WARNING 14:37:33:512 ClientConnection: not found packet for opcode 9C2E
04 00 2E 9C                                        ...............

WARNING 14:37:36:341 ClientConnection: not found packet for opcode D28D
04 00 8D D2                                        ..Ò............

WARNING 14:37:36:345 ClientConnection: not found packet for opcode 8BBF
08 00 BF 8B 13 00 00 00                            ..¿............

