INFO 20:47:34:533 ServerControl: open server socket on 2101 port.
INFO 20:47:34:582 ExecutorManager: initialized.
INFO 20:47:39:170 CleaningManager: delete 0 reuses from a character_skill_reuses.
INFO 20:47:39:174 CleaningManager: delete 0 spawns from a boss_spawn.
INFO 20:47:39:178 CleaningManager: delete 0 appearances from a character_appearances.
INFO 20:47:39:181 CleaningManager: delete 0 effects from a character_save_effects.
INFO 20:47:39:184 CleaningManager: delete 0 inventors from a character_inventors.
INFO 20:47:39:186 CleaningManager: delete 0 skills from a character_skills.
INFO 20:47:39:188 CleaningManager: delete 0 hotkeys from a character_hotkey.
INFO 20:47:39:190 CleaningManager: delete 0 chars from a character_friends.
INFO 20:47:39:193 CleaningManager: delete 0 friends from a character_friends.
INFO 20:47:39:195 CleaningManager: delete 0 settings from a character_settings.
INFO 20:47:39:196 CleaningManager: delete 0 empty items from a items.
INFO 20:47:39:198 CleaningManager: delete 0 no owner items from a items.
INFO 20:47:39:199 CleaningManager: delete 0 no owner guild items from a items.
INFO 20:47:39:253 CleaningManager: create buffer table items.
INFO 20:47:39:260 CleaningManager: copy 0 items to buffer_items.
INFO 20:47:39:262 CleaningManager: delete 0 no owner items from a buffer_items.
INFO 20:47:39:291 CleaningManager: drop buffer table items.
INFO 20:47:39:292 CleaningManager: delete 0 from a quests.
INFO 20:47:39:293 CleaningManager: delete 0 from a quest variables.
INFO 20:47:39:295 CleaningManager: delete 0 from a guild ranks.
INFO 20:47:40:295 ClientPacketType: client packets prepared.
INFO 20:47:40:543 EffectParser: initialized.
INFO 20:47:40:573 RandomManager: initialized.
INFO 20:47:40:579 IdFactory: prepare npc ids...
INFO 20:47:40:595 BitSetIdGenerator: 102912 id's available.
INFO 20:47:40:597 IdFactory: prepare objects ids...
INFO 20:47:40:598 BitSetIdGenerator: 102912 id's available.
INFO 20:47:40:598 IdFactory: prepare players ids...
INFO 20:47:40:607 BitSetIdGenerator: extracted 0 ids.
INFO 20:47:40:608 BitSetIdGenerator: 102912 id's available.
INFO 20:47:40:608 IdFactory: prepare guilds ids...
INFO 20:47:40:609 BitSetIdGenerator: extracted 0 ids.
INFO 20:47:40:609 BitSetIdGenerator: 102912 id's available.
INFO 20:47:40:610 IdFactory: prepare item ids...
INFO 20:47:40:611 BitSetIdGenerator: extracted 0 ids.
INFO 20:47:40:611 BitSetIdGenerator: 102912 id's available.
INFO 20:47:40:702 ServerVarManager: loaded 0 variables.
INFO 20:47:40:726 BossSpawnManager: loaded 0 boss spawns.
INFO 20:47:49:665 TerritoryTable: loaded 160 territories for 18803 regions.
INFO 20:47:54:602 WorldZoneTable: loaded 12 world zones for 31986 regions.
INFO 20:47:54:605 ConditionParser: initializable.
WARNING 20:47:57:889 SkillTable: detected once the file D:\Documents\Documents\Java\Tera Server\.\data\skills\summon_skills\deprecated.zip
INFO 20:47:58:057 SkillTable: loaded 4613 skills for 19 classes.
INFO 20:48:01:733 ItemTable: loaded 10138 items.
INFO 20:48:01:775 Race: race appearances initializable.
INFO 20:48:01:795 PlayerTable: loaded 104 player templates.
WARNING 20:48:03:585 DropTable: not found items [50048]
INFO 20:48:03:589 DropTable: load drop for 407 npcs and 126 for resourse.
INFO 20:48:03:635 TownTable: initialized.
WARNING 20:48:03:700 NpcDialogTable: detected once the file D:\Documents\Documents\Java\Tera Server\.\data\dialogs\dialogs.txt
INFO 20:48:04:053 NpcDialogTable: loaded 88 dialogs.
INFO 20:48:04:079 MessagePackageTable: loaded 34 message packages.
INFO 20:48:04:678 ConfigAITable: loaded 45 npc ai configs.
INFO 20:48:04:827 NpcAppearanceTable: initialized. Loaded 59 appearances.
WARNING 20:48:05:763 NpcTable: detected once the file D:\Documents\Documents\Java\Tera Server\.\data\npcs\summons\playable_summons.zip
INFO 20:48:05:790 NpcTable: loaded  816 npcs.
INFO 20:48:05:830 ResourseTable: loaded  253 resourses.
INFO 20:48:05:949 MinionTable: loaded 303 minions for 42 npcs.
INFO 20:48:05:953 RegenTaskManager: initializable.
INFO 20:48:06:015 Formulas: initialized.
INFO 20:48:06:026 EffectTaskManager: initialized.
INFO 20:48:08:020 ObjectEventManager: initialized.
INFO 20:48:08:025 MoveTaskManager: initialized.
INFO 20:48:13:378 SpawnTable: loaded 19515 spawns for 617 npcs and 2013 spawns for 60 resourses.
INFO 20:48:13:539 GeoMap3D: start fast import geodata_1.dat
INFO 20:48:16:511 GeoMap3D: import ended. load 1867238 quards.
INFO 20:48:16:517 GeoMap3D: start fast import geodata_2.dat
INFO 20:48:17:362 GeoMap3D: import ended. load 440227 quards.
INFO 20:48:17:365 GeoMap3D: start fast import geodata_3.dat
INFO 20:48:17:735 GeoMap3D: import ended. load 58040 quards.
INFO 20:48:17:736 GeoManager: initialized.
INFO 20:48:17:809 ItemExecutorManager: loaded 0 executor items.
INFO 20:48:17:869 CommandManager: loaded 94 commands.
INFO 20:48:17:995 SkillLearnManager: loaded 950 skill learn's for 8 clases.
INFO 20:48:18:010 AnnounceManager: loaded 0 start announces and 0 running announces.
INFO 20:48:18:043 AccountManager: initialized.
INFO 20:48:18:055 GuildManager: loaded 0 guilds.
INFO 20:48:20:125 QuestManager: loaded 455 quests.
INFO 20:48:20:144 OnlineManager: initialized.
INFO 20:48:20:164 GameLogManager: initialized.
INFO 20:48:20:580 Region: next battle "Veritas District" in 2018.12.16 15:00.
INFO 20:48:20:585 Region: next battle "Ostgarath" in 2018.12.16 15:00.
INFO 20:48:20:592 Region: next battle "Val Palrada" in 2018.12.15 19:00.
INFO 20:48:20:597 Region: next battle "Val Aureum" in 2018.12.15 19:00.
INFO 20:48:20:598 EventManager: loaded 5 events.
INFO 20:48:21:207 EventManager: the nearest event in 31 minutes.
INFO 20:48:21:276 PlayerManager: initialized.
INFO 20:48:21:447 Network: started.
INFO 20:48:21:448 GameServer: started.
INFO 20:48:24:014 AccountManager: authed admin
