INFO 00:03:56:336 ServerControl: open server socket on 2101 port.
INFO 00:03:56:344 ExecutorManager: initialized.
INFO 00:03:57:010 CleaningManager: delete 0 reuses from a character_skill_reuses.
INFO 00:03:57:011 CleaningManager: delete 0 spawns from a boss_spawn.
INFO 00:03:57:011 CleaningManager: delete 0 appearances from a character_appearances.
INFO 00:03:57:012 CleaningManager: delete 0 effects from a character_save_effects.
INFO 00:03:57:012 CleaningManager: delete 0 inventors from a character_inventors.
INFO 00:03:57:012 CleaningManager: delete 0 skills from a character_skills.
INFO 00:03:57:013 CleaningManager: delete 0 hotkeys from a character_hotkey.
INFO 00:03:57:013 CleaningManager: delete 0 chars from a character_friends.
INFO 00:03:57:014 CleaningManager: delete 0 friends from a character_friends.
INFO 00:03:57:015 CleaningManager: delete 0 settings from a character_settings.
INFO 00:03:57:015 CleaningManager: delete 0 empty items from a items.
INFO 00:03:57:015 CleaningManager: delete 0 no owner items from a items.
INFO 00:03:57:016 CleaningManager: delete 0 no owner guild items from a items.
INFO 00:03:57:035 CleaningManager: create buffer table items.
INFO 00:03:57:037 CleaningManager: copy 6 items to buffer_items.
INFO 00:03:57:038 CleaningManager: delete 0 no owner items from a buffer_items.
INFO 00:03:57:049 CleaningManager: drop buffer table items.
INFO 00:03:57:049 CleaningManager: delete 0 from a quests.
INFO 00:03:57:050 CleaningManager: delete 0 from a quest variables.
INFO 00:03:57:051 CleaningManager: delete 0 from a guild ranks.
INFO 00:03:57:142 ClientPacketType: client packets prepared.
INFO 00:03:57:176 EffectParser: initialized.
INFO 00:03:57:179 RandomManager: initialized.
INFO 00:03:57:181 IdFactory: prepare npc ids...
INFO 00:03:57:184 BitSetIdGenerator: 102912 id's available.
INFO 00:03:57:185 IdFactory: prepare objects ids...
INFO 00:03:57:185 BitSetIdGenerator: 102912 id's available.
INFO 00:03:57:185 IdFactory: prepare players ids...
INFO 00:03:57:193 BitSetIdGenerator: extracted 1 ids.
INFO 00:03:57:193 BitSetIdGenerator: 102912 id's available.
INFO 00:03:57:194 IdFactory: prepare guilds ids...
INFO 00:03:57:194 BitSetIdGenerator: extracted 0 ids.
INFO 00:03:57:195 BitSetIdGenerator: 102912 id's available.
INFO 00:03:57:195 IdFactory: prepare item ids...
INFO 00:03:57:196 BitSetIdGenerator: extracted 6 ids.
INFO 00:03:57:196 BitSetIdGenerator: 102912 id's available.
INFO 00:03:57:220 ServerVarManager: loaded 0 variables.
INFO 00:03:57:225 BossSpawnManager: loaded 0 boss spawns.
INFO 00:03:58:925 TerritoryTable: loaded 160 territories for 18803 regions.
INFO 00:04:01:463 WorldZoneTable: loaded 12 world zones for 31986 regions.
INFO 00:04:01:464 ConditionParser: initializable.
WARNING 00:04:01:978 SkillTable: detected once the file D:\Documents\Documents\Java\Tera Server\.\data\skills\summon_skills\deprecated.zip
INFO 00:04:01:994 SkillTable: loaded 4613 skills for 19 classes.
INFO 00:04:02:416 ItemTable: loaded 10138 items.
INFO 00:04:02:431 Race: race appearances initializable.
INFO 00:04:02:439 PlayerTable: loaded 104 player templates.
WARNING 00:04:02:697 DropTable: not found items [50048]
INFO 00:04:02:697 DropTable: load drop for 407 npcs and 126 for resourse.
INFO 00:04:02:705 TownTable: initialized.
WARNING 00:04:02:731 NpcDialogTable: detected once the file D:\Documents\Documents\Java\Tera Server\.\data\dialogs\dialogs.txt
INFO 00:04:02:775 NpcDialogTable: loaded 88 dialogs.
INFO 00:04:02:780 MessagePackageTable: loaded 34 message packages.
INFO 00:04:02:827 ConfigAITable: loaded 45 npc ai configs.
INFO 00:04:02:840 NpcAppearanceTable: initialized. Loaded 59 appearances.
WARNING 00:04:02:999 NpcTable: detected once the file D:\Documents\Documents\Java\Tera Server\.\data\npcs\summons\playable_summons.zip
INFO 00:04:03:012 NpcTable: loaded  816 npcs.
INFO 00:04:03:032 ResourseTable: loaded  253 resourses.
INFO 00:04:03:047 MinionTable: loaded 303 minions for 42 npcs.
INFO 00:04:03:048 RegenTaskManager: initializable.
INFO 00:04:03:055 Formulas: initialized.
INFO 00:04:03:056 EffectTaskManager: initialized.
INFO 00:04:03:392 ObjectEventManager: initialized.
INFO 00:04:03:393 MoveTaskManager: initialized.
INFO 00:04:04:096 SpawnTable: loaded 19515 spawns for 617 npcs and 2013 spawns for 60 resourses.
INFO 00:04:04:112 GeoMap3D: start fast import geodata_1.dat
INFO 00:04:04:431 GeoMap3D: import ended. load 1867238 quards.
INFO 00:04:04:432 GeoMap3D: start fast import geodata_2.dat
INFO 00:04:04:533 GeoMap3D: import ended. load 440227 quards.
INFO 00:04:04:533 GeoMap3D: start fast import geodata_3.dat
INFO 00:04:04:586 GeoMap3D: import ended. load 58040 quards.
INFO 00:04:04:586 GeoManager: initialized.
INFO 00:04:04:595 ItemExecutorManager: loaded 0 executor items.
INFO 00:04:04:610 CommandManager: loaded 94 commands.
INFO 00:04:04:622 SkillLearnManager: loaded 950 skill learn's for 8 clases.
INFO 00:04:04:643 AnnounceManager: loaded 0 start announces and 0 running announces.
INFO 00:04:04:647 AccountManager: initialized.
INFO 00:04:04:679 GuildManager: loaded 0 guilds.
INFO 00:04:05:052 QuestManager: loaded 455 quests.
INFO 00:04:05:054 OnlineManager: initialized.
INFO 00:04:05:057 GameLogManager: initialized.
INFO 00:04:05:147 Region: next battle "Veritas District" in 2018.12.16 15:00.
INFO 00:04:05:148 Region: next battle "Ostgarath" in 2018.12.16 15:00.
INFO 00:04:05:151 Region: next battle "Val Palrada" in 2018.12.15 19:00.
INFO 00:04:05:153 Region: next battle "Val Aureum" in 2018.12.15 19:00.
INFO 00:04:05:153 EventManager: loaded 5 events.
INFO 00:04:05:273 EventManager: the nearest event in 34 minutes.
INFO 00:04:05:281 PlayerManager: initialized.
INFO 00:04:05:299 Network: started.
INFO 00:04:05:299 GameServer: started.
INFO 00:04:20:647 AccountManager: authed admin
INFO 00:04:26:944 AccountManager: close admin
