INFO 19:05:56:558 ServerControl: open server socket on 2101 port.
INFO 19:05:56:580 ExecutorManager: initialized.
INFO 19:06:03:317 CleaningManager: delete 0 reuses from a character_skill_reuses.
INFO 19:06:03:321 CleaningManager: delete 0 spawns from a boss_spawn.
INFO 19:06:03:325 CleaningManager: delete 0 appearances from a character_appearances.
INFO 19:06:03:330 CleaningManager: delete 0 effects from a character_save_effects.
INFO 19:06:03:335 CleaningManager: delete 0 inventors from a character_inventors.
INFO 19:06:03:340 CleaningManager: delete 0 skills from a character_skills.
INFO 19:06:03:344 CleaningManager: delete 0 hotkeys from a character_hotkey.
INFO 19:06:03:347 CleaningManager: delete 0 chars from a character_friends.
INFO 19:06:03:351 CleaningManager: delete 0 friends from a character_friends.
INFO 19:06:03:354 CleaningManager: delete 0 settings from a character_settings.
INFO 19:06:03:356 CleaningManager: delete 0 empty items from a items.
INFO 19:06:03:359 CleaningManager: delete 0 no owner items from a items.
INFO 19:06:03:361 CleaningManager: delete 0 no owner guild items from a items.
INFO 19:06:03:540 CleaningManager: create buffer table items.
INFO 19:06:03:552 CleaningManager: copy 0 items to buffer_items.
INFO 19:06:03:557 CleaningManager: delete 0 no owner items from a buffer_items.
INFO 19:06:03:709 CleaningManager: drop buffer table items.
INFO 19:06:03:716 CleaningManager: delete 0 from a quests.
INFO 19:06:03:722 CleaningManager: delete 0 from a quest variables.
INFO 19:06:03:728 CleaningManager: delete 0 from a guild ranks.
INFO 19:06:04:829 ClientPacketType: client packets prepared.
INFO 19:06:04:981 EffectParser: initialized.
INFO 19:06:05:014 RandomManager: initialized.
INFO 19:06:05:059 IdFactory: prepare npc ids...
INFO 19:06:05:133 BitSetIdGenerator: 102912 id's available.
INFO 19:06:05:136 IdFactory: prepare objects ids...
INFO 19:06:05:136 BitSetIdGenerator: 102912 id's available.
INFO 19:06:05:137 IdFactory: prepare players ids...
INFO 19:06:05:152 BitSetIdGenerator: extracted 0 ids.
INFO 19:06:05:153 BitSetIdGenerator: 102912 id's available.
INFO 19:06:05:153 IdFactory: prepare guilds ids...
INFO 19:06:05:155 BitSetIdGenerator: extracted 0 ids.
INFO 19:06:05:155 BitSetIdGenerator: 102912 id's available.
INFO 19:06:05:156 IdFactory: prepare item ids...
INFO 19:06:05:157 BitSetIdGenerator: extracted 0 ids.
INFO 19:06:05:158 BitSetIdGenerator: 102912 id's available.
INFO 19:06:05:225 ServerVarManager: loaded 0 variables.
INFO 19:06:05:240 BossSpawnManager: loaded 0 boss spawns.
INFO 19:06:18:926 TerritoryTable: loaded 160 territories for 18803 regions.
INFO 19:06:28:081 WorldZoneTable: loaded 12 world zones for 31986 regions.
INFO 19:06:28:084 ConditionParser: initializable.
WARNING 19:06:30:774 SkillTable: detected once the file D:\Documents\Documents\Java\Tera Server\.\data\skills\summon_skills\deprecated.zip
INFO 19:06:30:828 SkillTable: loaded 4613 skills for 19 classes.
INFO 19:06:33:031 ItemTable: loaded 10138 items.
INFO 19:06:33:066 Race: race appearances initializable.
INFO 19:06:33:091 PlayerTable: loaded 104 player templates.
WARNING 19:06:34:335 DropTable: not found items [50048]
INFO 19:06:34:336 DropTable: load drop for 407 npcs and 126 for resourse.
INFO 19:06:34:351 TownTable: initialized.
WARNING 19:06:34:575 NpcDialogTable: detected once the file D:\Documents\Documents\Java\Tera Server\.\data\dialogs\dialogs.txt
INFO 19:06:34:823 NpcDialogTable: loaded 88 dialogs.
INFO 19:06:34:854 MessagePackageTable: loaded 34 message packages.
INFO 19:06:35:022 ConfigAITable: loaded 45 npc ai configs.
INFO 19:06:35:180 NpcAppearanceTable: initialized. Loaded 59 appearances.
WARNING 19:06:36:102 NpcTable: detected once the file D:\Documents\Documents\Java\Tera Server\.\data\npcs\summons\playable_summons.zip
INFO 19:06:36:151 NpcTable: loaded  816 npcs.
INFO 19:06:36:195 ResourseTable: loaded  253 resourses.
INFO 19:06:36:233 MinionTable: loaded 303 minions for 42 npcs.
INFO 19:06:36:235 RegenTaskManager: initializable.
INFO 19:06:36:249 Formulas: initialized.
INFO 19:06:36:252 EffectTaskManager: initialized.
INFO 19:06:37:641 ObjectEventManager: initialized.
INFO 19:06:37:643 MoveTaskManager: initialized.
INFO 19:06:42:629 SpawnTable: loaded 19515 spawns for 617 npcs and 2013 spawns for 60 resourses.
INFO 19:06:42:652 GeoMap3D: start fast import geodata_1.dat
INFO 19:06:44:625 GeoMap3D: import ended. load 1867238 quards.
INFO 19:06:44:626 GeoMap3D: start fast import geodata_2.dat
INFO 19:06:45:160 GeoMap3D: import ended. load 440227 quards.
INFO 19:06:45:161 GeoMap3D: start fast import geodata_3.dat
INFO 19:06:45:244 GeoMap3D: import ended. load 58040 quards.
INFO 19:06:45:245 GeoManager: initialized.
INFO 19:06:45:265 ItemExecutorManager: loaded 0 executor items.
INFO 19:06:45:306 CommandManager: loaded 94 commands.
INFO 19:06:45:367 SkillLearnManager: loaded 950 skill learn's for 8 clases.
INFO 19:06:45:386 AnnounceManager: loaded 0 start announces and 0 running announces.
INFO 19:06:45:410 AccountManager: initialized.
INFO 19:06:45:447 GuildManager: loaded 0 guilds.
INFO 19:06:47:417 QuestManager: loaded 455 quests.
INFO 19:06:47:425 OnlineManager: initialized.
INFO 19:06:47:522 GameLogManager: initialized.
INFO 19:06:48:137 Region: next battle "Veritas District" in 2018.12.16 15:00.
INFO 19:06:48:176 Region: next battle "Ostgarath" in 2018.12.16 15:00.
INFO 19:06:48:186 Region: next battle "Val Palrada" in 2018.12.15 19:00.
INFO 19:06:48:201 Region: next battle "Val Aureum" in 2018.12.15 19:00.
INFO 19:06:48:202 EventManager: loaded 5 events.
INFO 19:06:49:122 EventManager: the nearest event in 32 minutes.
INFO 19:06:49:151 PlayerManager: initialized.
INFO 19:06:49:191 Network: started.
INFO 19:06:49:191 GameServer: started.
