INFO 11:28:50:593 ServerControl: open server socket on 2101 port.
INFO 11:28:50:613 ExecutorManager: initialized.
INFO 11:28:51:245 CleaningManager: delete 0 reuses from a character_skill_reuses.
INFO 11:28:51:245 CleaningManager: delete 0 spawns from a boss_spawn.
INFO 11:28:51:246 CleaningManager: delete 0 appearances from a character_appearances.
INFO 11:28:51:246 CleaningManager: delete 0 effects from a character_save_effects.
INFO 11:28:51:246 CleaningManager: delete 0 inventors from a character_inventors.
INFO 11:28:51:247 CleaningManager: delete 0 skills from a character_skills.
INFO 11:28:51:247 CleaningManager: delete 0 hotkeys from a character_hotkey.
INFO 11:28:51:247 CleaningManager: delete 0 chars from a character_friends.
INFO 11:28:51:248 CleaningManager: delete 0 friends from a character_friends.
INFO 11:28:51:248 CleaningManager: delete 0 settings from a character_settings.
INFO 11:28:51:249 CleaningManager: delete 0 empty items from a items.
INFO 11:28:51:249 CleaningManager: delete 0 no owner items from a items.
INFO 11:28:51:250 CleaningManager: delete 0 no owner guild items from a items.
INFO 11:28:51:260 CleaningManager: create buffer table items.
INFO 11:28:51:261 CleaningManager: copy 12 items to buffer_items.
INFO 11:28:51:262 CleaningManager: delete 0 no owner items from a buffer_items.
INFO 11:28:51:271 CleaningManager: drop buffer table items.
INFO 11:28:51:271 CleaningManager: delete 0 from a quests.
INFO 11:28:51:271 CleaningManager: delete 0 from a quest variables.
INFO 11:28:51:272 CleaningManager: delete 0 from a guild ranks.
INFO 11:28:53:104 ClientPacketType: client packets prepared.
INFO 11:28:53:201 EffectParser: initialized.
INFO 11:28:53:219 RandomManager: initialized.
INFO 11:28:53:239 IdFactory: prepare npc ids...
INFO 11:28:53:241 BitSetIdGenerator: 102912 id's available.
INFO 11:28:53:242 IdFactory: prepare objects ids...
INFO 11:28:53:242 BitSetIdGenerator: 102912 id's available.
INFO 11:28:53:242 IdFactory: prepare players ids...
INFO 11:28:53:245 BitSetIdGenerator: extracted 2 ids.
INFO 11:28:53:245 BitSetIdGenerator: 102912 id's available.
INFO 11:28:53:245 IdFactory: prepare guilds ids...
INFO 11:28:53:246 BitSetIdGenerator: extracted 0 ids.
INFO 11:28:53:246 BitSetIdGenerator: 102912 id's available.
INFO 11:28:53:246 IdFactory: prepare item ids...
INFO 11:28:53:246 BitSetIdGenerator: extracted 12 ids.
INFO 11:28:53:246 BitSetIdGenerator: 102912 id's available.
INFO 11:28:53:289 ServerVarManager: loaded 0 variables.
INFO 11:28:53:342 BossSpawnManager: loaded 0 boss spawns.
INFO 11:28:54:778 TerritoryTable: loaded 160 territories for 18803 regions.
INFO 11:28:56:817 WorldZoneTable: loaded 12 world zones for 31986 regions.
INFO 11:28:56:841 ConditionParser: initializable.
WARNING 11:29:00:397 SkillTable: detected once the file D:\Documents\Documents\Java\Tera Server\.\data\skills\summon_skills\deprecated.zip
INFO 11:29:00:488 SkillTable: loaded 4613 skills for 19 classes.
INFO 11:29:02:318 ItemTable: loaded 10138 items.
INFO 11:29:02:416 Race: race appearances initializable.
INFO 11:29:02:482 PlayerTable: loaded 104 player templates.
WARNING 11:29:03:446 DropTable: not found items [50048]
INFO 11:29:03:446 DropTable: load drop for 407 npcs and 126 for resourse.
INFO 11:29:03:529 TownTable: initialized.
WARNING 11:29:03:870 NpcDialogTable: detected once the file D:\Documents\Documents\Java\Tera Server\.\data\dialogs\dialogs.txt
INFO 11:29:04:170 NpcDialogTable: loaded 88 dialogs.
INFO 11:29:04:265 MessagePackageTable: loaded 34 message packages.
INFO 11:29:04:793 ConfigAITable: loaded 45 npc ai configs.
INFO 11:29:04:873 NpcAppearanceTable: initialized. Loaded 59 appearances.
WARNING 11:29:05:492 NpcTable: detected once the file D:\Documents\Documents\Java\Tera Server\.\data\npcs\summons\playable_summons.zip
INFO 11:29:05:552 NpcTable: loaded  816 npcs.
INFO 11:29:05:778 ResourseTable: loaded  253 resourses.
INFO 11:29:07:475 MinionTable: loaded 303 minions for 42 npcs.
INFO 11:29:07:490 RegenTaskManager: initializable.
INFO 11:29:07:759 Formulas: initialized.
INFO 11:29:07:802 EffectTaskManager: initialized.
INFO 11:29:09:663 ObjectEventManager: initialized.
INFO 11:29:09:688 MoveTaskManager: initialized.
INFO 11:29:10:270 SpawnTable: loaded 19515 spawns for 617 npcs and 2013 spawns for 60 resourses.
INFO 11:29:10:378 GeoMap3D: start fast import geodata_1.dat
INFO 11:29:10:868 GeoMap3D: import ended. load 1867238 quards.
INFO 11:29:10:929 GeoMap3D: start fast import geodata_2.dat
INFO 11:29:11:089 GeoMap3D: import ended. load 440227 quards.
INFO 11:29:11:130 GeoMap3D: start fast import geodata_3.dat
INFO 11:29:11:194 GeoMap3D: import ended. load 58040 quards.
INFO 11:29:11:194 GeoManager: initialized.
INFO 11:29:11:363 ItemExecutorManager: loaded 0 executor items.
INFO 11:29:11:966 CommandManager: loaded 94 commands.
INFO 11:29:12:214 SkillLearnManager: loaded 950 skill learn's for 8 clases.
INFO 11:29:12:329 AnnounceManager: loaded 0 start announces and 0 running announces.
INFO 11:29:12:430 AccountManager: initialized.
INFO 11:29:12:453 GuildManager: loaded 0 guilds.
INFO 11:29:14:782 QuestManager: loaded 455 quests.
INFO 11:29:14:961 OnlineManager: initialized.
INFO 11:29:15:011 GameLogManager: initialized.
INFO 11:29:16:302 Region: next battle "Veritas District" in 2018.12.16 15:00.
INFO 11:29:16:304 Region: next battle "Ostgarath" in 2018.12.16 15:00.
INFO 11:29:16:307 Region: next battle "Val Palrada" in 2018.12.15 19:00.
INFO 11:29:16:308 Region: next battle "Val Aureum" in 2018.12.15 19:00.
INFO 11:29:16:308 EventManager: loaded 5 events.
INFO 11:29:16:380 EventManager: the nearest event in 34 minutes.
INFO 11:29:16:693 PlayerManager: initialized.
INFO 11:29:16:733 Network: started.
INFO 11:29:16:733 GameServer: started.
INFO 11:31:22:927 AccountManager: authed admin
INFO 11:34:00:636 AccountManager: close admin
