INFO 23:47:40:998 ServerControl: open server socket on 2101 port.
INFO 23:47:41:019 ExecutorManager: initialized.
INFO 23:47:44:896 CleaningManager: delete 0 reuses from a character_skill_reuses.
INFO 23:47:44:898 CleaningManager: delete 0 spawns from a boss_spawn.
INFO 23:47:44:900 CleaningManager: delete 0 appearances from a character_appearances.
INFO 23:47:44:904 CleaningManager: delete 0 effects from a character_save_effects.
INFO 23:47:44:906 CleaningManager: delete 0 inventors from a character_inventors.
INFO 23:47:44:909 CleaningManager: delete 0 skills from a character_skills.
INFO 23:47:44:911 CleaningManager: delete 0 hotkeys from a character_hotkey.
INFO 23:47:44:913 CleaningManager: delete 0 chars from a character_friends.
INFO 23:47:44:916 CleaningManager: delete 0 friends from a character_friends.
INFO 23:47:44:918 CleaningManager: delete 0 settings from a character_settings.
INFO 23:47:44:919 CleaningManager: delete 0 empty items from a items.
INFO 23:47:44:921 CleaningManager: delete 0 no owner items from a items.
INFO 23:47:44:923 CleaningManager: delete 0 no owner guild items from a items.
INFO 23:47:44:963 CleaningManager: create buffer table items.
INFO 23:47:44:967 CleaningManager: copy 6 items to buffer_items.
INFO 23:47:44:968 CleaningManager: delete 0 no owner items from a buffer_items.
INFO 23:47:44:989 CleaningManager: drop buffer table items.
INFO 23:47:44:990 CleaningManager: delete 0 from a quests.
INFO 23:47:44:992 CleaningManager: delete 0 from a quest variables.
INFO 23:47:44:993 CleaningManager: delete 0 from a guild ranks.
INFO 23:47:46:335 ClientPacketType: client packets prepared.
INFO 23:47:46:696 EffectParser: initialized.
INFO 23:47:46:731 RandomManager: initialized.
INFO 23:47:46:741 IdFactory: prepare npc ids...
INFO 23:47:46:795 BitSetIdGenerator: 102912 id's available.
INFO 23:47:46:799 IdFactory: prepare objects ids...
INFO 23:47:46:802 BitSetIdGenerator: 102912 id's available.
INFO 23:47:46:807 IdFactory: prepare players ids...
INFO 23:47:46:865 BitSetIdGenerator: extracted 1 ids.
INFO 23:47:46:867 BitSetIdGenerator: 102912 id's available.
INFO 23:47:46:869 IdFactory: prepare guilds ids...
INFO 23:47:46:877 BitSetIdGenerator: extracted 0 ids.
INFO 23:47:46:878 BitSetIdGenerator: 102912 id's available.
INFO 23:47:46:880 IdFactory: prepare item ids...
INFO 23:47:46:885 BitSetIdGenerator: extracted 6 ids.
INFO 23:47:46:887 BitSetIdGenerator: 102912 id's available.
INFO 23:47:47:355 ServerVarManager: loaded 0 variables.
INFO 23:47:47:422 BossSpawnManager: loaded 0 boss spawns.
INFO 23:47:56:228 TerritoryTable: loaded 160 territories for 18803 regions.
INFO 23:48:03:464 WorldZoneTable: loaded 12 world zones for 31986 regions.
INFO 23:48:03:472 ConditionParser: initializable.
WARNING 23:48:06:791 SkillTable: detected once the file D:\Documents\Documents\Java\Tera Server\.\data\skills\summon_skills\deprecated.zip
INFO 23:48:06:825 SkillTable: loaded 4613 skills for 19 classes.
INFO 23:48:09:410 ItemTable: loaded 10138 items.
INFO 23:48:09:459 Race: race appearances initializable.
INFO 23:48:09:491 PlayerTable: loaded 104 player templates.
WARNING 23:48:11:008 DropTable: not found items [50048]
INFO 23:48:11:008 DropTable: load drop for 407 npcs and 126 for resourse.
INFO 23:48:11:028 TownTable: initialized.
WARNING 23:48:11:096 NpcDialogTable: detected once the file D:\Documents\Documents\Java\Tera Server\.\data\dialogs\dialogs.txt
INFO 23:48:11:342 NpcDialogTable: loaded 88 dialogs.
INFO 23:48:11:393 MessagePackageTable: loaded 34 message packages.
INFO 23:48:11:807 ConfigAITable: loaded 45 npc ai configs.
INFO 23:48:11:907 NpcAppearanceTable: initialized. Loaded 59 appearances.
WARNING 23:48:12:512 NpcTable: detected once the file D:\Documents\Documents\Java\Tera Server\.\data\npcs\summons\playable_summons.zip
INFO 23:48:12:539 NpcTable: loaded  816 npcs.
INFO 23:48:12:575 ResourseTable: loaded  253 resourses.
INFO 23:48:12:614 MinionTable: loaded 303 minions for 42 npcs.
INFO 23:48:12:616 RegenTaskManager: initializable.
INFO 23:48:12:665 Formulas: initialized.
INFO 23:48:12:683 EffectTaskManager: initialized.
INFO 23:48:14:874 ObjectEventManager: initialized.
INFO 23:48:14:876 MoveTaskManager: initialized.
INFO 23:48:17:823 SpawnTable: loaded 19515 spawns for 617 npcs and 2013 spawns for 60 resourses.
INFO 23:48:17:841 GeoMap3D: start fast import geodata_1.dat
INFO 23:48:20:118 GeoMap3D: import ended. load 1867238 quards.
INFO 23:48:20:119 GeoMap3D: start fast import geodata_2.dat
INFO 23:48:20:491 GeoMap3D: import ended. load 440227 quards.
INFO 23:48:20:492 GeoMap3D: start fast import geodata_3.dat
INFO 23:48:20:563 GeoMap3D: import ended. load 58040 quards.
INFO 23:48:20:564 GeoManager: initialized.
INFO 23:48:20:586 ItemExecutorManager: loaded 0 executor items.
INFO 23:48:20:734 CommandManager: loaded 94 commands.
INFO 23:48:20:794 SkillLearnManager: loaded 950 skill learn's for 8 clases.
INFO 23:48:20:815 AnnounceManager: loaded 0 start announces and 0 running announces.
INFO 23:48:20:845 AccountManager: initialized.
INFO 23:48:20:870 GuildManager: loaded 0 guilds.
INFO 23:48:23:942 QuestManager: loaded 455 quests.
INFO 23:48:23:959 OnlineManager: initialized.
INFO 23:48:24:030 GameLogManager: initialized.
INFO 23:48:24:988 Region: next battle "Veritas District" in 2018.12.16 15:00.
INFO 23:48:25:003 Region: next battle "Ostgarath" in 2018.12.16 15:00.
INFO 23:48:25:024 Region: next battle "Val Palrada" in 2018.12.15 19:00.
INFO 23:48:25:048 Region: next battle "Val Aureum" in 2018.12.15 19:00.
INFO 23:48:25:050 EventManager: loaded 5 events.
INFO 23:48:25:860 EventManager: the nearest event in 59 minutes.
INFO 23:48:25:879 PlayerManager: initialized.
INFO 23:48:25:918 Network: started.
INFO 23:48:25:919 GameServer: started.
INFO 23:48:30:105 AccountManager: authed admin
INFO 23:48:41:044 AccountManager: close admin
