INFO 11:54:36:781 ServerControl: open server socket on 2101 port.
INFO 11:54:36:801 ExecutorManager: initialized.
INFO 11:54:39:228 CleaningManager: delete 0 reuses from a character_skill_reuses.
INFO 11:54:39:229 CleaningManager: delete 0 spawns from a boss_spawn.
INFO 11:54:39:231 CleaningManager: delete 0 appearances from a character_appearances.
INFO 11:54:39:232 CleaningManager: delete 0 effects from a character_save_effects.
INFO 11:54:39:234 CleaningManager: delete 0 inventors from a character_inventors.
INFO 11:54:39:238 CleaningManager: delete 0 skills from a character_skills.
INFO 11:54:39:240 CleaningManager: delete 0 hotkeys from a character_hotkey.
INFO 11:54:39:243 CleaningManager: delete 0 chars from a character_friends.
INFO 11:54:39:247 CleaningManager: delete 0 friends from a character_friends.
INFO 11:54:39:250 CleaningManager: delete 0 settings from a character_settings.
INFO 11:54:39:253 CleaningManager: delete 0 empty items from a items.
INFO 11:54:39:257 CleaningManager: delete 0 no owner items from a items.
INFO 11:54:39:263 CleaningManager: delete 0 no owner guild items from a items.
INFO 11:54:39:449 CleaningManager: create buffer table items.
INFO 11:54:39:457 CleaningManager: copy 12 items to buffer_items.
INFO 11:54:39:459 CleaningManager: delete 0 no owner items from a buffer_items.
INFO 11:54:39:494 CleaningManager: drop buffer table items.
INFO 11:54:39:495 CleaningManager: delete 0 from a quests.
INFO 11:54:39:496 CleaningManager: delete 0 from a quest variables.
INFO 11:54:39:497 CleaningManager: delete 0 from a guild ranks.
INFO 11:54:39:741 ClientPacketType: client packets prepared.
INFO 11:54:39:801 EffectParser: initialized.
INFO 11:54:39:812 RandomManager: initialized.
INFO 11:54:39:814 IdFactory: prepare npc ids...
INFO 11:54:39:861 BitSetIdGenerator: 102912 id's available.
INFO 11:54:39:862 IdFactory: prepare objects ids...
INFO 11:54:39:863 BitSetIdGenerator: 102912 id's available.
INFO 11:54:39:863 IdFactory: prepare players ids...
INFO 11:54:39:906 BitSetIdGenerator: extracted 2 ids.
INFO 11:54:39:907 BitSetIdGenerator: 102912 id's available.
INFO 11:54:39:908 IdFactory: prepare guilds ids...
INFO 11:54:39:910 BitSetIdGenerator: extracted 0 ids.
INFO 11:54:39:911 BitSetIdGenerator: 102912 id's available.
INFO 11:54:39:911 IdFactory: prepare item ids...
INFO 11:54:39:915 BitSetIdGenerator: extracted 12 ids.
INFO 11:54:39:916 BitSetIdGenerator: 102912 id's available.
INFO 11:54:39:971 ServerVarManager: loaded 0 variables.
INFO 11:54:39:981 BossSpawnManager: loaded 0 boss spawns.
INFO 11:54:44:690 TerritoryTable: loaded 160 territories for 18803 regions.
INFO 11:54:51:318 WorldZoneTable: loaded 12 world zones for 31986 regions.
INFO 11:54:51:322 ConditionParser: initializable.
WARNING 11:54:53:507 SkillTable: detected once the file D:\Documents\Documents\Java\Tera Server\.\data\skills\summon_skills\deprecated.zip
INFO 11:54:53:589 SkillTable: loaded 4613 skills for 19 classes.
INFO 11:54:55:871 ItemTable: loaded 10138 items.
INFO 11:54:55:900 Race: race appearances initializable.
INFO 11:54:55:921 PlayerTable: loaded 104 player templates.
WARNING 11:54:56:923 DropTable: not found items [50048]
INFO 11:54:56:924 DropTable: load drop for 407 npcs and 126 for resourse.
INFO 11:54:56:937 TownTable: initialized.
WARNING 11:54:56:996 NpcDialogTable: detected once the file D:\Documents\Documents\Java\Tera Server\.\data\dialogs\dialogs.txt
INFO 11:54:57:134 NpcDialogTable: loaded 88 dialogs.
INFO 11:54:57:153 MessagePackageTable: loaded 34 message packages.
INFO 11:54:57:363 ConfigAITable: loaded 45 npc ai configs.
INFO 11:54:57:402 NpcAppearanceTable: initialized. Loaded 59 appearances.
WARNING 11:54:58:052 NpcTable: detected once the file D:\Documents\Documents\Java\Tera Server\.\data\npcs\summons\playable_summons.zip
INFO 11:54:58:083 NpcTable: loaded  816 npcs.
INFO 11:54:58:167 ResourseTable: loaded  253 resourses.
INFO 11:54:58:209 MinionTable: loaded 303 minions for 42 npcs.
INFO 11:54:58:212 RegenTaskManager: initializable.
INFO 11:54:58:228 Formulas: initialized.
INFO 11:54:58:231 EffectTaskManager: initialized.
INFO 11:54:59:435 ObjectEventManager: initialized.
INFO 11:54:59:436 MoveTaskManager: initialized.
INFO 11:55:03:518 SpawnTable: loaded 19515 spawns for 617 npcs and 2013 spawns for 60 resourses.
INFO 11:55:03:548 GeoMap3D: start fast import geodata_1.dat
INFO 11:55:04:611 GeoMap3D: import ended. load 1867238 quards.
INFO 11:55:04:612 GeoMap3D: start fast import geodata_2.dat
INFO 11:55:04:973 GeoMap3D: import ended. load 440227 quards.
INFO 11:55:04:977 GeoMap3D: start fast import geodata_3.dat
INFO 11:55:04:989 GeoMap3D: import ended. load 58040 quards.
INFO 11:55:04:989 GeoManager: initialized.
INFO 11:55:05:011 ItemExecutorManager: loaded 0 executor items.
INFO 11:55:05:055 CommandManager: loaded 94 commands.
INFO 11:55:05:094 SkillLearnManager: loaded 950 skill learn's for 8 clases.
INFO 11:55:05:106 AnnounceManager: loaded 0 start announces and 0 running announces.
INFO 11:55:05:114 AccountManager: initialized.
INFO 11:55:05:128 GuildManager: loaded 0 guilds.
INFO 11:55:06:432 QuestManager: loaded 455 quests.
INFO 11:55:06:436 OnlineManager: initialized.
INFO 11:55:06:444 GameLogManager: initialized.
INFO 11:55:06:803 Region: next battle "Veritas District" in 2018.12.16 15:00.
INFO 11:55:06:820 Region: next battle "Ostgarath" in 2018.12.16 15:00.
INFO 11:55:06:827 Region: next battle "Val Palrada" in 2018.12.15 19:00.
INFO 11:55:06:844 Region: next battle "Val Aureum" in 2018.12.15 19:00.
INFO 11:55:06:844 EventManager: loaded 5 events.
INFO 11:55:07:465 EventManager: the nearest event in 38 minutes.
INFO 11:55:07:480 PlayerManager: initialized.
INFO 11:55:07:540 Network: started.
INFO 11:55:07:540 GameServer: started.
WARNING 11:55:30:470 ClientConnection: not found packet for opcode B43D
20 00 BC 4D 02 00 08 00 08 00 14 00 00 00 00 00    ..¼M............
32 4D 04 00 14 00 00 00 01 00 00 00 C4 57 04 00    2M..........ÄW..
3F 00 3D B4 13 00 1F 00 20 00 00 00 00 00 00 08    ?.=´............
00 00 00 61 00 64 00 6D 00 69 00 6E 00 00 00 32    ...a.d.m.i.n...2
31 32 33 32 66 32 39 37 61 35 37 61 35 61 37 34    1232f297a57a5a74
33 38 39 34 61 30 65 34 61 38 30 31 66 63 33       3894a0e4a801fc3.

INFO 11:55:30:478 AccountManager: authed admin
INFO 11:56:01:479 AccountManager: close admin
