INFO 18:54:57:576 ServerControl: open server socket on 2101 port.
INFO 18:54:57:584 ExecutorManager: initialized.
INFO 18:54:58:115 CleaningManager: delete 0 reuses from a character_skill_reuses.
INFO 18:54:58:116 CleaningManager: delete 0 spawns from a boss_spawn.
INFO 18:54:58:116 CleaningManager: delete 0 appearances from a character_appearances.
INFO 18:54:58:117 CleaningManager: delete 0 effects from a character_save_effects.
INFO 18:54:58:117 CleaningManager: delete 0 inventors from a character_inventors.
INFO 18:54:58:118 CleaningManager: delete 0 skills from a character_skills.
INFO 18:54:58:118 CleaningManager: delete 0 hotkeys from a character_hotkey.
INFO 18:54:58:118 CleaningManager: delete 0 chars from a character_friends.
INFO 18:54:58:119 CleaningManager: delete 0 friends from a character_friends.
INFO 18:54:58:120 CleaningManager: delete 0 settings from a character_settings.
INFO 18:54:58:120 CleaningManager: delete 0 empty items from a items.
INFO 18:54:58:120 CleaningManager: delete 0 no owner items from a items.
INFO 18:54:58:121 CleaningManager: delete 0 no owner guild items from a items.
INFO 18:54:58:135 CleaningManager: create buffer table items.
INFO 18:54:58:136 CleaningManager: copy 0 items to buffer_items.
INFO 18:54:58:136 CleaningManager: delete 0 no owner items from a buffer_items.
INFO 18:54:58:142 CleaningManager: drop buffer table items.
INFO 18:54:58:143 CleaningManager: delete 0 from a quests.
INFO 18:54:58:143 CleaningManager: delete 0 from a quest variables.
INFO 18:54:58:144 CleaningManager: delete 0 from a guild ranks.
INFO 18:54:58:206 ClientPacketType: client packets prepared.
INFO 18:54:58:229 EffectParser: initialized.
INFO 18:54:58:231 RandomManager: initialized.
INFO 18:54:58:232 IdFactory: prepare npc ids...
INFO 18:54:58:234 BitSetIdGenerator: 102912 id's available.
INFO 18:54:58:235 IdFactory: prepare objects ids...
INFO 18:54:58:235 BitSetIdGenerator: 102912 id's available.
INFO 18:54:58:235 IdFactory: prepare players ids...
INFO 18:54:58:238 BitSetIdGenerator: extracted 0 ids.
INFO 18:54:58:238 BitSetIdGenerator: 102912 id's available.
INFO 18:54:58:238 IdFactory: prepare guilds ids...
INFO 18:54:58:239 BitSetIdGenerator: extracted 0 ids.
INFO 18:54:58:239 BitSetIdGenerator: 102912 id's available.
INFO 18:54:58:239 IdFactory: prepare item ids...
INFO 18:54:58:239 BitSetIdGenerator: extracted 0 ids.
INFO 18:54:58:239 BitSetIdGenerator: 102912 id's available.
INFO 18:54:58:253 ServerVarManager: loaded 0 variables.
INFO 18:54:58:256 BossSpawnManager: loaded 0 boss spawns.
INFO 18:54:59:683 TerritoryTable: loaded 160 territories for 18803 regions.
INFO 18:55:02:016 WorldZoneTable: loaded 12 world zones for 31986 regions.
INFO 18:55:02:018 ConditionParser: initializable.
WARNING 18:55:02:580 SkillTable: detected once the file D:\Documents\Documents\Java\Tera Server\.\data\skills\summon_skills\deprecated.zip
INFO 18:55:02:597 SkillTable: loaded 4613 skills for 19 classes.
INFO 18:55:03:072 ItemTable: loaded 10138 items.
INFO 18:55:03:092 Race: race appearances initializable.
INFO 18:55:03:101 PlayerTable: loaded 104 player templates.
WARNING 18:55:03:440 DropTable: not found items [50048]
INFO 18:55:03:440 DropTable: load drop for 407 npcs and 126 for resourse.
INFO 18:55:03:445 TownTable: initialized.
WARNING 18:55:03:470 NpcDialogTable: detected once the file D:\Documents\Documents\Java\Tera Server\.\data\dialogs\dialogs.txt
INFO 18:55:03:504 NpcDialogTable: loaded 88 dialogs.
INFO 18:55:03:510 MessagePackageTable: loaded 34 message packages.
INFO 18:55:03:554 ConfigAITable: loaded 45 npc ai configs.
INFO 18:55:03:567 NpcAppearanceTable: initialized. Loaded 59 appearances.
WARNING 18:55:03:722 NpcTable: detected once the file D:\Documents\Documents\Java\Tera Server\.\data\npcs\summons\playable_summons.zip
INFO 18:55:03:733 NpcTable: loaded  816 npcs.
INFO 18:55:03:756 ResourseTable: loaded  253 resourses.
INFO 18:55:03:774 MinionTable: loaded 303 minions for 42 npcs.
INFO 18:55:03:775 RegenTaskManager: initializable.
INFO 18:55:03:783 Formulas: initialized.
INFO 18:55:03:784 EffectTaskManager: initialized.
INFO 18:55:04:122 ObjectEventManager: initialized.
INFO 18:55:04:123 MoveTaskManager: initialized.
INFO 18:55:04:808 SpawnTable: loaded 19515 spawns for 617 npcs and 2013 spawns for 60 resourses.
INFO 18:55:04:813 GeoMap3D: start fast import geodata_1.dat
INFO 18:55:05:096 GeoMap3D: import ended. load 1867238 quards.
INFO 18:55:05:096 GeoMap3D: start fast import geodata_2.dat
INFO 18:55:05:201 GeoMap3D: import ended. load 440227 quards.
INFO 18:55:05:202 GeoMap3D: start fast import geodata_3.dat
INFO 18:55:05:238 GeoMap3D: import ended. load 58040 quards.
INFO 18:55:05:238 GeoManager: initialized.
INFO 18:55:05:258 ItemExecutorManager: loaded 0 executor items.
INFO 18:55:05:283 CommandManager: loaded 94 commands.
INFO 18:55:05:301 SkillLearnManager: loaded 950 skill learn's for 8 clases.
INFO 18:55:05:306 AnnounceManager: loaded 0 start announces and 0 running announces.
INFO 18:55:05:310 AccountManager: initialized.
INFO 18:55:05:315 GuildManager: loaded 0 guilds.
INFO 18:55:05:777 QuestManager: loaded 455 quests.
INFO 18:55:05:781 OnlineManager: initialized.
INFO 18:55:05:795 GameLogManager: initialized.
INFO 18:55:05:892 Region: next battle "Veritas District" in 2018.12.16 15:00.
INFO 18:55:05:894 Region: next battle "Ostgarath" in 2018.12.16 15:00.
INFO 18:55:05:897 Region: next battle "Val Palrada" in 2018.12.15 19:00.
INFO 18:55:05:899 Region: next battle "Val Aureum" in 2018.12.15 19:00.
INFO 18:55:05:899 EventManager: loaded 5 events.
INFO 18:55:06:010 EventManager: the nearest event in 38 minutes.
INFO 18:55:06:017 PlayerManager: initialized.
INFO 18:55:06:036 Network: started.
INFO 18:55:06:036 GameServer: started.
