INFO 13:07:02:003 ServerControl: open server socket on 2101 port.
INFO 13:07:02:010 ExecutorManager: initialized.
INFO 13:07:02:574 CleaningManager: delete 0 reuses from a character_skill_reuses.
INFO 13:07:02:575 CleaningManager: delete 0 spawns from a boss_spawn.
INFO 13:07:02:575 CleaningManager: delete 0 appearances from a character_appearances.
INFO 13:07:02:576 CleaningManager: delete 0 effects from a character_save_effects.
INFO 13:07:02:576 CleaningManager: delete 0 inventors from a character_inventors.
INFO 13:07:02:577 CleaningManager: delete 0 skills from a character_skills.
INFO 13:07:02:577 CleaningManager: delete 0 hotkeys from a character_hotkey.
INFO 13:07:02:577 CleaningManager: delete 0 chars from a character_friends.
INFO 13:07:02:578 CleaningManager: delete 0 friends from a character_friends.
INFO 13:07:02:579 CleaningManager: delete 0 settings from a character_settings.
INFO 13:07:02:579 CleaningManager: delete 0 empty items from a items.
INFO 13:07:02:580 CleaningManager: delete 0 no owner items from a items.
INFO 13:07:02:580 CleaningManager: delete 0 no owner guild items from a items.
INFO 13:07:02:602 CleaningManager: create buffer table items.
INFO 13:07:02:604 CleaningManager: copy 12 items to buffer_items.
INFO 13:07:02:605 CleaningManager: delete 0 no owner items from a buffer_items.
INFO 13:07:02:635 CleaningManager: drop buffer table items.
INFO 13:07:02:636 CleaningManager: delete 0 from a quests.
INFO 13:07:02:639 CleaningManager: delete 0 from a quest variables.
INFO 13:07:02:640 CleaningManager: delete 0 from a guild ranks.
INFO 13:07:02:732 ClientPacketType: client packets prepared.
INFO 13:07:02:761 EffectParser: initialized.
INFO 13:07:02:765 RandomManager: initialized.
INFO 13:07:02:766 IdFactory: prepare npc ids...
INFO 13:07:02:776 BitSetIdGenerator: 102912 id's available.
INFO 13:07:02:777 IdFactory: prepare objects ids...
INFO 13:07:02:777 BitSetIdGenerator: 102912 id's available.
INFO 13:07:02:777 IdFactory: prepare players ids...
INFO 13:07:02:781 BitSetIdGenerator: extracted 2 ids.
INFO 13:07:02:782 BitSetIdGenerator: 102912 id's available.
INFO 13:07:02:782 IdFactory: prepare guilds ids...
INFO 13:07:02:783 BitSetIdGenerator: extracted 0 ids.
INFO 13:07:02:783 BitSetIdGenerator: 102912 id's available.
INFO 13:07:02:783 IdFactory: prepare item ids...
INFO 13:07:02:784 BitSetIdGenerator: extracted 12 ids.
INFO 13:07:02:784 BitSetIdGenerator: 102912 id's available.
INFO 13:07:02:805 ServerVarManager: loaded 0 variables.
INFO 13:07:02:810 BossSpawnManager: loaded 0 boss spawns.
INFO 13:07:04:023 TerritoryTable: loaded 160 territories for 18803 regions.
INFO 13:07:05:831 WorldZoneTable: loaded 12 world zones for 31986 regions.
INFO 13:07:05:832 ConditionParser: initializable.
WARNING 13:07:06:329 SkillTable: detected once the file D:\Documents\Documents\Java\Tera Server\.\data\skills\summon_skills\deprecated.zip
INFO 13:07:06:345 SkillTable: loaded 4613 skills for 19 classes.
INFO 13:07:06:715 ItemTable: loaded 10138 items.
INFO 13:07:06:730 Race: race appearances initializable.
INFO 13:07:06:748 PlayerTable: loaded 104 player templates.
WARNING 13:07:06:957 DropTable: not found items [50048]
INFO 13:07:06:957 DropTable: load drop for 407 npcs and 126 for resourse.
INFO 13:07:06:962 TownTable: initialized.
WARNING 13:07:06:983 NpcDialogTable: detected once the file D:\Documents\Documents\Java\Tera Server\.\data\dialogs\dialogs.txt
INFO 13:07:07:014 NpcDialogTable: loaded 88 dialogs.
INFO 13:07:07:019 MessagePackageTable: loaded 34 message packages.
INFO 13:07:07:054 ConfigAITable: loaded 45 npc ai configs.
INFO 13:07:07:065 NpcAppearanceTable: initialized. Loaded 59 appearances.
WARNING 13:07:07:187 NpcTable: detected once the file D:\Documents\Documents\Java\Tera Server\.\data\npcs\summons\playable_summons.zip
INFO 13:07:07:194 NpcTable: loaded  816 npcs.
INFO 13:07:07:208 ResourseTable: loaded  253 resourses.
INFO 13:07:07:221 MinionTable: loaded 303 minions for 42 npcs.
INFO 13:07:07:222 RegenTaskManager: initializable.
INFO 13:07:07:230 Formulas: initialized.
INFO 13:07:07:231 EffectTaskManager: initialized.
INFO 13:07:07:524 ObjectEventManager: initialized.
INFO 13:07:07:525 MoveTaskManager: initialized.
INFO 13:07:08:158 SpawnTable: loaded 19515 spawns for 617 npcs and 2013 spawns for 60 resourses.
INFO 13:07:08:180 GeoMap3D: start fast import geodata_1.dat
INFO 13:07:08:414 GeoMap3D: import ended. load 1867238 quards.
INFO 13:07:08:414 GeoMap3D: start fast import geodata_2.dat
INFO 13:07:08:485 GeoMap3D: import ended. load 440227 quards.
INFO 13:07:08:485 GeoMap3D: start fast import geodata_3.dat
INFO 13:07:08:500 GeoMap3D: import ended. load 58040 quards.
INFO 13:07:08:500 GeoManager: initialized.
INFO 13:07:08:506 ItemExecutorManager: loaded 0 executor items.
INFO 13:07:08:517 CommandManager: loaded 94 commands.
INFO 13:07:08:524 SkillLearnManager: loaded 950 skill learn's for 8 clases.
INFO 13:07:08:529 AnnounceManager: loaded 0 start announces and 0 running announces.
INFO 13:07:08:530 AccountManager: initialized.
INFO 13:07:08:532 GuildManager: loaded 0 guilds.
INFO 13:07:08:768 QuestManager: loaded 455 quests.
INFO 13:07:08:769 OnlineManager: initialized.
INFO 13:07:08:771 GameLogManager: initialized.
INFO 13:07:08:871 Region: next battle "Veritas District" in 2018.12.16 15:00.
INFO 13:07:08:872 Region: next battle "Ostgarath" in 2018.12.16 15:00.
INFO 13:07:08:874 Region: next battle "Val Palrada" in 2018.12.15 19:00.
INFO 13:07:08:875 Region: next battle "Val Aureum" in 2018.12.15 19:00.
INFO 13:07:08:875 EventManager: loaded 5 events.
INFO 13:07:08:965 EventManager: the nearest event in 34 minutes.
INFO 13:07:08:971 PlayerManager: initialized.
INFO 13:07:08:988 Network: started.
INFO 13:07:08:988 GameServer: started.
WARNING 13:07:40:351 ClientConnection: not found packet for opcode B43D
20 00 BC 4D 02 00 08 00 08 00 14 00 00 00 00 00    ..¼M............
32 4D 04 00 14 00 00 00 01 00 00 00 C4 57 04 00    2M..........ÄW..
3F 00 3D B4 13 00 1F 00 20 00 00 00 00 00 00 08    ?.=´............
00 00 00 61 00 64 00 6D 00 69 00 6E 00 00 00 32    ...a.d.m.i.n...2
31 32 33 32 66 32 39 37 61 35 37 61 35 61 37 34    1232f297a57a5a74
33 38 39 34 61 30 65 34 61 38 30 31 66 63 33       3894a0e4a801fc3.

INFO 13:07:40:356 AccountManager: authed admin
WARNING 13:07:42:161 ClientConnection: not found packet for opcode B54D
DD 00 4D B5 37 00 59 00 AD 00 AF 3F 00 00 80 00    Ý.Mµ7.Y.­.¯?...
00 00 80 07 00 00 38 04 00 00 00 80 07 00 00 38    .....8.......8
04 00 00 02 00 00 00 C0 0D 00 00 38 04 00 00 04    .......À...8....
00 00 00 08 00 00 00 57 00 69 00 6E 00 64 00 6F    .......W.i.n.d.o
00 77 00 73 00 20 00 38 00 20 00 28 00 78 00 36    .w.s...8...(.x.6
00 34 00 29 00 20 00 00 00 49 00 6E 00 74 00 65    .4.).....I.n.t.e
00 6C 00 28 00 52 00 29 00 20 00 43 00 6F 00 72    .l.(.R.)...C.o.r
00 65 00 28 00 54 00 4D 00 29 00 20 00 69 00 37    .e.(.T.M.)...i.7
00 2D 00 34 00 37 00 31 00 30 00 48 00 51 00 20    .-.4.7.1.0.H.Q..
00 43 00 50 00 55 00 20 00 40 00 20 00 32 00 2E    .C.P.U...@...2..
00 35 00 30 00 47 00 48 00 7A 00 00 00 4E 00 56    .5.0.G.H.z...N.V
00 49 00 44 00 49 00 41 00 20 00 47 00 65 00 46    .I.D.I.A...G.e.F
00 6F 00 72 00 63 00 65 00 20 00 47 00 54 00 58    .o.r.c.e...G.T.X
00 20 00 38 00 37 00 30 00 4D 00 00 00             ...8.7.0.M......

INFO 13:07:50:277 AccountManager: close admin
