INFO 12:19:55:600 ServerControl: open server socket on 2101 port.
INFO 12:19:55:610 ExecutorManager: initialized.
INFO 12:19:58:115 CleaningManager: delete 0 reuses from a character_skill_reuses.
INFO 12:19:58:116 CleaningManager: delete 0 spawns from a boss_spawn.
INFO 12:19:58:117 CleaningManager: delete 0 appearances from a character_appearances.
INFO 12:19:58:117 CleaningManager: delete 0 effects from a character_save_effects.
INFO 12:19:58:118 CleaningManager: delete 0 inventors from a character_inventors.
INFO 12:19:58:119 CleaningManager: delete 0 skills from a character_skills.
INFO 12:19:58:120 CleaningManager: delete 0 hotkeys from a character_hotkey.
INFO 12:19:58:121 CleaningManager: delete 0 chars from a character_friends.
INFO 12:19:58:125 CleaningManager: delete 0 friends from a character_friends.
INFO 12:19:58:126 CleaningManager: delete 0 settings from a character_settings.
INFO 12:19:58:127 CleaningManager: delete 0 empty items from a items.
INFO 12:19:58:128 CleaningManager: delete 0 no owner items from a items.
INFO 12:19:58:128 CleaningManager: delete 0 no owner guild items from a items.
INFO 12:19:58:178 CleaningManager: create buffer table items.
INFO 12:19:58:198 CleaningManager: copy 118 items to buffer_items.
INFO 12:19:58:206 CleaningManager: delete 0 no owner items from a buffer_items.
INFO 12:19:58:411 CleaningManager: drop buffer table items.
INFO 12:19:58:412 CleaningManager: delete 0 from a quests.
INFO 12:19:58:412 CleaningManager: delete 0 from a quest variables.
INFO 12:19:58:418 CleaningManager: delete 0 from a guild ranks.
INFO 12:19:58:723 ClientPacketType: client packets prepared.
INFO 12:19:58:834 EffectParser: initialized.
INFO 12:19:58:838 RandomManager: initialized.
INFO 12:19:58:839 IdFactory: prepare npc ids...
INFO 12:19:58:843 BitSetIdGenerator: 102912 id's available.
INFO 12:19:58:843 IdFactory: prepare objects ids...
INFO 12:19:58:843 BitSetIdGenerator: 102912 id's available.
INFO 12:19:58:843 IdFactory: prepare players ids...
INFO 12:19:58:848 BitSetIdGenerator: extracted 5 ids.
INFO 12:19:58:848 BitSetIdGenerator: 102912 id's available.
INFO 12:19:58:848 IdFactory: prepare guilds ids...
INFO 12:19:58:850 BitSetIdGenerator: extracted 1 ids.
INFO 12:19:58:850 BitSetIdGenerator: 102912 id's available.
INFO 12:19:58:850 IdFactory: prepare item ids...
INFO 12:19:58:851 BitSetIdGenerator: extracted 118 ids.
WARNING 12:19:58:852 BitSetIdGenerator: objectId 1 in DB is less than minimum ID of 268435456.
INFO 12:19:58:852 BitSetIdGenerator: 102912 id's available.
INFO 12:19:58:878 ServerVarManager: loaded 0 variables.
INFO 12:19:58:884 BossSpawnManager: loaded 0 boss spawns.
INFO 12:20:02:457 TerritoryTable: loaded 160 territories for 18803 regions.
INFO 12:20:07:284 WorldZoneTable: loaded 12 world zones for 31986 regions.
INFO 12:20:07:286 ConditionParser: initializable.
WARNING 12:20:07:840 SkillTable: detected once the file D:\Documents\Documents\Java\Tera Server\.\data\skills\summon_skills\deprecated.zip
INFO 12:20:07:858 SkillTable: loaded 4613 skills for 19 classes.
INFO 12:20:08:401 ItemTable: loaded 10138 items.
INFO 12:20:08:416 Race: race appearances initializable.
INFO 12:20:08:425 PlayerTable: loaded 104 player templates.
WARNING 12:20:08:740 DropTable: not found items [50048]
INFO 12:20:08:740 DropTable: load drop for 407 npcs and 126 for resourse.
INFO 12:20:08:746 TownTable: initialized.
WARNING 12:20:08:784 NpcDialogTable: detected once the file D:\Documents\Documents\Java\Tera Server\.\data\dialogs\dialogs.txt
INFO 12:20:08:830 NpcDialogTable: loaded 88 dialogs.
INFO 12:20:08:838 MessagePackageTable: loaded 34 message packages.
INFO 12:20:08:894 ConfigAITable: loaded 45 npc ai configs.
INFO 12:20:08:919 NpcAppearanceTable: initialized. Loaded 59 appearances.
WARNING 12:20:09:070 NpcTable: detected once the file D:\Documents\Documents\Java\Tera Server\.\data\npcs\summons\playable_summons.zip
INFO 12:20:09:080 NpcTable: loaded  816 npcs.
INFO 12:20:09:132 ResourseTable: loaded  253 resourses.
INFO 12:20:09:145 MinionTable: loaded 303 minions for 42 npcs.
INFO 12:20:09:146 RegenTaskManager: initializable.
INFO 12:20:09:155 Formulas: initialized.
INFO 12:20:09:156 EffectTaskManager: initialized.
INFO 12:20:09:524 ObjectEventManager: initialized.
INFO 12:20:09:525 MoveTaskManager: initialized.
INFO 12:20:09:987 SpawnTable: loaded 19515 spawns for 617 npcs and 2013 spawns for 60 resourses.
INFO 12:20:10:024 GeoMap3D: start fast import geodata_1.dat
INFO 12:20:11:208 GeoMap3D: import ended. load 1867238 quards.
INFO 12:20:11:237 GeoMap3D: start fast import geodata_2.dat
INFO 12:20:11:325 GeoMap3D: import ended. load 440227 quards.
INFO 12:20:11:325 GeoMap3D: start fast import geodata_3.dat
INFO 12:20:12:309 GeoMap3D: import ended. load 58040 quards.
INFO 12:20:12:310 GeoManager: initialized.
INFO 12:20:12:317 ItemExecutorManager: loaded 0 executor items.
INFO 12:20:12:333 CommandManager: loaded 94 commands.
INFO 12:20:12:350 SkillLearnManager: loaded 950 skill learn's for 8 clases.
INFO 12:20:12:354 AnnounceManager: loaded 0 start announces and 0 running announces.
INFO 12:20:12:358 AccountManager: initialized.
INFO 12:20:12:388 GuildManager: loaded 1 guilds.
INFO 12:20:12:715 QuestManager: loaded 455 quests.
INFO 12:20:12:719 OnlineManager: initialized.
INFO 12:20:12:753 GameLogManager: initialized.
INFO 12:20:12:854 Region: next battle "Veritas District" in 2018.04.22 16:00.
INFO 12:20:12:856 Region: next battle "Ostgarath" in 2018.04.22 16:00.
INFO 12:20:12:859 Region: next battle "Val Palrada" in 2018.04.21 20:00.
INFO 12:20:12:861 Region: next battle "Val Aureum" in 2018.04.21 20:00.
INFO 12:20:12:861 EventManager: loaded 5 events.
INFO 12:20:13:573 EventManager: the nearest event in 48 minutes.
INFO 12:20:13:581 PlayerManager: initialized.
INFO 12:20:13:649 Network: started.
INFO 12:20:13:649 GameServer: started.
WARNING 12:20:15:360 ClientConnection: not found packet for opcode 4DBC
20 00 BC 4D 02 00 08 00 08 00 14 00 00 00 00 00    ..¼M............
94 5F 03 00 14 00 00 00 01 00 00 00 DC 5F 03 00    _..........Ü_..
3D 00 A4 78 13 00 1D 00 20 00 00 00 00 00 00 02    =.¤x............
00 00 00 74 00 65 00 73 00 74 00 00 00 30 39 38    ...t.e.s.t...098
66 36 62 63 64 34 36 32 31 64 33 37 33 63 61 64    f6bcd4621d373cad
65 34 65 38 33 32 36 32 37 62 34 66 36             e4e832627b4f6...

WARNING 12:20:15:372 DataBaseManager: SQLException : Field 'EmailVerify' doesn't have a default value : stack trace:
com.mysql.jdbc.SQLError.createSQLException(SQLError.java:1073)
com.mysql.jdbc.MysqlIO.checkErrorPacket(MysqlIO.java:3597)
com.mysql.jdbc.MysqlIO.checkErrorPacket(MysqlIO.java:3529)
com.mysql.jdbc.MysqlIO.sendCommand(MysqlIO.java:1990)
com.mysql.jdbc.MysqlIO.sqlQueryDirect(MysqlIO.java:2151)
com.mysql.jdbc.ConnectionImpl.execSQL(ConnectionImpl.java:2625)
com.mysql.jdbc.PreparedStatement.executeInternal(PreparedStatement.java:2119)
com.mysql.jdbc.PreparedStatement.execute(PreparedStatement.java:1362)
com.jolbox.bonecp.PreparedStatementHandle.execute(PreparedStatementHandle.java:138)
tera.gameserver.manager.DataBaseManager.createAccount(DataBaseManager.java:300)
tera.gameserver.manager.AccountManager.login(AccountManager.java:220)
tera.gameserver.network.clientpackets.RequestAuthLogin.runImpl(RequestAuthLogin.java:48)
rlib.network.packets.AbstractReadeablePacket.run(AbstractReadeablePacket.java:175)
java.util.concurrent.ThreadPoolExecutor.runWorker(ThreadPoolExecutor.java:1142)
java.util.concurrent.ThreadPoolExecutor$Worker.run(ThreadPoolExecutor.java:617)
java.lang.Thread.run(Thread.java:745)

INFO 12:20:15:376 AccountManager: not found account: test
