INFO 20:36:56:837 ServerControl: open server socket on 2101 port.
INFO 20:36:56:845 ExecutorManager: initialized.
INFO 20:36:57:530 CleaningManager: delete 0 reuses from a character_skill_reuses.
INFO 20:36:57:530 CleaningManager: delete 0 spawns from a boss_spawn.
INFO 20:36:57:531 CleaningManager: delete 0 appearances from a character_appearances.
INFO 20:36:57:532 CleaningManager: delete 0 effects from a character_save_effects.
INFO 20:36:57:532 CleaningManager: delete 0 inventors from a character_inventors.
INFO 20:36:57:532 CleaningManager: delete 0 skills from a character_skills.
INFO 20:36:57:533 CleaningManager: delete 0 hotkeys from a character_hotkey.
INFO 20:36:57:533 CleaningManager: delete 0 chars from a character_friends.
INFO 20:36:57:534 CleaningManager: delete 0 friends from a character_friends.
INFO 20:36:57:534 CleaningManager: delete 0 settings from a character_settings.
INFO 20:36:57:535 CleaningManager: delete 0 empty items from a items.
INFO 20:36:57:535 CleaningManager: delete 0 no owner items from a items.
INFO 20:36:57:535 CleaningManager: delete 0 no owner guild items from a items.
INFO 20:36:57:550 CleaningManager: create buffer table items.
INFO 20:36:57:552 CleaningManager: copy 0 items to buffer_items.
INFO 20:36:57:552 CleaningManager: delete 0 no owner items from a buffer_items.
INFO 20:36:57:562 CleaningManager: drop buffer table items.
INFO 20:36:57:562 CleaningManager: delete 0 from a quests.
INFO 20:36:57:563 CleaningManager: delete 0 from a quest variables.
INFO 20:36:57:563 CleaningManager: delete 0 from a guild ranks.
INFO 20:36:57:645 ClientPacketType: client packets prepared.
INFO 20:36:57:683 EffectParser: initialized.
INFO 20:36:57:687 RandomManager: initialized.
INFO 20:36:57:688 IdFactory: prepare npc ids...
INFO 20:36:57:693 BitSetIdGenerator: 102912 id's available.
INFO 20:36:57:694 IdFactory: prepare objects ids...
INFO 20:36:57:694 BitSetIdGenerator: 102912 id's available.
INFO 20:36:57:694 IdFactory: prepare players ids...
INFO 20:36:57:698 BitSetIdGenerator: extracted 0 ids.
INFO 20:36:57:699 BitSetIdGenerator: 102912 id's available.
INFO 20:36:57:699 IdFactory: prepare guilds ids...
INFO 20:36:57:700 BitSetIdGenerator: extracted 0 ids.
INFO 20:36:57:700 BitSetIdGenerator: 102912 id's available.
INFO 20:36:57:700 IdFactory: prepare item ids...
INFO 20:36:57:701 BitSetIdGenerator: extracted 0 ids.
INFO 20:36:57:701 BitSetIdGenerator: 102912 id's available.
INFO 20:36:57:728 ServerVarManager: loaded 0 variables.
INFO 20:36:57:732 BossSpawnManager: loaded 0 boss spawns.
INFO 20:36:59:461 TerritoryTable: loaded 160 territories for 18803 regions.
INFO 20:37:01:898 WorldZoneTable: loaded 12 world zones for 31986 regions.
INFO 20:37:01:899 ConditionParser: initializable.
WARNING 20:37:02:530 SkillTable: detected once the file D:\Documents\Documents\Java\Tera Server\.\data\skills\summon_skills\deprecated.zip
INFO 20:37:02:545 SkillTable: loaded 4613 skills for 19 classes.
INFO 20:37:03:041 ItemTable: loaded 10138 items.
INFO 20:37:03:054 Race: race appearances initializable.
INFO 20:37:03:061 PlayerTable: loaded 104 player templates.
WARNING 20:37:03:403 DropTable: not found items [50048]
INFO 20:37:03:404 DropTable: load drop for 407 npcs and 126 for resourse.
INFO 20:37:03:409 TownTable: initialized.
WARNING 20:37:03:436 NpcDialogTable: detected once the file D:\Documents\Documents\Java\Tera Server\.\data\dialogs\dialogs.txt
INFO 20:37:03:477 NpcDialogTable: loaded 88 dialogs.
INFO 20:37:03:483 MessagePackageTable: loaded 34 message packages.
INFO 20:37:03:534 ConfigAITable: loaded 45 npc ai configs.
INFO 20:37:03:547 NpcAppearanceTable: initialized. Loaded 59 appearances.
WARNING 20:37:03:717 NpcTable: detected once the file D:\Documents\Documents\Java\Tera Server\.\data\npcs\summons\playable_summons.zip
INFO 20:37:03:745 NpcTable: loaded  816 npcs.
INFO 20:37:03:762 ResourseTable: loaded  253 resourses.
INFO 20:37:03:778 MinionTable: loaded 303 minions for 42 npcs.
INFO 20:37:03:779 RegenTaskManager: initializable.
INFO 20:37:03:788 Formulas: initialized.
INFO 20:37:03:790 EffectTaskManager: initialized.
INFO 20:37:04:250 ObjectEventManager: initialized.
INFO 20:37:04:250 MoveTaskManager: initialized.
INFO 20:37:05:127 SpawnTable: loaded 19515 spawns for 617 npcs and 2013 spawns for 60 resourses.
INFO 20:37:05:168 GeoMap3D: start fast import geodata_1.dat
INFO 20:37:05:558 GeoMap3D: import ended. load 1867238 quards.
INFO 20:37:05:559 GeoMap3D: start fast import geodata_2.dat
INFO 20:37:05:721 GeoMap3D: import ended. load 440227 quards.
INFO 20:37:05:722 GeoMap3D: start fast import geodata_3.dat
INFO 20:37:05:756 GeoMap3D: import ended. load 58040 quards.
INFO 20:37:05:757 GeoManager: initialized.
INFO 20:37:05:771 ItemExecutorManager: loaded 0 executor items.
INFO 20:37:05:798 CommandManager: loaded 94 commands.
INFO 20:37:05:879 SkillLearnManager: loaded 950 skill learn's for 8 clases.
INFO 20:37:05:889 AnnounceManager: loaded 0 start announces and 0 running announces.
INFO 20:37:05:892 AccountManager: initialized.
INFO 20:37:05:897 GuildManager: loaded 0 guilds.
INFO 20:37:06:266 QuestManager: loaded 455 quests.
INFO 20:37:06:268 OnlineManager: initialized.
INFO 20:37:06:271 GameLogManager: initialized.
INFO 20:37:06:360 Region: next battle "Veritas District" in 2018.12.16 15:00.
INFO 20:37:06:363 Region: next battle "Ostgarath" in 2018.12.16 15:00.
INFO 20:37:06:366 Region: next battle "Val Palrada" in 2018.12.15 19:00.
INFO 20:37:06:369 Region: next battle "Val Aureum" in 2018.12.15 19:00.
INFO 20:37:06:369 EventManager: loaded 5 events.
INFO 20:37:06:514 EventManager: the nearest event in 56 minutes.
INFO 20:37:06:523 PlayerManager: initialized.
INFO 20:37:06:545 Network: started.
INFO 20:37:06:545 GameServer: started.
INFO 20:37:43:233 AccountManager: authed admin
