INFO 01:05:27:381 ServerControl: open server socket on 2101 port.
INFO 01:05:27:387 ExecutorManager: initialized.
INFO 01:05:27:756 CleaningManager: delete 0 reuses from a character_skill_reuses.
INFO 01:05:27:757 CleaningManager: delete 0 spawns from a boss_spawn.
INFO 01:05:27:758 CleaningManager: delete 0 appearances from a character_appearances.
INFO 01:05:27:758 CleaningManager: delete 0 effects from a character_save_effects.
INFO 01:05:27:758 CleaningManager: delete 0 inventors from a character_inventors.
INFO 01:05:27:759 CleaningManager: delete 0 skills from a character_skills.
INFO 01:05:27:759 CleaningManager: delete 0 hotkeys from a character_hotkey.
INFO 01:05:27:760 CleaningManager: delete 0 chars from a character_friends.
INFO 01:05:27:761 CleaningManager: delete 0 friends from a character_friends.
INFO 01:05:27:761 CleaningManager: delete 0 settings from a character_settings.
INFO 01:05:27:762 CleaningManager: delete 0 empty items from a items.
INFO 01:05:27:763 CleaningManager: delete 0 no owner items from a items.
INFO 01:05:27:763 CleaningManager: delete 0 no owner guild items from a items.
INFO 01:05:27:783 CleaningManager: create buffer table items.
INFO 01:05:27:785 CleaningManager: copy 118 items to buffer_items.
INFO 01:05:27:786 CleaningManager: delete 0 no owner items from a buffer_items.
INFO 01:05:27:798 CleaningManager: drop buffer table items.
INFO 01:05:27:798 CleaningManager: delete 0 from a quests.
INFO 01:05:27:799 CleaningManager: delete 0 from a quest variables.
INFO 01:05:27:800 CleaningManager: delete 0 from a guild ranks.
INFO 01:05:27:891 ClientPacketType: client packets prepared.
INFO 01:05:27:928 EffectParser: initialized.
INFO 01:05:27:931 RandomManager: initialized.
INFO 01:05:27:932 IdFactory: prepare npc ids...
INFO 01:05:27:935 BitSetIdGenerator: 102912 id's available.
INFO 01:05:27:936 IdFactory: prepare objects ids...
INFO 01:05:27:936 BitSetIdGenerator: 102912 id's available.
INFO 01:05:27:936 IdFactory: prepare players ids...
INFO 01:05:27:940 BitSetIdGenerator: extracted 5 ids.
INFO 01:05:27:940 BitSetIdGenerator: 102912 id's available.
INFO 01:05:27:940 IdFactory: prepare guilds ids...
INFO 01:05:27:941 BitSetIdGenerator: extracted 1 ids.
INFO 01:05:27:941 BitSetIdGenerator: 102912 id's available.
INFO 01:05:27:941 IdFactory: prepare item ids...
INFO 01:05:27:942 BitSetIdGenerator: extracted 118 ids.
WARNING 01:05:27:942 BitSetIdGenerator: objectId 1 in DB is less than minimum ID of 268435456.
INFO 01:05:27:942 BitSetIdGenerator: 102912 id's available.
INFO 01:05:27:963 ServerVarManager: loaded 0 variables.
INFO 01:05:27:967 BossSpawnManager: loaded 0 boss spawns.
INFO 01:05:29:525 TerritoryTable: loaded 160 territories for 18803 regions.
INFO 01:05:31:380 WorldZoneTable: loaded 12 world zones for 31986 regions.
INFO 01:05:31:382 ConditionParser: initializable.
WARNING 01:05:31:784 SkillTable: detected once the file D:\Documents\Documents\Java\Tera Server\.\data\skills\summon_skills\deprecated.zip
INFO 01:05:31:799 SkillTable: loaded 4613 skills for 19 classes.
INFO 01:05:32:194 ItemTable: loaded 10138 items.
INFO 01:05:32:204 Race: race appearances initializable.
INFO 01:05:32:210 PlayerTable: loaded 104 player templates.
WARNING 01:05:32:420 DropTable: not found items [50048]
INFO 01:05:32:420 DropTable: load drop for 407 npcs and 126 for resourse.
INFO 01:05:32:424 TownTable: initialized.
WARNING 01:05:32:447 NpcDialogTable: detected once the file D:\Documents\Documents\Java\Tera Server\.\data\dialogs\dialogs.txt
INFO 01:05:32:486 NpcDialogTable: loaded 86 dialogs.
INFO 01:05:32:490 MessagePackageTable: loaded 34 message packages.
INFO 01:05:32:534 ConfigAITable: loaded 45 npc ai configs.
INFO 01:05:32:547 NpcAppearanceTable: initialized. Loaded 59 appearances.
WARNING 01:05:32:690 NpcTable: detected once the file D:\Documents\Documents\Java\Tera Server\.\data\npcs\summons\playable_summons.zip
INFO 01:05:32:699 NpcTable: loaded  816 npcs.
INFO 01:05:32:714 ResourseTable: loaded  253 resourses.
INFO 01:05:32:727 MinionTable: loaded 303 minions for 42 npcs.
INFO 01:05:32:728 RegenTaskManager: initializable.
INFO 01:05:32:735 Formulas: initialized.
INFO 01:05:32:736 EffectTaskManager: initialized.
INFO 01:05:33:038 ObjectEventManager: initialized.
INFO 01:05:33:038 MoveTaskManager: initialized.
INFO 01:05:33:384 SpawnTable: loaded 19506 spawns for 617 npcs and 2013 spawns for 60 resourses.
INFO 01:05:33:392 GeoMap3D: start fast import geodata_1.dat
INFO 01:05:34:324 GeoMap3D: import ended. load 1867238 quards.
INFO 01:05:34:324 GeoMap3D: start fast import geodata_2.dat
INFO 01:05:34:372 GeoMap3D: import ended. load 440227 quards.
INFO 01:05:34:373 GeoMap3D: start fast import geodata_3.dat
INFO 01:05:35:238 GeoMap3D: import ended. load 58040 quards.
INFO 01:05:35:239 GeoManager: initialized.
INFO 01:05:35:243 ItemExecutorManager: loaded 0 executor items.
INFO 01:05:35:256 CommandManager: loaded 94 commands.
INFO 01:05:35:267 SkillLearnManager: loaded 950 skill learn's for 8 clases.
INFO 01:05:35:270 AnnounceManager: loaded 0 start announces and 0 running announces.
INFO 01:05:35:272 AccountManager: initialized.
INFO 01:05:35:296 GuildManager: loaded 1 guilds.
INFO 01:05:35:608 QuestManager: loaded 455 quests.
INFO 01:05:35:610 OnlineManager: initialized.
INFO 01:05:35:623 GameLogManager: initialized.
INFO 01:05:35:707 Region: next battle "Veritas District" in 2018.04.22 16:00.
INFO 01:05:35:709 Region: next battle "Ostgarath" in 2018.04.22 16:00.
INFO 01:05:35:712 Region: next battle "Val Palrada" in 2018.04.21 20:00.
INFO 01:05:35:714 Region: next battle "Val Aureum" in 2018.04.21 20:00.
INFO 01:05:35:714 EventManager: loaded 5 events.
INFO 01:05:36:322 EventManager: the nearest event in 45 minutes.
INFO 01:05:36:329 PlayerManager: initialized.
INFO 01:05:36:394 Network: started.
INFO 01:05:36:394 GameServer: started.
WARNING 01:06:14:485 ClientConnection: not found packet for opcode 4DBC
20 00 BC 4D 02 00 08 00 08 00 14 00 00 00 00 00    ..¼M............
94 5F 03 00 14 00 00 00 01 00 00 00 DC 5F 03 00    _..........Ü_..
41 00 A4 78 13 00 21 00 20 00 00 00 00 00 00 02    A.¤x..!.........
00 00 00 64 00 61 00 72 00 6B 00 7A 00 61 00 00    ...d.a.r.k.z.a..
00 34 66 65 37 36 37 38 61 38 31 62 61 37 63 37    .4fe7678a81ba7c7
64 62 32 36 39 63 37 37 62 35 64 64 37 38 31 63    db269c77b5dd781c
61                                                 a...............

INFO 01:06:14:489 AccountManager: authed darkza
WARNING 01:06:14:501 ClientConnection: not found packet for opcode F4FE
08 00 FE F4 E8 03 00 00                            ..þôè...........

WARNING 01:06:14:501 ClientConnection: not found packet for opcode CD71
BC 00 71 CD 12 00 38 00 8C 00 AF 3F 00 00 80 00    ¼.qÍ..8..¯?...
00 00 57 00 69 00 6E 00 64 00 6F 00 77 00 73 00    ..W.i.n.d.o.w.s.
20 00 37 00 20 00 28 00 78 00 36 00 34 00 29 00    ..7...(.x.6.4.).
20 00 0D 00 0A 00 00 00 49 00 6E 00 74 00 65 00    ........I.n.t.e.
6C 00 28 00 52 00 29 00 20 00 43 00 6F 00 72 00    l.(.R.)...C.o.r.
65 00 28 00 54 00 4D 00 29 00 20 00 69 00 37 00    e.(.T.M.)...i.7.
2D 00 34 00 37 00 31 00 30 00 48 00 51 00 20 00    -.4.7.1.0.H.Q...
43 00 50 00 55 00 20 00 40 00 20 00 32 00 2E 00    C.P.U...@...2...
35 00 30 00 47 00 48 00 7A 00 00 00 4E 00 56 00    5.0.G.H.z...N.V.
49 00 44 00 49 00 41 00 20 00 47 00 65 00 46 00    I.D.I.A...G.e.F.
6F 00 72 00 63 00 65 00 20 00 47 00 54 00 58 00    o.r.c.e...G.T.X.
20 00 38 00 37 00 30 00 4D 00 00 00                ..8.7.0.M.......

WARNING 01:06:16:022 DataBaseManager: not found appearance for 268435460
WARNING 01:06:24:776 ClientConnection: not found packet for opcode 9C2E
04 00 2E 9C                                        ...............

WARNING 01:06:27:361 ClientConnection: not found packet for opcode D28D
04 00 8D D2                                        ..Ò............

WARNING 01:06:27:364 ClientConnection: not found packet for opcode 8BBF
08 00 BF 8B 13 00 00 00                            ..¿............

WARNING 01:06:39:495 ClientConnection: not found packet for opcode 52A2
10 00 A2 52 00 00 00 00 02 00 00 00 00 00 00 00    ..¢R............

WARNING 01:06:47:130 ClientConnection: not found packet for opcode 52A2
10 00 A2 52 00 00 00 00 02 00 00 00 00 00 00 00    ..¢R............

WARNING 01:06:49:072 ClientConnection: not found packet for opcode D28D
04 00 8D D2                                        ..Ò............

WARNING 01:06:49:073 ClientConnection: not found packet for opcode 8BBF
08 00 BF 8B 13 00 00 00                            ..¿............

WARNING 01:07:01:336 ClientConnection: not found packet for opcode 52A2
10 00 A2 52 7B A1 B8 BC 00 00 00 00 00 00 00 00    ..¢R{¡¸¼........

WARNING 01:07:02:636 ClientConnection: not found packet for opcode 52A2
10 00 A2 52 7B A1 B8 BC 02 00 00 00 00 00 00 00    ..¢R{¡¸¼........

WARNING 01:07:02:637 ClientConnection: not found packet for opcode 52A2
10 00 A2 52 7B A1 B8 BC 02 00 00 00 00 00 00 00    ..¢R{¡¸¼........

WARNING 01:07:02:653 ClientConnection: not found packet for opcode 52A2
10 00 A2 52 7B A1 B8 BC 02 00 00 00 00 00 00 00    ..¢R{¡¸¼........

WARNING 01:07:02:659 ClientConnection: not found packet for opcode 52A2
10 00 A2 52 7B A1 B8 BC 02 00 00 00 00 00 00 00    ..¢R{¡¸¼........

WARNING 01:07:05:745 ClientConnection: not found packet for opcode D28D
04 00 8D D2                                        ..Ò............

WARNING 01:07:05:746 ClientConnection: not found packet for opcode 8BBF
08 00 BF 8B 13 00 00 00                            ..¿............

WARNING 01:07:28:494 ClientConnection: not found packet for opcode 8BBF
08 00 BF 8B 13 00 00 00                            ..¿............

WARNING 01:07:34:548 NpcTable: detected once the file D:\Documents\Documents\Java\Tera Server\.\data\npcs\summons\playable_summons.zip
INFO 01:07:34:557 NpcTable: npcs reloaded.
INFO 01:07:38:773 SpawnTable: reloaded.
WARNING 01:08:41:780 DocumentNpcSpawn: Exception : not found npc template for id 5005, type 475 : stack trace:
tera.gameserver.document.DocumentNpcSpawn.parseSpawns(DocumentNpcSpawn.java:112)
tera.gameserver.document.DocumentNpcSpawn.parse(DocumentNpcSpawn.java:51)
rlib.data.AbstractDocument.parse(AbstractDocument.java:67)
tera.gameserver.tables.SpawnTable.reload(SpawnTable.java:212)
tera.gameserver.scripts.commands.NpcCommands.execution(NpcCommands.java:122)
tera.gameserver.manager.CommandManager.execute(CommandManager.java:74)
tera.gameserver.network.clientpackets.PlayerSay.runImpl(PlayerSay.java:84)
rlib.network.packets.AbstractReadeablePacket.run(AbstractReadeablePacket.java:175)
java.util.concurrent.ThreadPoolExecutor.runWorker(ThreadPoolExecutor.java:1142)
java.util.concurrent.ThreadPoolExecutor$Worker.run(ThreadPoolExecutor.java:617)
java.lang.Thread.run(Thread.java:745)

INFO 01:08:42:161 SpawnTable: reloaded.
WARNING 01:08:52:855 NpcTable: detected once the file D:\Documents\Documents\Java\Tera Server\.\data\npcs\summons\playable_summons.zip
INFO 01:08:52:862 NpcTable: npcs reloaded.
WARNING 01:08:57:658 DocumentNpcSpawn: Exception : not found npc template for id 5005, type 475 : stack trace:
tera.gameserver.document.DocumentNpcSpawn.parseSpawns(DocumentNpcSpawn.java:112)
tera.gameserver.document.DocumentNpcSpawn.parse(DocumentNpcSpawn.java:51)
rlib.data.AbstractDocument.parse(AbstractDocument.java:67)
tera.gameserver.tables.SpawnTable.reload(SpawnTable.java:212)
tera.gameserver.scripts.commands.NpcCommands.execution(NpcCommands.java:122)
tera.gameserver.manager.CommandManager.execute(CommandManager.java:74)
tera.gameserver.network.clientpackets.PlayerSay.runImpl(PlayerSay.java:84)
rlib.network.packets.AbstractReadeablePacket.run(AbstractReadeablePacket.java:175)
java.util.concurrent.ThreadPoolExecutor.runWorker(ThreadPoolExecutor.java:1142)
java.util.concurrent.ThreadPoolExecutor$Worker.run(ThreadPoolExecutor.java:617)
java.lang.Thread.run(Thread.java:745)

INFO 01:08:57:976 SpawnTable: reloaded.
WARNING 01:09:21:251 NpcTable: detected once the file D:\Documents\Documents\Java\Tera Server\.\data\npcs\summons\playable_summons.zip
INFO 01:09:21:260 NpcTable: npcs reloaded.
INFO 01:09:23:654 SpawnTable: reloaded.
WARNING 01:09:25:519 ClientConnection: not found packet for opcode 52A2
10 00 A2 52 7B A1 B8 BC 00 00 00 00 00 00 00 00    ..¢R{¡¸¼........

WARNING 01:09:28:803 ClientConnection: not found packet for opcode 52A2
10 00 A2 52 7B A1 B8 BC 02 00 00 00 00 00 00 00    ..¢R{¡¸¼........

INFO 01:09:30:837 AccountManager: close darkza
