INFO 22:10:58:090 ServerControl: open server socket on 2101 port.
INFO 22:10:58:104 ExecutorManager: initialized.
INFO 22:10:59:711 CleaningManager: delete 0 reuses from a character_skill_reuses.
INFO 22:10:59:713 CleaningManager: delete 0 spawns from a boss_spawn.
INFO 22:10:59:746 CleaningManager: delete 0 appearances from a character_appearances.
INFO 22:10:59:748 CleaningManager: delete 0 effects from a character_save_effects.
INFO 22:10:59:750 CleaningManager: delete 0 inventors from a character_inventors.
INFO 22:10:59:751 CleaningManager: delete 10 skills from a character_skills.
INFO 22:10:59:753 CleaningManager: delete 0 hotkeys from a character_hotkey.
INFO 22:10:59:754 CleaningManager: delete 0 chars from a character_friends.
INFO 22:10:59:755 CleaningManager: delete 0 friends from a character_friends.
INFO 22:10:59:757 CleaningManager: delete 0 settings from a character_settings.
INFO 22:10:59:779 CleaningManager: delete 0 empty items from a items.
INFO 22:10:59:786 CleaningManager: delete 6 no owner items from a items.
INFO 22:10:59:788 CleaningManager: delete 0 no owner guild items from a items.
INFO 22:10:59:816 CleaningManager: create buffer table items.
INFO 22:10:59:819 CleaningManager: copy 0 items to buffer_items.
INFO 22:10:59:820 CleaningManager: delete 0 no owner items from a buffer_items.
INFO 22:10:59:837 CleaningManager: drop buffer table items.
INFO 22:10:59:839 CleaningManager: delete 0 from a quests.
INFO 22:10:59:841 CleaningManager: delete 0 from a quest variables.
INFO 22:10:59:842 CleaningManager: delete 0 from a guild ranks.
INFO 22:11:00:083 ClientPacketType: client packets prepared.
INFO 22:11:00:135 EffectParser: initialized.
INFO 22:11:00:145 RandomManager: initialized.
INFO 22:11:00:148 IdFactory: prepare npc ids...
INFO 22:11:00:157 BitSetIdGenerator: 102912 id's available.
INFO 22:11:00:158 IdFactory: prepare objects ids...
INFO 22:11:00:159 BitSetIdGenerator: 102912 id's available.
INFO 22:11:00:159 IdFactory: prepare players ids...
INFO 22:11:00:168 BitSetIdGenerator: extracted 0 ids.
INFO 22:11:00:169 BitSetIdGenerator: 102912 id's available.
INFO 22:11:00:169 IdFactory: prepare guilds ids...
INFO 22:11:00:172 BitSetIdGenerator: extracted 0 ids.
INFO 22:11:00:173 BitSetIdGenerator: 102912 id's available.
INFO 22:11:00:174 IdFactory: prepare item ids...
INFO 22:11:00:176 BitSetIdGenerator: extracted 0 ids.
INFO 22:11:00:176 BitSetIdGenerator: 102912 id's available.
INFO 22:11:00:263 ServerVarManager: loaded 0 variables.
INFO 22:11:00:275 BossSpawnManager: loaded 0 boss spawns.
INFO 22:11:03:637 TerritoryTable: loaded 160 territories for 18803 regions.
INFO 22:11:07:176 WorldZoneTable: loaded 12 world zones for 31986 regions.
INFO 22:11:07:178 ConditionParser: initializable.
WARNING 22:11:08:586 SkillTable: detected once the file D:\Documents\Documents\Java\Tera Server\.\data\skills\summon_skills\deprecated.zip
INFO 22:11:08:620 SkillTable: loaded 4613 skills for 19 classes.
INFO 22:11:09:862 ItemTable: loaded 10138 items.
INFO 22:11:09:883 Race: race appearances initializable.
INFO 22:11:09:901 PlayerTable: loaded 104 player templates.
WARNING 22:11:10:804 DropTable: not found items [50048]
INFO 22:11:10:805 DropTable: load drop for 407 npcs and 126 for resourse.
INFO 22:11:10:818 TownTable: initialized.
WARNING 22:11:10:865 NpcDialogTable: detected once the file D:\Documents\Documents\Java\Tera Server\.\data\dialogs\dialogs.txt
INFO 22:11:10:936 NpcDialogTable: loaded 88 dialogs.
INFO 22:11:10:948 MessagePackageTable: loaded 34 message packages.
INFO 22:11:11:080 ConfigAITable: loaded 45 npc ai configs.
INFO 22:11:11:128 NpcAppearanceTable: initialized. Loaded 59 appearances.
WARNING 22:11:11:523 NpcTable: detected once the file D:\Documents\Documents\Java\Tera Server\.\data\npcs\summons\playable_summons.zip
INFO 22:11:11:543 NpcTable: loaded  816 npcs.
INFO 22:11:11:571 ResourseTable: loaded  253 resourses.
INFO 22:11:11:603 MinionTable: loaded 303 minions for 42 npcs.
INFO 22:11:11:604 RegenTaskManager: initializable.
INFO 22:11:11:620 Formulas: initialized.
INFO 22:11:11:623 EffectTaskManager: initialized.
INFO 22:11:12:468 ObjectEventManager: initialized.
INFO 22:11:12:469 MoveTaskManager: initialized.
INFO 22:11:14:019 SpawnTable: loaded 19515 spawns for 617 npcs and 2013 spawns for 60 resourses.
INFO 22:11:14:034 GeoMap3D: start fast import geodata_1.dat
INFO 22:11:15:011 GeoMap3D: import ended. load 1867238 quards.
INFO 22:11:15:012 GeoMap3D: start fast import geodata_2.dat
INFO 22:11:15:168 GeoMap3D: import ended. load 440227 quards.
INFO 22:11:15:169 GeoMap3D: start fast import geodata_3.dat
INFO 22:11:15:326 GeoMap3D: import ended. load 58040 quards.
INFO 22:11:15:326 GeoManager: initialized.
INFO 22:11:15:347 ItemExecutorManager: loaded 0 executor items.
INFO 22:11:15:388 CommandManager: loaded 94 commands.
INFO 22:11:15:421 SkillLearnManager: loaded 950 skill learn's for 8 clases.
INFO 22:11:15:433 AnnounceManager: loaded 0 start announces and 0 running announces.
INFO 22:11:15:440 AccountManager: initialized.
INFO 22:11:15:463 GuildManager: loaded 0 guilds.
INFO 22:11:16:443 QuestManager: loaded 455 quests.
INFO 22:11:16:447 OnlineManager: initialized.
INFO 22:11:16:471 GameLogManager: initialized.
INFO 22:11:16:816 Region: next battle "Veritas District" in 2018.12.16 15:00.
INFO 22:11:16:820 Region: next battle "Ostgarath" in 2018.12.16 15:00.
INFO 22:11:16:825 Region: next battle "Val Palrada" in 2018.12.15 19:00.
INFO 22:11:16:829 Region: next battle "Val Aureum" in 2018.12.15 19:00.
INFO 22:11:16:830 EventManager: loaded 5 events.
INFO 22:11:17:045 EventManager: the nearest event in 51 minutes.
INFO 22:11:17:057 PlayerManager: initialized.
INFO 22:11:17:091 Network: started.
INFO 22:11:17:091 GameServer: started.
