INFO 13:22:18:201 ServerControl: open server socket on 2101 port.
INFO 13:22:18:211 ExecutorManager: initialized.
INFO 13:22:19:320 CleaningManager: delete 0 reuses from a character_skill_reuses.
INFO 13:22:19:320 CleaningManager: delete 0 spawns from a boss_spawn.
INFO 13:22:19:321 CleaningManager: delete 0 appearances from a character_appearances.
INFO 13:22:19:322 CleaningManager: delete 0 effects from a character_save_effects.
INFO 13:22:19:323 CleaningManager: delete 0 inventors from a character_inventors.
INFO 13:22:19:324 CleaningManager: delete 0 skills from a character_skills.
INFO 13:22:19:324 CleaningManager: delete 0 hotkeys from a character_hotkey.
INFO 13:22:19:325 CleaningManager: delete 0 chars from a character_friends.
INFO 13:22:19:326 CleaningManager: delete 0 friends from a character_friends.
INFO 13:22:19:326 CleaningManager: delete 0 settings from a character_settings.
INFO 13:22:19:327 CleaningManager: delete 0 empty items from a items.
INFO 13:22:19:328 CleaningManager: delete 0 no owner items from a items.
INFO 13:22:19:328 CleaningManager: delete 0 no owner guild items from a items.
INFO 13:22:19:355 CleaningManager: create buffer table items.
INFO 13:22:19:357 CleaningManager: copy 6 items to buffer_items.
INFO 13:22:19:358 CleaningManager: delete 0 no owner items from a buffer_items.
INFO 13:22:19:371 CleaningManager: drop buffer table items.
INFO 13:22:19:371 CleaningManager: delete 0 from a quests.
INFO 13:22:19:372 CleaningManager: delete 0 from a quest variables.
INFO 13:22:19:373 CleaningManager: delete 0 from a guild ranks.
INFO 13:22:19:495 ClientPacketType: client packets prepared.
INFO 13:22:19:540 EffectParser: initialized.
INFO 13:22:19:546 RandomManager: initialized.
INFO 13:22:19:547 IdFactory: prepare npc ids...
INFO 13:22:19:553 BitSetIdGenerator: 102912 id's available.
INFO 13:22:19:553 IdFactory: prepare objects ids...
INFO 13:22:19:554 BitSetIdGenerator: 102912 id's available.
INFO 13:22:19:554 IdFactory: prepare players ids...
INFO 13:22:19:565 BitSetIdGenerator: extracted 1 ids.
INFO 13:22:19:565 BitSetIdGenerator: 102912 id's available.
INFO 13:22:19:565 IdFactory: prepare guilds ids...
INFO 13:22:19:567 BitSetIdGenerator: extracted 0 ids.
INFO 13:22:19:567 BitSetIdGenerator: 102912 id's available.
INFO 13:22:19:567 IdFactory: prepare item ids...
INFO 13:22:19:568 BitSetIdGenerator: extracted 6 ids.
INFO 13:22:19:569 BitSetIdGenerator: 102912 id's available.
INFO 13:22:19:599 ServerVarManager: loaded 0 variables.
INFO 13:22:19:607 BossSpawnManager: loaded 0 boss spawns.
INFO 13:22:22:413 TerritoryTable: loaded 160 territories for 18803 regions.
INFO 13:22:25:408 WorldZoneTable: loaded 12 world zones for 31986 regions.
INFO 13:22:25:409 ConditionParser: initializable.
WARNING 13:22:26:251 SkillTable: detected once the file D:\Documents\Documents\Java\Tera Server\.\data\skills\summon_skills\deprecated.zip
INFO 13:22:26:272 SkillTable: loaded 4613 skills for 19 classes.
INFO 13:22:26:939 ItemTable: loaded 10138 items.
INFO 13:22:26:963 Race: race appearances initializable.
INFO 13:22:26:974 PlayerTable: loaded 104 player templates.
WARNING 13:22:27:505 DropTable: not found items [50048]
INFO 13:22:27:506 DropTable: load drop for 407 npcs and 126 for resourse.
INFO 13:22:27:518 TownTable: initialized.
WARNING 13:22:27:555 NpcDialogTable: detected once the file D:\Documents\Documents\Java\Tera Server\.\data\dialogs\dialogs.txt
INFO 13:22:27:595 NpcDialogTable: loaded 88 dialogs.
INFO 13:22:27:602 MessagePackageTable: loaded 34 message packages.
INFO 13:22:27:666 ConfigAITable: loaded 45 npc ai configs.
INFO 13:22:27:687 NpcAppearanceTable: initialized. Loaded 59 appearances.
WARNING 13:22:27:933 NpcTable: detected once the file D:\Documents\Documents\Java\Tera Server\.\data\npcs\summons\playable_summons.zip
INFO 13:22:27:947 NpcTable: loaded  816 npcs.
INFO 13:22:27:972 ResourseTable: loaded  253 resourses.
INFO 13:22:27:998 MinionTable: loaded 303 minions for 42 npcs.
INFO 13:22:28:000 RegenTaskManager: initializable.
INFO 13:22:28:012 Formulas: initialized.
INFO 13:22:28:014 EffectTaskManager: initialized.
INFO 13:22:28:622 ObjectEventManager: initialized.
INFO 13:22:28:623 MoveTaskManager: initialized.
INFO 13:22:29:792 SpawnTable: loaded 19515 spawns for 617 npcs and 2013 spawns for 60 resourses.
INFO 13:22:29:805 GeoMap3D: start fast import geodata_1.dat
INFO 13:22:30:320 GeoMap3D: import ended. load 1867238 quards.
INFO 13:22:30:321 GeoMap3D: start fast import geodata_2.dat
INFO 13:22:30:505 GeoMap3D: import ended. load 440227 quards.
INFO 13:22:30:506 GeoMap3D: start fast import geodata_3.dat
INFO 13:22:30:559 GeoMap3D: import ended. load 58040 quards.
INFO 13:22:30:559 GeoManager: initialized.
INFO 13:22:30:574 ItemExecutorManager: loaded 0 executor items.
INFO 13:22:30:599 CommandManager: loaded 94 commands.
INFO 13:22:30:619 SkillLearnManager: loaded 950 skill learn's for 8 clases.
INFO 13:22:30:624 AnnounceManager: loaded 0 start announces and 0 running announces.
INFO 13:22:30:628 AccountManager: initialized.
INFO 13:22:30:634 GuildManager: loaded 0 guilds.
INFO 13:22:31:404 QuestManager: loaded 455 quests.
INFO 13:22:31:407 OnlineManager: initialized.
INFO 13:22:31:414 GameLogManager: initialized.
INFO 13:22:31:611 Region: next battle "Veritas District" in 2018.12.16 15:00.
INFO 13:22:31:616 Region: next battle "Ostgarath" in 2018.12.16 15:00.
INFO 13:22:31:621 Region: next battle "Val Palrada" in 2018.12.15 19:00.
INFO 13:22:31:626 Region: next battle "Val Aureum" in 2018.12.15 19:00.
INFO 13:22:31:627 EventManager: loaded 5 events.
INFO 13:22:31:919 EventManager: the nearest event in 35 minutes.
INFO 13:22:31:939 PlayerManager: initialized.
INFO 13:22:31:969 Network: started.
INFO 13:22:31:969 GameServer: started.
WARNING 13:22:47:271 ClientConnection: not found packet for opcode B43D
20 00 BC 4D 02 00 08 00 08 00 14 00 00 00 00 00    ..¼M............
32 4D 04 00 14 00 00 00 01 00 00 00 C4 57 04 00    2M..........ÄW..
3F 00 3D B4 13 00 1F 00 20 00 00 00 00 00 00 08    ?.=´............
00 00 00 61 00 64 00 6D 00 69 00 6E 00 00 00 32    ...a.d.m.i.n...2
31 32 33 32 66 32 39 37 61 35 37 61 35 61 37 34    1232f297a57a5a74
33 38 39 34 61 30 65 34 61 38 30 31 66 63 33       3894a0e4a801fc3.

INFO 13:22:47:278 AccountManager: authed admin
WARNING 13:22:49:253 ClientConnection: not found packet for opcode B54D
DD 00 4D B5 37 00 59 00 AD 00 AF 3F 00 00 80 00    Ý.Mµ7.Y.­.¯?...
00 00 80 07 00 00 38 04 00 00 00 80 07 00 00 38    .....8.......8
04 00 00 02 00 00 00 C0 0D 00 00 38 04 00 00 04    .......À...8....
00 00 00 08 00 00 00 57 00 69 00 6E 00 64 00 6F    .......W.i.n.d.o
00 77 00 73 00 20 00 38 00 20 00 28 00 78 00 36    .w.s...8...(.x.6
00 34 00 29 00 20 00 00 00 49 00 6E 00 74 00 65    .4.).....I.n.t.e
00 6C 00 28 00 52 00 29 00 20 00 43 00 6F 00 72    .l.(.R.)...C.o.r
00 65 00 28 00 54 00 4D 00 29 00 20 00 69 00 37    .e.(.T.M.)...i.7
00 2D 00 34 00 37 00 31 00 30 00 48 00 51 00 20    .-.4.7.1.0.H.Q..
00 43 00 50 00 55 00 20 00 40 00 20 00 32 00 2E    .C.P.U...@...2..
00 35 00 30 00 47 00 48 00 7A 00 00 00 4E 00 56    .5.0.G.H.z...N.V
00 49 00 44 00 49 00 41 00 20 00 47 00 65 00 46    .I.D.I.A...G.e.F
00 6F 00 72 00 63 00 65 00 20 00 47 00 54 00 58    .o.r.c.e...G.T.X
00 20 00 38 00 37 00 30 00 4D 00 00 00             ...8.7.0.M......

