INFO 23:54:03:310 ServerControl: open server socket on 2101 port.
INFO 23:54:03:405 ExecutorManager: initialized.
INFO 23:54:04:155 CleaningManager: delete 0 reuses from a character_skill_reuses.
INFO 23:54:04:156 CleaningManager: delete 0 spawns from a boss_spawn.
INFO 23:54:04:157 CleaningManager: delete 0 appearances from a character_appearances.
INFO 23:54:04:157 CleaningManager: delete 0 effects from a character_save_effects.
INFO 23:54:04:158 CleaningManager: delete 0 inventors from a character_inventors.
INFO 23:54:04:159 CleaningManager: delete 0 skills from a character_skills.
INFO 23:54:04:159 CleaningManager: delete 0 hotkeys from a character_hotkey.
INFO 23:54:04:160 CleaningManager: delete 0 chars from a character_friends.
INFO 23:54:04:161 CleaningManager: delete 0 friends from a character_friends.
INFO 23:54:04:162 CleaningManager: delete 0 settings from a character_settings.
INFO 23:54:04:162 CleaningManager: delete 0 empty items from a items.
INFO 23:54:04:163 CleaningManager: delete 0 no owner items from a items.
INFO 23:54:04:164 CleaningManager: delete 0 no owner guild items from a items.
INFO 23:54:04:189 CleaningManager: create buffer table items.
INFO 23:54:04:192 CleaningManager: copy 118 items to buffer_items.
INFO 23:54:04:193 CleaningManager: delete 0 no owner items from a buffer_items.
INFO 23:54:04:205 CleaningManager: drop buffer table items.
INFO 23:54:04:206 CleaningManager: delete 0 from a quests.
INFO 23:54:04:206 CleaningManager: delete 0 from a quest variables.
INFO 23:54:04:207 CleaningManager: delete 0 from a guild ranks.
INFO 23:54:04:329 ClientPacketType: client packets prepared.
INFO 23:54:04:368 EffectParser: initialized.
INFO 23:54:04:373 RandomManager: initialized.
INFO 23:54:04:374 IdFactory: prepare npc ids...
INFO 23:54:04:378 BitSetIdGenerator: 102912 id's available.
INFO 23:54:04:378 IdFactory: prepare objects ids...
INFO 23:54:04:378 BitSetIdGenerator: 102912 id's available.
INFO 23:54:04:379 IdFactory: prepare players ids...
INFO 23:54:04:383 BitSetIdGenerator: extracted 5 ids.
INFO 23:54:04:383 BitSetIdGenerator: 102912 id's available.
INFO 23:54:04:384 IdFactory: prepare guilds ids...
INFO 23:54:04:384 BitSetIdGenerator: extracted 1 ids.
INFO 23:54:04:384 BitSetIdGenerator: 102912 id's available.
INFO 23:54:04:384 IdFactory: prepare item ids...
INFO 23:54:04:386 BitSetIdGenerator: extracted 118 ids.
WARNING 23:54:04:386 BitSetIdGenerator: objectId 1 in DB is less than minimum ID of 268435456.
INFO 23:54:04:386 BitSetIdGenerator: 102912 id's available.
INFO 23:54:04:405 ServerVarManager: loaded 0 variables.
INFO 23:54:04:409 BossSpawnManager: loaded 0 boss spawns.
INFO 23:54:06:415 TerritoryTable: loaded 160 territories for 18803 regions.
INFO 23:54:19:539 WorldZoneTable: loaded 1 world zones for 9 regions.
INFO 23:54:19:542 ConditionParser: initializable.
WARNING 23:54:20:172 SkillTable: detected once the file D:\Documents\Documents\Java\Tera Server\.\data\skills\summon_skills\deprecated.zip
INFO 23:54:20:187 SkillTable: loaded 4613 skills for 19 classes.
INFO 23:54:20:693 ItemTable: loaded 10138 items.
INFO 23:54:20:713 Race: race appearances initializable.
INFO 23:54:20:724 PlayerTable: loaded 104 player templates.
WARNING 23:54:21:060 DropTable: not found items [50048]
INFO 23:54:21:060 DropTable: load drop for 407 npcs and 126 for resourse.
INFO 23:54:21:068 TownTable: initialized.
WARNING 23:54:21:098 NpcDialogTable: detected once the file D:\Documents\Documents\Java\Tera Server\.\data\dialogs\dialogs.txt
INFO 23:54:21:135 NpcDialogTable: loaded 86 dialogs.
INFO 23:54:21:142 MessagePackageTable: loaded 34 message packages.
INFO 23:54:21:210 ConfigAITable: loaded 45 npc ai configs.
INFO 23:54:21:230 NpcAppearanceTable: initialized. Loaded 59 appearances.
WARNING 23:54:21:366 NpcTable: detected once the file D:\Documents\Documents\Java\Tera Server\.\data\npcs\summons\playable_summons.zip
INFO 23:54:21:379 NpcTable: loaded  816 npcs.
INFO 23:54:21:394 ResourseTable: loaded  253 resourses.
INFO 23:54:21:411 MinionTable: loaded 303 minions for 42 npcs.
INFO 23:54:21:412 RegenTaskManager: initializable.
INFO 23:54:21:428 Formulas: initialized.
INFO 23:54:21:429 EffectTaskManager: initialized.
INFO 23:54:21:886 ObjectEventManager: initialized.
INFO 23:54:21:887 MoveTaskManager: initialized.
INFO 23:54:22:481 SpawnTable: loaded 19507 spawns for 617 npcs and 2013 spawns for 60 resourses.
INFO 23:54:22:492 GeoMap3D: start fast import geodata_1.dat
INFO 23:54:23:578 GeoMap3D: import ended. load 1867238 quards.
INFO 23:54:23:578 GeoMap3D: start fast import geodata_2.dat
INFO 23:54:23:634 GeoMap3D: import ended. load 440227 quards.
INFO 23:54:23:634 GeoMap3D: start fast import geodata_3.dat
INFO 23:54:23:640 GeoMap3D: import ended. load 58040 quards.
INFO 23:54:23:640 GeoManager: initialized.
INFO 23:54:23:646 ItemExecutorManager: loaded 0 executor items.
INFO 23:54:23:665 CommandManager: loaded 94 commands.
INFO 23:54:23:675 SkillLearnManager: loaded 950 skill learn's for 8 clases.
INFO 23:54:23:678 AnnounceManager: loaded 0 start announces and 0 running announces.
INFO 23:54:23:680 AccountManager: initialized.
INFO 23:54:23:700 GuildManager: loaded 1 guilds.
INFO 23:54:25:133 QuestManager: loaded 455 quests.
INFO 23:54:25:137 OnlineManager: initialized.
INFO 23:54:25:160 GameLogManager: initialized.
INFO 23:54:25:320 Region: next battle "Veritas District" in 2018.04.22 16:00.
INFO 23:54:25:323 Region: next battle "Ostgarath" in 2018.04.22 16:00.
INFO 23:54:25:329 Region: next battle "Val Palrada" in 2018.04.21 20:00.
INFO 23:54:25:331 Region: next battle "Val Aureum" in 2018.04.21 20:00.
INFO 23:54:25:331 EventManager: loaded 5 events.
INFO 23:54:25:983 EventManager: the nearest event in 56 minutes.
INFO 23:54:25:992 PlayerManager: initialized.
INFO 23:54:26:076 Network: started.
INFO 23:54:26:076 GameServer: started.
