INFO 19:02:33:126 ServerControl: open server socket on 2101 port.
INFO 19:02:33:144 ExecutorManager: initialized.
INFO 19:02:35:178 CleaningManager: delete 0 reuses from a character_skill_reuses.
INFO 19:02:35:180 CleaningManager: delete 0 spawns from a boss_spawn.
INFO 19:02:35:181 CleaningManager: delete 0 appearances from a character_appearances.
INFO 19:02:35:183 CleaningManager: delete 0 effects from a character_save_effects.
INFO 19:02:35:184 CleaningManager: delete 0 inventors from a character_inventors.
INFO 19:02:35:186 CleaningManager: delete 0 skills from a character_skills.
INFO 19:02:35:187 CleaningManager: delete 0 hotkeys from a character_hotkey.
INFO 19:02:35:188 CleaningManager: delete 0 chars from a character_friends.
INFO 19:02:35:190 CleaningManager: delete 0 friends from a character_friends.
INFO 19:02:35:191 CleaningManager: delete 0 settings from a character_settings.
INFO 19:02:35:193 CleaningManager: delete 0 empty items from a items.
INFO 19:02:35:194 CleaningManager: delete 0 no owner items from a items.
INFO 19:02:35:196 CleaningManager: delete 0 no owner guild items from a items.
INFO 19:02:35:245 CleaningManager: create buffer table items.
INFO 19:02:35:248 CleaningManager: copy 0 items to buffer_items.
INFO 19:02:35:249 CleaningManager: delete 0 no owner items from a buffer_items.
INFO 19:02:35:269 CleaningManager: drop buffer table items.
INFO 19:02:35:271 CleaningManager: delete 0 from a quests.
INFO 19:02:35:272 CleaningManager: delete 0 from a quest variables.
INFO 19:02:35:273 CleaningManager: delete 0 from a guild ranks.
INFO 19:02:35:832 ClientPacketType: client packets prepared.
INFO 19:02:35:894 EffectParser: initialized.
INFO 19:02:35:903 RandomManager: initialized.
INFO 19:02:35:906 IdFactory: prepare npc ids...
INFO 19:02:35:917 BitSetIdGenerator: 102912 id's available.
INFO 19:02:35:918 IdFactory: prepare objects ids...
INFO 19:02:35:919 BitSetIdGenerator: 102912 id's available.
INFO 19:02:35:920 IdFactory: prepare players ids...
INFO 19:02:35:928 BitSetIdGenerator: extracted 0 ids.
INFO 19:02:35:929 BitSetIdGenerator: 102912 id's available.
INFO 19:02:35:929 IdFactory: prepare guilds ids...
INFO 19:02:35:931 BitSetIdGenerator: extracted 0 ids.
INFO 19:02:35:932 BitSetIdGenerator: 102912 id's available.
INFO 19:02:35:932 IdFactory: prepare item ids...
INFO 19:02:35:934 BitSetIdGenerator: extracted 0 ids.
INFO 19:02:35:934 BitSetIdGenerator: 102912 id's available.
INFO 19:02:35:997 ServerVarManager: loaded 0 variables.
INFO 19:02:36:007 BossSpawnManager: loaded 0 boss spawns.
INFO 19:02:39:565 TerritoryTable: loaded 160 territories for 18803 regions.
INFO 19:02:44:938 WorldZoneTable: loaded 12 world zones for 31986 regions.
INFO 19:02:44:942 ConditionParser: initializable.
WARNING 19:02:47:266 SkillTable: detected once the file D:\Documents\Documents\Java\Tera Server\.\data\skills\summon_skills\deprecated.zip
INFO 19:02:47:331 SkillTable: loaded 4613 skills for 19 classes.
INFO 19:02:49:138 ItemTable: loaded 10138 items.
INFO 19:02:49:231 Race: race appearances initializable.
INFO 19:02:49:386 PlayerTable: loaded 104 player templates.
WARNING 19:02:50:404 DropTable: not found items [50048]
INFO 19:02:50:405 DropTable: load drop for 407 npcs and 126 for resourse.
INFO 19:02:50:424 TownTable: initialized.
WARNING 19:02:50:496 NpcDialogTable: detected once the file D:\Documents\Documents\Java\Tera Server\.\data\dialogs\dialogs.txt
INFO 19:02:50:645 NpcDialogTable: loaded 88 dialogs.
INFO 19:02:50:676 MessagePackageTable: loaded 34 message packages.
INFO 19:02:50:926 ConfigAITable: loaded 45 npc ai configs.
INFO 19:02:50:975 NpcAppearanceTable: initialized. Loaded 59 appearances.
WARNING 19:02:51:433 NpcTable: detected once the file D:\Documents\Documents\Java\Tera Server\.\data\npcs\summons\playable_summons.zip
INFO 19:02:51:478 NpcTable: loaded  816 npcs.
INFO 19:02:51:558 ResourseTable: loaded  253 resourses.
INFO 19:02:51:604 MinionTable: loaded 303 minions for 42 npcs.
INFO 19:02:51:606 RegenTaskManager: initializable.
INFO 19:02:51:629 Formulas: initialized.
INFO 19:02:51:633 EffectTaskManager: initialized.
INFO 19:02:53:142 ObjectEventManager: initialized.
INFO 19:02:53:143 MoveTaskManager: initialized.
INFO 19:02:56:636 SpawnTable: loaded 19515 spawns for 617 npcs and 2013 spawns for 60 resourses.
INFO 19:02:56:673 GeoMap3D: start fast import geodata_1.dat
INFO 19:02:57:963 GeoMap3D: import ended. load 1867238 quards.
INFO 19:02:57:964 GeoMap3D: start fast import geodata_2.dat
INFO 19:02:58:290 GeoMap3D: import ended. load 440227 quards.
INFO 19:02:58:291 GeoMap3D: start fast import geodata_3.dat
INFO 19:02:58:305 GeoMap3D: import ended. load 58040 quards.
INFO 19:02:58:305 GeoManager: initialized.
INFO 19:02:58:324 ItemExecutorManager: loaded 0 executor items.
INFO 19:02:58:408 CommandManager: loaded 94 commands.
INFO 19:02:58:441 SkillLearnManager: loaded 950 skill learn's for 8 clases.
INFO 19:02:58:448 AnnounceManager: loaded 0 start announces and 0 running announces.
INFO 19:02:58:454 AccountManager: initialized.
INFO 19:02:58:465 GuildManager: loaded 0 guilds.
INFO 19:02:59:675 QuestManager: loaded 455 quests.
INFO 19:02:59:687 OnlineManager: initialized.
INFO 19:02:59:722 GameLogManager: initialized.
INFO 19:03:00:297 Region: next battle "Veritas District" in 2018.12.16 15:00.
INFO 19:03:00:309 Region: next battle "Ostgarath" in 2018.12.16 15:00.
INFO 19:03:00:324 Region: next battle "Val Palrada" in 2018.12.15 19:00.
INFO 19:03:00:335 Region: next battle "Val Aureum" in 2018.12.15 19:00.
INFO 19:03:00:336 EventManager: loaded 5 events.
INFO 19:03:01:005 EventManager: the nearest event in 34 minutes.
INFO 19:03:01:071 PlayerManager: initialized.
INFO 19:03:01:115 Network: started.
INFO 19:03:01:116 GameServer: started.
