INFO 23:02:30:990 ServerControl: open server socket on 2101 port.
INFO 23:02:31:069 ExecutorManager: initialized.
INFO 23:02:31:748 CleaningManager: delete 0 reuses from a character_skill_reuses.
INFO 23:02:31:749 CleaningManager: delete 0 spawns from a boss_spawn.
INFO 23:02:31:749 CleaningManager: delete 0 appearances from a character_appearances.
INFO 23:02:31:750 CleaningManager: delete 0 effects from a character_save_effects.
INFO 23:02:31:751 CleaningManager: delete 0 inventors from a character_inventors.
INFO 23:02:31:752 CleaningManager: delete 0 skills from a character_skills.
INFO 23:02:31:753 CleaningManager: delete 0 hotkeys from a character_hotkey.
INFO 23:02:31:753 CleaningManager: delete 0 chars from a character_friends.
INFO 23:02:31:754 CleaningManager: delete 0 friends from a character_friends.
INFO 23:02:31:755 CleaningManager: delete 0 settings from a character_settings.
INFO 23:02:31:756 CleaningManager: delete 0 empty items from a items.
INFO 23:02:31:757 CleaningManager: delete 0 no owner items from a items.
INFO 23:02:31:757 CleaningManager: delete 0 no owner guild items from a items.
INFO 23:02:31:786 CleaningManager: create buffer table items.
INFO 23:02:31:790 CleaningManager: copy 118 items to buffer_items.
INFO 23:02:31:791 CleaningManager: delete 0 no owner items from a buffer_items.
INFO 23:02:31:811 CleaningManager: drop buffer table items.
INFO 23:02:31:812 CleaningManager: delete 0 from a quests.
INFO 23:02:31:812 CleaningManager: delete 0 from a quest variables.
INFO 23:02:31:813 CleaningManager: delete 0 from a guild ranks.
INFO 23:02:31:926 ClientPacketType: client packets prepared.
INFO 23:02:31:973 EffectParser: initialized.
INFO 23:02:31:977 RandomManager: initialized.
INFO 23:02:31:979 IdFactory: prepare npc ids...
INFO 23:02:31:983 BitSetIdGenerator: 102912 id's available.
INFO 23:02:31:984 IdFactory: prepare objects ids...
INFO 23:02:31:984 BitSetIdGenerator: 102912 id's available.
INFO 23:02:31:984 IdFactory: prepare players ids...
INFO 23:02:31:989 BitSetIdGenerator: extracted 4 ids.
INFO 23:02:31:989 BitSetIdGenerator: 102912 id's available.
INFO 23:02:31:989 IdFactory: prepare guilds ids...
INFO 23:02:31:990 BitSetIdGenerator: extracted 1 ids.
INFO 23:02:31:990 BitSetIdGenerator: 102912 id's available.
INFO 23:02:31:990 IdFactory: prepare item ids...
INFO 23:02:31:992 BitSetIdGenerator: extracted 118 ids.
WARNING 23:02:31:992 BitSetIdGenerator: objectId 1 in DB is less than minimum ID of 268435456.
INFO 23:02:31:992 BitSetIdGenerator: 102912 id's available.
INFO 23:02:32:014 ServerVarManager: loaded 0 variables.
INFO 23:02:32:019 BossSpawnManager: loaded 0 boss spawns.
INFO 23:02:33:957 TerritoryTable: loaded 160 territories for 18803 regions.
INFO 23:02:36:815 WorldZoneTable: loaded 9 world zones for 31887 regions.
INFO 23:02:36:818 ConditionParser: initializable.
WARNING 23:02:37:354 SkillTable: detected once the file D:\Documents\Documents\Java\Tera Server\.\data\skills\summon_skills\deprecated.zip
INFO 23:02:37:368 SkillTable: loaded 4613 skills for 19 classes.
INFO 23:02:37:856 ItemTable: loaded 10137 items.
INFO 23:02:37:872 Race: race appearances initializable.
INFO 23:02:37:881 PlayerTable: loaded 104 player templates.
WARNING 23:02:38:152 DropTable: not found items [50048]
INFO 23:02:38:152 DropTable: load drop for 407 npcs and 126 for resourse.
INFO 23:02:38:158 TownTable: initialized.
WARNING 23:02:38:192 NpcDialogTable: detected once the file D:\Documents\Documents\Java\Tera Server\.\data\dialogs\dialogs.txt
INFO 23:02:38:231 NpcDialogTable: loaded 83 dialogs.
INFO 23:02:38:239 MessagePackageTable: loaded 34 message packages.
INFO 23:02:38:288 ConfigAITable: loaded 45 npc ai configs.
INFO 23:02:38:300 NpcAppearanceTable: initialized. Loaded 59 appearances.
WARNING 23:02:38:371 NpcTable: found duplicate npc template NpcTemplate npcId = 7011, exp = 1000000, attack = 400000, defense = 3500, owerAttack = 3000, owerDefense = 30000, level = 60, aggro = 120, factionRange = 0, name = Linyphi, title = , factionId = , type = 51, isRaid = false, canDrop = false, drop = null, minions = null, dialog = null, geomRadius = 90.0, geomHeight = 160.0, npcType = RAID_BOSS in file .\data\npcs\raid_boss.xml
WARNING 23:02:38:417 NpcTable: detected once the file D:\Documents\Documents\Java\Tera Server\.\data\npcs\summons\playable_summons.zip
INFO 23:02:38:423 NpcTable: loaded  815 npcs.
INFO 23:02:38:438 ResourseTable: loaded  253 resourses.
INFO 23:02:38:454 MinionTable: loaded 303 minions for 42 npcs.
INFO 23:02:38:455 RegenTaskManager: initializable.
INFO 23:02:38:464 Formulas: initialized.
INFO 23:02:38:465 EffectTaskManager: initialized.
INFO 23:02:38:931 ObjectEventManager: initialized.
INFO 23:02:38:932 MoveTaskManager: initialized.
INFO 23:02:39:437 SpawnTable: loaded 19474 spawns for 616 npcs and 2013 spawns for 60 resourses.
INFO 23:02:39:446 GeoMap3D: start fast import geodata_1.dat
INFO 23:02:40:424 GeoMap3D: import ended. load 1867238 quards.
INFO 23:02:40:424 GeoMap3D: start fast import geodata_2.dat
INFO 23:02:40:480 GeoMap3D: import ended. load 440227 quards.
INFO 23:02:40:480 GeoMap3D: start fast import geodata_3.dat
INFO 23:02:41:700 GeoMap3D: import ended. load 58041 quards.
INFO 23:02:41:701 GeoManager: initialized.
INFO 23:02:41:708 ItemExecutorManager: loaded 0 executor items.
INFO 23:02:41:730 CommandManager: loaded 93 commands.
INFO 23:02:41:747 SkillLearnManager: loaded 950 skill learn's for 8 clases.
INFO 23:02:41:752 AnnounceManager: loaded 0 start announces and 0 running announces.
INFO 23:02:41:758 AccountManager: initialized.
INFO 23:02:41:788 GuildManager: loaded 1 guilds.
INFO 23:02:42:124 QuestManager: loaded 455 quests.
INFO 23:02:42:126 OnlineManager: initialized.
INFO 23:02:42:144 GameLogManager: initialized.
INFO 23:02:42:250 Region: next battle "Veritas District" in 2018.04.15 16:00.
INFO 23:02:42:252 Region: next battle "Ostgarath" in 2018.04.15 16:00.
INFO 23:02:42:255 Region: next battle "Val Palrada" in 2018.04.14 20:00.
INFO 23:02:42:256 Region: next battle "Val Aureum" in 2018.04.14 20:00.
INFO 23:02:42:256 EventManager: loaded 5 events.
INFO 23:02:42:924 EventManager: the nearest event in 37 minutes.
INFO 23:02:42:935 PlayerManager: initialized.
INFO 23:02:43:009 Network: started.
INFO 23:02:43:009 GameServer: started.
WARNING 23:03:11:367 ClientConnection: not found packet for opcode 4DBC
20 00 BC 4D 02 00 08 00 08 00 14 00 00 00 00 00    ..¼M............
94 5F 03 00 14 00 00 00 01 00 00 00 DC 5F 03 00    _..........Ü_..
41 00 A4 78 13 00 21 00 20 00 00 00 00 00 00 02    A.¤x..!.........
00 00 00 44 00 61 00 72 00 6B 00 7A 00 61 00 00    ...D.a.r.k.z.a..
00 34 66 65 37 36 37 38 61 38 31 62 61 37 63 37    .4fe7678a81ba7c7
64 62 32 36 39 63 37 37 62 35 64 64 37 38 31 63    db269c77b5dd781c
61                                                 a...............

INFO 23:03:11:372 AccountManager: authed Darkza
WARNING 23:03:11:383 ClientConnection: not found packet for opcode F4FE
08 00 FE F4 E8 03 00 00                            ..þôè...........

WARNING 23:03:11:384 ClientConnection: not found packet for opcode CD71
BC 00 71 CD 12 00 38 00 8C 00 AF 3F 00 00 80 00    ¼.qÍ..8..¯?...
00 00 57 00 69 00 6E 00 64 00 6F 00 77 00 73 00    ..W.i.n.d.o.w.s.
20 00 37 00 20 00 28 00 78 00 36 00 34 00 29 00    ..7...(.x.6.4.).
20 00 0D 00 0A 00 00 00 49 00 6E 00 74 00 65 00    ........I.n.t.e.
6C 00 28 00 52 00 29 00 20 00 43 00 6F 00 72 00    l.(.R.)...C.o.r.
65 00 28 00 54 00 4D 00 29 00 20 00 69 00 37 00    e.(.T.M.)...i.7.
2D 00 34 00 37 00 31 00 30 00 48 00 51 00 20 00    -.4.7.1.0.H.Q...
43 00 50 00 55 00 20 00 40 00 20 00 32 00 2E 00    C.P.U...@...2...
35 00 30 00 47 00 48 00 7A 00 00 00 4E 00 56 00    5.0.G.H.z...N.V.
49 00 44 00 49 00 41 00 20 00 47 00 65 00 46 00    I.D.I.A...G.e.F.
6F 00 72 00 63 00 65 00 20 00 47 00 54 00 58 00    o.r.c.e...G.T.X.
20 00 38 00 37 00 30 00 4D 00 00 00                ..8.7.0.M.......

WARNING 23:03:23:748 ClientConnection: not found packet for opcode 9C2E
04 00 2E 9C                                        ...............

WARNING 23:03:32:571 ClientConnection: not found packet for opcode D28D
04 00 8D D2                                        ..Ò............

WARNING 23:03:32:574 ClientConnection: not found packet for opcode 8BBF
08 00 BF 8B 03 00 00 00                            ..¿............

WARNING 23:03:33:642 ClientConnection: not found packet for opcode 52A2
10 00 A2 52 7B A1 B8 BC 00 00 00 00 00 00 00 00    ..¢R{¡¸¼........

WARNING 23:03:35:232 ClientConnection: not found packet for opcode 52A2
10 00 A2 52 7B A1 B8 BC 02 00 00 00 00 00 00 00    ..¢R{¡¸¼........

WARNING 23:03:35:232 ClientConnection: not found packet for opcode 52A2
10 00 A2 52 7B A1 B8 BC 02 00 00 00 00 00 00 00    ..¢R{¡¸¼........

WARNING 23:04:21:012 ClientConnection: not found packet for opcode 52A2
10 00 A2 52 7B A1 B8 BC 02 00 00 00 00 00 00 00    ..¢R{¡¸¼........

WARNING 23:04:25:687 ClientConnection: not found packet for opcode 52A2
10 00 A2 52 7B A1 B8 BC 02 00 00 00 00 00 00 00    ..¢R{¡¸¼........

WARNING 23:04:33:945 ClientConnection: not found packet for opcode 52A2
10 00 A2 52 7B A1 B8 BC 02 00 00 00 00 00 00 00    ..¢R{¡¸¼........

WARNING 23:04:35:988 ClientConnection: not found packet for opcode D28D
04 00 8D D2                                        ..Ò............

WARNING 23:04:35:989 ClientConnection: not found packet for opcode 8BBF
08 00 BF 8B 15 00 00 00                            ..¿............

WARNING 23:06:50:960 ClientConnection: not found packet for opcode 8BBF
08 00 BF 8B 15 00 00 00                            ..¿............

WARNING 23:06:54:039 ClientConnection: not found packet for opcode 8BBF
08 00 BF 8B 15 00 00 00                            ..¿............

WARNING 23:06:54:276 ClientConnection: not found packet for opcode 52A2
10 00 A2 52 7B A1 B8 BC 00 00 00 00 00 00 00 00    ..¢R{¡¸¼........

WARNING 23:06:55:872 ClientConnection: not found packet for opcode 52A2
10 00 A2 52 7B A1 B8 BC 02 00 00 00 00 00 00 00    ..¢R{¡¸¼........

WARNING 23:06:55:914 ClientConnection: not found packet for opcode 52A2
10 00 A2 52 7B A1 B8 BC 02 00 00 00 00 00 00 00    ..¢R{¡¸¼........

WARNING 23:08:24:411 ClientConnection: not found packet for opcode 52A2
10 00 A2 52 7B A1 B8 BC 02 00 00 00 00 00 00 00    ..¢R{¡¸¼........

WARNING 23:08:26:727 ClientConnection: not found packet for opcode 8BBF
08 00 BF 8B 15 00 00 00                            ..¿............

WARNING 23:08:27:765 ClientConnection: not found packet for opcode 8BBF
08 00 BF 8B 15 00 00 00                            ..¿............

WARNING 23:08:47:272 ClientConnection: not found packet for opcode 8BBF
08 00 BF 8B 15 00 00 00                            ..¿............

WARNING 23:08:49:336 ClientConnection: not found packet for opcode 8BBF
08 00 BF 8B 15 00 00 00                            ..¿............

WARNING 23:08:50:369 ClientConnection: not found packet for opcode 8BBF
08 00 BF 8B 15 00 00 00                            ..¿............

WARNING 23:08:56:549 ClientConnection: not found packet for opcode 8BBF
08 00 BF 8B 15 00 00 00                            ..¿............

WARNING 23:10:16:098 ClientConnection: not found packet for opcode D28D
04 00 8D D2                                        ..Ò............

WARNING 23:10:16:105 ClientConnection: not found packet for opcode 8BBF
08 00 BF 8B 17 00 00 00                            ..¿............

WARNING 23:10:22:318 ClientConnection: not found packet for opcode 8BBF
08 00 BF 8B 17 00 00 00                            ..¿............

WARNING 23:11:00:425 ClientConnection: not found packet for opcode 8BBF
08 00 BF 8B 17 00 00 00                            ..¿............

WARNING 23:11:44:452 ClientConnection: not found packet for opcode 52A2
10 00 A2 52 7B A1 B8 BC 02 00 00 00 00 00 00 00    ..¢R{¡¸¼........

WARNING 23:14:26:226 ClientConnection: not found packet for opcode 52A2
10 00 A2 52 7B A1 B8 BC 02 00 00 00 00 00 00 00    ..¢R{¡¸¼........

INFO 23:14:32:152 AccountManager: close Darkza
WARNING 23:14:51:694 ClientConnection: not found packet for opcode 4DBC
20 00 BC 4D 02 00 08 00 08 00 14 00 00 00 00 00    ..¼M............
94 5F 03 00 14 00 00 00 01 00 00 00 DC 5F 03 00    _..........Ü_..
41 00 A4 78 13 00 21 00 20 00 00 00 00 00 00 02    A.¤x..!.........
00 00 00 44 00 61 00 72 00 6B 00 7A 00 61 00 00    ...D.a.r.k.z.a..
00 34 66 65 37 36 37 38 61 38 31 62 61 37 63 37    .4fe7678a81ba7c7
64 62 32 36 39 63 37 37 62 35 64 64 37 38 31 63    db269c77b5dd781c
61                                                 a...............

INFO 23:14:51:696 AccountManager: authed Darkza
WARNING 23:14:51:711 ClientConnection: not found packet for opcode F4FE
08 00 FE F4 E8 03 00 00                            ..þôè...........

WARNING 23:14:51:711 ClientConnection: not found packet for opcode CD71
BC 00 71 CD 12 00 38 00 8C 00 AF 3F 00 00 80 00    ¼.qÍ..8..¯?...
00 00 57 00 69 00 6E 00 64 00 6F 00 77 00 73 00    ..W.i.n.d.o.w.s.
20 00 37 00 20 00 28 00 78 00 36 00 34 00 29 00    ..7...(.x.6.4.).
20 00 0D 00 0A 00 00 00 49 00 6E 00 74 00 65 00    ........I.n.t.e.
6C 00 28 00 52 00 29 00 20 00 43 00 6F 00 72 00    l.(.R.)...C.o.r.
65 00 28 00 54 00 4D 00 29 00 20 00 69 00 37 00    e.(.T.M.)...i.7.
2D 00 34 00 37 00 31 00 30 00 48 00 51 00 20 00    -.4.7.1.0.H.Q...
43 00 50 00 55 00 20 00 40 00 20 00 32 00 2E 00    C.P.U...@...2...
35 00 30 00 47 00 48 00 7A 00 00 00 4E 00 56 00    5.0.G.H.z...N.V.
49 00 44 00 49 00 41 00 20 00 47 00 65 00 46 00    I.D.I.A...G.e.F.
6F 00 72 00 63 00 65 00 20 00 47 00 54 00 58 00    o.r.c.e...G.T.X.
20 00 38 00 37 00 30 00 4D 00 00 00                ..8.7.0.M.......

WARNING 23:15:01:241 ClientConnection: not found packet for opcode 9C2E
04 00 2E 9C                                        ...............

WARNING 23:15:06:313 ClientConnection: not found packet for opcode D28D
04 00 8D D2                                        ..Ò............

WARNING 23:15:06:316 ClientConnection: not found packet for opcode 8BBF
08 00 BF 8B 17 00 00 00                            ..¿............

WARNING 23:15:07:789 ClientConnection: not found packet for opcode BEEF
04 00 EF BE                                        ..ï¾............

WARNING 23:15:07:789 ClientConnection: not found packet for opcode C093
14 00 93 C0 06 00 44 00 61 00 72 00 6B 00 7A 00    ..À..D.a.r.k.z.
61 00 00 00 04 00 15 E8                            a......è........

WARNING 23:15:07:789 ClientConnection: not found packet for opcode E815
14 00 93 C0 06 00 44 00 61 00 72 00 6B 00 7A 00    ..À..D.a.r.k.z.
61 00 00 00 04 00 15 E8                            a......è........

WARNING 23:16:36:459 CommandManager: IllegalArgumentException : No enum constant tera.gameserver.model.base.PlayerClass.2 : stack trace:
java.lang.Enum.valueOf(Enum.java:238)
tera.gameserver.model.base.PlayerClass.valueOf(PlayerClass.java:8)
tera.gameserver.scripts.commands.DeveloperCommand.execution(DeveloperCommand.java:81)
tera.gameserver.manager.CommandManager.execute(CommandManager.java:74)
tera.gameserver.network.clientpackets.PlayerSay.runImpl(PlayerSay.java:84)
rlib.network.packets.AbstractReadeablePacket.run(AbstractReadeablePacket.java:175)
java.util.concurrent.ThreadPoolExecutor.runWorker(ThreadPoolExecutor.java:1142)
java.util.concurrent.ThreadPoolExecutor$Worker.run(ThreadPoolExecutor.java:617)
java.lang.Thread.run(Thread.java:745)

WARNING 23:16:38:524 ClientConnection: not found packet for opcode BEEF
04 00 EF BE                                        ..ï¾............

WARNING 23:16:38:525 ClientConnection: not found packet for opcode C093
14 00 93 C0 06 00 44 00 61 00 72 00 6B 00 7A 00    ..À..D.a.r.k.z.
61 00 00 00 04 00 15 E8                            a......è........

WARNING 23:16:38:525 ClientConnection: not found packet for opcode E815
14 00 93 C0 06 00 44 00 61 00 72 00 6B 00 7A 00    ..À..D.a.r.k.z.
61 00 00 00 04 00 15 E8                            a......è........

WARNING 23:16:48:360 CommandManager: IllegalArgumentException : No enum constant tera.gameserver.model.base.PlayerClass.6 : stack trace:
java.lang.Enum.valueOf(Enum.java:238)
tera.gameserver.model.base.PlayerClass.valueOf(PlayerClass.java:8)
tera.gameserver.scripts.commands.DeveloperCommand.execution(DeveloperCommand.java:81)
tera.gameserver.manager.CommandManager.execute(CommandManager.java:74)
tera.gameserver.network.clientpackets.PlayerSay.runImpl(PlayerSay.java:84)
rlib.network.packets.AbstractReadeablePacket.run(AbstractReadeablePacket.java:175)
java.util.concurrent.ThreadPoolExecutor.runWorker(ThreadPoolExecutor.java:1142)
java.util.concurrent.ThreadPoolExecutor$Worker.run(ThreadPoolExecutor.java:617)
java.lang.Thread.run(Thread.java:745)

WARNING 23:17:07:432 ClientConnection: not found packet for opcode BEEF
04 00 EF BE                                        ..ï¾............

WARNING 23:17:07:432 ClientConnection: not found packet for opcode C093
14 00 93 C0 06 00 44 00 61 00 72 00 6B 00 7A 00    ..À..D.a.r.k.z.
61 00 00 00 04 00 15 E8                            a......è........

WARNING 23:17:07:432 ClientConnection: not found packet for opcode E815
14 00 93 C0 06 00 44 00 61 00 72 00 6B 00 7A 00    ..À..D.a.r.k.z.
61 00 00 00 04 00 15 E8                            a......è........

WARNING 23:19:02:262 ClientConnection: not found packet for opcode 52A2
10 00 A2 52 7B A1 B8 BC 02 00 00 00 00 00 00 00    ..¢R{¡¸¼........

WARNING 23:19:52:069 ClientConnection: not found packet for opcode 52A2
10 00 A2 52 7B A1 B8 BC 02 00 00 00 00 00 00 00    ..¢R{¡¸¼........
04 00 8C 99                                        ..............

WARNING 23:19:52:938 ClientConnection: not found packet for opcode D28D
04 00 8D D2                                        ..Ò............

WARNING 23:19:52:939 ClientConnection: not found packet for opcode 8BBF
08 00 BF 8B 15 00 00 00                            ..¿............

WARNING 23:20:07:463 ClientConnection: not found packet for opcode 8BBF
08 00 BF 8B 15 00 00 00                            ..¿............

WARNING 23:20:10:543 ClientConnection: not found packet for opcode 8BBF
08 00 BF 8B 15 00 00 00                            ..¿............

WARNING 23:20:11:105 ClientConnection: not found packet for opcode 52A2
10 00 A2 52 7B A1 B8 BC 00 00 00 00 00 00 00 00    ..¢R{¡¸¼........

WARNING 23:20:11:572 ClientConnection: not found packet for opcode 8BBF
08 00 BF 8B 15 00 00 00                            ..¿............

WARNING 23:20:12:761 ClientConnection: not found packet for opcode 52A2
10 00 A2 52 7B A1 B8 BC 02 00 00 00 00 00 00 00    ..¢R{¡¸¼........

WARNING 23:20:12:793 ClientConnection: not found packet for opcode 52A2
10 00 A2 52 7B A1 B8 BC 02 00 00 00 00 00 00 00    ..¢R{¡¸¼........

WARNING 23:20:20:253 ClientConnection: not found packet for opcode 52A2
10 00 A2 52 7B A1 B8 BC 02 00 00 00 00 00 00 00    ..¢R{¡¸¼........

WARNING 23:20:22:017 ClientConnection: not found packet for opcode 8BBF
08 00 BF 8B 15 00 00 00                            ..¿............

WARNING 23:20:23:056 ClientConnection: not found packet for opcode 8BBF
08 00 BF 8B 15 00 00 00                            ..¿............

WARNING 23:20:24:083 ClientConnection: not found packet for opcode 8BBF
08 00 BF 8B 15 00 00 00                            ..¿............

WARNING 23:20:43:609 ClientConnection: not found packet for opcode 8BBF
08 00 BF 8B 15 00 00 00                            ..¿............

WARNING 23:20:50:806 ClientConnection: not found packet for opcode 8BBF
08 00 BF 8B 15 00 00 00                            ..¿............

WARNING 23:20:51:840 ClientConnection: not found packet for opcode 8BBF
08 00 BF 8B 15 00 00 00                            ..¿............

WARNING 23:23:39:734 ClientConnection: not found packet for opcode D28D
04 00 8D D2                                        ..Ò............

WARNING 23:23:39:740 ClientConnection: not found packet for opcode 8BBF
08 00 BF 8B 17 00 00 00                            ..¿............

WARNING 23:23:42:046 ClientConnection: not found packet for opcode 52A2
10 00 A2 52 7B A1 B8 BC 02 00 00 00 00 00 00 00    ..¢R{¡¸¼........

WARNING 23:24:58:993 ClientConnection: not found packet for opcode 52A2
10 00 A2 52 7B A1 B8 BC 02 00 00 00 00 00 00 00    ..¢R{¡¸¼........

WARNING 23:25:05:467 ClientConnection: not found packet for opcode 52A2
10 00 A2 52 7B A1 B8 BC 02 00 00 00 00 00 00 00    ..¢R{¡¸¼........

WARNING 23:25:07:656 ClientConnection: not found packet for opcode D28D
04 00 8D D2                                        ..Ò............

WARNING 23:25:07:657 ClientConnection: not found packet for opcode 8BBF
08 00 BF 8B 15 00 00 00                            ..¿............

WARNING 23:25:49:740 ClientConnection: not found packet for opcode 52A2
10 00 A2 52 7B A1 B8 BC 02 00 00 00 00 00 00 00    ..¢R{¡¸¼........

INFO 23:26:12:565 AccountManager: close Darkza
