INFO 01:02:40:110 ServerControl: open server socket on 2101 port.
INFO 01:02:40:202 ExecutorManager: initialized.
INFO 01:02:40:993 CleaningManager: delete 0 reuses from a character_skill_reuses.
INFO 01:02:40:994 CleaningManager: delete 0 spawns from a boss_spawn.
INFO 01:02:40:994 CleaningManager: delete 0 appearances from a character_appearances.
INFO 01:02:40:995 CleaningManager: delete 0 effects from a character_save_effects.
INFO 01:02:40:996 CleaningManager: delete 0 inventors from a character_inventors.
INFO 01:02:40:996 CleaningManager: delete 0 skills from a character_skills.
INFO 01:02:40:997 CleaningManager: delete 0 hotkeys from a character_hotkey.
INFO 01:02:40:998 CleaningManager: delete 0 chars from a character_friends.
INFO 01:02:40:999 CleaningManager: delete 0 friends from a character_friends.
INFO 01:02:40:999 CleaningManager: delete 0 settings from a character_settings.
INFO 01:02:41:000 CleaningManager: delete 0 empty items from a items.
INFO 01:02:41:000 CleaningManager: delete 0 no owner items from a items.
INFO 01:02:41:001 CleaningManager: delete 0 no owner guild items from a items.
INFO 01:02:41:029 CleaningManager: create buffer table items.
INFO 01:02:41:032 CleaningManager: copy 118 items to buffer_items.
INFO 01:02:41:033 CleaningManager: delete 0 no owner items from a buffer_items.
INFO 01:02:41:047 CleaningManager: drop buffer table items.
INFO 01:02:41:048 CleaningManager: delete 0 from a quests.
INFO 01:02:41:049 CleaningManager: delete 0 from a quest variables.
INFO 01:02:41:049 CleaningManager: delete 0 from a guild ranks.
INFO 01:02:41:200 ClientPacketType: client packets prepared.
INFO 01:02:41:248 EffectParser: initialized.
INFO 01:02:41:255 RandomManager: initialized.
INFO 01:02:41:257 IdFactory: prepare npc ids...
INFO 01:02:41:261 BitSetIdGenerator: 102912 id's available.
INFO 01:02:41:262 IdFactory: prepare objects ids...
INFO 01:02:41:262 BitSetIdGenerator: 102912 id's available.
INFO 01:02:41:262 IdFactory: prepare players ids...
INFO 01:02:41:267 BitSetIdGenerator: extracted 4 ids.
INFO 01:02:41:267 BitSetIdGenerator: 102912 id's available.
INFO 01:02:41:267 IdFactory: prepare guilds ids...
INFO 01:02:41:268 BitSetIdGenerator: extracted 1 ids.
INFO 01:02:41:268 BitSetIdGenerator: 102912 id's available.
INFO 01:02:41:268 IdFactory: prepare item ids...
INFO 01:02:41:270 BitSetIdGenerator: extracted 118 ids.
WARNING 01:02:41:270 BitSetIdGenerator: objectId 1 in DB is less than minimum ID of 268435456.
INFO 01:02:41:271 BitSetIdGenerator: 102912 id's available.
INFO 01:02:41:294 ServerVarManager: loaded 0 variables.
INFO 01:02:41:298 BossSpawnManager: loaded 0 boss spawns.
INFO 01:02:43:535 TerritoryTable: loaded 160 territories for 18803 regions.
INFO 01:02:46:850 WorldZoneTable: loaded 10 world zones for 31889 regions.
INFO 01:02:46:853 ConditionParser: initializable.
WARNING 01:02:47:513 SkillTable: detected once the file D:\Documents\Documents\Java\Tera Server\.\data\skills\summon_skills\deprecated.zip
INFO 01:02:47:531 SkillTable: loaded 4613 skills for 19 classes.
INFO 01:02:48:133 ItemTable: loaded 10137 items.
INFO 01:02:48:155 Race: race appearances initializable.
INFO 01:02:48:164 PlayerTable: loaded 104 player templates.
WARNING 01:02:48:478 DropTable: not found items [50048]
INFO 01:02:48:478 DropTable: load drop for 407 npcs and 126 for resourse.
INFO 01:02:48:485 TownTable: initialized.
WARNING 01:02:48:518 NpcDialogTable: detected once the file D:\Documents\Documents\Java\Tera Server\.\data\dialogs\dialogs.txt
INFO 01:02:48:553 NpcDialogTable: loaded 83 dialogs.
INFO 01:02:48:560 MessagePackageTable: loaded 34 message packages.
INFO 01:02:48:612 ConfigAITable: loaded 45 npc ai configs.
INFO 01:02:48:628 NpcAppearanceTable: initialized. Loaded 59 appearances.
WARNING 01:02:48:713 NpcTable: found duplicate npc template NpcTemplate npcId = 7011, exp = 1000000, attack = 400000, defense = 3500, owerAttack = 3000, owerDefense = 30000, level = 60, aggro = 120, factionRange = 0, name = Linyphi, title = , factionId = , type = 51, isRaid = false, canDrop = false, drop = null, minions = null, dialog = null, geomRadius = 90.0, geomHeight = 160.0, npcType = RAID_BOSS in file .\data\npcs\raid_boss.xml
WARNING 01:02:48:788 NpcTable: detected once the file D:\Documents\Documents\Java\Tera Server\.\data\npcs\summons\playable_summons.zip
INFO 01:02:48:797 NpcTable: loaded  815 npcs.
INFO 01:02:48:809 ResourseTable: loaded  253 resourses.
INFO 01:02:48:824 MinionTable: loaded 303 minions for 42 npcs.
INFO 01:02:48:824 RegenTaskManager: initializable.
INFO 01:02:48:831 Formulas: initialized.
INFO 01:02:48:853 EffectTaskManager: initialized.
INFO 01:02:49:235 ObjectEventManager: initialized.
INFO 01:02:49:236 MoveTaskManager: initialized.
INFO 01:02:49:847 SpawnTable: loaded 19474 spawns for 616 npcs and 2013 spawns for 60 resourses.
INFO 01:02:49:864 GeoMap3D: start fast import geodata_1.dat
INFO 01:02:50:939 GeoMap3D: import ended. load 1867238 quards.
INFO 01:02:50:940 GeoMap3D: start fast import geodata_2.dat
INFO 01:02:51:021 GeoMap3D: import ended. load 440227 quards.
INFO 01:02:51:024 GeoMap3D: start fast import geodata_3.dat
INFO 01:02:52:330 GeoMap3D: import ended. load 58041 quards.
INFO 01:02:52:330 GeoManager: initialized.
INFO 01:02:52:339 ItemExecutorManager: loaded 0 executor items.
INFO 01:02:52:359 CommandManager: loaded 94 commands.
INFO 01:02:52:378 SkillLearnManager: loaded 950 skill learn's for 8 clases.
INFO 01:02:52:382 AnnounceManager: loaded 0 start announces and 0 running announces.
INFO 01:02:52:385 AccountManager: initialized.
INFO 01:02:52:408 GuildManager: loaded 1 guilds.
INFO 01:02:52:788 QuestManager: loaded 455 quests.
INFO 01:02:52:789 OnlineManager: initialized.
INFO 01:02:52:806 GameLogManager: initialized.
INFO 01:02:52:931 Region: next battle "Veritas District" in 2018.04.15 16:00.
INFO 01:02:52:934 Region: next battle "Ostgarath" in 2018.04.15 16:00.
INFO 01:02:52:936 Region: next battle "Val Palrada" in 2018.04.14 20:00.
INFO 01:02:52:938 Region: next battle "Val Aureum" in 2018.04.14 20:00.
INFO 01:02:52:939 EventManager: loaded 5 events.
INFO 01:02:53:594 EventManager: the nearest event in 52 minutes.
INFO 01:02:53:603 PlayerManager: initialized.
INFO 01:02:53:683 Network: started.
INFO 01:02:53:684 GameServer: started.
WARNING 01:02:54:832 ClientConnection: not found packet for opcode 4DBC
20 00 BC 4D 02 00 08 00 08 00 14 00 00 00 00 00    ..¼M............
94 5F 03 00 14 00 00 00 01 00 00 00 DC 5F 03 00    _..........Ü_..
41 00 A4 78 13 00 21 00 20 00 00 00 00 00 00 02    A.¤x..!.........
00 00 00 44 00 61 00 72 00 6B 00 7A 00 61 00 00    ...D.a.r.k.z.a..
00 34 66 65 37 36 37 38 61 38 31 62 61 37 63 37    .4fe7678a81ba7c7
64 62 32 36 39 63 37 37 62 35 64 64 37 38 31 63    db269c77b5dd781c
61                                                 a...............

INFO 01:02:54:836 AccountManager: authed Darkza
WARNING 01:02:54:849 ClientConnection: not found packet for opcode F4FE
08 00 FE F4 E8 03 00 00                            ..þôè...........

WARNING 01:02:54:849 ClientConnection: not found packet for opcode CD71
BC 00 71 CD 12 00 38 00 8C 00 AF 3F 00 00 80 00    ¼.qÍ..8..¯?...
00 00 57 00 69 00 6E 00 64 00 6F 00 77 00 73 00    ..W.i.n.d.o.w.s.
20 00 37 00 20 00 28 00 78 00 36 00 34 00 29 00    ..7...(.x.6.4.).
20 00 0D 00 0A 00 00 00 49 00 6E 00 74 00 65 00    ........I.n.t.e.
6C 00 28 00 52 00 29 00 20 00 43 00 6F 00 72 00    l.(.R.)...C.o.r.
65 00 28 00 54 00 4D 00 29 00 20 00 69 00 37 00    e.(.T.M.)...i.7.
2D 00 34 00 37 00 31 00 30 00 48 00 51 00 20 00    -.4.7.1.0.H.Q...
43 00 50 00 55 00 20 00 40 00 20 00 32 00 2E 00    C.P.U...@...2...
35 00 30 00 47 00 48 00 7A 00 00 00 4E 00 56 00    5.0.G.H.z...N.V.
49 00 44 00 49 00 41 00 20 00 47 00 65 00 46 00    I.D.I.A...G.e.F.
6F 00 72 00 63 00 65 00 20 00 47 00 54 00 58 00    o.r.c.e...G.T.X.
20 00 38 00 37 00 30 00 4D 00 00 00                ..8.7.0.M.......

WARNING 01:03:05:069 ClientConnection: not found packet for opcode 9C2E
04 00 2E 9C                                        ...............

WARNING 01:03:10:914 ClientConnection: not found packet for opcode D28D
04 00 8D D2                                        ..Ò............

WARNING 01:03:10:919 ClientConnection: not found packet for opcode 8BBF
08 00 BF 8B 16 00 00 00                            ..¿............

WARNING 01:03:20:860 CommandManager: NullPointerException : null : stack trace:
tera.gameserver.scripts.commands.NpcCommands.execution(NpcCommands.java:194)
tera.gameserver.manager.CommandManager.execute(CommandManager.java:74)
tera.gameserver.network.clientpackets.PlayerSay.runImpl(PlayerSay.java:84)
rlib.network.packets.AbstractReadeablePacket.run(AbstractReadeablePacket.java:175)
java.util.concurrent.ThreadPoolExecutor.runWorker(ThreadPoolExecutor.java:1142)
java.util.concurrent.ThreadPoolExecutor$Worker.run(ThreadPoolExecutor.java:617)
java.lang.Thread.run(Thread.java:745)

WARNING 01:03:35:952 CommandManager: ArrayIndexOutOfBoundsException : 1 : stack trace:
tera.gameserver.scripts.commands.NpcCommands.execution(NpcCommands.java:197)
tera.gameserver.manager.CommandManager.execute(CommandManager.java:74)
tera.gameserver.network.clientpackets.PlayerSay.runImpl(PlayerSay.java:84)
rlib.network.packets.AbstractReadeablePacket.run(AbstractReadeablePacket.java:175)
java.util.concurrent.ThreadPoolExecutor.runWorker(ThreadPoolExecutor.java:1142)
java.util.concurrent.ThreadPoolExecutor$Worker.run(ThreadPoolExecutor.java:617)
java.lang.Thread.run(Thread.java:745)

WARNING 01:04:57:862 ClientConnection: not found packet for opcode B5A9
1C 00 A9 B5 01 00 10 00 02 00 00 00 A0 0F 00 00    ..©µ........ ...
10 00 00 00 A0 58 00 10 D0 07 00 00                .... X..Ð.......

WARNING 01:09:05:361 NpcTable: detected once the file D:\Documents\Documents\Java\Tera Server\.\data\npcs\summons\playable_summons.zip
INFO 01:09:05:383 NpcTable: npcs reloaded.
INFO 01:09:15:199 SpawnTable: reloaded.
WARNING 01:11:37:088 NpcTable: detected once the file D:\Documents\Documents\Java\Tera Server\.\data\npcs\summons\playable_summons.zip
INFO 01:11:37:103 NpcTable: npcs reloaded.
INFO 01:11:41:306 SpawnTable: reloaded.
WARNING 01:12:32:003 ClientConnection: not found packet for opcode 52A2
10 00 A2 52 7B A1 B8 BC 00 00 00 00 00 00 00 00    ..¢R{¡¸¼........

WARNING 01:12:32:840 ClientConnection: not found packet for opcode 52A2
10 00 A2 52 7B A1 B8 BC 02 00 00 00 00 00 00 00    ..¢R{¡¸¼........

WARNING 01:13:14:007 ClientConnection: not found packet for opcode 52A2
10 00 A2 52 7B A1 B8 BC 02 00 00 00 00 00 00 00    ..¢R{¡¸¼........

INFO 01:13:22:903 AccountManager: close Darkza
