INFO 19:13:20:963 ServerControl: open server socket on 2101 port.
INFO 19:13:20:985 ExecutorManager: initialized.
INFO 19:13:23:666 CleaningManager: delete 0 reuses from a character_skill_reuses.
INFO 19:13:23:670 CleaningManager: delete 0 spawns from a boss_spawn.
INFO 19:13:23:674 CleaningManager: delete 0 appearances from a character_appearances.
INFO 19:13:23:678 CleaningManager: delete 0 effects from a character_save_effects.
INFO 19:13:23:683 CleaningManager: delete 0 inventors from a character_inventors.
INFO 19:13:23:687 CleaningManager: delete 0 skills from a character_skills.
INFO 19:13:23:691 CleaningManager: delete 0 hotkeys from a character_hotkey.
INFO 19:13:23:694 CleaningManager: delete 0 chars from a character_friends.
INFO 19:13:23:697 CleaningManager: delete 0 friends from a character_friends.
INFO 19:13:23:701 CleaningManager: delete 0 settings from a character_settings.
INFO 19:13:23:704 CleaningManager: delete 0 empty items from a items.
INFO 19:13:23:708 CleaningManager: delete 0 no owner items from a items.
INFO 19:13:23:712 CleaningManager: delete 0 no owner guild items from a items.
INFO 19:13:23:809 CleaningManager: create buffer table items.
INFO 19:13:23:814 CleaningManager: copy 6 items to buffer_items.
INFO 19:13:23:816 CleaningManager: delete 0 no owner items from a buffer_items.
INFO 19:13:23:845 CleaningManager: drop buffer table items.
INFO 19:13:23:846 CleaningManager: delete 0 from a quests.
INFO 19:13:23:848 CleaningManager: delete 0 from a quest variables.
INFO 19:13:23:849 CleaningManager: delete 0 from a guild ranks.
INFO 19:13:24:365 ClientPacketType: client packets prepared.
INFO 19:13:24:480 EffectParser: initialized.
INFO 19:13:24:492 RandomManager: initialized.
INFO 19:13:24:494 IdFactory: prepare npc ids...
INFO 19:13:24:506 BitSetIdGenerator: 102912 id's available.
INFO 19:13:24:507 IdFactory: prepare objects ids...
INFO 19:13:24:507 BitSetIdGenerator: 102912 id's available.
INFO 19:13:24:508 IdFactory: prepare players ids...
INFO 19:13:24:517 BitSetIdGenerator: extracted 1 ids.
INFO 19:13:24:518 BitSetIdGenerator: 102912 id's available.
INFO 19:13:24:519 IdFactory: prepare guilds ids...
INFO 19:13:24:522 BitSetIdGenerator: extracted 0 ids.
INFO 19:13:24:523 BitSetIdGenerator: 102912 id's available.
INFO 19:13:24:523 IdFactory: prepare item ids...
INFO 19:13:24:525 BitSetIdGenerator: extracted 6 ids.
INFO 19:13:24:526 BitSetIdGenerator: 102912 id's available.
INFO 19:13:24:706 ServerVarManager: loaded 0 variables.
INFO 19:13:24:729 BossSpawnManager: loaded 0 boss spawns.
INFO 19:13:29:506 TerritoryTable: loaded 160 territories for 18803 regions.
INFO 19:13:35:441 WorldZoneTable: loaded 12 world zones for 31986 regions.
INFO 19:13:35:444 ConditionParser: initializable.
WARNING 19:13:38:523 SkillTable: detected once the file D:\Documents\Documents\Java\Tera Server\.\data\skills\summon_skills\deprecated.zip
INFO 19:13:38:573 SkillTable: loaded 4613 skills for 19 classes.
INFO 19:13:40:902 ItemTable: loaded 10138 items.
INFO 19:13:40:989 Race: race appearances initializable.
INFO 19:13:41:018 PlayerTable: loaded 104 player templates.
WARNING 19:13:42:276 DropTable: not found items [50048]
INFO 19:13:42:278 DropTable: load drop for 407 npcs and 126 for resourse.
INFO 19:13:42:323 TownTable: initialized.
WARNING 19:13:42:431 NpcDialogTable: detected once the file D:\Documents\Documents\Java\Tera Server\.\data\dialogs\dialogs.txt
INFO 19:13:42:633 NpcDialogTable: loaded 88 dialogs.
INFO 19:13:42:663 MessagePackageTable: loaded 34 message packages.
INFO 19:13:42:898 ConfigAITable: loaded 45 npc ai configs.
INFO 19:13:43:001 NpcAppearanceTable: initialized. Loaded 59 appearances.
WARNING 19:13:43:776 NpcTable: detected once the file D:\Documents\Documents\Java\Tera Server\.\data\npcs\summons\playable_summons.zip
INFO 19:13:43:816 NpcTable: loaded  816 npcs.
INFO 19:13:43:910 ResourseTable: loaded  253 resourses.
INFO 19:13:43:967 MinionTable: loaded 303 minions for 42 npcs.
INFO 19:13:43:970 RegenTaskManager: initializable.
INFO 19:13:43:995 Formulas: initialized.
INFO 19:13:43:999 EffectTaskManager: initialized.
INFO 19:13:45:614 ObjectEventManager: initialized.
INFO 19:13:45:616 MoveTaskManager: initialized.
INFO 19:13:48:941 SpawnTable: loaded 19515 spawns for 617 npcs and 2013 spawns for 60 resourses.
INFO 19:13:48:974 GeoMap3D: start fast import geodata_1.dat
INFO 19:13:49:999 GeoMap3D: import ended. load 1867238 quards.
INFO 19:13:50:000 GeoMap3D: start fast import geodata_2.dat
INFO 19:13:50:487 GeoMap3D: import ended. load 440227 quards.
INFO 19:13:50:490 GeoMap3D: start fast import geodata_3.dat
INFO 19:13:50:823 GeoMap3D: import ended. load 58040 quards.
INFO 19:13:50:824 GeoManager: initialized.
INFO 19:13:50:861 ItemExecutorManager: loaded 0 executor items.
INFO 19:13:50:908 CommandManager: loaded 94 commands.
INFO 19:13:50:941 SkillLearnManager: loaded 950 skill learn's for 8 clases.
INFO 19:13:50:973 AnnounceManager: loaded 0 start announces and 0 running announces.
INFO 19:13:51:001 AccountManager: initialized.
INFO 19:13:51:021 GuildManager: loaded 0 guilds.
INFO 19:13:53:063 QuestManager: loaded 455 quests.
INFO 19:13:53:114 OnlineManager: initialized.
INFO 19:13:53:163 GameLogManager: initialized.
INFO 19:13:53:834 Region: next battle "Veritas District" in 2018.12.16 15:00.
INFO 19:13:53:845 Region: next battle "Ostgarath" in 2018.12.16 15:00.
INFO 19:13:53:863 EventManager: loaded 5 events.
INFO 19:13:54:624 EventManager: the nearest event in 50 minutes.
INFO 19:13:54:697 PlayerManager: initialized.
INFO 19:13:54:847 Network: started.
INFO 19:13:54:852 GameServer: started.
WARNING 19:13:57:179 ClientConnection: not found packet for opcode B43D
20 00 BC 4D 02 00 08 00 08 00 14 00 00 00 00 00    ..¼M............
32 4D 04 00 14 00 00 00 01 00 00 00 C4 57 04 00    2M..........ÄW..
3F 00 3D B4 13 00 1F 00 20 00 00 00 00 00 00 08    ?.=´............
00 00 00 61 00 64 00 6D 00 69 00 6E 00 00 00 32    ...a.d.m.i.n...2
31 32 33 32 66 32 39 37 61 35 37 61 35 61 37 34    1232f297a57a5a74
33 38 39 34 61 30 65 34 61 38 30 31 66 63 33       3894a0e4a801fc3.

INFO 19:13:57:188 AccountManager: authed admin
WARNING 19:14:08:166 ClientConnection: not found packet for opcode EAD8
04 00 D8 EA                                        ..Øê............

WARNING 19:14:08:169 ClientConnection: not found packet for opcode D533
04 00 33 D5                                        ..3Õ............

WARNING 19:14:09:680 ClientConnection: not found packet for opcode 93F3
18 00 F3 93 01 00 08 00 08 00 00 00 01 00 00 00    ..ó............
84 07 00 00 00 00 00 00                            ...............

WARNING 19:14:15:077 ClientConnection: not found packet for opcode F020
04 00 20 F0                                        ...ð............

WARNING 19:14:15:077 ClientConnection: not found packet for opcode 7ADB
10 00 DB 7A 01 00 00 00 02 00 00 00 07 00 00 00    ..Ûz............

WARNING 19:14:15:081 ClientConnection: not found packet for opcode D48F
08 00 8F D4 02 00 00 00                            ..Ô............

WARNING 19:14:23:613 ClientConnection: not found packet for opcode AC8C
0C 00 8C AC 01 00 00 00 0D 00 00 00                ..¬............

WARNING 19:14:41:755 ClientConnection: not found packet for opcode F9B1
10 00 B1 F9 00 00 00 00 02 00 00 00 00 00 00 00    ..±ù............

INFO 19:16:17:257 AccountManager: close admin
