INFO 23:41:48:555 ServerControl: open server socket on 2101 port.
INFO 23:41:48:668 ExecutorManager: initialized.
INFO 23:41:49:463 CleaningManager: delete 0 reuses from a character_skill_reuses.
INFO 23:41:49:464 CleaningManager: delete 0 spawns from a boss_spawn.
INFO 23:41:49:465 CleaningManager: delete 0 appearances from a character_appearances.
INFO 23:41:49:466 CleaningManager: delete 0 effects from a character_save_effects.
INFO 23:41:49:467 CleaningManager: delete 0 inventors from a character_inventors.
INFO 23:41:49:468 CleaningManager: delete 0 skills from a character_skills.
INFO 23:41:49:469 CleaningManager: delete 0 hotkeys from a character_hotkey.
INFO 23:41:49:469 CleaningManager: delete 0 chars from a character_friends.
INFO 23:41:49:470 CleaningManager: delete 0 friends from a character_friends.
INFO 23:41:49:471 CleaningManager: delete 0 settings from a character_settings.
INFO 23:41:49:473 CleaningManager: delete 0 empty items from a items.
INFO 23:41:49:474 CleaningManager: delete 0 no owner items from a items.
INFO 23:41:49:475 CleaningManager: delete 0 no owner guild items from a items.
INFO 23:41:49:499 CleaningManager: create buffer table items.
INFO 23:41:49:502 CleaningManager: copy 118 items to buffer_items.
INFO 23:41:49:503 CleaningManager: delete 0 no owner items from a buffer_items.
INFO 23:41:49:518 CleaningManager: drop buffer table items.
INFO 23:41:49:519 CleaningManager: delete 0 from a quests.
INFO 23:41:49:520 CleaningManager: delete 0 from a quest variables.
INFO 23:41:49:521 CleaningManager: delete 0 from a guild ranks.
INFO 23:41:49:630 ClientPacketType: client packets prepared.
INFO 23:41:49:680 EffectParser: initialized.
INFO 23:41:49:686 RandomManager: initialized.
INFO 23:41:49:687 IdFactory: prepare npc ids...
INFO 23:41:49:691 BitSetIdGenerator: 102912 id's available.
INFO 23:41:49:692 IdFactory: prepare objects ids...
INFO 23:41:49:692 BitSetIdGenerator: 102912 id's available.
INFO 23:41:49:692 IdFactory: prepare players ids...
INFO 23:41:49:696 BitSetIdGenerator: extracted 5 ids.
INFO 23:41:49:696 BitSetIdGenerator: 102912 id's available.
INFO 23:41:49:696 IdFactory: prepare guilds ids...
INFO 23:41:49:697 BitSetIdGenerator: extracted 1 ids.
INFO 23:41:49:697 BitSetIdGenerator: 102912 id's available.
INFO 23:41:49:697 IdFactory: prepare item ids...
INFO 23:41:49:699 BitSetIdGenerator: extracted 118 ids.
WARNING 23:41:49:700 BitSetIdGenerator: objectId 1 in DB is less than minimum ID of 268435456.
INFO 23:41:49:700 BitSetIdGenerator: 102912 id's available.
INFO 23:41:49:722 ServerVarManager: loaded 0 variables.
INFO 23:41:49:725 BossSpawnManager: loaded 0 boss spawns.
INFO 23:41:51:757 TerritoryTable: loaded 160 territories for 18803 regions.
INFO 23:41:54:989 WorldZoneTable: loaded 12 world zones for 31977 regions.
INFO 23:41:54:991 ConditionParser: initializable.
WARNING 23:41:55:600 SkillTable: detected once the file D:\Documents\Documents\Java\Tera Server\.\data\skills\summon_skills\deprecated.zip
INFO 23:41:55:616 SkillTable: loaded 4613 skills for 19 classes.
INFO 23:41:56:169 ItemTable: loaded 10138 items.
INFO 23:41:56:185 Race: race appearances initializable.
INFO 23:41:56:195 PlayerTable: loaded 104 player templates.
WARNING 23:41:56:484 DropTable: not found items [50048]
INFO 23:41:56:484 DropTable: load drop for 407 npcs and 126 for resourse.
INFO 23:41:56:491 TownTable: initialized.
WARNING 23:41:56:521 NpcDialogTable: detected once the file D:\Documents\Documents\Java\Tera Server\.\data\dialogs\dialogs.txt
INFO 23:41:56:555 NpcDialogTable: loaded 86 dialogs.
INFO 23:41:56:562 MessagePackageTable: loaded 34 message packages.
INFO 23:41:56:609 ConfigAITable: loaded 45 npc ai configs.
INFO 23:41:56:623 NpcAppearanceTable: initialized. Loaded 59 appearances.
WARNING 23:41:56:767 NpcTable: detected once the file D:\Documents\Documents\Java\Tera Server\.\data\npcs\summons\playable_summons.zip
INFO 23:41:56:775 NpcTable: loaded  816 npcs.
INFO 23:41:56:789 ResourseTable: loaded  253 resourses.
INFO 23:41:56:807 MinionTable: loaded 303 minions for 42 npcs.
INFO 23:41:56:808 RegenTaskManager: initializable.
INFO 23:41:56:818 Formulas: initialized.
INFO 23:41:56:819 EffectTaskManager: initialized.
INFO 23:41:57:218 ObjectEventManager: initialized.
INFO 23:41:57:218 MoveTaskManager: initialized.
INFO 23:41:57:958 SpawnTable: loaded 19507 spawns for 617 npcs and 2013 spawns for 60 resourses.
INFO 23:41:57:995 GeoMap3D: start fast import geodata_1.dat
INFO 23:41:59:107 GeoMap3D: import ended. load 1867238 quards.
INFO 23:41:59:108 GeoMap3D: start fast import geodata_2.dat
INFO 23:41:59:184 GeoMap3D: import ended. load 440227 quards.
INFO 23:41:59:184 GeoMap3D: start fast import geodata_3.dat
INFO 23:41:59:978 GeoMap3D: import ended. load 58040 quards.
INFO 23:41:59:978 GeoManager: initialized.
INFO 23:41:59:989 ItemExecutorManager: loaded 0 executor items.
INFO 23:42:00:017 CommandManager: loaded 94 commands.
INFO 23:42:00:041 SkillLearnManager: loaded 950 skill learn's for 8 clases.
INFO 23:42:00:045 AnnounceManager: loaded 0 start announces and 0 running announces.
INFO 23:42:00:049 AccountManager: initialized.
INFO 23:42:00:078 GuildManager: loaded 1 guilds.
INFO 23:42:00:623 QuestManager: loaded 455 quests.
INFO 23:42:00:633 OnlineManager: initialized.
INFO 23:42:00:645 GameLogManager: initialized.
INFO 23:42:00:777 Region: next battle "Veritas District" in 2018.04.22 16:00.
INFO 23:42:00:780 Region: next battle "Ostgarath" in 2018.04.22 16:00.
INFO 23:42:00:782 Region: next battle "Val Palrada" in 2018.04.21 20:00.
INFO 23:42:00:786 Region: next battle "Val Aureum" in 2018.04.21 20:00.
INFO 23:42:00:786 EventManager: loaded 5 events.
INFO 23:42:01:425 EventManager: the nearest event in 60 minutes.
INFO 23:42:01:436 PlayerManager: initialized.
INFO 23:42:01:515 Network: started.
INFO 23:42:01:515 GameServer: started.
