INFO 00:00:25:229 ServerControl: open server socket on 2101 port.
INFO 00:00:25:342 ExecutorManager: initialized.
INFO 00:00:26:190 CleaningManager: delete 0 reuses from a character_skill_reuses.
INFO 00:00:26:191 CleaningManager: delete 0 spawns from a boss_spawn.
INFO 00:00:26:191 CleaningManager: delete 0 appearances from a character_appearances.
INFO 00:00:26:192 CleaningManager: delete 0 effects from a character_save_effects.
INFO 00:00:26:192 CleaningManager: delete 0 inventors from a character_inventors.
INFO 00:00:26:193 CleaningManager: delete 0 skills from a character_skills.
INFO 00:00:26:194 CleaningManager: delete 0 hotkeys from a character_hotkey.
INFO 00:00:26:195 CleaningManager: delete 0 chars from a character_friends.
INFO 00:00:26:196 CleaningManager: delete 0 friends from a character_friends.
INFO 00:00:26:196 CleaningManager: delete 0 settings from a character_settings.
INFO 00:00:26:197 CleaningManager: delete 0 empty items from a items.
INFO 00:00:26:198 CleaningManager: delete 0 no owner items from a items.
INFO 00:00:26:198 CleaningManager: delete 0 no owner guild items from a items.
INFO 00:00:26:231 CleaningManager: create buffer table items.
INFO 00:00:26:235 CleaningManager: copy 118 items to buffer_items.
INFO 00:00:26:236 CleaningManager: delete 0 no owner items from a buffer_items.
INFO 00:00:26:251 CleaningManager: drop buffer table items.
INFO 00:00:26:253 CleaningManager: delete 0 from a quests.
INFO 00:00:26:254 CleaningManager: delete 0 from a quest variables.
INFO 00:00:26:254 CleaningManager: delete 0 from a guild ranks.
INFO 00:00:26:400 ClientPacketType: client packets prepared.
INFO 00:00:26:460 EffectParser: initialized.
INFO 00:00:26:465 RandomManager: initialized.
INFO 00:00:26:466 IdFactory: prepare npc ids...
INFO 00:00:26:471 BitSetIdGenerator: 102912 id's available.
INFO 00:00:26:471 IdFactory: prepare objects ids...
INFO 00:00:26:472 BitSetIdGenerator: 102912 id's available.
INFO 00:00:26:472 IdFactory: prepare players ids...
INFO 00:00:26:476 BitSetIdGenerator: extracted 5 ids.
INFO 00:00:26:476 BitSetIdGenerator: 102912 id's available.
INFO 00:00:26:476 IdFactory: prepare guilds ids...
INFO 00:00:26:477 BitSetIdGenerator: extracted 1 ids.
INFO 00:00:26:477 BitSetIdGenerator: 102912 id's available.
INFO 00:00:26:477 IdFactory: prepare item ids...
INFO 00:00:26:479 BitSetIdGenerator: extracted 118 ids.
WARNING 00:00:26:480 BitSetIdGenerator: objectId 1 in DB is less than minimum ID of 268435456.
INFO 00:00:26:480 BitSetIdGenerator: 102912 id's available.
INFO 00:00:26:499 ServerVarManager: loaded 0 variables.
INFO 00:00:26:506 BossSpawnManager: loaded 0 boss spawns.
INFO 00:00:28:763 TerritoryTable: loaded 160 territories for 18803 regions.
WARNING 00:00:28:777 DocumentWorldZone: incorrect file .\data\zones.xml
WARNING 00:00:28:778 DocumentWorldZone: NumberFormatException : For input string: "8468.0605" : stack trace:
java.lang.NumberFormatException.forInputString(NumberFormatException.java:65)
java.lang.Integer.parseInt(Integer.java:580)
java.lang.Integer.parseInt(Integer.java:615)
rlib.util.VarTable.getInteger(VarTable.java:729)
tera.gameserver.document.DocumentWorldZone.parsePoints(DocumentWorldZone.java:79)
tera.gameserver.document.DocumentWorldZone.parseZone(DocumentWorldZone.java:125)
tera.gameserver.document.DocumentWorldZone.parse(DocumentWorldZone.java:46)
rlib.data.AbstractDocument.parse(AbstractDocument.java:67)
tera.gameserver.tables.WorldZoneTable.<init>(WorldZoneTable.java:49)
tera.gameserver.tables.WorldZoneTable.getInstance(WorldZoneTable.java:37)
tera.gameserver.GameServer.run(GameServer.java:210)

INFO 00:00:31:908 WorldZoneTable: loaded 10 world zones for 31975 regions.
INFO 00:00:31:910 ConditionParser: initializable.
WARNING 00:00:32:486 SkillTable: detected once the file D:\Documents\Documents\Java\Tera Server\.\data\skills\summon_skills\deprecated.zip
INFO 00:00:32:505 SkillTable: loaded 4613 skills for 19 classes.
INFO 00:00:33:024 ItemTable: loaded 10138 items.
INFO 00:00:33:037 Race: race appearances initializable.
INFO 00:00:33:044 PlayerTable: loaded 104 player templates.
WARNING 00:00:33:323 DropTable: not found items [50048]
INFO 00:00:33:324 DropTable: load drop for 407 npcs and 126 for resourse.
INFO 00:00:33:331 TownTable: initialized.
WARNING 00:00:33:366 NpcDialogTable: detected once the file D:\Documents\Documents\Java\Tera Server\.\data\dialogs\dialogs.txt
INFO 00:00:33:403 NpcDialogTable: loaded 86 dialogs.
INFO 00:00:33:414 MessagePackageTable: loaded 34 message packages.
INFO 00:00:33:465 ConfigAITable: loaded 45 npc ai configs.
INFO 00:00:33:481 NpcAppearanceTable: initialized. Loaded 59 appearances.
WARNING 00:00:33:627 NpcTable: detected once the file D:\Documents\Documents\Java\Tera Server\.\data\npcs\summons\playable_summons.zip
INFO 00:00:33:635 NpcTable: loaded  816 npcs.
INFO 00:00:33:650 ResourseTable: loaded  253 resourses.
INFO 00:00:33:666 MinionTable: loaded 303 minions for 42 npcs.
INFO 00:00:33:667 RegenTaskManager: initializable.
INFO 00:00:33:677 Formulas: initialized.
INFO 00:00:33:678 EffectTaskManager: initialized.
INFO 00:00:34:210 ObjectEventManager: initialized.
INFO 00:00:34:211 MoveTaskManager: initialized.
INFO 00:00:34:739 SpawnTable: loaded 19507 spawns for 617 npcs and 2013 spawns for 60 resourses.
INFO 00:00:34:783 GeoMap3D: start fast import geodata_1.dat
INFO 00:00:35:792 GeoMap3D: import ended. load 1867238 quards.
INFO 00:00:35:793 GeoMap3D: start fast import geodata_2.dat
INFO 00:00:35:851 GeoMap3D: import ended. load 440227 quards.
INFO 00:00:35:852 GeoMap3D: start fast import geodata_3.dat
INFO 00:00:36:815 GeoMap3D: import ended. load 58040 quards.
INFO 00:00:36:815 GeoManager: initialized.
INFO 00:00:36:823 ItemExecutorManager: loaded 0 executor items.
INFO 00:00:36:850 CommandManager: loaded 94 commands.
INFO 00:00:36:867 SkillLearnManager: loaded 950 skill learn's for 8 clases.
INFO 00:00:36:873 AnnounceManager: loaded 0 start announces and 0 running announces.
INFO 00:00:36:877 AccountManager: initialized.
INFO 00:00:36:908 GuildManager: loaded 1 guilds.
INFO 00:00:37:204 QuestManager: loaded 455 quests.
INFO 00:00:37:206 OnlineManager: initialized.
INFO 00:00:37:215 GameLogManager: initialized.
INFO 00:00:37:316 Region: next battle "Veritas District" in 2018.04.22 16:00.
INFO 00:00:37:318 Region: next battle "Ostgarath" in 2018.04.22 16:00.
INFO 00:00:37:321 Region: next battle "Val Palrada" in 2018.04.21 20:00.
INFO 00:00:37:324 Region: next battle "Val Aureum" in 2018.04.21 20:00.
INFO 00:00:37:324 EventManager: loaded 5 events.
INFO 00:00:37:990 EventManager: the nearest event in 45 minutes.
INFO 00:00:37:999 PlayerManager: initialized.
INFO 00:00:38:082 Network: started.
INFO 00:00:38:082 GameServer: started.
