INFO 11:52:38:722 ServerControl: open server socket on 2101 port.
INFO 11:52:38:748 ExecutorManager: initialized.
INFO 11:52:42:335 CleaningManager: delete 0 reuses from a character_skill_reuses.
INFO 11:52:42:337 CleaningManager: delete 0 spawns from a boss_spawn.
INFO 11:52:42:338 CleaningManager: delete 1 appearances from a character_appearances.
INFO 11:52:42:340 CleaningManager: delete 0 effects from a character_save_effects.
INFO 11:52:42:341 CleaningManager: delete 0 inventors from a character_inventors.
INFO 11:52:42:343 CleaningManager: delete 11 skills from a character_skills.
INFO 11:52:42:345 CleaningManager: delete 0 hotkeys from a character_hotkey.
INFO 11:52:42:346 CleaningManager: delete 0 chars from a character_friends.
INFO 11:52:42:348 CleaningManager: delete 0 friends from a character_friends.
INFO 11:52:42:350 CleaningManager: delete 0 settings from a character_settings.
INFO 11:52:42:353 CleaningManager: delete 0 empty items from a items.
INFO 11:52:42:355 CleaningManager: delete 6 no owner items from a items.
INFO 11:52:42:356 CleaningManager: delete 0 no owner guild items from a items.
INFO 11:52:42:766 CleaningManager: create buffer table items.
INFO 11:52:42:770 CleaningManager: copy 12 items to buffer_items.
INFO 11:52:42:772 CleaningManager: delete 0 no owner items from a buffer_items.
INFO 11:52:42:812 CleaningManager: drop buffer table items.
INFO 11:52:42:813 CleaningManager: delete 0 from a quests.
INFO 11:52:42:814 CleaningManager: delete 0 from a quest variables.
INFO 11:52:42:815 CleaningManager: delete 0 from a guild ranks.
INFO 11:52:43:104 ClientPacketType: client packets prepared.
INFO 11:52:43:226 EffectParser: initialized.
INFO 11:52:43:247 RandomManager: initialized.
INFO 11:52:43:250 IdFactory: prepare npc ids...
INFO 11:52:43:266 BitSetIdGenerator: 102912 id's available.
INFO 11:52:43:267 IdFactory: prepare objects ids...
INFO 11:52:43:268 BitSetIdGenerator: 102912 id's available.
INFO 11:52:43:268 IdFactory: prepare players ids...
INFO 11:52:43:279 BitSetIdGenerator: extracted 2 ids.
INFO 11:52:43:279 BitSetIdGenerator: 102912 id's available.
INFO 11:52:43:280 IdFactory: prepare guilds ids...
INFO 11:52:43:281 BitSetIdGenerator: extracted 0 ids.
INFO 11:52:43:281 BitSetIdGenerator: 102912 id's available.
INFO 11:52:43:282 IdFactory: prepare item ids...
INFO 11:52:43:283 BitSetIdGenerator: extracted 12 ids.
INFO 11:52:43:284 BitSetIdGenerator: 102912 id's available.
INFO 11:52:43:332 ServerVarManager: loaded 0 variables.
INFO 11:52:43:342 BossSpawnManager: loaded 0 boss spawns.
INFO 11:52:47:914 TerritoryTable: loaded 160 territories for 18803 regions.
INFO 11:52:54:677 WorldZoneTable: loaded 12 world zones for 31986 regions.
INFO 11:52:54:686 ConditionParser: initializable.
WARNING 11:52:56:827 SkillTable: detected once the file D:\Documents\Documents\Java\Tera Server\.\data\skills\summon_skills\deprecated.zip
INFO 11:52:56:871 SkillTable: loaded 4613 skills for 19 classes.
INFO 11:52:58:503 ItemTable: loaded 10138 items.
INFO 11:52:58:544 Race: race appearances initializable.
INFO 11:52:58:567 PlayerTable: loaded 104 player templates.
WARNING 11:52:59:561 DropTable: not found items [50048]
INFO 11:52:59:562 DropTable: load drop for 407 npcs and 126 for resourse.
INFO 11:52:59:576 TownTable: initialized.
WARNING 11:52:59:636 NpcDialogTable: detected once the file D:\Documents\Documents\Java\Tera Server\.\data\dialogs\dialogs.txt
INFO 11:52:59:717 NpcDialogTable: loaded 88 dialogs.
INFO 11:52:59:739 MessagePackageTable: loaded 34 message packages.
INFO 11:52:59:929 ConfigAITable: loaded 45 npc ai configs.
INFO 11:52:59:977 NpcAppearanceTable: initialized. Loaded 59 appearances.
WARNING 11:53:00:391 NpcTable: detected once the file D:\Documents\Documents\Java\Tera Server\.\data\npcs\summons\playable_summons.zip
INFO 11:53:00:418 NpcTable: loaded  816 npcs.
INFO 11:53:00:479 ResourseTable: loaded  253 resourses.
INFO 11:53:00:516 MinionTable: loaded 303 minions for 42 npcs.
INFO 11:53:00:517 RegenTaskManager: initializable.
INFO 11:53:00:534 Formulas: initialized.
INFO 11:53:00:537 EffectTaskManager: initialized.
INFO 11:53:01:482 ObjectEventManager: initialized.
INFO 11:53:01:484 MoveTaskManager: initialized.
INFO 11:53:04:288 SpawnTable: loaded 19515 spawns for 617 npcs and 2013 spawns for 60 resourses.
INFO 11:53:04:308 GeoMap3D: start fast import geodata_1.dat
INFO 11:53:05:465 GeoMap3D: import ended. load 1867238 quards.
INFO 11:53:05:466 GeoMap3D: start fast import geodata_2.dat
INFO 11:53:05:697 GeoMap3D: import ended. load 440227 quards.
INFO 11:53:05:697 GeoMap3D: start fast import geodata_3.dat
INFO 11:53:05:745 GeoMap3D: import ended. load 58040 quards.
INFO 11:53:05:746 GeoManager: initialized.
INFO 11:53:05:763 ItemExecutorManager: loaded 0 executor items.
INFO 11:53:05:795 CommandManager: loaded 94 commands.
INFO 11:53:05:823 SkillLearnManager: loaded 950 skill learn's for 8 clases.
INFO 11:53:05:830 AnnounceManager: loaded 0 start announces and 0 running announces.
INFO 11:53:05:835 AccountManager: initialized.
INFO 11:53:05:842 GuildManager: loaded 0 guilds.
INFO 11:53:07:500 QuestManager: loaded 455 quests.
INFO 11:53:07:504 OnlineManager: initialized.
INFO 11:53:07:526 GameLogManager: initialized.
INFO 11:53:08:014 Region: next battle "Veritas District" in 2018.12.16 15:00.
INFO 11:53:08:019 Region: next battle "Ostgarath" in 2018.12.16 15:00.
INFO 11:53:08:027 Region: next battle "Val Palrada" in 2018.12.15 19:00.
INFO 11:53:08:032 Region: next battle "Val Aureum" in 2018.12.15 19:00.
INFO 11:53:08:032 EventManager: loaded 5 events.
INFO 11:53:08:545 EventManager: the nearest event in 31 minutes.
INFO 11:53:08:565 PlayerManager: initialized.
INFO 11:53:08:717 Network: started.
INFO 11:53:08:719 GameServer: started.
WARNING 11:53:10:705 ClientConnection: not found packet for opcode B43D
20 00 BC 4D 02 00 08 00 08 00 14 00 00 00 00 00    ..¼M............
32 4D 04 00 14 00 00 00 01 00 00 00 C4 57 04 00    2M..........ÄW..
3F 00 3D B4 13 00 1F 00 20 00 00 00 00 00 00 08    ?.=´............
00 00 00 61 00 64 00 6D 00 69 00 6E 00 00 00 32    ...a.d.m.i.n...2
31 32 33 32 66 32 39 37 61 35 37 61 35 61 37 34    1232f297a57a5a74
33 38 39 34 61 30 65 34 61 38 30 31 66 63 33       3894a0e4a801fc3.

INFO 11:53:10:716 AccountManager: authed admin
INFO 11:53:44:478 AccountManager: close admin
