INFO 19:18:39:301 ServerControl: open server socket on 2101 port.
INFO 19:18:39:347 ExecutorManager: initialized.
INFO 19:18:42:467 CleaningManager: delete 0 reuses from a character_skill_reuses.
INFO 19:18:42:468 CleaningManager: delete 0 spawns from a boss_spawn.
INFO 19:18:42:469 CleaningManager: delete 0 appearances from a character_appearances.
INFO 19:18:42:470 CleaningManager: delete 0 effects from a character_save_effects.
INFO 19:18:42:471 CleaningManager: delete 0 inventors from a character_inventors.
INFO 19:18:42:472 CleaningManager: delete 0 skills from a character_skills.
INFO 19:18:42:473 CleaningManager: delete 0 hotkeys from a character_hotkey.
INFO 19:18:42:473 CleaningManager: delete 0 chars from a character_friends.
INFO 19:18:42:474 CleaningManager: delete 0 friends from a character_friends.
INFO 19:18:42:475 CleaningManager: delete 0 settings from a character_settings.
INFO 19:18:42:476 CleaningManager: delete 0 empty items from a items.
INFO 19:18:42:476 CleaningManager: delete 0 no owner items from a items.
INFO 19:18:42:477 CleaningManager: delete 0 no owner guild items from a items.
INFO 19:18:42:518 CleaningManager: create buffer table items.
INFO 19:18:42:522 CleaningManager: copy 0 items to buffer_items.
INFO 19:18:42:523 CleaningManager: delete 0 no owner items from a buffer_items.
INFO 19:18:42:544 CleaningManager: drop buffer table items.
INFO 19:18:42:545 CleaningManager: delete 0 from a quests.
INFO 19:18:42:546 CleaningManager: delete 0 from a quest variables.
INFO 19:18:42:547 CleaningManager: delete 0 from a guild ranks.
INFO 19:18:42:985 ClientPacketType: client packets prepared.
INFO 19:18:43:111 EffectParser: initialized.
INFO 19:18:43:123 RandomManager: initialized.
INFO 19:18:43:126 IdFactory: prepare npc ids...
INFO 19:18:43:140 BitSetIdGenerator: 102912 id's available.
INFO 19:18:43:141 IdFactory: prepare objects ids...
INFO 19:18:43:142 BitSetIdGenerator: 102912 id's available.
INFO 19:18:43:143 IdFactory: prepare players ids...
INFO 19:18:43:156 BitSetIdGenerator: extracted 0 ids.
INFO 19:18:43:156 BitSetIdGenerator: 102912 id's available.
INFO 19:18:43:157 IdFactory: prepare guilds ids...
INFO 19:18:43:158 BitSetIdGenerator: extracted 0 ids.
INFO 19:18:43:159 BitSetIdGenerator: 102912 id's available.
INFO 19:18:43:160 IdFactory: prepare item ids...
INFO 19:18:43:162 BitSetIdGenerator: extracted 0 ids.
INFO 19:18:43:162 BitSetIdGenerator: 102912 id's available.
INFO 19:18:43:218 ServerVarManager: loaded 0 variables.
INFO 19:18:43:229 BossSpawnManager: loaded 0 boss spawns.
INFO 19:18:47:215 TerritoryTable: loaded 160 territories for 18803 regions.
INFO 19:18:53:478 WorldZoneTable: loaded 12 world zones for 31986 regions.
INFO 19:18:53:481 ConditionParser: initializable.
WARNING 19:18:56:270 SkillTable: detected once the file D:\Documents\Documents\Java\Tera Server\.\data\skills\summon_skills\deprecated.zip
INFO 19:18:56:346 SkillTable: loaded 4613 skills for 19 classes.
INFO 19:18:58:674 ItemTable: loaded 10138 items.
INFO 19:18:58:765 Race: race appearances initializable.
INFO 19:18:58:813 PlayerTable: loaded 104 player templates.
WARNING 19:19:01:001 DropTable: not found items [50048]
INFO 19:19:01:002 DropTable: load drop for 407 npcs and 126 for resourse.
INFO 19:19:01:014 TownTable: initialized.
WARNING 19:19:01:055 NpcDialogTable: detected once the file D:\Documents\Documents\Java\Tera Server\.\data\dialogs\dialogs.txt
INFO 19:19:01:257 NpcDialogTable: loaded 88 dialogs.
INFO 19:19:01:277 MessagePackageTable: loaded 34 message packages.
INFO 19:19:01:653 ConfigAITable: loaded 45 npc ai configs.
INFO 19:19:01:775 NpcAppearanceTable: initialized. Loaded 59 appearances.
WARNING 19:19:02:522 NpcTable: detected once the file D:\Documents\Documents\Java\Tera Server\.\data\npcs\summons\playable_summons.zip
INFO 19:19:02:544 NpcTable: loaded  816 npcs.
INFO 19:19:02:575 ResourseTable: loaded  253 resourses.
INFO 19:19:02:616 MinionTable: loaded 303 minions for 42 npcs.
INFO 19:19:02:619 RegenTaskManager: initializable.
INFO 19:19:02:687 Formulas: initialized.
INFO 19:19:02:696 EffectTaskManager: initialized.
INFO 19:19:04:254 ObjectEventManager: initialized.
INFO 19:19:04:256 MoveTaskManager: initialized.
INFO 19:19:07:078 SpawnTable: loaded 19515 spawns for 617 npcs and 2013 spawns for 60 resourses.
INFO 19:19:07:143 GeoMap3D: start fast import geodata_1.dat
INFO 19:19:09:271 GeoMap3D: import ended. load 1867238 quards.
INFO 19:19:09:272 GeoMap3D: start fast import geodata_2.dat
INFO 19:19:09:702 GeoMap3D: import ended. load 440227 quards.
INFO 19:19:09:703 GeoMap3D: start fast import geodata_3.dat
INFO 19:19:09:745 GeoMap3D: import ended. load 58040 quards.
INFO 19:19:09:748 GeoManager: initialized.
INFO 19:19:09:797 ItemExecutorManager: loaded 0 executor items.
INFO 19:19:09:888 CommandManager: loaded 94 commands.
INFO 19:19:09:925 SkillLearnManager: loaded 950 skill learn's for 8 clases.
INFO 19:19:09:933 AnnounceManager: loaded 0 start announces and 0 running announces.
INFO 19:19:09:939 AccountManager: initialized.
INFO 19:19:09:948 GuildManager: loaded 0 guilds.
INFO 19:19:12:239 QuestManager: loaded 455 quests.
INFO 19:19:12:267 OnlineManager: initialized.
INFO 19:19:12:310 GameLogManager: initialized.
INFO 19:19:12:649 Region: next battle "Veritas District" in 2018.12.16 15:00.
INFO 19:19:12:654 Region: next battle "Ostgarath" in 2018.12.16 15:00.
INFO 19:19:12:661 Region: next battle "Val Palrada" in 2018.12.15 19:00.
INFO 19:19:12:665 Region: next battle "Val Aureum" in 2018.12.15 19:00.
INFO 19:19:12:666 EventManager: loaded 5 events.
INFO 19:19:13:219 EventManager: the nearest event in 33 minutes.
INFO 19:19:13:238 PlayerManager: initialized.
INFO 19:19:13:283 Network: started.
INFO 19:19:13:283 GameServer: started.
