INFO 22:11:16:763 ServerControl: open server socket on 2101 port.
INFO 22:11:16:770 ExecutorManager: initialized.
INFO 22:11:17:338 CleaningManager: delete 0 reuses from a character_skill_reuses.
INFO 22:11:17:338 CleaningManager: delete 0 spawns from a boss_spawn.
INFO 22:11:17:339 CleaningManager: delete 0 appearances from a character_appearances.
INFO 22:11:17:340 CleaningManager: delete 0 effects from a character_save_effects.
INFO 22:11:17:340 CleaningManager: delete 0 inventors from a character_inventors.
INFO 22:11:17:341 CleaningManager: delete 0 skills from a character_skills.
INFO 22:11:17:341 CleaningManager: delete 0 hotkeys from a character_hotkey.
INFO 22:11:17:342 CleaningManager: delete 0 chars from a character_friends.
INFO 22:11:17:343 CleaningManager: delete 0 friends from a character_friends.
INFO 22:11:17:343 CleaningManager: delete 0 settings from a character_settings.
INFO 22:11:17:344 CleaningManager: delete 0 empty items from a items.
INFO 22:11:17:345 CleaningManager: delete 0 no owner items from a items.
INFO 22:11:17:345 CleaningManager: delete 0 no owner guild items from a items.
INFO 22:11:17:371 CleaningManager: create buffer table items.
INFO 22:11:17:374 CleaningManager: copy 118 items to buffer_items.
INFO 22:11:17:375 CleaningManager: delete 0 no owner items from a buffer_items.
INFO 22:11:17:389 CleaningManager: drop buffer table items.
INFO 22:11:17:389 CleaningManager: delete 0 from a quests.
INFO 22:11:17:390 CleaningManager: delete 0 from a quest variables.
INFO 22:11:17:390 CleaningManager: delete 0 from a guild ranks.
INFO 22:11:17:526 ClientPacketType: client packets prepared.
INFO 22:11:17:609 EffectParser: initialized.
INFO 22:11:17:618 RandomManager: initialized.
INFO 22:11:17:619 IdFactory: prepare npc ids...
INFO 22:11:17:625 BitSetIdGenerator: 102912 id's available.
INFO 22:11:17:626 IdFactory: prepare objects ids...
INFO 22:11:17:626 BitSetIdGenerator: 102912 id's available.
INFO 22:11:17:626 IdFactory: prepare players ids...
INFO 22:11:17:631 BitSetIdGenerator: extracted 4 ids.
INFO 22:11:17:631 BitSetIdGenerator: 102912 id's available.
INFO 22:11:17:631 IdFactory: prepare guilds ids...
INFO 22:11:17:632 BitSetIdGenerator: extracted 1 ids.
INFO 22:11:17:632 BitSetIdGenerator: 102912 id's available.
INFO 22:11:17:632 IdFactory: prepare item ids...
INFO 22:11:17:634 BitSetIdGenerator: extracted 118 ids.
WARNING 22:11:17:634 BitSetIdGenerator: objectId 1 in DB is less than minimum ID of 268435456.
INFO 22:11:17:634 BitSetIdGenerator: 102912 id's available.
INFO 22:11:17:668 ServerVarManager: loaded 0 variables.
INFO 22:11:17:672 BossSpawnManager: loaded 0 boss spawns.
INFO 22:11:19:701 TerritoryTable: loaded 160 territories for 18803 regions.
INFO 22:11:22:107 WorldZoneTable: loaded 9 world zones for 31887 regions.
INFO 22:11:22:108 ConditionParser: initializable.
WARNING 22:11:22:619 SkillTable: detected once the file D:\Documents\Documents\Java\Tera Server\.\data\skills\summon_skills\deprecated.zip
INFO 22:11:22:636 SkillTable: loaded 4613 skills for 19 classes.
INFO 22:11:23:070 ItemTable: loaded 10137 items.
INFO 22:11:23:086 Race: race appearances initializable.
INFO 22:11:23:094 PlayerTable: loaded 104 player templates.
WARNING 22:11:23:402 DropTable: not found items [50048]
INFO 22:11:23:402 DropTable: load drop for 407 npcs and 126 for resourse.
INFO 22:11:23:409 TownTable: initialized.
WARNING 22:11:23:439 NpcDialogTable: detected once the file D:\Documents\Documents\Java\Tera Server\.\data\dialogs\dialogs.txt
INFO 22:11:23:482 NpcDialogTable: loaded 83 dialogs.
INFO 22:11:23:489 MessagePackageTable: loaded 34 message packages.
INFO 22:11:23:542 ConfigAITable: loaded 45 npc ai configs.
INFO 22:11:23:564 NpcAppearanceTable: initialized. Loaded 59 appearances.
WARNING 22:11:23:656 NpcTable: found duplicate npc template NpcTemplate npcId = 7011, exp = 1000000, attack = 400000, defense = 3500, owerAttack = 3000, owerDefense = 30000, level = 60, aggro = 120, factionRange = 0, name = Linyphi, title = , factionId = , type = 51, isRaid = false, canDrop = false, drop = null, minions = null, dialog = null, geomRadius = 90.0, geomHeight = 160.0, npcType = RAID_BOSS in file .\data\npcs\raid_boss.xml
WARNING 22:11:23:728 NpcTable: detected once the file D:\Documents\Documents\Java\Tera Server\.\data\npcs\summons\playable_summons.zip
INFO 22:11:23:736 NpcTable: loaded  815 npcs.
INFO 22:11:23:748 ResourseTable: loaded  253 resourses.
INFO 22:11:23:760 MinionTable: loaded 303 minions for 42 npcs.
INFO 22:11:23:760 RegenTaskManager: initializable.
INFO 22:11:23:768 Formulas: initialized.
INFO 22:11:23:769 EffectTaskManager: initialized.
INFO 22:11:24:132 ObjectEventManager: initialized.
INFO 22:11:24:132 MoveTaskManager: initialized.
INFO 22:11:24:580 SpawnTable: loaded 19474 spawns for 616 npcs and 2013 spawns for 60 resourses.
INFO 22:11:24:587 GeoMap3D: start fast import geodata_1.dat
INFO 22:11:25:579 GeoMap3D: import ended. load 1867238 quards.
INFO 22:11:25:580 GeoMap3D: start fast import geodata_2.dat
INFO 22:11:25:623 GeoMap3D: import ended. load 440227 quards.
INFO 22:11:25:623 GeoMap3D: start fast import geodata_3.dat
INFO 22:11:26:950 GeoMap3D: import ended. load 58041 quards.
INFO 22:11:26:950 GeoManager: initialized.
INFO 22:11:26:955 ItemExecutorManager: loaded 0 executor items.
INFO 22:11:26:977 CommandManager: loaded 93 commands.
INFO 22:11:26:991 SkillLearnManager: loaded 950 skill learn's for 8 clases.
INFO 22:11:27:004 AnnounceManager: loaded 0 start announces and 0 running announces.
INFO 22:11:27:008 AccountManager: initialized.
INFO 22:11:27:040 GuildManager: loaded 1 guilds.
INFO 22:11:27:376 QuestManager: loaded 455 quests.
INFO 22:11:27:378 OnlineManager: initialized.
INFO 22:11:27:385 GameLogManager: initialized.
INFO 22:11:27:470 Region: next battle "Veritas District" in 2018.04.15 16:00.
INFO 22:11:27:472 Region: next battle "Ostgarath" in 2018.04.15 16:00.
INFO 22:11:27:474 Region: next battle "Val Palrada" in 2018.04.14 20:00.
INFO 22:11:27:477 Region: next battle "Val Aureum" in 2018.04.14 20:00.
INFO 22:11:27:477 EventManager: loaded 5 events.
INFO 22:11:28:094 EventManager: the nearest event in 56 minutes.
INFO 22:11:28:102 PlayerManager: initialized.
INFO 22:11:28:164 Network: started.
INFO 22:11:28:164 GameServer: started.
WARNING 22:11:29:225 ClientConnection: not found packet for opcode 4DBC
20 00 BC 4D 02 00 08 00 08 00 14 00 00 00 00 00    ..¼M............
94 5F 03 00 14 00 00 00 01 00 00 00 DC 5F 03 00    _..........Ü_..
41 00 A4 78 13 00 21 00 20 00 00 00 00 00 00 02    A.¤x..!.........
00 00 00 44 00 61 00 72 00 6B 00 7A 00 61 00 00    ...D.a.r.k.z.a..
00 34 66 65 37 36 37 38 61 38 31 62 61 37 63 37    .4fe7678a81ba7c7
64 62 32 36 39 63 37 37 62 35 64 64 37 38 31 63    db269c77b5dd781c
61                                                 a...............

INFO 22:11:29:228 AccountManager: authed Darkza
WARNING 22:11:29:241 ClientConnection: not found packet for opcode F4FE
08 00 FE F4 E8 03 00 00                            ..þôè...........

WARNING 22:11:29:242 ClientConnection: not found packet for opcode CD71
BC 00 71 CD 12 00 38 00 8C 00 AF 3F 00 00 80 00    ¼.qÍ..8..¯?...
00 00 57 00 69 00 6E 00 64 00 6F 00 77 00 73 00    ..W.i.n.d.o.w.s.
20 00 37 00 20 00 28 00 78 00 36 00 34 00 29 00    ..7...(.x.6.4.).
20 00 0D 00 0A 00 00 00 49 00 6E 00 74 00 65 00    ........I.n.t.e.
6C 00 28 00 52 00 29 00 20 00 43 00 6F 00 72 00    l.(.R.)...C.o.r.
65 00 28 00 54 00 4D 00 29 00 20 00 69 00 37 00    e.(.T.M.)...i.7.
2D 00 34 00 37 00 31 00 30 00 48 00 51 00 20 00    -.4.7.1.0.H.Q...
43 00 50 00 55 00 20 00 40 00 20 00 32 00 2E 00    C.P.U...@...2...
35 00 30 00 47 00 48 00 7A 00 00 00 4E 00 56 00    5.0.G.H.z...N.V.
49 00 44 00 49 00 41 00 20 00 47 00 65 00 46 00    I.D.I.A...G.e.F.
6F 00 72 00 63 00 65 00 20 00 47 00 54 00 58 00    o.r.c.e...G.T.X.
20 00 38 00 37 00 30 00 4D 00 00 00                ..8.7.0.M.......

WARNING 22:11:40:448 ClientConnection: not found packet for opcode 9C2E
04 00 2E 9C                                        ...............

WARNING 22:11:46:760 ClientConnection: not found packet for opcode D28D
04 00 8D D2                                        ..Ò............

WARNING 22:11:46:763 ClientConnection: not found packet for opcode 8BBF
08 00 BF 8B 15 00 00 00                            ..¿............

WARNING 22:15:28:773 ClientConnection: not found packet for opcode 52A2
10 00 A2 52 7B A1 B8 BC 02 00 00 00 00 00 00 00    ..¢R{¡¸¼........

INFO 22:15:38:724 AccountManager: close Darkza
