INFO 00:16:36:375 ServerControl: open server socket on 2101 port.
INFO 00:16:36:388 ExecutorManager: initialized.
INFO 00:16:36:965 CleaningManager: delete 0 reuses from a character_skill_reuses.
INFO 00:16:36:965 CleaningManager: delete 0 spawns from a boss_spawn.
INFO 00:16:36:966 CleaningManager: delete 0 appearances from a character_appearances.
INFO 00:16:36:966 CleaningManager: delete 0 effects from a character_save_effects.
INFO 00:16:36:967 CleaningManager: delete 0 inventors from a character_inventors.
INFO 00:16:36:968 CleaningManager: delete 0 skills from a character_skills.
INFO 00:16:36:969 CleaningManager: delete 0 hotkeys from a character_hotkey.
INFO 00:16:36:969 CleaningManager: delete 0 chars from a character_friends.
INFO 00:16:36:971 CleaningManager: delete 0 friends from a character_friends.
INFO 00:16:36:971 CleaningManager: delete 0 settings from a character_settings.
INFO 00:16:36:972 CleaningManager: delete 0 empty items from a items.
INFO 00:16:36:973 CleaningManager: delete 0 no owner items from a items.
INFO 00:16:36:973 CleaningManager: delete 0 no owner guild items from a items.
INFO 00:16:36:995 CleaningManager: create buffer table items.
INFO 00:16:36:998 CleaningManager: copy 118 items to buffer_items.
INFO 00:16:36:998 CleaningManager: delete 0 no owner items from a buffer_items.
INFO 00:16:37:012 CleaningManager: drop buffer table items.
INFO 00:16:37:013 CleaningManager: delete 0 from a quests.
INFO 00:16:37:013 CleaningManager: delete 0 from a quest variables.
INFO 00:16:37:014 CleaningManager: delete 0 from a guild ranks.
INFO 00:16:37:146 ClientPacketType: client packets prepared.
INFO 00:16:37:200 EffectParser: initialized.
INFO 00:16:37:205 RandomManager: initialized.
INFO 00:16:37:207 IdFactory: prepare npc ids...
INFO 00:16:37:210 BitSetIdGenerator: 102912 id's available.
INFO 00:16:37:210 IdFactory: prepare objects ids...
INFO 00:16:37:211 BitSetIdGenerator: 102912 id's available.
INFO 00:16:37:211 IdFactory: prepare players ids...
INFO 00:16:37:215 BitSetIdGenerator: extracted 5 ids.
INFO 00:16:37:216 BitSetIdGenerator: 102912 id's available.
INFO 00:16:37:216 IdFactory: prepare guilds ids...
INFO 00:16:37:217 BitSetIdGenerator: extracted 1 ids.
INFO 00:16:37:217 BitSetIdGenerator: 102912 id's available.
INFO 00:16:37:217 IdFactory: prepare item ids...
INFO 00:16:37:219 BitSetIdGenerator: extracted 118 ids.
WARNING 00:16:37:219 BitSetIdGenerator: objectId 1 in DB is less than minimum ID of 268435456.
INFO 00:16:37:220 BitSetIdGenerator: 102912 id's available.
INFO 00:16:37:247 ServerVarManager: loaded 0 variables.
INFO 00:16:37:252 BossSpawnManager: loaded 0 boss spawns.
INFO 00:16:39:158 TerritoryTable: loaded 160 territories for 18803 regions.
INFO 00:16:41:161 WorldZoneTable: loaded 12 world zones for 31984 regions.
INFO 00:16:41:163 ConditionParser: initializable.
WARNING 00:16:41:703 SkillTable: detected once the file D:\Documents\Documents\Java\Tera Server\.\data\skills\summon_skills\deprecated.zip
INFO 00:16:41:726 SkillTable: loaded 4613 skills for 19 classes.
INFO 00:16:42:290 ItemTable: loaded 10138 items.
INFO 00:16:42:304 Race: race appearances initializable.
INFO 00:16:42:313 PlayerTable: loaded 104 player templates.
WARNING 00:16:42:626 DropTable: not found items [50048]
INFO 00:16:42:626 DropTable: load drop for 407 npcs and 126 for resourse.
INFO 00:16:42:632 TownTable: initialized.
WARNING 00:16:42:659 NpcDialogTable: detected once the file D:\Documents\Documents\Java\Tera Server\.\data\dialogs\dialogs.txt
INFO 00:16:42:694 NpcDialogTable: loaded 86 dialogs.
INFO 00:16:42:701 MessagePackageTable: loaded 34 message packages.
INFO 00:16:42:748 ConfigAITable: loaded 45 npc ai configs.
INFO 00:16:42:762 NpcAppearanceTable: initialized. Loaded 59 appearances.
WARNING 00:16:42:873 NpcTable: detected once the file D:\Documents\Documents\Java\Tera Server\.\data\npcs\summons\playable_summons.zip
INFO 00:16:42:878 NpcTable: loaded  816 npcs.
INFO 00:16:42:890 ResourseTable: loaded  253 resourses.
INFO 00:16:42:903 MinionTable: loaded 303 minions for 42 npcs.
INFO 00:16:42:904 RegenTaskManager: initializable.
INFO 00:16:42:932 Formulas: initialized.
INFO 00:16:42:933 EffectTaskManager: initialized.
INFO 00:16:43:218 ObjectEventManager: initialized.
INFO 00:16:43:219 MoveTaskManager: initialized.
INFO 00:16:43:617 SpawnTable: loaded 19507 spawns for 617 npcs and 2013 spawns for 60 resourses.
INFO 00:16:43:627 GeoMap3D: start fast import geodata_1.dat
INFO 00:16:44:623 GeoMap3D: import ended. load 1867238 quards.
INFO 00:16:44:623 GeoMap3D: start fast import geodata_2.dat
INFO 00:16:44:678 GeoMap3D: import ended. load 440227 quards.
INFO 00:16:44:678 GeoMap3D: start fast import geodata_3.dat
INFO 00:16:44:686 GeoMap3D: import ended. load 58040 quards.
INFO 00:16:44:686 GeoManager: initialized.
INFO 00:16:44:693 ItemExecutorManager: loaded 0 executor items.
INFO 00:16:45:597 CommandManager: loaded 94 commands.
INFO 00:16:45:611 SkillLearnManager: loaded 950 skill learn's for 8 clases.
INFO 00:16:45:615 AnnounceManager: loaded 0 start announces and 0 running announces.
INFO 00:16:45:618 AccountManager: initialized.
INFO 00:16:45:638 GuildManager: loaded 1 guilds.
INFO 00:16:45:889 QuestManager: loaded 455 quests.
INFO 00:16:45:891 OnlineManager: initialized.
INFO 00:16:45:899 GameLogManager: initialized.
INFO 00:16:45:971 Region: next battle "Veritas District" in 2018.04.22 16:00.
INFO 00:16:45:973 Region: next battle "Ostgarath" in 2018.04.22 16:00.
INFO 00:16:45:974 Region: next battle "Val Palrada" in 2018.04.21 20:00.
INFO 00:16:45:975 Region: next battle "Val Aureum" in 2018.04.21 20:00.
INFO 00:16:45:976 EventManager: loaded 5 events.
INFO 00:16:46:602 EventManager: the nearest event in 38 minutes.
INFO 00:16:46:610 PlayerManager: initialized.
INFO 00:16:46:677 Network: started.
INFO 00:16:46:677 GameServer: started.
WARNING 00:16:50:365 ClientConnection: not found packet for opcode 4DBC
20 00 BC 4D 02 00 08 00 08 00 14 00 00 00 00 00    ..¼M............
94 5F 03 00 14 00 00 00 01 00 00 00 DC 5F 03 00    _..........Ü_..
41 00 A4 78 13 00 21 00 20 00 00 00 00 00 00 02    A.¤x..!.........
00 00 00 64 00 61 00 72 00 6B 00 7A 00 61 00 00    ...d.a.r.k.z.a..
00 34 66 65 37 36 37 38 61 38 31 62 61 37 63 37    .4fe7678a81ba7c7
64 62 32 36 39 63 37 37 62 35 64 64 37 38 31 63    db269c77b5dd781c
61                                                 a...............

INFO 00:16:50:370 AccountManager: authed darkza
WARNING 00:16:50:382 ClientConnection: not found packet for opcode F4FE
08 00 FE F4 E8 03 00 00                            ..þôè...........

WARNING 00:16:50:382 ClientConnection: not found packet for opcode CD71
BC 00 71 CD 12 00 38 00 8C 00 AF 3F 00 00 80 00    ¼.qÍ..8..¯?...
00 00 57 00 69 00 6E 00 64 00 6F 00 77 00 73 00    ..W.i.n.d.o.w.s.
20 00 37 00 20 00 28 00 78 00 36 00 34 00 29 00    ..7...(.x.6.4.).
20 00 0D 00 0A 00 00 00 49 00 6E 00 74 00 65 00    ........I.n.t.e.
6C 00 28 00 52 00 29 00 20 00 43 00 6F 00 72 00    l.(.R.)...C.o.r.
65 00 28 00 54 00 4D 00 29 00 20 00 69 00 37 00    e.(.T.M.)...i.7.
2D 00 34 00 37 00 31 00 30 00 48 00 51 00 20 00    -.4.7.1.0.H.Q...
43 00 50 00 55 00 20 00 40 00 20 00 32 00 2E 00    C.P.U...@...2...
35 00 30 00 47 00 48 00 7A 00 00 00 4E 00 56 00    5.0.G.H.z...N.V.
49 00 44 00 49 00 41 00 20 00 47 00 65 00 46 00    I.D.I.A...G.e.F.
6F 00 72 00 63 00 65 00 20 00 47 00 54 00 58 00    o.r.c.e...G.T.X.
20 00 38 00 37 00 30 00 4D 00 00 00                ..8.7.0.M.......

WARNING 00:16:51:920 DataBaseManager: not found appearance for 268435460
WARNING 00:17:04:512 ClientConnection: not found packet for opcode 9C2E
04 00 2E 9C                                        ...............

WARNING 00:17:11:150 ClientConnection: not found packet for opcode D28D
04 00 8D D2                                        ..Ò............

WARNING 00:17:11:153 ClientConnection: not found packet for opcode 8BBF
08 00 BF 8B 13 00 00 00                            ..¿............

WARNING 00:17:18:472 ClientConnection: not found packet for opcode 52A2
10 00 A2 52 7B A1 B8 BC 00 00 00 00 00 00 00 00    ..¢R{¡¸¼........

WARNING 00:17:21:542 ClientConnection: not found packet for opcode 52A2
10 00 A2 52 7B A1 B8 BC 02 00 00 00 00 00 00 00    ..¢R{¡¸¼........

WARNING 00:17:21:543 ClientConnection: not found packet for opcode 52A2
10 00 A2 52 7B A1 B8 BC 02 00 00 00 00 00 00 00    ..¢R{¡¸¼........

WARNING 00:17:21:558 ClientConnection: not found packet for opcode 52A2
10 00 A2 52 7B A1 B8 BC 02 00 00 00 00 00 00 00    ..¢R{¡¸¼........

WARNING 00:17:21:568 ClientConnection: not found packet for opcode 52A2
10 00 A2 52 7B A1 B8 BC 02 00 00 00 00 00 00 00    ..¢R{¡¸¼........

WARNING 00:17:24:762 ClientConnection: not found packet for opcode D28D
04 00 8D D2                                        ..Ò............

WARNING 00:17:24:763 ClientConnection: not found packet for opcode 8BBF
08 00 BF 8B 13 00 00 00                            ..¿............

WARNING 00:18:16:687 CommandManager: NullPointerException : null : stack trace:
tera.gameserver.model.playable.Player.teleToLocation(Player.java:2407)
tera.gameserver.model.Character.teleToLocation(Character.java:3828)
tera.gameserver.scripts.commands.WorldCommand.execution(WorldCommand.java:78)
tera.gameserver.manager.CommandManager.execute(CommandManager.java:74)
tera.gameserver.network.clientpackets.PlayerSay.runImpl(PlayerSay.java:84)
rlib.network.packets.AbstractReadeablePacket.run(AbstractReadeablePacket.java:175)
java.util.concurrent.ThreadPoolExecutor.runWorker(ThreadPoolExecutor.java:1142)
java.util.concurrent.ThreadPoolExecutor$Worker.run(ThreadPoolExecutor.java:617)
java.lang.Thread.run(Thread.java:745)

WARNING 00:18:33:267 ClientConnection: not found packet for opcode 52A2
10 00 A2 52 7B A1 B8 BC 02 00 00 00 00 00 00 00    ..¢R{¡¸¼........

WARNING 00:18:35:146 ClientConnection: not found packet for opcode D28D
04 00 8D D2                                        ..Ò............

WARNING 00:18:35:147 ClientConnection: not found packet for opcode 8BBF
08 00 BF 8B 13 00 00 00                            ..¿............

WARNING 00:18:45:197 ClientConnection: not found packet for opcode 52A2
10 00 A2 52 7B A1 B8 BC 02 00 00 00 00 00 00 00    ..¢R{¡¸¼........

WARNING 00:18:46:737 ClientConnection: not found packet for opcode D28D
04 00 8D D2                                        ..Ò............

WARNING 00:18:46:738 ClientConnection: not found packet for opcode 8BBF
08 00 BF 8B 13 00 00 00                            ..¿............

WARNING 00:19:17:420 ClientConnection: not found packet for opcode 52A2
10 00 A2 52 7B A1 B8 BC 02 00 00 00 00 00 00 00    ..¢R{¡¸¼........

WARNING 00:19:42:159 ClientConnection: not found packet for opcode 52A2
10 00 A2 52 7B A1 B8 BC 02 00 00 00 00 00 00 00    ..¢R{¡¸¼........

WARNING 00:19:48:197 ClientConnection: not found packet for opcode 52A2
10 00 A2 52 7B A1 B8 BC 00 00 00 00 00 00 00 00    ..¢R{¡¸¼........

WARNING 00:19:49:278 ClientConnection: not found packet for opcode 52A2
10 00 A2 52 7B A1 B8 BC 02 00 00 00 00 00 00 00    ..¢R{¡¸¼........

WARNING 00:19:49:288 ClientConnection: not found packet for opcode 52A2
10 00 A2 52 7B A1 B8 BC 02 00 00 00 00 00 00 00    ..¢R{¡¸¼........

WARNING 00:19:51:219 ClientConnection: not found packet for opcode 52A2
10 00 A2 52 7B A1 B8 BC 00 00 00 00 00 00 00 00    ..¢R{¡¸¼........

WARNING 00:19:51:576 ClientConnection: not found packet for opcode D28D
04 00 8D D2                                        ..Ò............

WARNING 00:19:51:577 ClientConnection: not found packet for opcode 8BBF
08 00 BF 8B 13 00 00 00                            ..¿............

WARNING 00:19:52:063 ClientConnection: not found packet for opcode 52A2
10 00 A2 52 7B A1 B8 BC 02 00 00 00 00 00 00 00    ..¢R{¡¸¼........

WARNING 00:19:52:064 ClientConnection: not found packet for opcode 52A2
10 00 A2 52 7B A1 B8 BC 02 00 00 00 00 00 00 00    ..¢R{¡¸¼........

WARNING 00:19:52:080 ClientConnection: not found packet for opcode 52A2
10 00 A2 52 7B A1 B8 BC 02 00 00 00 00 00 00 00    ..¢R{¡¸¼........

WARNING 00:19:52:090 ClientConnection: not found packet for opcode 52A2
10 00 A2 52 7B A1 B8 BC 02 00 00 00 00 00 00 00    ..¢R{¡¸¼........

WARNING 00:19:54:872 ClientConnection: not found packet for opcode D28D
04 00 8D D2                                        ..Ò............

WARNING 00:19:54:873 ClientConnection: not found packet for opcode 8BBF
08 00 BF 8B 13 00 00 00                            ..¿............

WARNING 00:20:40:408 ClientConnection: not found packet for opcode 52A2
10 00 A2 52 7B A1 B8 BC 02 00 00 00 00 00 00 00    ..¢R{¡¸¼........

WARNING 00:20:41:675 DataBaseManager: not found appearance for 268435460
INFO 00:20:45:762 AccountManager: close darkza
WARNING 00:21:08:277 ClientConnection: not found packet for opcode 4DBC
20 00 BC 4D 02 00 08 00 08 00 14 00 00 00 00 00    ..¼M............
94 5F 03 00 14 00 00 00 01 00 00 00 DC 5F 03 00    _..........Ü_..
41 00 A4 78 13 00 21 00 20 00 00 00 00 00 00 02    A.¤x..!.........
00 00 00 64 00 61 00 72 00 6B 00 7A 00 61 00 00    ...d.a.r.k.z.a..
00 34 66 65 37 36 37 38 61 38 31 62 61 37 63 37    .4fe7678a81ba7c7
64 62 32 36 39 63 37 37 62 35 64 64 37 38 31 63    db269c77b5dd781c
61                                                 a...............

INFO 00:21:08:280 AccountManager: authed darkza
WARNING 00:21:08:318 ClientConnection: not found packet for opcode F4FE
08 00 FE F4 E8 03 00 00                            ..þôè...........

WARNING 00:21:08:318 ClientConnection: not found packet for opcode CD71
BC 00 71 CD 12 00 38 00 8C 00 AF 3F 00 00 80 00    ¼.qÍ..8..¯?...
00 00 57 00 69 00 6E 00 64 00 6F 00 77 00 73 00    ..W.i.n.d.o.w.s.
20 00 37 00 20 00 28 00 78 00 36 00 34 00 29 00    ..7...(.x.6.4.).
20 00 0D 00 0A 00 00 00 49 00 6E 00 74 00 65 00    ........I.n.t.e.
6C 00 28 00 52 00 29 00 20 00 43 00 6F 00 72 00    l.(.R.)...C.o.r.
65 00 28 00 54 00 4D 00 29 00 20 00 69 00 37 00    e.(.T.M.)...i.7.
2D 00 34 00 37 00 31 00 30 00 48 00 51 00 20 00    -.4.7.1.0.H.Q...
43 00 50 00 55 00 20 00 40 00 20 00 32 00 2E 00    C.P.U...@...2...
35 00 30 00 47 00 48 00 7A 00 00 00 4E 00 56 00    5.0.G.H.z...N.V.
49 00 44 00 49 00 41 00 20 00 47 00 65 00 46 00    I.D.I.A...G.e.F.
6F 00 72 00 63 00 65 00 20 00 47 00 54 00 58 00    o.r.c.e...G.T.X.
20 00 38 00 37 00 30 00 4D 00 00 00                ..8.7.0.M.......

WARNING 00:21:09:817 DataBaseManager: not found appearance for 268435460
WARNING 00:21:18:056 ClientConnection: not found packet for opcode 9C2E
04 00 2E 9C                                        ...............

WARNING 00:21:21:182 ClientConnection: not found packet for opcode D28D
04 00 8D D2                                        ..Ò............

WARNING 00:21:21:185 ClientConnection: not found packet for opcode 8BBF
08 00 BF 8B 13 00 00 00                            ..¿............

WARNING 00:22:16:005 ClientConnection: not found packet for opcode 52A2
10 00 A2 52 7B A1 B8 BC 02 00 00 00 00 00 00 00    ..¢R{¡¸¼........

WARNING 00:22:17:263 DataBaseManager: not found appearance for 268435460
INFO 00:22:21:158 AccountManager: close darkza
WARNING 00:22:39:179 ClientConnection: not found packet for opcode 4DBC
20 00 BC 4D 02 00 08 00 08 00 14 00 00 00 00 00    ..¼M............
94 5F 03 00 14 00 00 00 01 00 00 00 DC 5F 03 00    _..........Ü_..
41 00 A4 78 13 00 21 00 20 00 00 00 00 00 00 02    A.¤x..!.........
00 00 00 64 00 61 00 72 00 6B 00 7A 00 61 00 00    ...d.a.r.k.z.a..
00 34 66 65 37 36 37 38 61 38 31 62 61 37 63 37    .4fe7678a81ba7c7
64 62 32 36 39 63 37 37 62 35 64 64 37 38 31 63    db269c77b5dd781c
61                                                 a...............

INFO 00:22:39:181 AccountManager: authed darkza
WARNING 00:22:39:195 ClientConnection: not found packet for opcode F4FE
08 00 FE F4 E8 03 00 00                            ..þôè...........

WARNING 00:22:39:195 ClientConnection: not found packet for opcode CD71
BC 00 71 CD 12 00 38 00 8C 00 AF 3F 00 00 80 00    ¼.qÍ..8..¯?...
00 00 57 00 69 00 6E 00 64 00 6F 00 77 00 73 00    ..W.i.n.d.o.w.s.
20 00 37 00 20 00 28 00 78 00 36 00 34 00 29 00    ..7...(.x.6.4.).
20 00 0D 00 0A 00 00 00 49 00 6E 00 74 00 65 00    ........I.n.t.e.
6C 00 28 00 52 00 29 00 20 00 43 00 6F 00 72 00    l.(.R.)...C.o.r.
65 00 28 00 54 00 4D 00 29 00 20 00 69 00 37 00    e.(.T.M.)...i.7.
2D 00 34 00 37 00 31 00 30 00 48 00 51 00 20 00    -.4.7.1.0.H.Q...
43 00 50 00 55 00 20 00 40 00 20 00 32 00 2E 00    C.P.U...@...2...
35 00 30 00 47 00 48 00 7A 00 00 00 4E 00 56 00    5.0.G.H.z...N.V.
49 00 44 00 49 00 41 00 20 00 47 00 65 00 46 00    I.D.I.A...G.e.F.
6F 00 72 00 63 00 65 00 20 00 47 00 54 00 58 00    o.r.c.e...G.T.X.
20 00 38 00 37 00 30 00 4D 00 00 00                ..8.7.0.M.......

WARNING 00:22:40:718 DataBaseManager: not found appearance for 268435460
WARNING 00:22:48:928 ClientConnection: not found packet for opcode 9C2E
04 00 2E 9C                                        ...............

WARNING 00:22:51:586 ClientConnection: not found packet for opcode D28D
04 00 8D D2                                        ..Ò............

WARNING 00:22:51:589 ClientConnection: not found packet for opcode 8BBF
08 00 BF 8B 13 00 00 00                            ..¿............

WARNING 00:23:52:705 ClientConnection: not found packet for opcode 52A2
10 00 A2 52 7B A1 B8 BC 02 00 00 00 00 00 00 00    ..¢R{¡¸¼........

WARNING 00:23:53:953 DataBaseManager: not found appearance for 268435460
INFO 00:23:59:284 AccountManager: close darkza
WARNING 00:24:18:595 ClientConnection: not found packet for opcode 4DBC
20 00 BC 4D 02 00 08 00 08 00 14 00 00 00 00 00    ..¼M............
94 5F 03 00 14 00 00 00 01 00 00 00 DC 5F 03 00    _..........Ü_..
41 00 A4 78 13 00 21 00 20 00 00 00 00 00 00 02    A.¤x..!.........
00 00 00 64 00 61 00 72 00 6B 00 7A 00 61 00 00    ...d.a.r.k.z.a..
00 34 66 65 37 36 37 38 61 38 31 62 61 37 63 37    .4fe7678a81ba7c7
64 62 32 36 39 63 37 37 62 35 64 64 37 38 31 63    db269c77b5dd781c
61                                                 a...............

INFO 00:24:18:597 AccountManager: authed darkza
WARNING 00:24:18:612 ClientConnection: not found packet for opcode F4FE
08 00 FE F4 E8 03 00 00                            ..þôè...........

WARNING 00:24:18:612 ClientConnection: not found packet for opcode CD71
BC 00 71 CD 12 00 38 00 8C 00 AF 3F 00 00 80 00    ¼.qÍ..8..¯?...
00 00 57 00 69 00 6E 00 64 00 6F 00 77 00 73 00    ..W.i.n.d.o.w.s.
20 00 37 00 20 00 28 00 78 00 36 00 34 00 29 00    ..7...(.x.6.4.).
20 00 0D 00 0A 00 00 00 49 00 6E 00 74 00 65 00    ........I.n.t.e.
6C 00 28 00 52 00 29 00 20 00 43 00 6F 00 72 00    l.(.R.)...C.o.r.
65 00 28 00 54 00 4D 00 29 00 20 00 69 00 37 00    e.(.T.M.)...i.7.
2D 00 34 00 37 00 31 00 30 00 48 00 51 00 20 00    -.4.7.1.0.H.Q...
43 00 50 00 55 00 20 00 40 00 20 00 32 00 2E 00    C.P.U...@...2...
35 00 30 00 47 00 48 00 7A 00 00 00 4E 00 56 00    5.0.G.H.z...N.V.
49 00 44 00 49 00 41 00 20 00 47 00 65 00 46 00    I.D.I.A...G.e.F.
6F 00 72 00 63 00 65 00 20 00 47 00 54 00 58 00    o.r.c.e...G.T.X.
20 00 38 00 37 00 30 00 4D 00 00 00                ..8.7.0.M.......

WARNING 00:24:20:133 DataBaseManager: not found appearance for 268435460
WARNING 00:24:27:550 ClientConnection: not found packet for opcode 9C2E
04 00 2E 9C                                        ...............

WARNING 00:24:30:808 ClientConnection: not found packet for opcode D28D
04 00 8D D2                                        ..Ò............

WARNING 00:24:30:810 ClientConnection: not found packet for opcode 8BBF
08 00 BF 8B 13 00 00 00                            ..¿............

WARNING 00:25:32:154 ClientConnection: not found packet for opcode 52A2
10 00 A2 52 7B A1 B8 BC 02 00 00 00 00 00 00 00    ..¢R{¡¸¼........

WARNING 00:25:33:438 DataBaseManager: not found appearance for 268435460
INFO 00:25:37:334 AccountManager: close darkza
WARNING 00:25:55:745 ClientConnection: not found packet for opcode 4DBC
20 00 BC 4D 02 00 08 00 08 00 14 00 00 00 00 00    ..¼M............
94 5F 03 00 14 00 00 00 01 00 00 00 DC 5F 03 00    _..........Ü_..
41 00 A4 78 13 00 21 00 20 00 00 00 00 00 00 02    A.¤x..!.........
00 00 00 64 00 61 00 72 00 6B 00 7A 00 61 00 00    ...d.a.r.k.z.a..
00 34 66 65 37 36 37 38 61 38 31 62 61 37 63 37    .4fe7678a81ba7c7
64 62 32 36 39 63 37 37 62 35 64 64 37 38 31 63    db269c77b5dd781c
61                                                 a...............

INFO 00:25:55:748 AccountManager: authed darkza
WARNING 00:25:55:762 ClientConnection: not found packet for opcode F4FE
08 00 FE F4 E8 03 00 00                            ..þôè...........

WARNING 00:25:55:762 ClientConnection: not found packet for opcode CD71
BC 00 71 CD 12 00 38 00 8C 00 AF 3F 00 00 80 00    ¼.qÍ..8..¯?...
00 00 57 00 69 00 6E 00 64 00 6F 00 77 00 73 00    ..W.i.n.d.o.w.s.
20 00 37 00 20 00 28 00 78 00 36 00 34 00 29 00    ..7...(.x.6.4.).
20 00 0D 00 0A 00 00 00 49 00 6E 00 74 00 65 00    ........I.n.t.e.
6C 00 28 00 52 00 29 00 20 00 43 00 6F 00 72 00    l.(.R.)...C.o.r.
65 00 28 00 54 00 4D 00 29 00 20 00 69 00 37 00    e.(.T.M.)...i.7.
2D 00 34 00 37 00 31 00 30 00 48 00 51 00 20 00    -.4.7.1.0.H.Q...
43 00 50 00 55 00 20 00 40 00 20 00 32 00 2E 00    C.P.U...@...2...
35 00 30 00 47 00 48 00 7A 00 00 00 4E 00 56 00    5.0.G.H.z...N.V.
49 00 44 00 49 00 41 00 20 00 47 00 65 00 46 00    I.D.I.A...G.e.F.
6F 00 72 00 63 00 65 00 20 00 47 00 54 00 58 00    o.r.c.e...G.T.X.
20 00 38 00 37 00 30 00 4D 00 00 00                ..8.7.0.M.......

WARNING 00:25:57:284 DataBaseManager: not found appearance for 268435460
WARNING 00:26:06:149 ClientConnection: not found packet for opcode 9C2E
04 00 2E 9C                                        ...............

WARNING 00:26:09:007 ClientConnection: not found packet for opcode D28D
04 00 8D D2                                        ..Ò............

WARNING 00:26:09:010 ClientConnection: not found packet for opcode 8BBF
08 00 BF 8B 13 00 00 00                            ..¿............

WARNING 00:26:21:742 ClientConnection: not found packet for opcode 52A2
10 00 A2 52 7B A1 B8 BC 02 00 00 00 00 00 00 00    ..¢R{¡¸¼........

WARNING 00:26:28:744 ClientConnection: not found packet for opcode 52A2
10 00 A2 52 7B A1 B8 BC 00 00 00 00 00 00 00 00    ..¢R{¡¸¼........

WARNING 00:26:29:641 ClientConnection: not found packet for opcode 52A2
10 00 A2 52 7B A1 B8 BC 02 00 00 00 00 00 00 00    ..¢R{¡¸¼........

WARNING 00:26:29:650 ClientConnection: not found packet for opcode 52A2
10 00 A2 52 7B A1 B8 BC 02 00 00 00 00 00 00 00    ..¢R{¡¸¼........

WARNING 00:26:31:533 ClientConnection: not found packet for opcode 52A2
10 00 A2 52 7B A1 B8 BC 00 00 00 00 00 00 00 00    ..¢R{¡¸¼........

WARNING 00:26:31:953 ClientConnection: not found packet for opcode D28D
04 00 8D D2                                        ..Ò............

WARNING 00:26:31:953 ClientConnection: not found packet for opcode 8BBF
08 00 BF 8B 13 00 00 00                            ..¿............

WARNING 00:26:32:085 ClientConnection: not found packet for opcode 52A2
10 00 A2 52 7B A1 B8 BC 02 00 00 00 00 00 00 00    ..¢R{¡¸¼........

WARNING 00:26:32:086 ClientConnection: not found packet for opcode 52A2
10 00 A2 52 7B A1 B8 BC 02 00 00 00 00 00 00 00    ..¢R{¡¸¼........

WARNING 00:26:32:102 ClientConnection: not found packet for opcode 52A2
10 00 A2 52 7B A1 B8 BC 02 00 00 00 00 00 00 00    ..¢R{¡¸¼........

WARNING 00:26:32:108 ClientConnection: not found packet for opcode 52A2
10 00 A2 52 7B A1 B8 BC 02 00 00 00 00 00 00 00    ..¢R{¡¸¼........

WARNING 00:26:35:254 ClientConnection: not found packet for opcode D28D
04 00 8D D2                                        ..Ò............

WARNING 00:26:35:255 ClientConnection: not found packet for opcode 8BBF
08 00 BF 8B 13 00 00 00                            ..¿............

WARNING 00:27:05:948 ClientConnection: not found packet for opcode 52A2
10 00 A2 52 7B A1 B8 BC 02 00 00 00 00 00 00 00    ..¢R{¡¸¼........

WARNING 00:27:07:192 DataBaseManager: not found appearance for 268435460
INFO 00:27:11:169 AccountManager: close darkza
WARNING 00:27:28:880 ClientConnection: not found packet for opcode 4DBC
20 00 BC 4D 02 00 08 00 08 00 14 00 00 00 00 00    ..¼M............
94 5F 03 00 14 00 00 00 01 00 00 00 DC 5F 03 00    _..........Ü_..
41 00 A4 78 13 00 21 00 20 00 00 00 00 00 00 02    A.¤x..!.........
00 00 00 64 00 61 00 72 00 6B 00 7A 00 61 00 00    ...d.a.r.k.z.a..
00 34 66 65 37 36 37 38 61 38 31 62 61 37 63 37    .4fe7678a81ba7c7
64 62 32 36 39 63 37 37 62 35 64 64 37 38 31 63    db269c77b5dd781c
61                                                 a...............

INFO 00:27:28:883 AccountManager: authed darkza
WARNING 00:27:28:897 ClientConnection: not found packet for opcode F4FE
08 00 FE F4 E8 03 00 00                            ..þôè...........

WARNING 00:27:28:897 ClientConnection: not found packet for opcode CD71
BC 00 71 CD 12 00 38 00 8C 00 AF 3F 00 00 80 00    ¼.qÍ..8..¯?...
00 00 57 00 69 00 6E 00 64 00 6F 00 77 00 73 00    ..W.i.n.d.o.w.s.
20 00 37 00 20 00 28 00 78 00 36 00 34 00 29 00    ..7...(.x.6.4.).
20 00 0D 00 0A 00 00 00 49 00 6E 00 74 00 65 00    ........I.n.t.e.
6C 00 28 00 52 00 29 00 20 00 43 00 6F 00 72 00    l.(.R.)...C.o.r.
65 00 28 00 54 00 4D 00 29 00 20 00 69 00 37 00    e.(.T.M.)...i.7.
2D 00 34 00 37 00 31 00 30 00 48 00 51 00 20 00    -.4.7.1.0.H.Q...
43 00 50 00 55 00 20 00 40 00 20 00 32 00 2E 00    C.P.U...@...2...
35 00 30 00 47 00 48 00 7A 00 00 00 4E 00 56 00    5.0.G.H.z...N.V.
49 00 44 00 49 00 41 00 20 00 47 00 65 00 46 00    I.D.I.A...G.e.F.
6F 00 72 00 63 00 65 00 20 00 47 00 54 00 58 00    o.r.c.e...G.T.X.
20 00 38 00 37 00 30 00 4D 00 00 00                ..8.7.0.M.......

WARNING 00:27:30:419 DataBaseManager: not found appearance for 268435460
WARNING 00:27:39:553 ClientConnection: not found packet for opcode 9C2E
04 00 2E 9C                                        ...............

WARNING 00:27:43:012 ClientConnection: not found packet for opcode D28D
04 00 8D D2                                        ..Ò............

WARNING 00:27:43:015 ClientConnection: not found packet for opcode 8BBF
08 00 BF 8B 13 00 00 00                            ..¿............

WARNING 00:28:59:118 ClientConnection: not found packet for opcode 52A2
10 00 A2 52 7B A1 B8 BC 02 00 00 00 00 00 00 00    ..¢R{¡¸¼........

WARNING 00:29:00:431 DataBaseManager: not found appearance for 268435460
INFO 00:29:04:847 AccountManager: close darkza
WARNING 00:29:27:750 ClientConnection: not found packet for opcode 4DBC
20 00 BC 4D 02 00 08 00 08 00 14 00 00 00 00 00    ..¼M............
94 5F 03 00 14 00 00 00 01 00 00 00 DC 5F 03 00    _..........Ü_..
41 00 A4 78 13 00 21 00 20 00 00 00 00 00 00 02    A.¤x..!.........
00 00 00 64 00 61 00 72 00 6B 00 7A 00 61 00 00    ...d.a.r.k.z.a..
00 34 66 65 37 36 37 38 61 38 31 62 61 37 63 37    .4fe7678a81ba7c7
64 62 32 36 39 63 37 37 62 35 64 64 37 38 31 63    db269c77b5dd781c
61                                                 a...............

INFO 00:29:27:753 AccountManager: authed darkza
WARNING 00:29:27:786 ClientConnection: not found packet for opcode F4FE
08 00 FE F4 E8 03 00 00                            ..þôè...........

WARNING 00:29:27:786 ClientConnection: not found packet for opcode CD71
BC 00 71 CD 12 00 38 00 8C 00 AF 3F 00 00 80 00    ¼.qÍ..8..¯?...
00 00 57 00 69 00 6E 00 64 00 6F 00 77 00 73 00    ..W.i.n.d.o.w.s.
20 00 37 00 20 00 28 00 78 00 36 00 34 00 29 00    ..7...(.x.6.4.).
20 00 0D 00 0A 00 00 00 49 00 6E 00 74 00 65 00    ........I.n.t.e.
6C 00 28 00 52 00 29 00 20 00 43 00 6F 00 72 00    l.(.R.)...C.o.r.
65 00 28 00 54 00 4D 00 29 00 20 00 69 00 37 00    e.(.T.M.)...i.7.
2D 00 34 00 37 00 31 00 30 00 48 00 51 00 20 00    -.4.7.1.0.H.Q...
43 00 50 00 55 00 20 00 40 00 20 00 32 00 2E 00    C.P.U...@...2...
35 00 30 00 47 00 48 00 7A 00 00 00 4E 00 56 00    5.0.G.H.z...N.V.
49 00 44 00 49 00 41 00 20 00 47 00 65 00 46 00    I.D.I.A...G.e.F.
6F 00 72 00 63 00 65 00 20 00 47 00 54 00 58 00    o.r.c.e...G.T.X.
20 00 38 00 37 00 30 00 4D 00 00 00                ..8.7.0.M.......

WARNING 00:29:29:278 DataBaseManager: not found appearance for 268435460
INFO 00:29:33:687 AccountManager: close darkza
WARNING 00:29:50:948 ClientConnection: not found packet for opcode 4DBC
20 00 BC 4D 02 00 08 00 08 00 14 00 00 00 00 00    ..¼M............
94 5F 03 00 14 00 00 00 01 00 00 00 DC 5F 03 00    _..........Ü_..
41 00 A4 78 13 00 21 00 20 00 00 00 00 00 00 02    A.¤x..!.........
00 00 00 64 00 61 00 72 00 6B 00 7A 00 61 00 00    ...d.a.r.k.z.a..
00 34 66 65 37 36 37 38 61 38 31 62 61 37 63 37    .4fe7678a81ba7c7
64 62 32 36 39 63 37 37 62 35 64 64 37 38 31 63    db269c77b5dd781c
61                                                 a...............

INFO 00:29:50:950 AccountManager: authed darkza
WARNING 00:29:50:964 ClientConnection: not found packet for opcode F4FE
08 00 FE F4 E8 03 00 00                            ..þôè...........

WARNING 00:29:50:964 ClientConnection: not found packet for opcode CD71
BC 00 71 CD 12 00 38 00 8C 00 AF 3F 00 00 80 00    ¼.qÍ..8..¯?...
00 00 57 00 69 00 6E 00 64 00 6F 00 77 00 73 00    ..W.i.n.d.o.w.s.
20 00 37 00 20 00 28 00 78 00 36 00 34 00 29 00    ..7...(.x.6.4.).
20 00 0D 00 0A 00 00 00 49 00 6E 00 74 00 65 00    ........I.n.t.e.
6C 00 28 00 52 00 29 00 20 00 43 00 6F 00 72 00    l.(.R.)...C.o.r.
65 00 28 00 54 00 4D 00 29 00 20 00 69 00 37 00    e.(.T.M.)...i.7.
2D 00 34 00 37 00 31 00 30 00 48 00 51 00 20 00    -.4.7.1.0.H.Q...
43 00 50 00 55 00 20 00 40 00 20 00 32 00 2E 00    C.P.U...@...2...
35 00 30 00 47 00 48 00 7A 00 00 00 4E 00 56 00    5.0.G.H.z...N.V.
49 00 44 00 49 00 41 00 20 00 47 00 65 00 46 00    I.D.I.A...G.e.F.
6F 00 72 00 63 00 65 00 20 00 47 00 54 00 58 00    o.r.c.e...G.T.X.
20 00 38 00 37 00 30 00 4D 00 00 00                ..8.7.0.M.......

WARNING 00:29:52:485 DataBaseManager: not found appearance for 268435460
WARNING 00:30:01:981 ClientConnection: not found packet for opcode 9C2E
04 00 2E 9C                                        ...............

WARNING 00:30:04:645 ClientConnection: not found packet for opcode D28D
04 00 8D D2                                        ..Ò............

WARNING 00:30:04:648 ClientConnection: not found packet for opcode 8BBF
08 00 BF 8B 13 00 00 00                            ..¿............

WARNING 00:30:20:763 ClientConnection: not found packet for opcode 52A2
10 00 A2 52 7B A1 B8 BC 02 00 00 00 00 00 00 00    ..¢R{¡¸¼........

WARNING 00:30:22:043 DataBaseManager: not found appearance for 268435460
INFO 00:30:26:293 AccountManager: close darkza
WARNING 00:30:49:811 ClientConnection: not found packet for opcode 4DBC
20 00 BC 4D 02 00 08 00 08 00 14 00 00 00 00 00    ..¼M............
94 5F 03 00 14 00 00 00 01 00 00 00 DC 5F 03 00    _..........Ü_..
41 00 A4 78 13 00 21 00 20 00 00 00 00 00 00 02    A.¤x..!.........
00 00 00 64 00 61 00 72 00 6B 00 7A 00 61 00 00    ...d.a.r.k.z.a..
00 34 66 65 37 36 37 38 61 38 31 62 61 37 63 37    .4fe7678a81ba7c7
64 62 32 36 39 63 37 37 62 35 64 64 37 38 31 63    db269c77b5dd781c
61                                                 a...............

INFO 00:30:49:812 AccountManager: authed darkza
WARNING 00:30:49:827 ClientConnection: not found packet for opcode F4FE
08 00 FE F4 E8 03 00 00                            ..þôè...........

WARNING 00:30:49:828 ClientConnection: not found packet for opcode CD71
BC 00 71 CD 12 00 38 00 8C 00 AF 3F 00 00 80 00    ¼.qÍ..8..¯?...
00 00 57 00 69 00 6E 00 64 00 6F 00 77 00 73 00    ..W.i.n.d.o.w.s.
20 00 37 00 20 00 28 00 78 00 36 00 34 00 29 00    ..7...(.x.6.4.).
20 00 0D 00 0A 00 00 00 49 00 6E 00 74 00 65 00    ........I.n.t.e.
6C 00 28 00 52 00 29 00 20 00 43 00 6F 00 72 00    l.(.R.)...C.o.r.
65 00 28 00 54 00 4D 00 29 00 20 00 69 00 37 00    e.(.T.M.)...i.7.
2D 00 34 00 37 00 31 00 30 00 48 00 51 00 20 00    -.4.7.1.0.H.Q...
43 00 50 00 55 00 20 00 40 00 20 00 32 00 2E 00    C.P.U...@...2...
35 00 30 00 47 00 48 00 7A 00 00 00 4E 00 56 00    5.0.G.H.z...N.V.
49 00 44 00 49 00 41 00 20 00 47 00 65 00 46 00    I.D.I.A...G.e.F.
6F 00 72 00 63 00 65 00 20 00 47 00 54 00 58 00    o.r.c.e...G.T.X.
20 00 38 00 37 00 30 00 4D 00 00 00                ..8.7.0.M.......

WARNING 00:30:51:349 DataBaseManager: not found appearance for 268435460
WARNING 00:31:00:429 ClientConnection: not found packet for opcode 9C2E
04 00 2E 9C                                        ...............

WARNING 00:31:03:876 ClientConnection: not found packet for opcode D28D
04 00 8D D2                                        ..Ò............

WARNING 00:31:03:879 ClientConnection: not found packet for opcode 8BBF
08 00 BF 8B 13 00 00 00                            ..¿............

WARNING 00:32:48:106 ClientConnection: not found packet for opcode 52A2
10 00 A2 52 7B A1 B8 BC 02 00 00 00 00 00 00 00    ..¢R{¡¸¼........

WARNING 00:32:49:334 DataBaseManager: not found appearance for 268435460
INFO 00:32:54:419 AccountManager: close darkza
