INFO 22:19:33:215 ServerControl: open server socket on 2101 port.
INFO 22:19:33:222 ExecutorManager: initialized.
INFO 22:19:33:852 CleaningManager: delete 0 reuses from a character_skill_reuses.
INFO 22:19:33:853 CleaningManager: delete 0 spawns from a boss_spawn.
INFO 22:19:33:854 CleaningManager: delete 0 appearances from a character_appearances.
INFO 22:19:33:855 CleaningManager: delete 0 effects from a character_save_effects.
INFO 22:19:33:855 CleaningManager: delete 0 inventors from a character_inventors.
INFO 22:19:33:856 CleaningManager: delete 0 skills from a character_skills.
INFO 22:19:33:857 CleaningManager: delete 0 hotkeys from a character_hotkey.
INFO 22:19:33:858 CleaningManager: delete 0 chars from a character_friends.
INFO 22:19:33:859 CleaningManager: delete 0 friends from a character_friends.
INFO 22:19:33:860 CleaningManager: delete 0 settings from a character_settings.
INFO 22:19:33:860 CleaningManager: delete 0 empty items from a items.
INFO 22:19:33:861 CleaningManager: delete 0 no owner items from a items.
INFO 22:19:33:862 CleaningManager: delete 0 no owner guild items from a items.
INFO 22:19:33:879 CleaningManager: create buffer table items.
INFO 22:19:33:881 CleaningManager: copy 6 items to buffer_items.
INFO 22:19:33:881 CleaningManager: delete 0 no owner items from a buffer_items.
INFO 22:19:33:889 CleaningManager: drop buffer table items.
INFO 22:19:33:889 CleaningManager: delete 0 from a quests.
INFO 22:19:33:890 CleaningManager: delete 0 from a quest variables.
INFO 22:19:33:891 CleaningManager: delete 0 from a guild ranks.
INFO 22:19:33:985 ClientPacketType: client packets prepared.
INFO 22:19:34:014 EffectParser: initialized.
INFO 22:19:34:017 RandomManager: initialized.
INFO 22:19:34:018 IdFactory: prepare npc ids...
INFO 22:19:34:022 BitSetIdGenerator: 102912 id's available.
INFO 22:19:34:023 IdFactory: prepare objects ids...
INFO 22:19:34:023 BitSetIdGenerator: 102912 id's available.
INFO 22:19:34:023 IdFactory: prepare players ids...
INFO 22:19:34:028 BitSetIdGenerator: extracted 1 ids.
INFO 22:19:34:028 BitSetIdGenerator: 102912 id's available.
INFO 22:19:34:028 IdFactory: prepare guilds ids...
INFO 22:19:34:029 BitSetIdGenerator: extracted 0 ids.
INFO 22:19:34:030 BitSetIdGenerator: 102912 id's available.
INFO 22:19:34:030 IdFactory: prepare item ids...
INFO 22:19:34:031 BitSetIdGenerator: extracted 6 ids.
INFO 22:19:34:031 BitSetIdGenerator: 102912 id's available.
INFO 22:19:34:055 ServerVarManager: loaded 0 variables.
INFO 22:19:34:060 BossSpawnManager: loaded 0 boss spawns.
INFO 22:19:35:736 TerritoryTable: loaded 160 territories for 18803 regions.
INFO 22:19:38:063 WorldZoneTable: loaded 12 world zones for 31986 regions.
INFO 22:19:38:065 ConditionParser: initializable.
WARNING 22:19:38:663 SkillTable: detected once the file D:\Documents\Documents\Java\Tera Server\.\data\skills\summon_skills\deprecated.zip
INFO 22:19:38:677 SkillTable: loaded 4613 skills for 19 classes.
INFO 22:19:39:278 ItemTable: loaded 10138 items.
INFO 22:19:39:296 Race: race appearances initializable.
INFO 22:19:39:304 PlayerTable: loaded 104 player templates.
WARNING 22:19:39:620 DropTable: not found items [50048]
INFO 22:19:39:620 DropTable: load drop for 407 npcs and 126 for resourse.
INFO 22:19:39:631 TownTable: initialized.
WARNING 22:19:39:661 NpcDialogTable: detected once the file D:\Documents\Documents\Java\Tera Server\.\data\dialogs\dialogs.txt
INFO 22:19:39:707 NpcDialogTable: loaded 88 dialogs.
INFO 22:19:39:713 MessagePackageTable: loaded 34 message packages.
INFO 22:19:39:766 ConfigAITable: loaded 45 npc ai configs.
INFO 22:19:39:787 NpcAppearanceTable: initialized. Loaded 59 appearances.
WARNING 22:19:39:964 NpcTable: detected once the file D:\Documents\Documents\Java\Tera Server\.\data\npcs\summons\playable_summons.zip
INFO 22:19:39:974 NpcTable: loaded  816 npcs.
INFO 22:19:39:991 ResourseTable: loaded  253 resourses.
INFO 22:19:40:007 MinionTable: loaded 303 minions for 42 npcs.
INFO 22:19:40:009 RegenTaskManager: initializable.
INFO 22:19:40:017 Formulas: initialized.
INFO 22:19:40:019 EffectTaskManager: initialized.
INFO 22:19:40:462 ObjectEventManager: initialized.
INFO 22:19:40:462 MoveTaskManager: initialized.
INFO 22:19:41:271 SpawnTable: loaded 19515 spawns for 617 npcs and 2013 spawns for 60 resourses.
INFO 22:19:41:278 GeoMap3D: start fast import geodata_1.dat
INFO 22:19:41:626 GeoMap3D: import ended. load 1867238 quards.
INFO 22:19:41:627 GeoMap3D: start fast import geodata_2.dat
INFO 22:19:41:746 GeoMap3D: import ended. load 440227 quards.
INFO 22:19:41:746 GeoMap3D: start fast import geodata_3.dat
INFO 22:19:41:774 GeoMap3D: import ended. load 58040 quards.
INFO 22:19:41:775 GeoManager: initialized.
INFO 22:19:41:785 ItemExecutorManager: loaded 0 executor items.
INFO 22:19:41:802 CommandManager: loaded 94 commands.
INFO 22:19:41:820 SkillLearnManager: loaded 950 skill learn's for 8 clases.
INFO 22:19:41:827 AnnounceManager: loaded 0 start announces and 0 running announces.
INFO 22:19:41:831 AccountManager: initialized.
INFO 22:19:41:838 GuildManager: loaded 0 guilds.
INFO 22:19:42:266 QuestManager: loaded 455 quests.
INFO 22:19:42:271 OnlineManager: initialized.
INFO 22:19:42:275 GameLogManager: initialized.
INFO 22:19:42:390 Region: next battle "Veritas District" in 2018.12.16 15:00.
INFO 22:19:42:392 Region: next battle "Ostgarath" in 2018.12.16 15:00.
INFO 22:19:42:395 Region: next battle "Val Palrada" in 2018.12.15 19:00.
INFO 22:19:42:397 Region: next battle "Val Aureum" in 2018.12.15 19:00.
INFO 22:19:42:397 EventManager: loaded 5 events.
INFO 22:19:42:510 EventManager: the nearest event in 39 minutes.
INFO 22:19:42:517 PlayerManager: initialized.
INFO 22:19:42:532 Network: started.
INFO 22:19:42:532 GameServer: started.
INFO 22:20:06:354 AccountManager: authed admin
WARNING 22:20:25:549 C_Get_User_List: NullPointerException : null : stack trace:
tera.gameserver.network.serverpackets.S_Get_User_List.getInstance(S_Get_User_List.java:233)
tera.gameserver.manager.PacketManager.showPlayerList(PacketManager.java:274)
tera.gameserver.network.clientpackets.C_Get_User_List.runImpl(C_Get_User_List.java:46)
rlib.network.packets.AbstractReadeablePacket.run(AbstractReadeablePacket.java:175)
java.base/java.util.concurrent.ThreadPoolExecutor.runWorker(ThreadPoolExecutor.java:1128)
java.base/java.util.concurrent.ThreadPoolExecutor$Worker.run(ThreadPoolExecutor.java:628)
java.base/java.lang.Thread.run(Thread.java:834)

