INFO 11:34:18:517 ServerControl: open server socket on 2101 port.
INFO 11:34:18:616 ExecutorManager: initialized.
INFO 11:34:19:298 CleaningManager: delete 0 reuses from a character_skill_reuses.
INFO 11:34:19:299 CleaningManager: delete 0 spawns from a boss_spawn.
INFO 11:34:19:300 CleaningManager: delete 0 appearances from a character_appearances.
INFO 11:34:19:300 CleaningManager: delete 0 effects from a character_save_effects.
INFO 11:34:19:301 CleaningManager: delete 0 inventors from a character_inventors.
INFO 11:34:19:303 CleaningManager: delete 0 skills from a character_skills.
INFO 11:34:19:303 CleaningManager: delete 0 hotkeys from a character_hotkey.
INFO 11:34:19:304 CleaningManager: delete 0 chars from a character_friends.
INFO 11:34:19:305 CleaningManager: delete 0 friends from a character_friends.
INFO 11:34:19:307 CleaningManager: delete 0 settings from a character_settings.
INFO 11:34:19:308 CleaningManager: delete 0 empty items from a items.
INFO 11:34:19:309 CleaningManager: delete 0 no owner items from a items.
INFO 11:34:19:310 CleaningManager: delete 0 no owner guild items from a items.
INFO 11:34:19:375 CleaningManager: create buffer table items.
INFO 11:34:19:379 CleaningManager: copy 118 items to buffer_items.
INFO 11:34:19:380 CleaningManager: delete 0 no owner items from a buffer_items.
INFO 11:34:19:398 CleaningManager: drop buffer table items.
INFO 11:34:19:399 CleaningManager: delete 0 from a quests.
INFO 11:34:19:400 CleaningManager: delete 0 from a quest variables.
INFO 11:34:19:400 CleaningManager: delete 0 from a guild ranks.
INFO 11:34:19:533 ClientPacketType: client packets prepared.
INFO 11:34:19:670 EffectParser: initialized.
INFO 11:34:19:677 RandomManager: initialized.
INFO 11:34:19:678 IdFactory: prepare npc ids...
INFO 11:34:19:683 BitSetIdGenerator: 102912 id's available.
INFO 11:34:19:683 IdFactory: prepare objects ids...
INFO 11:34:19:683 BitSetIdGenerator: 102912 id's available.
INFO 11:34:19:683 IdFactory: prepare players ids...
INFO 11:34:19:688 BitSetIdGenerator: extracted 4 ids.
INFO 11:34:19:689 BitSetIdGenerator: 102912 id's available.
INFO 11:34:19:689 IdFactory: prepare guilds ids...
INFO 11:34:19:692 BitSetIdGenerator: extracted 1 ids.
INFO 11:34:19:692 BitSetIdGenerator: 102912 id's available.
INFO 11:34:19:692 IdFactory: prepare item ids...
INFO 11:34:19:694 BitSetIdGenerator: extracted 118 ids.
WARNING 11:34:19:694 BitSetIdGenerator: objectId 1 in DB is less than minimum ID of 268435456.
INFO 11:34:19:694 BitSetIdGenerator: 102912 id's available.
INFO 11:34:19:718 ServerVarManager: loaded 0 variables.
INFO 11:34:19:723 BossSpawnManager: loaded 0 boss spawns.
INFO 11:34:21:910 TerritoryTable: loaded 160 territories for 18803 regions.
INFO 11:34:24:677 WorldZoneTable: loaded 10 world zones for 31975 regions.
INFO 11:34:24:680 ConditionParser: initializable.
WARNING 11:34:25:218 SkillTable: detected once the file D:\Documents\Documents\Java\Tera Server\.\data\skills\summon_skills\deprecated.zip
INFO 11:34:25:233 SkillTable: loaded 4613 skills for 19 classes.
INFO 11:34:25:923 ItemTable: loaded 10137 items.
INFO 11:34:25:960 Race: race appearances initializable.
INFO 11:34:25:972 PlayerTable: loaded 104 player templates.
WARNING 11:34:26:346 DropTable: not found items [50048]
INFO 11:34:26:347 DropTable: load drop for 407 npcs and 126 for resourse.
INFO 11:34:26:354 TownTable: initialized.
WARNING 11:34:26:392 NpcDialogTable: detected once the file D:\Documents\Documents\Java\Tera Server\.\data\dialogs\dialogs.txt
INFO 11:34:26:430 NpcDialogTable: loaded 83 dialogs.
INFO 11:34:26:437 MessagePackageTable: loaded 34 message packages.
INFO 11:34:26:486 ConfigAITable: loaded 45 npc ai configs.
INFO 11:34:26:501 NpcAppearanceTable: initialized. Loaded 59 appearances.
WARNING 11:34:26:576 NpcTable: found duplicate npc template NpcTemplate npcId = 7011, exp = 1000000, attack = 400000, defense = 3500, owerAttack = 3000, owerDefense = 30000, level = 60, aggro = 120, factionRange = 0, name = Linyphi, title = , factionId = , type = 51, isRaid = false, canDrop = false, drop = null, minions = null, dialog = null, geomRadius = 90.0, geomHeight = 160.0, npcType = RAID_BOSS in file .\data\npcs\raid_boss.xml
WARNING 11:34:26:626 NpcTable: detected once the file D:\Documents\Documents\Java\Tera Server\.\data\npcs\summons\playable_summons.zip
INFO 11:34:26:634 NpcTable: loaded  815 npcs.
INFO 11:34:26:646 ResourseTable: loaded  253 resourses.
INFO 11:34:26:660 MinionTable: loaded 303 minions for 42 npcs.
INFO 11:34:26:661 RegenTaskManager: initializable.
INFO 11:34:26:669 Formulas: initialized.
INFO 11:34:26:669 EffectTaskManager: initialized.
INFO 11:34:27:069 ObjectEventManager: initialized.
INFO 11:34:27:070 MoveTaskManager: initialized.
INFO 11:34:27:487 SpawnTable: loaded 19474 spawns for 616 npcs and 2013 spawns for 60 resourses.
INFO 11:34:27:514 GeoMap3D: start fast import geodata_1.dat
INFO 11:34:28:502 GeoMap3D: import ended. load 1867238 quards.
INFO 11:34:28:503 GeoMap3D: start fast import geodata_2.dat
INFO 11:34:28:556 GeoMap3D: import ended. load 440227 quards.
INFO 11:34:28:556 GeoMap3D: start fast import geodata_3.dat
INFO 11:34:29:739 GeoMap3D: import ended. load 58041 quards.
INFO 11:34:29:739 GeoManager: initialized.
INFO 11:34:29:746 ItemExecutorManager: loaded 0 executor items.
INFO 11:34:29:763 CommandManager: loaded 94 commands.
INFO 11:34:29:777 SkillLearnManager: loaded 950 skill learn's for 8 clases.
INFO 11:34:29:783 AnnounceManager: loaded 0 start announces and 0 running announces.
INFO 11:34:29:786 AccountManager: initialized.
INFO 11:34:29:811 GuildManager: loaded 1 guilds.
INFO 11:34:30:118 QuestManager: loaded 455 quests.
INFO 11:34:30:120 OnlineManager: initialized.
INFO 11:34:30:136 GameLogManager: initialized.
INFO 11:34:30:245 Region: next battle "Veritas District" in 2018.04.15 16:00.
INFO 11:34:30:249 Region: next battle "Ostgarath" in 2018.04.15 16:00.
INFO 11:34:30:251 Region: next battle "Val Palrada" in 2018.04.14 20:00.
INFO 11:34:30:254 Region: next battle "Val Aureum" in 2018.04.14 20:00.
INFO 11:34:30:254 EventManager: loaded 5 events.
INFO 11:34:30:919 EventManager: the nearest event in 59 minutes.
INFO 11:34:30:929 PlayerManager: initialized.
INFO 11:34:31:015 Network: started.
INFO 11:34:31:015 GameServer: started.
WARNING 11:34:32:804 ClientConnection: not found packet for opcode 4DBC
20 00 BC 4D 02 00 08 00 08 00 14 00 00 00 00 00    ..¼M............
94 5F 03 00 14 00 00 00 01 00 00 00 DC 5F 03 00    _..........Ü_..
41 00 A4 78 13 00 21 00 20 00 00 00 00 00 00 02    A.¤x..!.........
00 00 00 44 00 61 00 72 00 6B 00 7A 00 61 00 00    ...D.a.r.k.z.a..
00 34 66 65 37 36 37 38 61 38 31 62 61 37 63 37    .4fe7678a81ba7c7
64 62 32 36 39 63 37 37 62 35 64 64 37 38 31 63    db269c77b5dd781c
61                                                 a...............

INFO 11:34:32:808 AccountManager: authed Darkza
WARNING 11:34:32:820 ClientConnection: not found packet for opcode F4FE
08 00 FE F4 E8 03 00 00                            ..þôè...........

WARNING 11:34:32:821 ClientConnection: not found packet for opcode CD71
BC 00 71 CD 12 00 38 00 8C 00 AF 3F 00 00 80 00    ¼.qÍ..8..¯?...
00 00 57 00 69 00 6E 00 64 00 6F 00 77 00 73 00    ..W.i.n.d.o.w.s.
20 00 37 00 20 00 28 00 78 00 36 00 34 00 29 00    ..7...(.x.6.4.).
20 00 0D 00 0A 00 00 00 49 00 6E 00 74 00 65 00    ........I.n.t.e.
6C 00 28 00 52 00 29 00 20 00 43 00 6F 00 72 00    l.(.R.)...C.o.r.
65 00 28 00 54 00 4D 00 29 00 20 00 69 00 37 00    e.(.T.M.)...i.7.
2D 00 34 00 37 00 31 00 30 00 48 00 51 00 20 00    -.4.7.1.0.H.Q...
43 00 50 00 55 00 20 00 40 00 20 00 32 00 2E 00    C.P.U...@...2...
35 00 30 00 47 00 48 00 7A 00 00 00 4E 00 56 00    5.0.G.H.z...N.V.
49 00 44 00 49 00 41 00 20 00 47 00 65 00 46 00    I.D.I.A...G.e.F.
6F 00 72 00 63 00 65 00 20 00 47 00 54 00 58 00    o.r.c.e...G.T.X.
20 00 38 00 37 00 30 00 4D 00 00 00                ..8.7.0.M.......

WARNING 11:34:45:853 ClientConnection: not found packet for opcode 9C2E
04 00 2E 9C                                        ...............

WARNING 11:34:50:722 ClientConnection: not found packet for opcode D28D
04 00 8D D2                                        ..Ò............

WARNING 11:34:50:725 ClientConnection: not found packet for opcode 8BBF
08 00 BF 8B 17 00 00 00                            ..¿............

WARNING 11:35:24:141 ClientConnection: not found packet for opcode 52A2
10 00 A2 52 00 00 00 00 02 00 00 00 00 00 00 00    ..¢R............

WARNING 11:35:26:014 ClientConnection: not found packet for opcode D28D
04 00 8D D2                                        ..Ò............

WARNING 11:35:26:016 ClientConnection: not found packet for opcode 8BBF
08 00 BF 8B 17 00 00 00                            ..¿............

WARNING 11:36:02:694 ClientConnection: not found packet for opcode 52A2
10 00 A2 52 00 00 00 00 02 00 00 00 00 00 00 00    ..¢R............

WARNING 11:36:04:370 ClientConnection: not found packet for opcode D28D
04 00 8D D2                                        ..Ò............

WARNING 11:36:04:372 ClientConnection: not found packet for opcode 8BBF
08 00 BF 8B 17 00 00 00                            ..¿............

WARNING 11:36:19:973 ClientConnection: not found packet for opcode 52A2
10 00 A2 52 00 00 00 00 02 00 00 00 00 00 00 00    ..¢R............

INFO 11:36:25:366 AccountManager: close Darkza
