INFO 23:30:33:506 ServerControl: open server socket on 2101 port.
INFO 23:30:33:677 ExecutorManager: initialized.
INFO 23:30:34:487 CleaningManager: delete 0 reuses from a character_skill_reuses.
INFO 23:30:34:488 CleaningManager: delete 0 spawns from a boss_spawn.
INFO 23:30:34:488 CleaningManager: delete 0 appearances from a character_appearances.
INFO 23:30:34:489 CleaningManager: delete 0 effects from a character_save_effects.
INFO 23:30:34:490 CleaningManager: delete 0 inventors from a character_inventors.
INFO 23:30:34:491 CleaningManager: delete 0 skills from a character_skills.
INFO 23:30:34:491 CleaningManager: delete 0 hotkeys from a character_hotkey.
INFO 23:30:34:492 CleaningManager: delete 0 chars from a character_friends.
INFO 23:30:34:493 CleaningManager: delete 0 friends from a character_friends.
INFO 23:30:34:494 CleaningManager: delete 0 settings from a character_settings.
INFO 23:30:34:494 CleaningManager: delete 0 empty items from a items.
INFO 23:30:34:495 CleaningManager: delete 0 no owner items from a items.
INFO 23:30:34:496 CleaningManager: delete 0 no owner guild items from a items.
INFO 23:30:34:521 CleaningManager: create buffer table items.
INFO 23:30:34:523 CleaningManager: copy 118 items to buffer_items.
INFO 23:30:34:524 CleaningManager: delete 0 no owner items from a buffer_items.
INFO 23:30:34:537 CleaningManager: drop buffer table items.
INFO 23:30:34:538 CleaningManager: delete 0 from a quests.
INFO 23:30:34:538 CleaningManager: delete 0 from a quest variables.
INFO 23:30:34:539 CleaningManager: delete 0 from a guild ranks.
INFO 23:30:34:665 ClientPacketType: client packets prepared.
INFO 23:30:34:704 EffectParser: initialized.
INFO 23:30:34:711 RandomManager: initialized.
INFO 23:30:34:712 IdFactory: prepare npc ids...
INFO 23:30:34:717 BitSetIdGenerator: 102912 id's available.
INFO 23:30:34:717 IdFactory: prepare objects ids...
INFO 23:30:34:717 BitSetIdGenerator: 102912 id's available.
INFO 23:30:34:718 IdFactory: prepare players ids...
INFO 23:30:34:723 BitSetIdGenerator: extracted 5 ids.
INFO 23:30:34:723 BitSetIdGenerator: 102912 id's available.
INFO 23:30:34:723 IdFactory: prepare guilds ids...
INFO 23:30:34:724 BitSetIdGenerator: extracted 1 ids.
INFO 23:30:34:724 BitSetIdGenerator: 102912 id's available.
INFO 23:30:34:724 IdFactory: prepare item ids...
INFO 23:30:34:725 BitSetIdGenerator: extracted 118 ids.
WARNING 23:30:34:725 BitSetIdGenerator: objectId 1 in DB is less than minimum ID of 268435456.
INFO 23:30:34:725 BitSetIdGenerator: 102912 id's available.
INFO 23:30:34:744 ServerVarManager: loaded 0 variables.
INFO 23:30:34:751 BossSpawnManager: loaded 0 boss spawns.
INFO 23:30:36:680 TerritoryTable: loaded 160 territories for 18803 regions.
INFO 23:30:40:140 WorldZoneTable: loaded 12 world zones for 31975 regions.
INFO 23:30:40:143 ConditionParser: initializable.
WARNING 23:30:41:434 SkillTable: detected once the file D:\Documents\Documents\Java\Tera Server\.\data\skills\summon_skills\deprecated.zip
INFO 23:30:41:482 SkillTable: loaded 4613 skills for 19 classes.
INFO 23:30:42:419 ItemTable: loaded 10138 items.
INFO 23:30:42:446 Race: race appearances initializable.
INFO 23:30:42:464 PlayerTable: loaded 104 player templates.
WARNING 23:30:43:056 DropTable: not found items [50048]
INFO 23:30:43:056 DropTable: load drop for 407 npcs and 126 for resourse.
INFO 23:30:43:071 TownTable: initialized.
WARNING 23:30:43:117 NpcDialogTable: detected once the file D:\Documents\Documents\Java\Tera Server\.\data\dialogs\dialogs.txt
INFO 23:30:43:201 NpcDialogTable: loaded 86 dialogs.
INFO 23:30:43:221 MessagePackageTable: loaded 34 message packages.
INFO 23:30:43:325 ConfigAITable: loaded 45 npc ai configs.
INFO 23:30:43:367 NpcAppearanceTable: initialized. Loaded 59 appearances.
WARNING 23:30:43:771 NpcTable: detected once the file D:\Documents\Documents\Java\Tera Server\.\data\npcs\summons\playable_summons.zip
INFO 23:30:43:788 NpcTable: loaded  816 npcs.
INFO 23:30:43:819 ResourseTable: loaded  253 resourses.
INFO 23:30:43:839 MinionTable: loaded 303 minions for 42 npcs.
INFO 23:30:43:840 RegenTaskManager: initializable.
INFO 23:30:43:850 Formulas: initialized.
INFO 23:30:43:851 EffectTaskManager: initialized.
INFO 23:30:44:676 ObjectEventManager: initialized.
INFO 23:30:44:677 MoveTaskManager: initialized.
INFO 23:30:45:370 SpawnTable: loaded 19507 spawns for 617 npcs and 2013 spawns for 60 resourses.
INFO 23:30:45:392 GeoMap3D: start fast import geodata_1.dat
INFO 23:30:46:438 GeoMap3D: import ended. load 1867238 quards.
INFO 23:30:46:450 GeoMap3D: start fast import geodata_2.dat
INFO 23:30:46:508 GeoMap3D: import ended. load 440227 quards.
INFO 23:30:46:515 GeoMap3D: start fast import geodata_3.dat
INFO 23:30:47:544 GeoMap3D: import ended. load 58040 quards.
INFO 23:30:47:544 GeoManager: initialized.
INFO 23:30:47:554 ItemExecutorManager: loaded 0 executor items.
INFO 23:30:47:580 CommandManager: loaded 94 commands.
INFO 23:30:47:606 SkillLearnManager: loaded 950 skill learn's for 8 clases.
INFO 23:30:47:611 AnnounceManager: loaded 0 start announces and 0 running announces.
INFO 23:30:47:614 AccountManager: initialized.
INFO 23:30:47:637 GuildManager: loaded 1 guilds.
INFO 23:30:48:378 QuestManager: loaded 455 quests.
INFO 23:30:48:382 OnlineManager: initialized.
INFO 23:30:48:405 GameLogManager: initialized.
INFO 23:30:48:604 Region: next battle "Veritas District" in 2018.04.22 16:00.
INFO 23:30:48:607 Region: next battle "Ostgarath" in 2018.04.22 16:00.
INFO 23:30:48:609 Region: next battle "Val Palrada" in 2018.04.21 20:00.
INFO 23:30:48:610 Region: next battle "Val Aureum" in 2018.04.21 20:00.
INFO 23:30:48:611 EventManager: loaded 5 events.
INFO 23:30:49:250 EventManager: the nearest event in 58 minutes.
INFO 23:30:49:260 PlayerManager: initialized.
INFO 23:30:49:353 Network: started.
INFO 23:30:49:353 GameServer: started.
WARNING 23:30:54:041 ClientConnection: not found packet for opcode 4DBC
20 00 BC 4D 02 00 08 00 08 00 14 00 00 00 00 00    ..¼M............
94 5F 03 00 14 00 00 00 01 00 00 00 DC 5F 03 00    _..........Ü_..
41 00 A4 78 13 00 21 00 20 00 00 00 00 00 00 02    A.¤x..!.........
00 00 00 64 00 61 00 72 00 6B 00 7A 00 61 00 00    ...d.a.r.k.z.a..
00 34 66 65 37 36 37 38 61 38 31 62 61 37 63 37    .4fe7678a81ba7c7
64 62 32 36 39 63 37 37 62 35 64 64 37 38 31 63    db269c77b5dd781c
61                                                 a...............

INFO 23:30:54:047 AccountManager: authed darkza
WARNING 23:30:54:058 ClientConnection: not found packet for opcode F4FE
08 00 FE F4 E8 03 00 00                            ..þôè...........

WARNING 23:30:54:058 ClientConnection: not found packet for opcode CD71
BC 00 71 CD 12 00 38 00 8C 00 AF 3F 00 00 80 00    ¼.qÍ..8..¯?...
00 00 57 00 69 00 6E 00 64 00 6F 00 77 00 73 00    ..W.i.n.d.o.w.s.
20 00 37 00 20 00 28 00 78 00 36 00 34 00 29 00    ..7...(.x.6.4.).
20 00 0D 00 0A 00 00 00 49 00 6E 00 74 00 65 00    ........I.n.t.e.
6C 00 28 00 52 00 29 00 20 00 43 00 6F 00 72 00    l.(.R.)...C.o.r.
65 00 28 00 54 00 4D 00 29 00 20 00 69 00 37 00    e.(.T.M.)...i.7.
2D 00 34 00 37 00 31 00 30 00 48 00 51 00 20 00    -.4.7.1.0.H.Q...
43 00 50 00 55 00 20 00 40 00 20 00 32 00 2E 00    C.P.U...@...2...
35 00 30 00 47 00 48 00 7A 00 00 00 4E 00 56 00    5.0.G.H.z...N.V.
49 00 44 00 49 00 41 00 20 00 47 00 65 00 46 00    I.D.I.A...G.e.F.
6F 00 72 00 63 00 65 00 20 00 47 00 54 00 58 00    o.r.c.e...G.T.X.
20 00 38 00 37 00 30 00 4D 00 00 00                ..8.7.0.M.......

WARNING 23:30:55:597 DataBaseManager: not found appearance for 268435460
WARNING 23:31:05:574 ClientConnection: not found packet for opcode 9C2E
04 00 2E 9C                                        ...............

WARNING 23:31:12:418 ClientConnection: not found packet for opcode D28D
04 00 8D D2                                        ..Ò............

WARNING 23:31:12:421 ClientConnection: not found packet for opcode 8BBF
08 00 BF 8B 13 00 00 00                            ..¿............

WARNING 23:31:17:026 ClientConnection: not found packet for opcode 52A2
10 00 A2 52 7B A1 B8 BC 00 00 00 00 00 00 00 00    ..¢R{¡¸¼........

WARNING 23:31:18:596 ClientConnection: not found packet for opcode 52A2
10 00 A2 52 7B A1 B8 BC 02 00 00 00 00 00 00 00    ..¢R{¡¸¼........

WARNING 23:31:18:598 ClientConnection: not found packet for opcode 52A2
10 00 A2 52 7B A1 B8 BC 02 00 00 00 00 00 00 00    ..¢R{¡¸¼........

WARNING 23:31:18:614 ClientConnection: not found packet for opcode 52A2
10 00 A2 52 7B A1 B8 BC 02 00 00 00 00 00 00 00    ..¢R{¡¸¼........

WARNING 23:31:18:626 ClientConnection: not found packet for opcode 52A2
10 00 A2 52 7B A1 B8 BC 02 00 00 00 00 00 00 00    ..¢R{¡¸¼........

WARNING 23:31:21:349 ClientConnection: not found packet for opcode 52A2
10 00 A2 52 7B A1 B8 BC 00 00 00 00 00 00 00 00    ..¢R{¡¸¼........

WARNING 23:31:21:734 ClientConnection: not found packet for opcode 52A2
10 00 A2 52 7B A1 B8 BC 02 00 00 00 00 00 00 00    ..¢R{¡¸¼........

WARNING 23:31:21:741 ClientConnection: not found packet for opcode 52A2
10 00 A2 52 7B A1 B8 BC 02 00 00 00 00 00 00 00    ..¢R{¡¸¼........

WARNING 23:31:23:351 ClientConnection: not found packet for opcode D28D
04 00 8D D2                                        ..Ò............

WARNING 23:31:23:352 ClientConnection: not found packet for opcode 8BBF
08 00 BF 8B 13 00 00 00                            ..¿............

WARNING 23:31:23:772 ClientConnection: not found packet for opcode 52A2
10 00 A2 52 7B A1 B8 BC 00 00 00 00 00 00 00 00    ..¢R{¡¸¼........

WARNING 23:31:25:099 ClientConnection: not found packet for opcode 52A2
10 00 A2 52 7B A1 B8 BC 02 00 00 00 00 00 00 00    ..¢R{¡¸¼........

WARNING 23:31:25:099 ClientConnection: not found packet for opcode 52A2
10 00 A2 52 7B A1 B8 BC 02 00 00 00 00 00 00 00    ..¢R{¡¸¼........

WARNING 23:31:25:115 ClientConnection: not found packet for opcode 52A2
10 00 A2 52 7B A1 B8 BC 02 00 00 00 00 00 00 00    ..¢R{¡¸¼........

WARNING 23:31:25:122 ClientConnection: not found packet for opcode 52A2
10 00 A2 52 7B A1 B8 BC 02 00 00 00 00 00 00 00    ..¢R{¡¸¼........

WARNING 23:31:32:449 ClientConnection: not found packet for opcode 52A2
10 00 A2 52 7B A1 B8 BC 00 00 00 00 00 00 00 00    ..¢R{¡¸¼........

WARNING 23:31:34:312 ClientConnection: not found packet for opcode 52A2
10 00 A2 52 7B A1 B8 BC 02 00 00 00 00 00 00 00    ..¢R{¡¸¼........

WARNING 23:31:34:312 ClientConnection: not found packet for opcode 52A2
10 00 A2 52 7B A1 B8 BC 02 00 00 00 00 00 00 00    ..¢R{¡¸¼........

WARNING 23:31:34:328 ClientConnection: not found packet for opcode 52A2
10 00 A2 52 7B A1 B8 BC 02 00 00 00 00 00 00 00    ..¢R{¡¸¼........

WARNING 23:31:34:335 ClientConnection: not found packet for opcode 52A2
10 00 A2 52 7B A1 B8 BC 02 00 00 00 00 00 00 00    ..¢R{¡¸¼........

WARNING 23:31:41:249 ClientConnection: not found packet for opcode 52A2
10 00 A2 52 7B A1 B8 BC 02 00 00 00 00 00 00 00    ..¢R{¡¸¼........

WARNING 23:31:43:113 ClientConnection: not found packet for opcode D28D
04 00 8D D2                                        ..Ò............

WARNING 23:31:43:114 ClientConnection: not found packet for opcode 8BBF
08 00 BF 8B 13 00 00 00                            ..¿............

WARNING 23:31:43:630 ClientConnection: not found packet for opcode 52A2
10 00 A2 52 7B A1 B8 BC 00 00 00 00 00 00 00 00    ..¢R{¡¸¼........

WARNING 23:31:44:958 ClientConnection: not found packet for opcode 52A2
10 00 A2 52 7B A1 B8 BC 02 00 00 00 00 00 00 00    ..¢R{¡¸¼........

WARNING 23:31:44:959 ClientConnection: not found packet for opcode 52A2
10 00 A2 52 7B A1 B8 BC 02 00 00 00 00 00 00 00    ..¢R{¡¸¼........

WARNING 23:31:44:975 ClientConnection: not found packet for opcode 52A2
10 00 A2 52 7B A1 B8 BC 02 00 00 00 00 00 00 00    ..¢R{¡¸¼........

WARNING 23:31:44:982 ClientConnection: not found packet for opcode 52A2
10 00 A2 52 7B A1 B8 BC 02 00 00 00 00 00 00 00    ..¢R{¡¸¼........

WARNING 23:31:48:916 ClientConnection: not found packet for opcode 52A2
10 00 A2 52 7B A1 B8 BC 00 00 00 00 00 00 00 00    ..¢R{¡¸¼........

WARNING 23:31:50:063 ClientConnection: not found packet for opcode 52A2
10 00 A2 52 7B A1 B8 BC 02 00 00 00 00 00 00 00    ..¢R{¡¸¼........

WARNING 23:31:50:064 ClientConnection: not found packet for opcode 52A2
10 00 A2 52 7B A1 B8 BC 02 00 00 00 00 00 00 00    ..¢R{¡¸¼........

WARNING 23:31:50:087 ClientConnection: not found packet for opcode 52A2
10 00 A2 52 7B A1 B8 BC 02 00 00 00 00 00 00 00    ..¢R{¡¸¼........

WARNING 23:31:50:094 ClientConnection: not found packet for opcode 52A2
10 00 A2 52 7B A1 B8 BC 02 00 00 00 00 00 00 00    ..¢R{¡¸¼........

WARNING 23:31:58:486 ClientConnection: not found packet for opcode 52A2
10 00 A2 52 7B A1 B8 BC 00 00 00 00 00 00 00 00    ..¢R{¡¸¼........

WARNING 23:31:59:720 ClientConnection: not found packet for opcode 52A2
10 00 A2 52 7B A1 B8 BC 02 00 00 00 00 00 00 00    ..¢R{¡¸¼........

WARNING 23:31:59:720 ClientConnection: not found packet for opcode 52A2
10 00 A2 52 7B A1 B8 BC 02 00 00 00 00 00 00 00    ..¢R{¡¸¼........

WARNING 23:31:59:736 ClientConnection: not found packet for opcode 52A2
10 00 A2 52 7B A1 B8 BC 02 00 00 00 00 00 00 00    ..¢R{¡¸¼........

WARNING 23:31:59:742 ClientConnection: not found packet for opcode 52A2
10 00 A2 52 7B A1 B8 BC 02 00 00 00 00 00 00 00    ..¢R{¡¸¼........

WARNING 23:33:05:716 ClientConnection: not found packet for opcode 52A2
10 00 A2 52 7B A1 B8 BC 00 00 00 00 00 00 00 00    ..¢R{¡¸¼........

WARNING 23:33:08:257 ClientConnection: not found packet for opcode 52A2
10 00 A2 52 7B A1 B8 BC 02 00 00 00 00 00 00 00    ..¢R{¡¸¼........

WARNING 23:33:08:272 ClientConnection: not found packet for opcode 52A2
10 00 A2 52 7B A1 B8 BC 02 00 00 00 00 00 00 00    ..¢R{¡¸¼........

WARNING 23:33:27:115 RequestNpcLink: NullPointerException : null : stack trace:
tera.gameserver.model.playable.Player.teleToLocation(Player.java:2407)
tera.gameserver.model.npc.interaction.replyes.ReplyCityTeleport.reply(ReplyCityTeleport.java:35)
tera.gameserver.model.npc.interaction.links.AbstractLink.reply(AbstractLink.java:90)
tera.gameserver.network.clientpackets.RequestNpcLink.runImpl(RequestNpcLink.java:63)
rlib.network.packets.AbstractReadeablePacket.run(AbstractReadeablePacket.java:175)
java.util.concurrent.ThreadPoolExecutor.runWorker(ThreadPoolExecutor.java:1142)
java.util.concurrent.ThreadPoolExecutor$Worker.run(ThreadPoolExecutor.java:617)
java.lang.Thread.run(Thread.java:745)

WARNING 23:33:40:885 ClientConnection: not found packet for opcode 52A2
10 00 A2 52 7B A1 B8 BC 02 00 00 00 00 00 00 00    ..¢R{¡¸¼........

WARNING 23:33:46:753 ClientConnection: not found packet for opcode 52A2
10 00 A2 52 7B A1 B8 BC 02 00 00 00 00 00 00 00    ..¢R{¡¸¼........

WARNING 23:33:53:764 ClientConnection: not found packet for opcode 52A2
10 00 A2 52 7B A1 B8 BC 02 00 00 00 00 00 00 00    ..¢R{¡¸¼........

WARNING 23:33:55:666 ClientConnection: not found packet for opcode D28D
04 00 8D D2                                        ..Ò............

WARNING 23:33:55:667 ClientConnection: not found packet for opcode 8BBF
08 00 BF 8B 13 00 00 00                            ..¿............

WARNING 23:33:56:303 ClientConnection: not found packet for opcode 52A2
10 00 A2 52 7B A1 B8 BC 00 00 00 00 00 00 00 00    ..¢R{¡¸¼........

WARNING 23:33:57:296 ClientConnection: not found packet for opcode 52A2
10 00 A2 52 7B A1 B8 BC 02 00 00 00 00 00 00 00    ..¢R{¡¸¼........

WARNING 23:34:03:378 ClientConnection: not found packet for opcode 52A2
10 00 A2 52 7B A1 B8 BC 02 00 00 00 00 00 00 00    ..¢R{¡¸¼........

WARNING 23:34:05:065 ClientConnection: not found packet for opcode 52A2
10 00 A2 52 7B A1 B8 BC 02 00 00 00 00 00 00 00    ..¢R{¡¸¼........

WARNING 23:34:05:077 ClientConnection: not found packet for opcode 52A2
10 00 A2 52 7B A1 B8 BC 02 00 00 00 00 00 00 00    ..¢R{¡¸¼........

WARNING 23:34:48:882 ClientConnection: not found packet for opcode 52A2
10 00 A2 52 7B A1 B8 BC 00 00 00 00 00 00 00 00    ..¢R{¡¸¼........

WARNING 23:34:50:327 ClientConnection: not found packet for opcode 52A2
10 00 A2 52 7B A1 B8 BC 02 00 00 00 00 00 00 00    ..¢R{¡¸¼........

WARNING 23:34:50:336 ClientConnection: not found packet for opcode 52A2
10 00 A2 52 7B A1 B8 BC 02 00 00 00 00 00 00 00    ..¢R{¡¸¼........

WARNING 23:35:24:366 ClientConnection: not found packet for opcode 52A2
10 00 A2 52 7B A1 B8 BC 02 00 00 00 00 00 00 00    ..¢R{¡¸¼........

WARNING 23:35:24:375 ClientConnection: not found packet for opcode 52A2
10 00 A2 52 7B A1 B8 BC 02 00 00 00 00 00 00 00    ..¢R{¡¸¼........

WARNING 23:35:43:054 ClientConnection: not found packet for opcode 52A2
10 00 A2 52 7B A1 B8 BC 02 00 00 00 00 00 00 00    ..¢R{¡¸¼........

WARNING 23:35:51:076 ClientConnection: not found packet for opcode 52A2
10 00 A2 52 7B A1 B8 BC 02 00 00 00 00 00 00 00    ..¢R{¡¸¼........

WARNING 23:35:52:701 ClientConnection: not found packet for opcode D28D
04 00 8D D2                                        ..Ò............

WARNING 23:35:52:702 ClientConnection: not found packet for opcode 8BBF
08 00 BF 8B 13 00 00 00                            ..¿............

WARNING 23:35:59:953 ClientConnection: not found packet for opcode 52A2
10 00 A2 52 7B A1 B8 BC 00 00 00 00 00 00 00 00    ..¢R{¡¸¼........

WARNING 23:36:01:611 ClientConnection: not found packet for opcode 52A2
10 00 A2 52 7B A1 B8 BC 02 00 00 00 00 00 00 00    ..¢R{¡¸¼........

WARNING 23:36:01:614 ClientConnection: not found packet for opcode 52A2
10 00 A2 52 7B A1 B8 BC 02 00 00 00 00 00 00 00    ..¢R{¡¸¼........

WARNING 23:36:26:311 ClientConnection: not found packet for opcode 52A2
10 00 A2 52 7B A1 B8 BC 02 00 00 00 00 00 00 00    ..¢R{¡¸¼........

WARNING 23:36:26:319 ClientConnection: not found packet for opcode 52A2
10 00 A2 52 7B A1 B8 BC 02 00 00 00 00 00 00 00    ..¢R{¡¸¼........

WARNING 23:36:29:533 ClientConnection: not found packet for opcode 52A2
10 00 A2 52 7B A1 B8 BC 00 00 00 00 00 00 00 00    ..¢R{¡¸¼........

WARNING 23:36:35:364 ClientConnection: not found packet for opcode 52A2
10 00 A2 52 7B A1 B8 BC 02 00 00 00 00 00 00 00    ..¢R{¡¸¼........

WARNING 23:38:13:204 ClientConnection: not found packet for opcode 52A2
10 00 A2 52 7B A1 B8 BC 02 00 00 00 00 00 00 00    ..¢R{¡¸¼........

WARNING 23:38:25:264 ClientConnection: not found packet for opcode A543
0C 00 43 A5 01 00 00 00 03 00 00 00                ..C¥............

WARNING 23:38:25:867 ClientConnection: not found packet for opcode 52A2
10 00 A2 52 7B A1 B8 BC 02 00 00 00 00 00 00 00    ..¢R{¡¸¼........

WARNING 23:38:25:871 ClientConnection: not found packet for opcode 52A2
10 00 A2 52 7B A1 B8 BC 02 00 00 00 00 00 00 00    ..¢R{¡¸¼........

WARNING 23:38:27:180 DataBaseManager: not found appearance for 268435460
INFO 23:38:31:555 AccountManager: close darkza
